Failed to collect runtimes for Reuters911_Day_66. Check the spmm execution.
Failed to collect runtimes for ck400. Check the spmm execution.
Failed to collect runtimes for raefsky5_b. Check the spmm execution.
Failed to collect runtimes for cell1_b. Check the spmm execution.
Failed to collect runtimes for pkustk02. Check the spmm execution.
Failed to collect runtimes for c-big_b. Check the spmm execution.
Failed to collect runtimes for ex8. Check the spmm execution.
Failed to collect runtimes for heart1. Check the spmm execution.
Failed to collect runtimes for ncvxqp3. Check the spmm execution.
Failed to collect runtimes for lshp1009. Check the spmm execution.
Failed to collect runtimes for lp_nug15. Check the spmm execution.
Failed to collect runtimes for mesh2em5_coord. Check the spmm execution.
Failed to collect runtimes for extr1b_Zeros_05. Check the spmm execution.
Failed to collect runtimes for Stanford_Berkeley_roots. Check the spmm execution.
Failed to collect runtimes for jagmesh4. Check the spmm execution.
Failed to collect runtimes for G3. Check the spmm execution.
Failed to collect runtimes for lund_b. Check the spmm execution.
Failed to collect runtimes for c-40. Check the spmm execution.
Failed to collect runtimes for fs_760_2. Check the spmm execution.
Failed to collect runtimes for extr1b_Zeros_22. Check the spmm execution.
Failed to collect runtimes for cavity19. Check the spmm execution.
Failed to collect runtimes for fpga_dcop_19. Check the spmm execution.
Failed to collect runtimes for lp_nug15_c. Check the spmm execution.
Failed to collect runtimes for g7jac040sc. Check the spmm execution.
Failed to collect runtimes for hydr1c_A_49. Check the spmm execution.
Failed to collect runtimes for hydr1c_Zeros_37. Check the spmm execution.
Failed to collect runtimes for bcsstk26. Check the spmm execution.
Failed to collect runtimes for GD96_a. Check the spmm execution.
Failed to collect runtimes for Erdos02. Check the spmm execution.
Failed to collect runtimes for dwt_1005. Check the spmm execution.
Failed to collect runtimes for 2D_27628_bjtcai_b. Check the spmm execution.
Failed to collect runtimes for hydr1c. Check the spmm execution.
Failed to collect runtimes for Reuters911_Day_54. Check the spmm execution.
Failed to collect runtimes for extr1b_A_33. Check the spmm execution.
Failed to collect runtimes for gupta3. Check the spmm execution.
Failed to collect runtimes for extr1b_Zeros_04. Check the spmm execution.
Failed to collect runtimes for cage9. Check the spmm execution.
Failed to collect runtimes for memplus. Check the spmm execution.
Failed to collect runtimes for lpi_woodinfe_lo. Check the spmm execution.
Failed to collect runtimes for lp_bore3d_hi. Check the spmm execution.
Failed to collect runtimes for west0067. Check the spmm execution.
Failed to collect runtimes for hydr1c_Zeros_30. Check the spmm execution.
Failed to collect runtimes for hydr1c_Zeros_08. Check the spmm execution.
Failed to collect runtimes for cavity10_x. Check the spmm execution.
Failed to collect runtimes for lpi_refinery_lo. Check the spmm execution.
Failed to collect runtimes for barrier2-10. Check the spmm execution.
Failed to collect runtimes for mesh1em6. Check the spmm execution.
Failed to collect runtimes for sinc15_b. Check the spmm execution.
Failed to collect runtimes for c-65. Check the spmm execution.
Failed to collect runtimes for venkat25_b. Check the spmm execution.
Failed to collect runtimes for rajat23. Check the spmm execution.
Failed to collect runtimes for adder_dcop_56. Check the spmm execution.
Failed to collect runtimes for lpi_box1_b. Check the spmm execution.
Failed to collect runtimes for sme3Da. Check the spmm execution.
Failed to collect runtimes for aug2dc. Check the spmm execution.
Failed to collect runtimes for appu. Check the spmm execution.
Failed to collect runtimes for cavity01. Check the spmm execution.
Failed to collect runtimes for GD00_c. Check the spmm execution.
Failed to collect runtimes for extr1b_Zeros_12. Check the spmm execution.
Failed to collect runtimes for helm3d01. Check the spmm execution.
Failed to collect runtimes for Reuters911_Day_55. Check the spmm execution.
Failed to collect runtimes for t2dah_e. Check the spmm execution.
Failed to collect runtimes for watt_1. Check the spmm execution.
Failed to collect runtimes for crystm03. Check the spmm execution.
Failed to collect runtimes for torsion1. Check the spmm execution.
Failed to collect runtimes for ex37. Check the spmm execution.
Failed to collect runtimes for qpband. Check the spmm execution.
Failed to collect runtimes for t2dal_C. Check the spmm execution.
Failed to collect runtimes for bayer05. Check the spmm execution.
Failed to collect runtimes for jnlbrng1. Check the spmm execution.
Failed to collect runtimes for Reuters911_Day_04. Check the spmm execution.
Failed to collect runtimes for hor_131. Check the spmm execution.
Failed to collect runtimes for halfb. Check the spmm execution.
Failed to collect runtimes for c-19_b. Check the spmm execution.
Failed to collect runtimes for G30. Check the spmm execution.
Failed to collect runtimes for epb2. Check the spmm execution.
Failed to collect runtimes for Ge99H100. Check the spmm execution.
Failed to collect runtimes for b1_ss_b. Check the spmm execution.
Failed to collect runtimes for Reuters911_Day_07. Check the spmm execution.
Failed to collect runtimes for lp_nug15_b. Check the spmm execution.
Failed to collect runtimes for HEP-th. Check the spmm execution.
Failed to collect runtimes for Si2. Check the spmm execution.
Failed to collect runtimes for Lin. Check the spmm execution.
Failed to collect runtimes for nasasrb. Check the spmm execution.
Failed to collect runtimes for lp_afiro_c. Check the spmm execution.
Failed to collect runtimes for G29. Check the spmm execution.
Failed to collect runtimes for xenon1. Check the spmm execution.
Failed to collect runtimes for c-71_b. Check the spmm execution.
Failed to collect runtimes for cavity18_b. Check the spmm execution.
Failed to collect runtimes for flowmeter0_B. Check the spmm execution.
Failed to collect runtimes for bcsstk05. Check the spmm execution.
Failed to collect runtimes for extr1b_A_26. Check the spmm execution.
Failed to collect runtimes for af_shell4_b. Check the spmm execution.
Failed to collect runtimes for c-60_b. Check the spmm execution.
Failed to collect runtimes for LFAT5000. Check the spmm execution.
Failed to collect runtimes for lp_ship08s_lo. Check the spmm execution.
Failed to collect runtimes for rail_79841_B. Check the spmm execution.
Failed to collect runtimes for t2dah. Check the spmm execution.
Failed to collect runtimes for SmaGri_pubyear. Check the spmm execution.
Failed to collect runtimes for bcsstm01. Check the spmm execution.
Failed to collect runtimes for barrier2-3. Check the spmm execution.
Failed to collect runtimes for olm1000. Check the spmm execution.
Failed to collect runtimes for extr1b_A_29. Check the spmm execution.
Failed to collect runtimes for nnc666. Check the spmm execution.
Failed to collect runtimes for nmos3_b. Check the spmm execution.
Failed to collect runtimes for g7jac080sc. Check the spmm execution.
Failed to collect runtimes for bcsstk29. Check the spmm execution.
Failed to collect runtimes for Reuters911_Day_62. Check the spmm execution.
Failed to collect runtimes for lpi_ex72a_c. Check the spmm execution.
Failed to collect runtimes for ash292. Check the spmm execution.
Failed to collect runtimes for G54. Check the spmm execution.
Failed to collect runtimes for 3D_51448_3D. Check the spmm execution.
Failed to collect runtimes for dwt_234. Check the spmm execution.
Failed to collect runtimes for hydr1c_Zeros_76. Check the spmm execution.
Failed to collect runtimes for nd6k. Check the spmm execution.
Failed to collect runtimes for c-62ghs. Check the spmm execution.
Failed to collect runtimes for jan99jac040sc_b. Check the spmm execution.
Failed to collect runtimes for can_96. Check the spmm execution.
Failed to collect runtimes for 662_bus. Check the spmm execution.
Failed to collect runtimes for jan99jac040_b. Check the spmm execution.
Failed to collect runtimes for c-66_b. Check the spmm execution.
Failed to collect runtimes for ncvxqp5. Check the spmm execution.
Failed to collect runtimes for nos2. Check the spmm execution.
Failed to collect runtimes for patents_subcat. Check the spmm execution.
Failed to collect runtimes for extr1b_Zeros_21. Check the spmm execution.
Failed to collect runtimes for well1850_b. Check the spmm execution.
Failed to collect runtimes for c-73b. Check the spmm execution.
Failed to collect runtimes for para-4. Check the spmm execution.
Failed to collect runtimes for hydr1c_Zeros_18. Check the spmm execution.
Failed to collect runtimes for illc1033_b. Check the spmm execution.
Failed to collect runtimes for chipcool1_E. Check the spmm execution.
Failed to collect runtimes for G6. Check the spmm execution.
Failed to collect runtimes for hydr1c_Zeros_10. Check the spmm execution.
Failed to collect runtimes for can_292. Check the spmm execution.
Failed to collect runtimes for G4. Check the spmm execution.
Failed to collect runtimes for lp_share2b_b. Check the spmm execution.
Failed to collect runtimes for cegb3024. Check the spmm execution.
Failed to collect runtimes for ted_B. Check the spmm execution.
Failed to collect runtimes for rajat14. Check the spmm execution.
Failed to collect runtimes for ted_AB_w0. Check the spmm execution.
Failed to collect runtimes for cvxbqp1. Check the spmm execution.
Failed to collect runtimes for Zhao2. Check the spmm execution.
Failed to collect runtimes for mesh2e1. Check the spmm execution.
Failed to collect runtimes for pkustk05. Check the spmm execution.
Failed to collect runtimes for g7jac010. Check the spmm execution.
Failed to collect runtimes for bodyy6. Check the spmm execution.
Failed to collect runtimes for lhr11. Check the spmm execution.
Failed to collect runtimes for rajat10. Check the spmm execution.
Failed to collect runtimes for pfinan512. Check the spmm execution.
Failed to collect runtimes for c-59_b. Check the spmm execution.
Failed to collect runtimes for net4-1. Check the spmm execution.
Failed to collect runtimes for Reuters911_Day_12. Check the spmm execution.
Failed to collect runtimes for lp_cre_a_b. Check the spmm execution.
Failed to collect runtimes for cavity15. Check the spmm execution.
Failed to collect runtimes for cavity11_b. Check the spmm execution.
Failed to collect runtimes for jan99jac080. Check the spmm execution.
Failed to collect runtimes for b_dyn. Check the spmm execution.
Failed to collect runtimes for G26. Check the spmm execution.
Failed to collect runtimes for c-70_b. Check the spmm execution.
Failed to collect runtimes for bcsstk36. Check the spmm execution.
Failed to collect runtimes for bp_1000. Check the spmm execution.
Failed to collect runtimes for lp_nug20_z0. Check the spmm execution.
Failed to collect runtimes for lns_131. Check the spmm execution.
Failed to collect runtimes for bcsstk06. Check the spmm execution.
Failed to collect runtimes for GD96_c. Check the spmm execution.
Failed to collect runtimes for G8. Check the spmm execution.
Failed to collect runtimes for bbmat. Check the spmm execution.
Failed to collect runtimes for extr1b_Zeros_25. Check the spmm execution.
Failed to collect runtimes for torso2. Check the spmm execution.
Failed to collect runtimes for GD01_a_coord. Check the spmm execution.
Failed to collect runtimes for hydr1c_A_46. Check the spmm execution.
Failed to collect runtimes for lpi_ex72a_z0. Check the spmm execution.
Failed to collect runtimes for shuttle_eddy_coord. Check the spmm execution.
Failed to collect runtimes for ex12. Check the spmm execution.
Failed to collect runtimes for nasa4704. Check the spmm execution.
Failed to collect runtimes for mesh1em1_coord. Check the spmm execution.
Failed to collect runtimes for matrix_9. Check the spmm execution.
Failed to collect runtimes for oscil_dcop_05_b. Check the spmm execution.
Failed to collect runtimes for Reuters911_Day_31. Check the spmm execution.
Failed to collect runtimes for divorce. Check the spmm execution.
Failed to collect runtimes for ckt11752_dc_1. Check the spmm execution.
Failed to collect runtimes for std1_Jac2_b. Check the spmm execution.
Failed to collect runtimes for bcsstm34. Check the spmm execution.
Failed to collect runtimes for wm2. Check the spmm execution.
Failed to collect runtimes for c-21. Check the spmm execution.
Failed to collect runtimes for t3dh_B. Check the spmm execution.
Failed to collect runtimes for lp_cre_b_hi. Check the spmm execution.
Failed to collect runtimes for crankseg_2. Check the spmm execution.
Failed to collect runtimes for ash219. Check the spmm execution.
Failed to collect runtimes for jan99jac100sc_b. Check the spmm execution.
Failed to collect runtimes for bfwb62. Check the spmm execution.
Failed to collect runtimes for lp_nug12_hi. Check the spmm execution.
Failed to collect runtimes for lshp_406. Check the spmm execution.
Failed to collect runtimes for c-62_b. Check the spmm execution.
Failed to collect runtimes for bayer07. Check the spmm execution.
Failed to collect runtimes for bcsstm20. Check the spmm execution.
Failed to collect runtimes for hydr1c_Zeros_11. Check the spmm execution.
Failed to collect runtimes for lp_ship12s_c. Check the spmm execution.
Failed to collect runtimes for hydr1c_Zeros_61. Check the spmm execution.
Failed to collect runtimes for lock_700. Check the spmm execution.
Failed to collect runtimes for fv1. Check the spmm execution.
Failed to collect runtimes for west2021. Check the spmm execution.
Failed to collect runtimes for saylr1. Check the spmm execution.
Failed to collect runtimes for str_600. Check the spmm execution.
Failed to collect runtimes for lhr17c. Check the spmm execution.
Failed to collect runtimes for b2_ss. Check the spmm execution.
Failed to collect runtimes for ecl32. Check the spmm execution.
Failed to collect runtimes for opt1. Check the spmm execution.
Failed to collect runtimes for af_shell9. Check the spmm execution.
Failed to collect runtimes for hydr1c_A_50. Check the spmm execution.
Failed to collect runtimes for rail_5177. Check the spmm execution.
Failed to collect runtimes for lp_scfxm3_lo. Check the spmm execution.
Failed to collect runtimes for hydr1c_Zeros_34. Check the spmm execution.
Failed to collect runtimes for barth5_coord. Check the spmm execution.
Failed to collect runtimes for rdb2048. Check the spmm execution.
Failed to collect runtimes for illc1850. Check the spmm execution.
Failed to collect runtimes for Lederberg_gcs. Check the spmm execution.
Failed to collect runtimes for nemeth09. Check the spmm execution.
Failed to collect runtimes for orsirr_2. Check the spmm execution.
Failed to collect runtimes for Zewail. Check the spmm execution.
Failed to collect runtimes for hydr1c_A_33. Check the spmm execution.
Failed to collect runtimes for nemeth26. Check the spmm execution.
Failed to collect runtimes for extr1b_Zeros_02. Check the spmm execution.
Failed to collect runtimes for bp_200. Check the spmm execution.
Failed to collect runtimes for msc23052. Check the spmm execution.
Failed to collect runtimes for nemeth06. Check the spmm execution.
Failed to collect runtimes for Si5H12. Check the spmm execution.
Failed to collect runtimes for bcsstk13. Check the spmm execution.
Failed to collect runtimes for cage4. Check the spmm execution.
Failed to collect runtimes for cage10. Check the spmm execution.
Failed to collect runtimes for mahindas. Check the spmm execution.
Failed to collect runtimes for hydr1c_A_74. Check the spmm execution.
Failed to collect runtimes for hydr1c_Zeros_48. Check the spmm execution.
Failed to collect runtimes for ex6. Check the spmm execution.
Failed to collect runtimes for can_187. Check the spmm execution.
Failed to collect runtimes for g7jac020. Check the spmm execution.
Failed to collect runtimes for hydr1c_Zeros_40. Check the spmm execution.
Failed to collect runtimes for lpi_itest2_hi. Check the spmm execution.
Failed to collect runtimes for g7jac010sc_x. Check the spmm execution.
Failed to collect runtimes for G20. Check the spmm execution.
Failed to collect runtimes for can_229. Check the spmm execution.
Failed to collect runtimes for can_268. Check the spmm execution.
Failed to collect runtimes for extr1b_A_08. Check the spmm execution.
Failed to collect runtimes for c-37. Check the spmm execution.
Failed to collect runtimes for fd18_b. Check the spmm execution.
Failed to collect runtimes for fs_541_2. Check the spmm execution.
Failed to collect runtimes for lpi_klein2_b. Check the spmm execution.
Failed to collect runtimes for bcsstk16. Check the spmm execution.
Failed to collect runtimes for cage14. Check the spmm execution.
Failed to collect runtimes for circuit_2. Check the spmm execution.
Failed to collect runtimes for ASIC_320k. Check the spmm execution.
Failed to collect runtimes for comsol_b. Check the spmm execution.
Failed to collect runtimes for hydr1c_A_53. Check the spmm execution.
Failed to collect runtimes for lp_nug06_b. Check the spmm execution.
Failed to collect runtimes for bcsstm24. Check the spmm execution.
Failed to collect runtimes for lp_nug12_z0. Check the spmm execution.
Failed to collect runtimes for oscil_dcop_25_b. Check the spmm execution.
Failed to collect runtimes for c-44_b. Check the spmm execution.
Failed to collect runtimes for lpi_gran_z0. Check the spmm execution.
Failed to collect runtimes for patents_main_year. Check the spmm execution.
Failed to collect runtimes for af_shell3_b. Check the spmm execution.
Failed to collect runtimes for lhr17. Check the spmm execution.
Failed to collect runtimes for c-39_b. Check the spmm execution.
Failed to collect runtimes for G31. Check the spmm execution.
Failed to collect runtimes for hydr1c_A_22. Check the spmm execution.
Failed to collect runtimes for mario002. Check the spmm execution.
Failed to collect runtimes for af_shell7. Check the spmm execution.
Failed to collect runtimes for chipcool1. Check the spmm execution.
Failed to collect runtimes for skirt. Check the spmm execution.
Failed to collect runtimes for d_dyn_b. Check the spmm execution.
Failed to collect runtimes for GD96_a_coord. Check the spmm execution.
Failed to collect runtimes for lhr10c. Check the spmm execution.
Failed to collect runtimes for cavity16. Check the spmm execution.
Failed to collect runtimes for Reuters911_Day_46. Check the spmm execution.
Failed to collect runtimes for lp_nug08_hi. Check the spmm execution.
Failed to collect runtimes for Si34H36. Check the spmm execution.
Failed to collect runtimes for tub100. Check the spmm execution.
Failed to collect runtimes for IMDB. Check the spmm execution.
Failed to collect runtimes for bcspwr08. Check the spmm execution.
Failed to collect runtimes for Reuters911_Day_14. Check the spmm execution.
Failed to collect runtimes for aug3dcqp. Check the spmm execution.
Failed to collect runtimes for bayer03_b. Check the spmm execution.
Failed to collect runtimes for jan99jac060sc. Check the spmm execution.
Failed to collect runtimes for Reuters911_Day_61. Check the spmm execution.
Failed to collect runtimes for bcircuit. Check the spmm execution.
Failed to collect runtimes for lpi_itest2_lo. Check the spmm execution.
Failed to collect runtimes for lpi_box1_c. Check the spmm execution.
Failed to collect runtimes for bp_1200. Check the spmm execution.
Failed to collect runtimes for G50. Check the spmm execution.
Failed to collect runtimes for LFAT5_C. Check the spmm execution.
Failed to collect runtimes for ex23. Check the spmm execution.
Failed to collect runtimes for g7jac140. Check the spmm execution.
Failed to collect runtimes for lp_agg2_c. Check the spmm execution.
Failed to collect runtimes for bayer08. Check the spmm execution.
Failed to collect runtimes for c-56_b. Check the spmm execution.
Failed to collect runtimes for cavity21_x. Check the spmm execution.
Failed to collect runtimes for nos5. Check the spmm execution.
Failed to collect runtimes for lp_nug08_lo. Check the spmm execution.
Failed to collect runtimes for lp_pilot87_b. Check the spmm execution.
Failed to collect runtimes for cavity13. Check the spmm execution.
Failed to collect runtimes for bcircuit_b. Check the spmm execution.
Failed to collect runtimes for hydr1c_A_63. Check the spmm execution.
Failed to collect runtimes for nd24k. Check the spmm execution.
Failed to collect runtimes for rajat04. Check the spmm execution.
Failed to collect runtimes for bcsstk02. Check the spmm execution.
Failed to collect runtimes for gas_sensor_C. Check the spmm execution.
Failed to collect runtimes for lp_dfl001_lo. Check the spmm execution.
Failed to collect runtimes for west0989. Check the spmm execution.
Failed to collect runtimes for bcsstm26. Check the spmm execution.
Failed to collect runtimes for lp_ship04s. Check the spmm execution.
Failed to collect runtimes for G52. Check the spmm execution.
Failed to collect runtimes for c-50_b. Check the spmm execution.
Failed to collect runtimes for c-69. Check the spmm execution.
Failed to collect runtimes for ASIC_680ks. Check the spmm execution.
Failed to collect runtimes for oscil_dcop_30_b. Check the spmm execution.
Failed to collect runtimes for USAir97_coord. Check the spmm execution.
Failed to collect runtimes for fpga_dcop_34. Check the spmm execution.
Failed to collect runtimes for sherman4. Check the spmm execution.
Failed to collect runtimes for LF10000_B. Check the spmm execution.
Failed to collect runtimes for commanche_dual_coord. Check the spmm execution.
Failed to collect runtimes for cavity14_b. Check the spmm execution.
Failed to collect runtimes for c-64. Check the spmm execution.
Failed to collect runtimes for young3c. Check the spmm execution.
Failed to collect runtimes for cegb2919. Check the spmm execution.
Failed to collect runtimes for gyro_C. Check the spmm execution.
Failed to collect runtimes for bfwb782. Check the spmm execution.
Failed to collect runtimes for CSphd_phdyear. Check the spmm execution.
Failed to collect runtimes for ex3sta1. Check the spmm execution.
Failed to collect runtimes for mark3jac100sc. Check the spmm execution.
Failed to collect runtimes for odepa400. Check the spmm execution.
Failed to collect runtimes for mesh1em1. Check the spmm execution.
Failed to collect runtimes for conf5_0-4x4-26. Check the spmm execution.
Missing file(s) for matrix: cavity20_b. Skipping.
Failed to collect runtimes for nemeth16. Check the spmm execution.
Failed to collect runtimes for bfwa782. Check the spmm execution.
Failed to collect runtimes for ct20stif. Check the spmm execution.
Failed to collect runtimes for hydr1c_A_13. Check the spmm execution.
Failed to collect runtimes for Erdos972_cluster. Check the spmm execution.
Failed to collect runtimes for scircuit_b. Check the spmm execution.
Failed to collect runtimes for ford1. Check the spmm execution.
Failed to collect runtimes for Sandi_sandi_coord. Check the spmm execution.
Failed to collect runtimes for Zd_Jac2. Check the spmm execution.
Failed to collect runtimes for c-31_b. Check the spmm execution.
Failed to collect runtimes for hydr1c_A_11. Check the spmm execution.
Failed to collect runtimes for jagmesh3. Check the spmm execution.
Failed to collect runtimes for mip1. Check the spmm execution.
Failed to collect runtimes for airfoil_2d. Check the spmm execution.
Failed to collect runtimes for football. Check the spmm execution.
Failed to collect runtimes for extr1b_Zeros_01. Check the spmm execution.
Failed to collect runtimes for hydr1c_Zeros_57. Check the spmm execution.
Failed to collect runtimes for spiral_B. Check the spmm execution.
Failed to collect runtimes for lpi_cplex2_hi. Check the spmm execution.
Failed to collect runtimes for venkat50_b. Check the spmm execution.
Failed to collect runtimes for will199. Check the spmm execution.
Failed to collect runtimes for fpga_dcop_47_b. Check the spmm execution.
Failed to collect runtimes for Zd_Jac3_db_b. Check the spmm execution.
Failed to collect runtimes for lp_israel_z0. Check the spmm execution.
Failed to collect runtimes for lp_share2b_c. Check the spmm execution.
Failed to collect runtimes for hydr1c_A_16. Check the spmm execution.
Missing file(s) for matrix: spiral_E. Skipping.
Failed to collect runtimes for hydr1c_Zeros_75. Check the spmm execution.
Failed to collect runtimes for orsreg_1. Check the spmm execution.
Failed to collect runtimes for k1_san. Check the spmm execution.
Failed to collect runtimes for extr1b_A_35. Check the spmm execution.
Failed to collect runtimes for Zd_Jac6_db. Check the spmm execution.
Failed to collect runtimes for dw1024. Check the spmm execution.
Failed to collect runtimes for rail_79841_E. Check the spmm execution.
Failed to collect runtimes for GD02_a_coord. Check the spmm execution.
Failed to collect runtimes for hydr1c_Zeros_19. Check the spmm execution.
Failed to collect runtimes for t3dh_a. Check the spmm execution.
Failed to collect runtimes for lp_ken_18_z0. Check the spmm execution.
Failed to collect runtimes for ramage02. Check the spmm execution.
Failed to collect runtimes for lp_nug07_hi. Check the spmm execution.
Failed to collect runtimes for sinc12_b. Check the spmm execution.
Failed to collect runtimes for extr1b_Zeros_07. Check the spmm execution.
Failed to collect runtimes for onera_dual_coord. Check the spmm execution.
Failed to collect runtimes for c-34_b. Check the spmm execution.
Failed to collect runtimes for G11. Check the spmm execution.
Failed to collect runtimes for ex24. Check the spmm execution.
Failed to collect runtimes for pwt. Check the spmm execution.
Failed to collect runtimes for gemat1. Check the spmm execution.
Failed to collect runtimes for t3dh_C. Check the spmm execution.
Failed to collect runtimes for c-29_b. Check the spmm execution.
Failed to collect runtimes for extr1b_A_34. Check the spmm execution.
Failed to collect runtimes for nos3. Check the spmm execution.
Failed to collect runtimes for matrix-new_3_b. Check the spmm execution.
Failed to collect runtimes for c-28_b. Check the spmm execution.
Failed to collect runtimes for lp_nug05_b. Check the spmm execution.
Failed to collect runtimes for rajat03. Check the spmm execution.
Failed to collect runtimes for jan99jac060. Check the spmm execution.
Failed to collect runtimes for stomach. Check the spmm execution.
Failed to collect runtimes for c-31. Check the spmm execution.
Failed to collect runtimes for GD96_d. Check the spmm execution.
Failed to collect runtimes for Reuters911_Day_36. Check the spmm execution.
Failed to collect runtimes for laser. Check the spmm execution.
Failed to collect runtimes for hydr1c_Zeros_51. Check the spmm execution.
Failed to collect runtimes for extr1b_A_43. Check the spmm execution.
Failed to collect runtimes for G66. Check the spmm execution.
Failed to collect runtimes for Erdos992_cluster. Check the spmm execution.
Failed to collect runtimes for lp_ship12s_b. Check the spmm execution.
Failed to collect runtimes for af_shell8. Check the spmm execution.
Failed to collect runtimes for hydr1c_A_06. Check the spmm execution.
Failed to collect runtimes for ns3Da_b. Check the spmm execution.
Failed to collect runtimes for bcsstm19. Check the spmm execution.
Failed to collect runtimes for bcsstm35. Check the spmm execution.
Failed to collect runtimes for a0nsdsil. Check the spmm execution.
Failed to collect runtimes for oscil_dcop_30. Check the spmm execution.
Failed to collect runtimes for t2dal_B. Check the spmm execution.
Failed to collect runtimes for cavity16_x. Check the spmm execution.
Failed to collect runtimes for cavity08_x. Check the spmm execution.
Failed to collect runtimes for oscil_dcop_05. Check the spmm execution.
Failed to collect runtimes for Chem97Zt. Check the spmm execution.
Failed to collect runtimes for c-38_b. Check the spmm execution.
Failed to collect runtimes for dwt_1242. Check the spmm execution.
Failed to collect runtimes for boneS01_C. Check the spmm execution.
Failed to collect runtimes for lpi_klein2_lo. Check the spmm execution.
Failed to collect runtimes for LFAT5_B. Check the spmm execution.
Failed to collect runtimes for nemeth15. Check the spmm execution.
Failed to collect runtimes for G2_circuit. Check the spmm execution.
Failed to collect runtimes for ck656. Check the spmm execution.
Failed to collect runtimes for hydr1c_Zeros_02. Check the spmm execution.
Failed to collect runtimes for cage13. Check the spmm execution.
Failed to collect runtimes for olm100. Check the spmm execution.
Failed to collect runtimes for LFAT5_M. Check the spmm execution.
Failed to collect runtimes for H2O. Check the spmm execution.
Failed to collect runtimes for lp_truss_c. Check the spmm execution.
Failed to collect runtimes for fpga_dcop_09. Check the spmm execution.
Failed to collect runtimes for lp_grow22_c. Check the spmm execution.
Failed to collect runtimes for c-33. Check the spmm execution.
Failed to collect runtimes for cavity25_x. Check the spmm execution.
Failed to collect runtimes for bcsstk09. Check the spmm execution.
Failed to collect runtimes for ex32. Check the spmm execution.
Failed to collect runtimes for hydr1c_A_10. Check the spmm execution.
Failed to collect runtimes for coater1. Check the spmm execution.
Failed to collect runtimes for lp_czprob_hi. Check the spmm execution.
Failed to collect runtimes for laminar_duct3D_b. Check the spmm execution.
Failed to collect runtimes for pores_2. Check the spmm execution.
Failed to collect runtimes for lp_dfl001_hi. Check the spmm execution.
Failed to collect runtimes for GD01_c_partition. Check the spmm execution.
Failed to collect runtimes for tuma2. Check the spmm execution.
Failed to collect runtimes for ibm_matrix_2_b. Check the spmm execution.
Failed to collect runtimes for extr1b_A_03. Check the spmm execution.
Failed to collect runtimes for fpga_dcop_01. Check the spmm execution.
Failed to collect runtimes for Zd_Jac3. Check the spmm execution.
Failed to collect runtimes for pkustk11. Check the spmm execution.
Failed to collect runtimes for hydr1c_Zeros_17. Check the spmm execution.
Failed to collect runtimes for fs_680_3. Check the spmm execution.
Failed to collect runtimes for extr1b. Check the spmm execution.
Failed to collect runtimes for mbeacxc. Check the spmm execution.
Failed to collect runtimes for Tina_AskCal. Check the spmm execution.
Failed to collect runtimes for lp_bnl2_hi. Check the spmm execution.
Failed to collect runtimes for t3dl_E. Check the spmm execution.
Failed to collect runtimes for hydr1c_Zeros_05. Check the spmm execution.
Failed to collect runtimes for pds10. Check the spmm execution.
Failed to collect runtimes for G18. Check the spmm execution.
Failed to collect runtimes for shipsec8. Check the spmm execution.
Failed to collect runtimes for lpi_bgetam_lo. Check the spmm execution.
Failed to collect runtimes for bratu3d_b. Check the spmm execution.
Failed to collect runtimes for ex35. Check the spmm execution.
Failed to collect runtimes for fs_680_2. Check the spmm execution.
Failed to collect runtimes for 2D_54019_highK_b. Check the spmm execution.
Failed to collect runtimes for orani678_b. Check the spmm execution.
Failed to collect runtimes for lp_ken_18_b. Check the spmm execution.
Failed to collect runtimes for hydr1c_A_01. Check the spmm execution.
Failed to collect runtimes for rail_5177_B. Check the spmm execution.
Failed to collect runtimes for jan99jac060sc_b. Check the spmm execution.
Failed to collect runtimes for 2D_27628_bjtcai. Check the spmm execution.
Failed to collect runtimes for pwt_coord. Check the spmm execution.
Failed to collect runtimes for dwt_221. Check the spmm execution.
Failed to collect runtimes for GlossGT. Check the spmm execution.
Failed to collect runtimes for LF10_E. Check the spmm execution.
Failed to collect runtimes for cavity02_x. Check the spmm execution.
Failed to collect runtimes for hydr1c_A_44. Check the spmm execution.
Failed to collect runtimes for dwt_209. Check the spmm execution.
Failed to collect runtimes for raefsky4_b. Check the spmm execution.
Failed to collect runtimes for pcrystk03. Check the spmm execution.
Failed to collect runtimes for lp_nug05. Check the spmm execution.
Failed to collect runtimes for lpi_klein1_c. Check the spmm execution.
Failed to collect runtimes for ted_AB. Check the spmm execution.
Failed to collect runtimes for ex31. Check the spmm execution.
Failed to collect runtimes for lpi_mondou2_b. Check the spmm execution.
Failed to collect runtimes for lhr34c. Check the spmm execution.
Failed to collect runtimes for barth5. Check the spmm execution.
Failed to collect runtimes for G19. Check the spmm execution.
Failed to collect runtimes for lpi_gran_hi. Check the spmm execution.
Failed to collect runtimes for av41092. Check the spmm execution.
Failed to collect runtimes for flowmeter0. Check the spmm execution.
Failed to collect runtimes for bcsstk08. Check the spmm execution.
Failed to collect runtimes for GD98_c. Check the spmm execution.
Failed to collect runtimes for olm500. Check the spmm execution.
Failed to collect runtimes for lp_ship12s_hi. Check the spmm execution.
Failed to collect runtimes for extr1b_Zeros_09. Check the spmm execution.
Failed to collect runtimes for SmallW_gcs. Check the spmm execution.
Failed to collect runtimes for mark3jac140. Check the spmm execution.
Failed to collect runtimes for rw136. Check the spmm execution.
Failed to collect runtimes for extr1b_A_12. Check the spmm execution.
Failed to collect runtimes for extr1b_Zeros_15. Check the spmm execution.
Failed to collect runtimes for lp_pilot_b. Check the spmm execution.
Failed to collect runtimes for GlossGT_coord. Check the spmm execution.
Failed to collect runtimes for turon_m. Check the spmm execution.
Failed to collect runtimes for cavity07. Check the spmm execution.
Failed to collect runtimes for dwt_512. Check the spmm execution.
Failed to collect runtimes for c-73b_b. Check the spmm execution.
Failed to collect runtimes for t3dl_B. Check the spmm execution.
Failed to collect runtimes for GD01_c_coord. Check the spmm execution.
Failed to collect runtimes for lp_nug06. Check the spmm execution.
Failed to collect runtimes for g7jac020sc. Check the spmm execution.
Failed to collect runtimes for lhr02_b. Check the spmm execution.
Failed to collect runtimes for lshp3025. Check the spmm execution.
Failed to collect runtimes for c-39. Check the spmm execution.
Failed to collect runtimes for cavity26. Check the spmm execution.
Failed to collect runtimes for Zd_Jac2_db. Check the spmm execution.
Failed to collect runtimes for ncvxqp1. Check the spmm execution.
Failed to collect runtimes for cavity04_x. Check the spmm execution.
Failed to collect runtimes for t2dah_C. Check the spmm execution.
Failed to collect runtimes for California. Check the spmm execution.
Failed to collect runtimes for football_coord. Check the spmm execution.
Failed to collect runtimes for conf5_0-4x4-14. Check the spmm execution.
Failed to collect runtimes for extr1b_A_14. Check the spmm execution.
Failed to collect runtimes for Reuters911_Day_23. Check the spmm execution.
Failed to collect runtimes for G9. Check the spmm execution.
Failed to collect runtimes for fv2. Check the spmm execution.
Failed to collect runtimes for add20. Check the spmm execution.
Failed to collect runtimes for c-28. Check the spmm execution.
Failed to collect runtimes for lp_bnl2_b. Check the spmm execution.
Failed to collect runtimes for nemeth01. Check the spmm execution.
Failed to collect runtimes for bcsstk23. Check the spmm execution.
Failed to collect runtimes for thermal1_b. Check the spmm execution.
Failed to collect runtimes for hydr1c_Zeros_28. Check the spmm execution.
Failed to collect runtimes for lp_nug15_lo. Check the spmm execution.
Failed to collect runtimes for utm300. Check the spmm execution.
Failed to collect runtimes for G39. Check the spmm execution.
Failed to collect runtimes for Reuters911_Day_25. Check the spmm execution.
Failed to collect runtimes for lpi_refinery. Check the spmm execution.
Failed to collect runtimes for fpga_dcop_45. Check the spmm execution.
Failed to collect runtimes for hydr1c_A_62. Check the spmm execution.
Missing file(s) for matrix: Ga19As19H42. Skipping.
Missing file(s) for matrix: bcsstk32. Skipping.
Missing file(s) for matrix: x104. Skipping.
Missing file(s) for matrix: nd12k. Skipping.
Missing file(s) for matrix: af_shell1. Skipping.
Missing file(s) for matrix: lp_nug07. Skipping.
Missing file(s) for matrix: ship_001. Skipping.
Missing file(s) for matrix: Ga19As19H42. Skipping.
Missing file(s) for matrix: lp_nug07. Skipping.
Missing file(s) for matrix: bcsstk32. Skipping.
Missing file(s) for matrix: ship_001. Skipping.
Missing file(s) for matrix: nd12k. Skipping.
Missing file(s) for matrix: af_shell1. Skipping.
Missing file(s) for matrix: cavity20_b. Skipping.
Missing file(s) for matrix: spiral_E. Skipping.
