Processing Reuters911_Day_66...
Runtimes for Reuters911_Day_66 saved to /home/s0/ml4sys02/project/Workload-Aware-Co-Optimization/WACO/SpMM/TrainingData/CollectedData/Reuters911_Day_66.txt
Processing ck400...
Runtimes for ck400 saved to /home/s0/ml4sys02/project/Workload-Aware-Co-Optimization/WACO/SpMM/TrainingData/CollectedData/ck400.txt
Processing raefsky5_b...
Runtimes for raefsky5_b saved to /home/s0/ml4sys02/project/Workload-Aware-Co-Optimization/WACO/SpMM/TrainingData/CollectedData/raefsky5_b.txt
Processing cell1_b...
Runtimes for cell1_b saved to /home/s0/ml4sys02/project/Workload-Aware-Co-Optimization/WACO/SpMM/TrainingData/CollectedData/cell1_b.txt
Processing pkustk02...
Runtimes for pkustk02 saved to /home/s0/ml4sys02/project/Workload-Aware-Co-Optimization/WACO/SpMM/TrainingData/CollectedData/pkustk02.txt
Processing c-big_b...
Runtimes for c-big_b saved to /home/s0/ml4sys02/project/Workload-Aware-Co-Optimization/WACO/SpMM/TrainingData/CollectedData/c-big_b.txt
Processing ex8...
Runtimes for ex8 saved to /home/s0/ml4sys02/project/Workload-Aware-Co-Optimization/WACO/SpMM/TrainingData/CollectedData/ex8.txt
Processing heart1...
Runtimes for heart1 saved to /home/s0/ml4sys02/project/Workload-Aware-Co-Optimization/WACO/SpMM/TrainingData/CollectedData/heart1.txt
Processing ncvxqp3...
Runtimes for ncvxqp3 saved to /home/s0/ml4sys02/project/Workload-Aware-Co-Optimization/WACO/SpMM/TrainingData/CollectedData/ncvxqp3.txt
Processing lshp1009...
Runtimes for lshp1009 saved to /home/s0/ml4sys02/project/Workload-Aware-Co-Optimization/WACO/SpMM/TrainingData/CollectedData/lshp1009.txt
Processing lp_nug15...
Runtimes for lp_nug15 saved to /home/s0/ml4sys02/project/Workload-Aware-Co-Optimization/WACO/SpMM/TrainingData/CollectedData/lp_nug15.txt
Processing mesh2em5_coord...
Runtimes for mesh2em5_coord saved to /home/s0/ml4sys02/project/Workload-Aware-Co-Optimization/WACO/SpMM/TrainingData/CollectedData/mesh2em5_coord.txt
Processing extr1b_Zeros_05...
Runtimes for extr1b_Zeros_05 saved to /home/s0/ml4sys02/project/Workload-Aware-Co-Optimization/WACO/SpMM/TrainingData/CollectedData/extr1b_Zeros_05.txt
Processing Stanford_Berkeley_roots...
Runtimes for Stanford_Berkeley_roots saved to /home/s0/ml4sys02/project/Workload-Aware-Co-Optimization/WACO/SpMM/TrainingData/CollectedData/Stanford_Berkeley_roots.txt
Processing jagmesh4...
Runtimes for jagmesh4 saved to /home/s0/ml4sys02/project/Workload-Aware-Co-Optimization/WACO/SpMM/TrainingData/CollectedData/jagmesh4.txt
Processing G3...
Runtimes for G3 saved to /home/s0/ml4sys02/project/Workload-Aware-Co-Optimization/WACO/SpMM/TrainingData/CollectedData/G3.txt
Processing lund_b...
Runtimes for lund_b saved to /home/s0/ml4sys02/project/Workload-Aware-Co-Optimization/WACO/SpMM/TrainingData/CollectedData/lund_b.txt
Processing c-40...
Runtimes for c-40 saved to /home/s0/ml4sys02/project/Workload-Aware-Co-Optimization/WACO/SpMM/TrainingData/CollectedData/c-40.txt
Processing fs_760_2...
Runtimes for fs_760_2 saved to /home/s0/ml4sys02/project/Workload-Aware-Co-Optimization/WACO/SpMM/TrainingData/CollectedData/fs_760_2.txt
Processing extr1b_Zeros_22...
Runtimes for extr1b_Zeros_22 saved to /home/s0/ml4sys02/project/Workload-Aware-Co-Optimization/WACO/SpMM/TrainingData/CollectedData/extr1b_Zeros_22.txt
Processing cavity19...
Runtimes for cavity19 saved to /home/s0/ml4sys02/project/Workload-Aware-Co-Optimization/WACO/SpMM/TrainingData/CollectedData/cavity19.txt
Processing fpga_dcop_19...
Runtimes for fpga_dcop_19 saved to /home/s0/ml4sys02/project/Workload-Aware-Co-Optimization/WACO/SpMM/TrainingData/CollectedData/fpga_dcop_19.txt
Processing lp_nug15_c...
Runtimes for lp_nug15_c saved to /home/s0/ml4sys02/project/Workload-Aware-Co-Optimization/WACO/SpMM/TrainingData/CollectedData/lp_nug15_c.txt
Processing g7jac040sc...
Runtimes for g7jac040sc saved to /home/s0/ml4sys02/project/Workload-Aware-Co-Optimization/WACO/SpMM/TrainingData/CollectedData/g7jac040sc.txt
Processing hydr1c_A_49...
Runtimes for hydr1c_A_49 saved to /home/s0/ml4sys02/project/Workload-Aware-Co-Optimization/WACO/SpMM/TrainingData/CollectedData/hydr1c_A_49.txt
Processing hydr1c_Zeros_37...
Runtimes for hydr1c_Zeros_37 saved to /home/s0/ml4sys02/project/Workload-Aware-Co-Optimization/WACO/SpMM/TrainingData/CollectedData/hydr1c_Zeros_37.txt
Processing bcsstk26...
Runtimes for bcsstk26 saved to /home/s0/ml4sys02/project/Workload-Aware-Co-Optimization/WACO/SpMM/TrainingData/CollectedData/bcsstk26.txt
Processing GD96_a...
Runtimes for GD96_a saved to /home/s0/ml4sys02/project/Workload-Aware-Co-Optimization/WACO/SpMM/TrainingData/CollectedData/GD96_a.txt
Processing Erdos02...
Runtimes for Erdos02 saved to /home/s0/ml4sys02/project/Workload-Aware-Co-Optimization/WACO/SpMM/TrainingData/CollectedData/Erdos02.txt
Processing dwt_1005...
Runtimes for dwt_1005 saved to /home/s0/ml4sys02/project/Workload-Aware-Co-Optimization/WACO/SpMM/TrainingData/CollectedData/dwt_1005.txt
Processing 2D_27628_bjtcai_b...
Runtimes for 2D_27628_bjtcai_b saved to /home/s0/ml4sys02/project/Workload-Aware-Co-Optimization/WACO/SpMM/TrainingData/CollectedData/2D_27628_bjtcai_b.txt
Processing hydr1c...
Runtimes for hydr1c saved to /home/s0/ml4sys02/project/Workload-Aware-Co-Optimization/WACO/SpMM/TrainingData/CollectedData/hydr1c.txt
Processing Reuters911_Day_54...
Runtimes for Reuters911_Day_54 saved to /home/s0/ml4sys02/project/Workload-Aware-Co-Optimization/WACO/SpMM/TrainingData/CollectedData/Reuters911_Day_54.txt
Processing extr1b_A_33...
Runtimes for extr1b_A_33 saved to /home/s0/ml4sys02/project/Workload-Aware-Co-Optimization/WACO/SpMM/TrainingData/CollectedData/extr1b_A_33.txt
Processing gupta3...
Runtimes for gupta3 saved to /home/s0/ml4sys02/project/Workload-Aware-Co-Optimization/WACO/SpMM/TrainingData/CollectedData/gupta3.txt
Processing extr1b_Zeros_04...
Runtimes for extr1b_Zeros_04 saved to /home/s0/ml4sys02/project/Workload-Aware-Co-Optimization/WACO/SpMM/TrainingData/CollectedData/extr1b_Zeros_04.txt
Processing cage9...
Runtimes for cage9 saved to /home/s0/ml4sys02/project/Workload-Aware-Co-Optimization/WACO/SpMM/TrainingData/CollectedData/cage9.txt
Processing memplus...
Runtimes for memplus saved to /home/s0/ml4sys02/project/Workload-Aware-Co-Optimization/WACO/SpMM/TrainingData/CollectedData/memplus.txt
Processing lpi_woodinfe_lo...
Runtimes for lpi_woodinfe_lo saved to /home/s0/ml4sys02/project/Workload-Aware-Co-Optimization/WACO/SpMM/TrainingData/CollectedData/lpi_woodinfe_lo.txt
Processing lp_bore3d_hi...
Runtimes for lp_bore3d_hi saved to /home/s0/ml4sys02/project/Workload-Aware-Co-Optimization/WACO/SpMM/TrainingData/CollectedData/lp_bore3d_hi.txt
Processing west0067...
Runtimes for west0067 saved to /home/s0/ml4sys02/project/Workload-Aware-Co-Optimization/WACO/SpMM/TrainingData/CollectedData/west0067.txt
Processing hydr1c_Zeros_30...
Runtimes for hydr1c_Zeros_30 saved to /home/s0/ml4sys02/project/Workload-Aware-Co-Optimization/WACO/SpMM/TrainingData/CollectedData/hydr1c_Zeros_30.txt
Processing hydr1c_Zeros_08...
Runtimes for hydr1c_Zeros_08 saved to /home/s0/ml4sys02/project/Workload-Aware-Co-Optimization/WACO/SpMM/TrainingData/CollectedData/hydr1c_Zeros_08.txt
Processing cavity10_x...
Runtimes for cavity10_x saved to /home/s0/ml4sys02/project/Workload-Aware-Co-Optimization/WACO/SpMM/TrainingData/CollectedData/cavity10_x.txt
Processing lpi_refinery_lo...
Runtimes for lpi_refinery_lo saved to /home/s0/ml4sys02/project/Workload-Aware-Co-Optimization/WACO/SpMM/TrainingData/CollectedData/lpi_refinery_lo.txt
Processing barrier2-10...
Runtimes for barrier2-10 saved to /home/s0/ml4sys02/project/Workload-Aware-Co-Optimization/WACO/SpMM/TrainingData/CollectedData/barrier2-10.txt
Processing mesh1em6...
Runtimes for mesh1em6 saved to /home/s0/ml4sys02/project/Workload-Aware-Co-Optimization/WACO/SpMM/TrainingData/CollectedData/mesh1em6.txt
Processing sinc15_b...
Runtimes for sinc15_b saved to /home/s0/ml4sys02/project/Workload-Aware-Co-Optimization/WACO/SpMM/TrainingData/CollectedData/sinc15_b.txt
Processing c-65...
Runtimes for c-65 saved to /home/s0/ml4sys02/project/Workload-Aware-Co-Optimization/WACO/SpMM/TrainingData/CollectedData/c-65.txt
Processing venkat25_b...
Runtimes for venkat25_b saved to /home/s0/ml4sys02/project/Workload-Aware-Co-Optimization/WACO/SpMM/TrainingData/CollectedData/venkat25_b.txt
Processing rajat23...
Runtimes for rajat23 saved to /home/s0/ml4sys02/project/Workload-Aware-Co-Optimization/WACO/SpMM/TrainingData/CollectedData/rajat23.txt
Processing adder_dcop_56...
Runtimes for adder_dcop_56 saved to /home/s0/ml4sys02/project/Workload-Aware-Co-Optimization/WACO/SpMM/TrainingData/CollectedData/adder_dcop_56.txt
Processing lpi_box1_b...
Runtimes for lpi_box1_b saved to /home/s0/ml4sys02/project/Workload-Aware-Co-Optimization/WACO/SpMM/TrainingData/CollectedData/lpi_box1_b.txt
Processing sme3Da...
Runtimes for sme3Da saved to /home/s0/ml4sys02/project/Workload-Aware-Co-Optimization/WACO/SpMM/TrainingData/CollectedData/sme3Da.txt
Processing aug2dc...
Runtimes for aug2dc saved to /home/s0/ml4sys02/project/Workload-Aware-Co-Optimization/WACO/SpMM/TrainingData/CollectedData/aug2dc.txt
Processing appu...
Runtimes for appu saved to /home/s0/ml4sys02/project/Workload-Aware-Co-Optimization/WACO/SpMM/TrainingData/CollectedData/appu.txt
Processing cavity01...
Runtimes for cavity01 saved to /home/s0/ml4sys02/project/Workload-Aware-Co-Optimization/WACO/SpMM/TrainingData/CollectedData/cavity01.txt
Processing GD00_c...
Runtimes for GD00_c saved to /home/s0/ml4sys02/project/Workload-Aware-Co-Optimization/WACO/SpMM/TrainingData/CollectedData/GD00_c.txt
Processing extr1b_Zeros_12...
Runtimes for extr1b_Zeros_12 saved to /home/s0/ml4sys02/project/Workload-Aware-Co-Optimization/WACO/SpMM/TrainingData/CollectedData/extr1b_Zeros_12.txt
Processing helm3d01...
Runtimes for helm3d01 saved to /home/s0/ml4sys02/project/Workload-Aware-Co-Optimization/WACO/SpMM/TrainingData/CollectedData/helm3d01.txt
Processing Reuters911_Day_55...
Runtimes for Reuters911_Day_55 saved to /home/s0/ml4sys02/project/Workload-Aware-Co-Optimization/WACO/SpMM/TrainingData/CollectedData/Reuters911_Day_55.txt
Processing t2dah_e...
Runtimes for t2dah_e saved to /home/s0/ml4sys02/project/Workload-Aware-Co-Optimization/WACO/SpMM/TrainingData/CollectedData/t2dah_e.txt
Processing watt_1...
Runtimes for watt_1 saved to /home/s0/ml4sys02/project/Workload-Aware-Co-Optimization/WACO/SpMM/TrainingData/CollectedData/watt_1.txt
Processing crystm03...
Runtimes for crystm03 saved to /home/s0/ml4sys02/project/Workload-Aware-Co-Optimization/WACO/SpMM/TrainingData/CollectedData/crystm03.txt
Processing torsion1...
Runtimes for torsion1 saved to /home/s0/ml4sys02/project/Workload-Aware-Co-Optimization/WACO/SpMM/TrainingData/CollectedData/torsion1.txt
Processing ex37...
Runtimes for ex37 saved to /home/s0/ml4sys02/project/Workload-Aware-Co-Optimization/WACO/SpMM/TrainingData/CollectedData/ex37.txt
Processing qpband...
Runtimes for qpband saved to /home/s0/ml4sys02/project/Workload-Aware-Co-Optimization/WACO/SpMM/TrainingData/CollectedData/qpband.txt
Processing t2dal_C...
Runtimes for t2dal_C saved to /home/s0/ml4sys02/project/Workload-Aware-Co-Optimization/WACO/SpMM/TrainingData/CollectedData/t2dal_C.txt
Processing bayer05...
Runtimes for bayer05 saved to /home/s0/ml4sys02/project/Workload-Aware-Co-Optimization/WACO/SpMM/TrainingData/CollectedData/bayer05.txt
Processing jnlbrng1...
Runtimes for jnlbrng1 saved to /home/s0/ml4sys02/project/Workload-Aware-Co-Optimization/WACO/SpMM/TrainingData/CollectedData/jnlbrng1.txt
Processing Reuters911_Day_04...
Runtimes for Reuters911_Day_04 saved to /home/s0/ml4sys02/project/Workload-Aware-Co-Optimization/WACO/SpMM/TrainingData/CollectedData/Reuters911_Day_04.txt
Processing hor_131...
Runtimes for hor_131 saved to /home/s0/ml4sys02/project/Workload-Aware-Co-Optimization/WACO/SpMM/TrainingData/CollectedData/hor_131.txt
Processing halfb...
Runtimes for halfb saved to /home/s0/ml4sys02/project/Workload-Aware-Co-Optimization/WACO/SpMM/TrainingData/CollectedData/halfb.txt
Processing c-19_b...
Runtimes for c-19_b saved to /home/s0/ml4sys02/project/Workload-Aware-Co-Optimization/WACO/SpMM/TrainingData/CollectedData/c-19_b.txt
Processing G30...
Runtimes for G30 saved to /home/s0/ml4sys02/project/Workload-Aware-Co-Optimization/WACO/SpMM/TrainingData/CollectedData/G30.txt
Processing epb2...
Runtimes for epb2 saved to /home/s0/ml4sys02/project/Workload-Aware-Co-Optimization/WACO/SpMM/TrainingData/CollectedData/epb2.txt
Processing Ge99H100...
Runtimes for Ge99H100 saved to /home/s0/ml4sys02/project/Workload-Aware-Co-Optimization/WACO/SpMM/TrainingData/CollectedData/Ge99H100.txt
Processing b1_ss_b...
Runtimes for b1_ss_b saved to /home/s0/ml4sys02/project/Workload-Aware-Co-Optimization/WACO/SpMM/TrainingData/CollectedData/b1_ss_b.txt
Processing Reuters911_Day_07...
Runtimes for Reuters911_Day_07 saved to /home/s0/ml4sys02/project/Workload-Aware-Co-Optimization/WACO/SpMM/TrainingData/CollectedData/Reuters911_Day_07.txt
Processing lp_nug15_b...
Runtimes for lp_nug15_b saved to /home/s0/ml4sys02/project/Workload-Aware-Co-Optimization/WACO/SpMM/TrainingData/CollectedData/lp_nug15_b.txt
Processing HEP-th...
Runtimes for HEP-th saved to /home/s0/ml4sys02/project/Workload-Aware-Co-Optimization/WACO/SpMM/TrainingData/CollectedData/HEP-th.txt
Processing Si2...
Runtimes for Si2 saved to /home/s0/ml4sys02/project/Workload-Aware-Co-Optimization/WACO/SpMM/TrainingData/CollectedData/Si2.txt
Processing Lin...
Runtimes for Lin saved to /home/s0/ml4sys02/project/Workload-Aware-Co-Optimization/WACO/SpMM/TrainingData/CollectedData/Lin.txt
Processing nasasrb...
