/var/spool/slurmd/job1063027/slurm_script: line 61: 1229094 Segmentation fault      (core dumped) $CODE_GENERATOR $csr_path $config_path > "$output_path"
terminate called after throwing an instance of 'std::invalid_argument'
  what():  Pack Too Large
/var/spool/slurmd/job1063027/slurm_script: line 61: 1229488 Aborted                 (core dumped) $CODE_GENERATOR $csr_path $config_path > "$output_path"
terminate called after throwing an instance of 'std::invalid_argument'
  what():  Pack Too Large
/var/spool/slurmd/job1063027/slurm_script: line 61: 1234266 Aborted                 (core dumped) $CODE_GENERATOR $csr_path $config_path > "$output_path"
/var/spool/slurmd/job1063027/slurm_script: line 61: 1250267 Segmentation fault      (core dumped) $CODE_GENERATOR $csr_path $config_path > "$output_path"
terminate called after throwing an instance of 'std::invalid_argument'
  what():  Pack Too Large
/var/spool/slurmd/job1063027/slurm_script: line 61: 1275326 Aborted                 (core dumped) $CODE_GENERATOR $csr_path $config_path > "$output_path"
terminate called after throwing an instance of 'std::invalid_argument'
  what():  Pack Too Large
/var/spool/slurmd/job1063027/slurm_script: line 61: 1280081 Aborted                 (core dumped) $CODE_GENERATOR $csr_path $config_path > "$output_path"
terminate called after throwing an instance of 'std::invalid_argument'
  what():  Pack Too Large
/var/spool/slurmd/job1063027/slurm_script: line 61: 1281759 Aborted                 (core dumped) $CODE_GENERATOR $csr_path $config_path > "$output_path"
terminate called after throwing an instance of 'std::invalid_argument'
  what():  Pack Too Large
/var/spool/slurmd/job1063027/slurm_script: line 61: 1281792 Aborted                 (core dumped) $CODE_GENERATOR $csr_path $config_path > "$output_path"
terminate called after throwing an instance of 'std::invalid_argument'
  what():  Pack Too Large
/var/spool/slurmd/job1063027/slurm_script: line 61: 1307222 Aborted                 (core dumped) $CODE_GENERATOR $csr_path $config_path > "$output_path"
terminate called after throwing an instance of 'std::invalid_argument'
  what():  Pack Too Large
/var/spool/slurmd/job1063027/slurm_script: line 61: 1312931 Aborted                 (core dumped) $CODE_GENERATOR $csr_path $config_path > "$output_path"
terminate called after throwing an instance of 'std::invalid_argument'
  what():  Pack Too Large
/var/spool/slurmd/job1063027/slurm_script: line 61: 1348032 Aborted                 (core dumped) $CODE_GENERATOR $csr_path $config_path > "$output_path"
terminate called after throwing an instance of 'std::invalid_argument'
  what():  Pack Too Large
/var/spool/slurmd/job1063027/slurm_script: line 61: 1377963 Aborted                 (core dumped) $CODE_GENERATOR $csr_path $config_path > "$output_path"
terminate called after throwing an instance of 'std::invalid_argument'
  what():  Pack Too Large
/var/spool/slurmd/job1063027/slurm_script: line 61: 1382551 Aborted                 (core dumped) $CODE_GENERATOR $csr_path $config_path > "$output_path"
terminate called after throwing an instance of 'std::invalid_argument'
  what():  Pack Too Large
/var/spool/slurmd/job1063027/slurm_script: line 61: 1382584 Aborted                 (core dumped) $CODE_GENERATOR $csr_path $config_path > "$output_path"
terminate called after throwing an instance of 'std::invalid_argument'
  what():  Pack Too Large
/var/spool/slurmd/job1063027/slurm_script: line 61: 1390161 Aborted                 (core dumped) $CODE_GENERATOR $csr_path $config_path > "$output_path"
terminate called after throwing an instance of 'std::invalid_argument'
  what():  Pack Too Large
/var/spool/slurmd/job1063027/slurm_script: line 61: 1398830 Aborted                 (core dumped) $CODE_GENERATOR $csr_path $config_path > "$output_path"
terminate called after throwing an instance of 'std::invalid_argument'
  what():  Pack Too Large
/var/spool/slurmd/job1063027/slurm_script: line 61: 1432339 Aborted                 (core dumped) $CODE_GENERATOR $csr_path $config_path > "$output_path"
terminate called after throwing an instance of 'std::invalid_argument'
  what():  Pack Too Large
/var/spool/slurmd/job1063027/slurm_script: line 61: 1435977 Aborted                 (core dumped) $CODE_GENERATOR $csr_path $config_path > "$output_path"
terminate called after throwing an instance of 'std::invalid_argument'
  what():  Pack Too Large
/var/spool/slurmd/job1063027/slurm_script: line 61: 1442692 Aborted                 (core dumped) $CODE_GENERATOR $csr_path $config_path > "$output_path"
terminate called after throwing an instance of 'std::invalid_argument'
  what():  Pack Too Large
/var/spool/slurmd/job1063027/slurm_script: line 61: 1443649 Aborted                 (core dumped) $CODE_GENERATOR $csr_path $config_path > "$output_path"
terminate called after throwing an instance of 'std::invalid_argument'
  what():  Pack Too Large
/var/spool/slurmd/job1063027/slurm_script: line 61: 1448435 Aborted                 (core dumped) $CODE_GENERATOR $csr_path $config_path > "$output_path"
terminate called after throwing an instance of 'std::invalid_argument'
  what():  Pack Too Large
/var/spool/slurmd/job1063027/slurm_script: line 61: 1468046 Aborted                 (core dumped) $CODE_GENERATOR $csr_path $config_path > "$output_path"
terminate called after throwing an instance of 'std::invalid_argument'
  what():  Pack Too Large
/var/spool/slurmd/job1063027/slurm_script: line 61: 1499549 Aborted                 (core dumped) $CODE_GENERATOR $csr_path $config_path > "$output_path"
terminate called after throwing an instance of 'std::invalid_argument'
  what():  Pack Too Large
/var/spool/slurmd/job1063027/slurm_script: line 61: 1508816 Aborted                 (core dumped) $CODE_GENERATOR $csr_path $config_path > "$output_path"
terminate called after throwing an instance of 'std::invalid_argument'
  what():  Pack Too Large
/var/spool/slurmd/job1063027/slurm_script: line 61: 1513186 Aborted                 (core dumped) $CODE_GENERATOR $csr_path $config_path > "$output_path"
terminate called after throwing an instance of 'std::invalid_argument'
  what():  Pack Too Large
/var/spool/slurmd/job1063027/slurm_script: line 61: 1542253 Aborted                 (core dumped) $CODE_GENERATOR $csr_path $config_path > "$output_path"
/var/spool/slurmd/job1063027/slurm_script: line 61: 1552925 Segmentation fault      (core dumped) $CODE_GENERATOR $csr_path $config_path > "$output_path"
terminate called after throwing an instance of 'std::invalid_argument'
  what():  Pack Too Large
/var/spool/slurmd/job1063027/slurm_script: line 61: 1559443 Aborted                 (core dumped) $CODE_GENERATOR $csr_path $config_path > "$output_path"
terminate called after throwing an instance of 'std::invalid_argument'
  what():  Pack Too Large
/var/spool/slurmd/job1063027/slurm_script: line 61: 1591251 Aborted                 (core dumped) $CODE_GENERATOR $csr_path $config_path > "$output_path"
terminate called after throwing an instance of 'std::invalid_argument'
  what():  Pack Too Large
/var/spool/slurmd/job1063027/slurm_script: line 61: 1616466 Aborted                 (core dumped) $CODE_GENERATOR $csr_path $config_path > "$output_path"
terminate called after throwing an instance of 'std::invalid_argument'
  what():  Pack Too Large
/var/spool/slurmd/job1063027/slurm_script: line 61: 1634112 Aborted                 (core dumped) $CODE_GENERATOR $csr_path $config_path > "$output_path"
terminate called after throwing an instance of 'std::invalid_argument'
  what():  Pack Too Large
/var/spool/slurmd/job1063027/slurm_script: line 61: 1648098 Aborted                 (core dumped) $CODE_GENERATOR $csr_path $config_path > "$output_path"
terminate called after throwing an instance of 'std::invalid_argument'
  what():  Pack Too Large
/var/spool/slurmd/job1063027/slurm_script: line 61: 1657709 Aborted                 (core dumped) $CODE_GENERATOR $csr_path $config_path > "$output_path"
terminate called after throwing an instance of 'std::invalid_argument'
  what():  Pack Too Large
/var/spool/slurmd/job1063027/slurm_script: line 61: 1682108 Aborted                 (core dumped) $CODE_GENERATOR $csr_path $config_path > "$output_path"
slurmstepd: error: *** JOB 1063027 ON a05 CANCELLED AT 2024-11-28T22:22:04 DUE TO TIME LIMIT ***
