Processing IMDB_ActorBacon...
Runtimes for IMDB_ActorBacon saved to /home/s0/ml4sys02/project/Workload-Aware-Co-Optimization/WACO/SpMM/TrainingData/CollectedData/IMDB_ActorBacon.txt
Processing c-57...
Runtimes for c-57 saved to /home/s0/ml4sys02/project/Workload-Aware-Co-Optimization/WACO/SpMM/TrainingData/CollectedData/c-57.txt
Processing c-63_b...
Runtimes for c-63_b saved to /home/s0/ml4sys02/project/Workload-Aware-Co-Optimization/WACO/SpMM/TrainingData/CollectedData/c-63_b.txt
Processing hydr1c_Zeros_43...
Runtimes for hydr1c_Zeros_43 saved to /home/s0/ml4sys02/project/Workload-Aware-Co-Optimization/WACO/SpMM/TrainingData/CollectedData/hydr1c_Zeros_43.txt
Processing cavity01_b...
Runtimes for cavity01_b saved to /home/s0/ml4sys02/project/Workload-Aware-Co-Optimization/WACO/SpMM/TrainingData/CollectedData/cavity01_b.txt
Processing hydr1c_Zeros_12...
Runtimes for hydr1c_Zeros_12 saved to /home/s0/ml4sys02/project/Workload-Aware-Co-Optimization/WACO/SpMM/TrainingData/CollectedData/hydr1c_Zeros_12.txt
Processing hydr1c_A_14...
Runtimes for hydr1c_A_14 saved to /home/s0/ml4sys02/project/Workload-Aware-Co-Optimization/WACO/SpMM/TrainingData/CollectedData/hydr1c_A_14.txt
Processing c-68_b...
Runtimes for c-68_b saved to /home/s0/ml4sys02/project/Workload-Aware-Co-Optimization/WACO/SpMM/TrainingData/CollectedData/c-68_b.txt
Processing barrier2-3_b...
Runtimes for barrier2-3_b saved to /home/s0/ml4sys02/project/Workload-Aware-Co-Optimization/WACO/SpMM/TrainingData/CollectedData/barrier2-3_b.txt
Processing hydr1c_A_66...
Runtimes for hydr1c_A_66 saved to /home/s0/ml4sys02/project/Workload-Aware-Co-Optimization/WACO/SpMM/TrainingData/CollectedData/hydr1c_A_66.txt
Processing hydr1c_A_43...
Runtimes for hydr1c_A_43 saved to /home/s0/ml4sys02/project/Workload-Aware-Co-Optimization/WACO/SpMM/TrainingData/CollectedData/hydr1c_A_43.txt
Processing Kuu...
Runtimes for Kuu saved to /home/s0/ml4sys02/project/Workload-Aware-Co-Optimization/WACO/SpMM/TrainingData/CollectedData/Kuu.txt
Processing can_62...
Runtimes for can_62 saved to /home/s0/ml4sys02/project/Workload-Aware-Co-Optimization/WACO/SpMM/TrainingData/CollectedData/can_62.txt
Processing qa8fk_coord...
Runtimes for qa8fk_coord saved to /home/s0/ml4sys02/project/Workload-Aware-Co-Optimization/WACO/SpMM/TrainingData/CollectedData/qa8fk_coord.txt
Processing pcrystk02...
Runtimes for pcrystk02 saved to /home/s0/ml4sys02/project/Workload-Aware-Co-Optimization/WACO/SpMM/TrainingData/CollectedData/pcrystk02.txt
Processing lpi_pang_hi...
Runtimes for lpi_pang_hi saved to /home/s0/ml4sys02/project/Workload-Aware-Co-Optimization/WACO/SpMM/TrainingData/CollectedData/lpi_pang_hi.txt
Processing shyy161...
Runtimes for shyy161 saved to /home/s0/ml4sys02/project/Workload-Aware-Co-Optimization/WACO/SpMM/TrainingData/CollectedData/shyy161.txt
Processing dwt_66...
Runtimes for dwt_66 saved to /home/s0/ml4sys02/project/Workload-Aware-Co-Optimization/WACO/SpMM/TrainingData/CollectedData/dwt_66.txt
Processing bcsstk14...
Runtimes for bcsstk14 saved to /home/s0/ml4sys02/project/Workload-Aware-Co-Optimization/WACO/SpMM/TrainingData/CollectedData/bcsstk14.txt
Processing G1...
Runtimes for G1 saved to /home/s0/ml4sys02/project/Workload-Aware-Co-Optimization/WACO/SpMM/TrainingData/CollectedData/G1.txt
Processing cegb2802...
Runtimes for cegb2802 saved to /home/s0/ml4sys02/project/Workload-Aware-Co-Optimization/WACO/SpMM/TrainingData/CollectedData/cegb2802.txt
Processing lp_nug20_c...
Runtimes for lp_nug20_c saved to /home/s0/ml4sys02/project/Workload-Aware-Co-Optimization/WACO/SpMM/TrainingData/CollectedData/lp_nug20_c.txt
Processing cavity12...
Runtimes for cavity12 saved to /home/s0/ml4sys02/project/Workload-Aware-Co-Optimization/WACO/SpMM/TrainingData/CollectedData/cavity12.txt
Processing lp_nug20_hi...
Runtimes for lp_nug20_hi saved to /home/s0/ml4sys02/project/Workload-Aware-Co-Optimization/WACO/SpMM/TrainingData/CollectedData/lp_nug20_hi.txt
Processing patents_main_class...
Runtimes for patents_main_class saved to /home/s0/ml4sys02/project/Workload-Aware-Co-Optimization/WACO/SpMM/TrainingData/CollectedData/patents_main_class.txt
Processing c-24_b...
Runtimes for c-24_b saved to /home/s0/ml4sys02/project/Workload-Aware-Co-Optimization/WACO/SpMM/TrainingData/CollectedData/c-24_b.txt
Processing cvxqp3...
Runtimes for cvxqp3 saved to /home/s0/ml4sys02/project/Workload-Aware-Co-Optimization/WACO/SpMM/TrainingData/CollectedData/cvxqp3.txt
Processing cavity17...
Runtimes for cavity17 saved to /home/s0/ml4sys02/project/Workload-Aware-Co-Optimization/WACO/SpMM/TrainingData/CollectedData/cavity17.txt
Processing bayer10_b...
Runtimes for bayer10_b saved to /home/s0/ml4sys02/project/Workload-Aware-Co-Optimization/WACO/SpMM/TrainingData/CollectedData/bayer10_b.txt
Processing hydr1c_Zeros_26...
Runtimes for hydr1c_Zeros_26 saved to /home/s0/ml4sys02/project/Workload-Aware-Co-Optimization/WACO/SpMM/TrainingData/CollectedData/hydr1c_Zeros_26.txt
Processing lhr04_b...
Runtimes for lhr04_b saved to /home/s0/ml4sys02/project/Workload-Aware-Co-Optimization/WACO/SpMM/TrainingData/CollectedData/lhr04_b.txt
Processing SmallW_pubyear...
Runtimes for SmallW_pubyear saved to /home/s0/ml4sys02/project/Workload-Aware-Co-Optimization/WACO/SpMM/TrainingData/CollectedData/SmallW_pubyear.txt
Processing extr1b_Zeros_13...
Runtimes for extr1b_Zeros_13 saved to /home/s0/ml4sys02/project/Workload-Aware-Co-Optimization/WACO/SpMM/TrainingData/CollectedData/extr1b_Zeros_13.txt
Processing psmigr_2...
Runtimes for psmigr_2 saved to /home/s0/ml4sys02/project/Workload-Aware-Co-Optimization/WACO/SpMM/TrainingData/CollectedData/psmigr_2.txt
Processing extr1b_A_25...
Runtimes for extr1b_A_25 saved to /home/s0/ml4sys02/project/Workload-Aware-Co-Optimization/WACO/SpMM/TrainingData/CollectedData/extr1b_A_25.txt
Processing sme3Dc...
Runtimes for sme3Dc saved to /home/s0/ml4sys02/project/Workload-Aware-Co-Optimization/WACO/SpMM/TrainingData/CollectedData/sme3Dc.txt
Processing a2nnsnsl...
Runtimes for a2nnsnsl saved to /home/s0/ml4sys02/project/Workload-Aware-Co-Optimization/WACO/SpMM/TrainingData/CollectedData/a2nnsnsl.txt
Processing cont-201_b...
Runtimes for cont-201_b saved to /home/s0/ml4sys02/project/Workload-Aware-Co-Optimization/WACO/SpMM/TrainingData/CollectedData/cont-201_b.txt
Processing mark3jac120sc...
Runtimes for mark3jac120sc saved to /home/s0/ml4sys02/project/Workload-Aware-Co-Optimization/WACO/SpMM/TrainingData/CollectedData/mark3jac120sc.txt
Processing G55...
Runtimes for G55 saved to /home/s0/ml4sys02/project/Workload-Aware-Co-Optimization/WACO/SpMM/TrainingData/CollectedData/G55.txt
Processing meg4...
Runtimes for meg4 saved to /home/s0/ml4sys02/project/Workload-Aware-Co-Optimization/WACO/SpMM/TrainingData/CollectedData/meg4.txt
Processing LF10000_M...
Runtimes for LF10000_M saved to /home/s0/ml4sys02/project/Workload-Aware-Co-Optimization/WACO/SpMM/TrainingData/CollectedData/LF10000_M.txt
Processing can_73...
Runtimes for can_73 saved to /home/s0/ml4sys02/project/Workload-Aware-Co-Optimization/WACO/SpMM/TrainingData/CollectedData/can_73.txt
Processing ex36...
Runtimes for ex36 saved to /home/s0/ml4sys02/project/Workload-Aware-Co-Optimization/WACO/SpMM/TrainingData/CollectedData/ex36.txt
Processing lp_cre_b_lo...
Runtimes for lp_cre_b_lo saved to /home/s0/ml4sys02/project/Workload-Aware-Co-Optimization/WACO/SpMM/TrainingData/CollectedData/lp_cre_b_lo.txt
Processing hydr1c_Zeros_49...
Runtimes for hydr1c_Zeros_49 saved to /home/s0/ml4sys02/project/Workload-Aware-Co-Optimization/WACO/SpMM/TrainingData/CollectedData/hydr1c_Zeros_49.txt
Processing bayer09...
Runtimes for bayer09 saved to /home/s0/ml4sys02/project/Workload-Aware-Co-Optimization/WACO/SpMM/TrainingData/CollectedData/bayer09.txt
Processing tandem_vtx_coord...
Runtimes for tandem_vtx_coord saved to /home/s0/ml4sys02/project/Workload-Aware-Co-Optimization/WACO/SpMM/TrainingData/CollectedData/tandem_vtx_coord.txt
Processing cavity08...
Runtimes for cavity08 saved to /home/s0/ml4sys02/project/Workload-Aware-Co-Optimization/WACO/SpMM/TrainingData/CollectedData/cavity08.txt
Processing G47...
Runtimes for G47 saved to /home/s0/ml4sys02/project/Workload-Aware-Co-Optimization/WACO/SpMM/TrainingData/CollectedData/G47.txt
Processing arc130...
Runtimes for arc130 saved to /home/s0/ml4sys02/project/Workload-Aware-Co-Optimization/WACO/SpMM/TrainingData/CollectedData/arc130.txt
Processing hydr1...
Runtimes for hydr1 saved to /home/s0/ml4sys02/project/Workload-Aware-Co-Optimization/WACO/SpMM/TrainingData/CollectedData/hydr1.txt
Processing extr1b_Zeros_30...
Runtimes for extr1b_Zeros_30 saved to /home/s0/ml4sys02/project/Workload-Aware-Co-Optimization/WACO/SpMM/TrainingData/CollectedData/extr1b_Zeros_30.txt
Processing wathen100...
Runtimes for wathen100 saved to /home/s0/ml4sys02/project/Workload-Aware-Co-Optimization/WACO/SpMM/TrainingData/CollectedData/wathen100.txt
Processing GD01_Acap_coord...
Runtimes for GD01_Acap_coord saved to /home/s0/ml4sys02/project/Workload-Aware-Co-Optimization/WACO/SpMM/TrainingData/CollectedData/GD01_Acap_coord.txt
Processing ford2...
Runtimes for ford2 saved to /home/s0/ml4sys02/project/Workload-Aware-Co-Optimization/WACO/SpMM/TrainingData/CollectedData/ford2.txt
Processing c-41...
Runtimes for c-41 saved to /home/s0/ml4sys02/project/Workload-Aware-Co-Optimization/WACO/SpMM/TrainingData/CollectedData/c-41.txt
Processing hydr1c_Zeros_52...
Runtimes for hydr1c_Zeros_52 saved to /home/s0/ml4sys02/project/Workload-Aware-Co-Optimization/WACO/SpMM/TrainingData/CollectedData/hydr1c_Zeros_52.txt
Processing Reuters911_Day_53...
Runtimes for Reuters911_Day_53 saved to /home/s0/ml4sys02/project/Workload-Aware-Co-Optimization/WACO/SpMM/TrainingData/CollectedData/Reuters911_Day_53.txt
Processing garon1...
Runtimes for garon1 saved to /home/s0/ml4sys02/project/Workload-Aware-Co-Optimization/WACO/SpMM/TrainingData/CollectedData/garon1.txt
Processing af23560...
Runtimes for af23560 saved to /home/s0/ml4sys02/project/Workload-Aware-Co-Optimization/WACO/SpMM/TrainingData/CollectedData/af23560.txt
Processing jagmesh1...
Runtimes for jagmesh1 saved to /home/s0/ml4sys02/project/Workload-Aware-Co-Optimization/WACO/SpMM/TrainingData/CollectedData/jagmesh1.txt
Processing raefsky1_b...
Runtimes for raefsky1_b saved to /home/s0/ml4sys02/project/Workload-Aware-Co-Optimization/WACO/SpMM/TrainingData/CollectedData/raefsky1_b.txt
Processing jan99jac040_x...
Runtimes for jan99jac040_x saved to /home/s0/ml4sys02/project/Workload-Aware-Co-Optimization/WACO/SpMM/TrainingData/CollectedData/jan99jac040_x.txt
Processing bayer06...
Runtimes for bayer06 saved to /home/s0/ml4sys02/project/Workload-Aware-Co-Optimization/WACO/SpMM/TrainingData/CollectedData/bayer06.txt
Processing lpi_ex72a_lo...
Runtimes for lpi_ex72a_lo saved to /home/s0/ml4sys02/project/Workload-Aware-Co-Optimization/WACO/SpMM/TrainingData/CollectedData/lpi_ex72a_lo.txt
Processing hydr1c_A_65...
Runtimes for hydr1c_A_65 saved to /home/s0/ml4sys02/project/Workload-Aware-Co-Optimization/WACO/SpMM/TrainingData/CollectedData/hydr1c_A_65.txt
Processing piston_B...
Runtimes for piston_B saved to /home/s0/ml4sys02/project/Workload-Aware-Co-Optimization/WACO/SpMM/TrainingData/CollectedData/piston_B.txt
Processing hydr1c_Zeros_74...
Runtimes for hydr1c_Zeros_74 saved to /home/s0/ml4sys02/project/Workload-Aware-Co-Optimization/WACO/SpMM/TrainingData/CollectedData/hydr1c_Zeros_74.txt
Processing gupta2...
Runtimes for gupta2 saved to /home/s0/ml4sys02/project/Workload-Aware-Co-Optimization/WACO/SpMM/TrainingData/CollectedData/gupta2.txt
Processing cdde3...
Runtimes for cdde3 saved to /home/s0/ml4sys02/project/Workload-Aware-Co-Optimization/WACO/SpMM/TrainingData/CollectedData/cdde3.txt
Processing bcsstk39...
Runtimes for bcsstk39 saved to /home/s0/ml4sys02/project/Workload-Aware-Co-Optimization/WACO/SpMM/TrainingData/CollectedData/bcsstk39.txt
Processing c-48_b...
Runtimes for c-48_b saved to /home/s0/ml4sys02/project/Workload-Aware-Co-Optimization/WACO/SpMM/TrainingData/CollectedData/c-48_b.txt
Processing lp_scfxm3_c...
Runtimes for lp_scfxm3_c saved to /home/s0/ml4sys02/project/Workload-Aware-Co-Optimization/WACO/SpMM/TrainingData/CollectedData/lp_scfxm3_c.txt
Processing cavity26_b...
Runtimes for cavity26_b saved to /home/s0/ml4sys02/project/Workload-Aware-Co-Optimization/WACO/SpMM/TrainingData/CollectedData/cavity26_b.txt
Processing std1_Jac2_db_b...
Runtimes for std1_Jac2_db_b saved to /home/s0/ml4sys02/project/Workload-Aware-Co-Optimization/WACO/SpMM/TrainingData/CollectedData/std1_Jac2_db_b.txt
Processing g7jac160sc...
Runtimes for g7jac160sc saved to /home/s0/ml4sys02/project/Workload-Aware-Co-Optimization/WACO/SpMM/TrainingData/CollectedData/g7jac160sc.txt
Processing lp_cre_a_lo...
Runtimes for lp_cre_a_lo saved to /home/s0/ml4sys02/project/Workload-Aware-Co-Optimization/WACO/SpMM/TrainingData/CollectedData/lp_cre_a_lo.txt
Processing g7jac200sc...
Runtimes for g7jac200sc saved to /home/s0/ml4sys02/project/Workload-Aware-Co-Optimization/WACO/SpMM/TrainingData/CollectedData/g7jac200sc.txt
Processing Chem97ZtZ...
Runtimes for Chem97ZtZ saved to /home/s0/ml4sys02/project/Workload-Aware-Co-Optimization/WACO/SpMM/TrainingData/CollectedData/Chem97ZtZ.txt
Processing bcsstm02...
Runtimes for bcsstm02 saved to /home/s0/ml4sys02/project/Workload-Aware-Co-Optimization/WACO/SpMM/TrainingData/CollectedData/bcsstm02.txt
Processing rim...
Runtimes for rim saved to /home/s0/ml4sys02/project/Workload-Aware-Co-Optimization/WACO/SpMM/TrainingData/CollectedData/rim.txt
Processing jan99jac040...
Runtimes for jan99jac040 saved to /home/s0/ml4sys02/project/Workload-Aware-Co-Optimization/WACO/SpMM/TrainingData/CollectedData/jan99jac040.txt
Processing rajat09...
Runtimes for rajat09 saved to /home/s0/ml4sys02/project/Workload-Aware-Co-Optimization/WACO/SpMM/TrainingData/CollectedData/rajat09.txt
Processing c-33_b...
Runtimes for c-33_b saved to /home/s0/ml4sys02/project/Workload-Aware-Co-Optimization/WACO/SpMM/TrainingData/CollectedData/c-33_b.txt
Processing cavity22_b...
Runtimes for cavity22_b saved to /home/s0/ml4sys02/project/Workload-Aware-Co-Optimization/WACO/SpMM/TrainingData/CollectedData/cavity22_b.txt
Processing boyd1...
Runtimes for boyd1 saved to /home/s0/ml4sys02/project/Workload-Aware-Co-Optimization/WACO/SpMM/TrainingData/CollectedData/boyd1.txt
Processing c-23_b...
Runtimes for c-23_b saved to /home/s0/ml4sys02/project/Workload-Aware-Co-Optimization/WACO/SpMM/TrainingData/CollectedData/c-23_b.txt
Processing piston...
Runtimes for piston saved to /home/s0/ml4sys02/project/Workload-Aware-Co-Optimization/WACO/SpMM/TrainingData/CollectedData/piston.txt
Processing mesh1em6_coord...
Runtimes for mesh1em6_coord saved to /home/s0/ml4sys02/project/Workload-Aware-Co-Optimization/WACO/SpMM/TrainingData/CollectedData/mesh1em6_coord.txt
Processing utm3060...
Runtimes for utm3060 saved to /home/s0/ml4sys02/project/Workload-Aware-Co-Optimization/WACO/SpMM/TrainingData/CollectedData/utm3060.txt
Processing bcsstm11...
Runtimes for bcsstm11 saved to /home/s0/ml4sys02/project/Workload-Aware-Co-Optimization/WACO/SpMM/TrainingData/CollectedData/bcsstm11.txt
Processing extr1b_A_15...
Runtimes for extr1b_A_15 saved to /home/s0/ml4sys02/project/Workload-Aware-Co-Optimization/WACO/SpMM/TrainingData/CollectedData/extr1b_A_15.txt
Processing G2...
Runtimes for G2 saved to /home/s0/ml4sys02/project/Workload-Aware-Co-Optimization/WACO/SpMM/TrainingData/CollectedData/G2.txt
Processing jan99jac080_b...
Runtimes for jan99jac080_b saved to /home/s0/ml4sys02/project/Workload-Aware-Co-Optimization/WACO/SpMM/TrainingData/CollectedData/jan99jac080_b.txt
Processing dictionary28...
Runtimes for dictionary28 saved to /home/s0/ml4sys02/project/Workload-Aware-Co-Optimization/WACO/SpMM/TrainingData/CollectedData/dictionary28.txt
Processing conf5_0-4x4-10...
Runtimes for conf5_0-4x4-10 saved to /home/s0/ml4sys02/project/Workload-Aware-Co-Optimization/WACO/SpMM/TrainingData/CollectedData/conf5_0-4x4-10.txt
Processing windscreen_M...
Runtimes for windscreen_M saved to /home/s0/ml4sys02/project/Workload-Aware-Co-Optimization/WACO/SpMM/TrainingData/CollectedData/windscreen_M.txt
Processing hydr1c_Zeros_39...
Runtimes for hydr1c_Zeros_39 saved to /home/s0/ml4sys02/project/Workload-Aware-Co-Optimization/WACO/SpMM/TrainingData/CollectedData/hydr1c_Zeros_39.txt
Processing EPA...
Runtimes for EPA saved to /home/s0/ml4sys02/project/Workload-Aware-Co-Optimization/WACO/SpMM/TrainingData/CollectedData/EPA.txt
Processing nopoly...
Runtimes for nopoly saved to /home/s0/ml4sys02/project/Workload-Aware-Co-Optimization/WACO/SpMM/TrainingData/CollectedData/nopoly.txt
Processing Zewail_gcs...
Runtimes for Zewail_gcs saved to /home/s0/ml4sys02/project/Workload-Aware-Co-Optimization/WACO/SpMM/TrainingData/CollectedData/Zewail_gcs.txt
Processing extr1b_A_32...
Runtimes for extr1b_A_32 saved to /home/s0/ml4sys02/project/Workload-Aware-Co-Optimization/WACO/SpMM/TrainingData/CollectedData/extr1b_A_32.txt
Processing lshp_778...
Runtimes for lshp_778 saved to /home/s0/ml4sys02/project/Workload-Aware-Co-Optimization/WACO/SpMM/TrainingData/CollectedData/lshp_778.txt
Processing dwt_87...
Runtimes for dwt_87 saved to /home/s0/ml4sys02/project/Workload-Aware-Co-Optimization/WACO/SpMM/TrainingData/CollectedData/dwt_87.txt
Processing onera_dual...
Runtimes for onera_dual saved to /home/s0/ml4sys02/project/Workload-Aware-Co-Optimization/WACO/SpMM/TrainingData/CollectedData/onera_dual.txt
Processing G43...
Runtimes for G43 saved to /home/s0/ml4sys02/project/Workload-Aware-Co-Optimization/WACO/SpMM/TrainingData/CollectedData/G43.txt
Processing lp_greenbeb...
Runtimes for lp_greenbeb saved to /home/s0/ml4sys02/project/Workload-Aware-Co-Optimization/WACO/SpMM/TrainingData/CollectedData/lp_greenbeb.txt
Processing bmw3_2...
Runtimes for bmw3_2 saved to /home/s0/ml4sys02/project/Workload-Aware-Co-Optimization/WACO/SpMM/TrainingData/CollectedData/bmw3_2.txt
Processing c-51_b...
Runtimes for c-51_b saved to /home/s0/ml4sys02/project/Workload-Aware-Co-Optimization/WACO/SpMM/TrainingData/CollectedData/c-51_b.txt
Processing std1_Jac3_db_b...
Runtimes for std1_Jac3_db_b saved to /home/s0/ml4sys02/project/Workload-Aware-Co-Optimization/WACO/SpMM/TrainingData/CollectedData/std1_Jac3_db_b.txt
Processing Reuters911_Day_24...
Runtimes for Reuters911_Day_24 saved to /home/s0/ml4sys02/project/Workload-Aware-Co-Optimization/WACO/SpMM/TrainingData/CollectedData/Reuters911_Day_24.txt
Processing ins2...
Runtimes for ins2 saved to /home/s0/ml4sys02/project/Workload-Aware-Co-Optimization/WACO/SpMM/TrainingData/CollectedData/ins2.txt
Processing 494_bus...
Runtimes for 494_bus saved to /home/s0/ml4sys02/project/Workload-Aware-Co-Optimization/WACO/SpMM/TrainingData/CollectedData/494_bus.txt
Processing Zewail_pubyear...
Runtimes for Zewail_pubyear saved to /home/s0/ml4sys02/project/Workload-Aware-Co-Optimization/WACO/SpMM/TrainingData/CollectedData/Zewail_pubyear.txt
Processing cavity19_b...
Runtimes for cavity19_b saved to /home/s0/ml4sys02/project/Workload-Aware-Co-Optimization/WACO/SpMM/TrainingData/CollectedData/cavity19_b.txt
Processing Stanford...
Runtimes for Stanford saved to /home/s0/ml4sys02/project/Workload-Aware-Co-Optimization/WACO/SpMM/TrainingData/CollectedData/Stanford.txt
Processing t2dal_bci_Atop...
Runtimes for t2dal_bci_Atop saved to /home/s0/ml4sys02/project/Workload-Aware-Co-Optimization/WACO/SpMM/TrainingData/CollectedData/t2dal_bci_Atop.txt
Processing bcsstk15...
Runtimes for bcsstk15 saved to /home/s0/ml4sys02/project/Workload-Aware-Co-Optimization/WACO/SpMM/TrainingData/CollectedData/bcsstk15.txt
Processing GD97_b...
Runtimes for GD97_b saved to /home/s0/ml4sys02/project/Workload-Aware-Co-Optimization/WACO/SpMM/TrainingData/CollectedData/GD97_b.txt
Processing oscil_dcop_25...
Runtimes for oscil_dcop_25 saved to /home/s0/ml4sys02/project/Workload-Aware-Co-Optimization/WACO/SpMM/TrainingData/CollectedData/oscil_dcop_25.txt
Processing c-52...
Runtimes for c-52 saved to /home/s0/ml4sys02/project/Workload-Aware-Co-Optimization/WACO/SpMM/TrainingData/CollectedData/c-52.txt
Processing G25...
Runtimes for G25 saved to /home/s0/ml4sys02/project/Workload-Aware-Co-Optimization/WACO/SpMM/TrainingData/CollectedData/G25.txt
Processing hydr1c_Zeros_50...
Runtimes for hydr1c_Zeros_50 saved to /home/s0/ml4sys02/project/Workload-Aware-Co-Optimization/WACO/SpMM/TrainingData/CollectedData/hydr1c_Zeros_50.txt
Processing Reuters911_Day_57...
Runtimes for Reuters911_Day_57 saved to /home/s0/ml4sys02/project/Workload-Aware-Co-Optimization/WACO/SpMM/TrainingData/CollectedData/Reuters911_Day_57.txt
Processing GD98_b_coord...
Runtimes for GD98_b_coord saved to /home/s0/ml4sys02/project/Workload-Aware-Co-Optimization/WACO/SpMM/TrainingData/CollectedData/GD98_b_coord.txt
Processing wm1...
Runtimes for wm1 saved to /home/s0/ml4sys02/project/Workload-Aware-Co-Optimization/WACO/SpMM/TrainingData/CollectedData/wm1.txt
Processing fpga_dcop_01_b...
Runtimes for fpga_dcop_01_b saved to /home/s0/ml4sys02/project/Workload-Aware-Co-Optimization/WACO/SpMM/TrainingData/CollectedData/fpga_dcop_01_b.txt
Processing ex18...
Runtimes for ex18 saved to /home/s0/ml4sys02/project/Workload-Aware-Co-Optimization/WACO/SpMM/TrainingData/CollectedData/ex18.txt
Processing barth...
Runtimes for barth saved to /home/s0/ml4sys02/project/Workload-Aware-Co-Optimization/WACO/SpMM/TrainingData/CollectedData/barth.txt
Processing g7jac060sc...
Runtimes for g7jac060sc saved to /home/s0/ml4sys02/project/Workload-Aware-Co-Optimization/WACO/SpMM/TrainingData/CollectedData/g7jac060sc.txt
Processing windscreen_B...
Runtimes for windscreen_B saved to /home/s0/ml4sys02/project/Workload-Aware-Co-Optimization/WACO/SpMM/TrainingData/CollectedData/windscreen_B.txt
Processing lp_bore3d_lo...
Runtimes for lp_bore3d_lo saved to /home/s0/ml4sys02/project/Workload-Aware-Co-Optimization/WACO/SpMM/TrainingData/CollectedData/lp_bore3d_lo.txt
Processing bcsstk28...
Runtimes for bcsstk28 saved to /home/s0/ml4sys02/project/Workload-Aware-Co-Optimization/WACO/SpMM/TrainingData/CollectedData/bcsstk28.txt
Processing jan99jac100...
Runtimes for jan99jac100 saved to /home/s0/ml4sys02/project/Workload-Aware-Co-Optimization/WACO/SpMM/TrainingData/CollectedData/jan99jac100.txt
Processing jan99jac120sc...
Runtimes for jan99jac120sc saved to /home/s0/ml4sys02/project/Workload-Aware-Co-Optimization/WACO/SpMM/TrainingData/CollectedData/jan99jac120sc.txt
Processing qc2534...
Runtimes for qc2534 saved to /home/s0/ml4sys02/project/Workload-Aware-Co-Optimization/WACO/SpMM/TrainingData/CollectedData/qc2534.txt
Processing SciMet...
Runtimes for SciMet saved to /home/s0/ml4sys02/project/Workload-Aware-Co-Optimization/WACO/SpMM/TrainingData/CollectedData/SciMet.txt
Processing G44...
Runtimes for G44 saved to /home/s0/ml4sys02/project/Workload-Aware-Co-Optimization/WACO/SpMM/TrainingData/CollectedData/G44.txt
Processing lp_pds_06_lo...
Runtimes for lp_pds_06_lo saved to /home/s0/ml4sys02/project/Workload-Aware-Co-Optimization/WACO/SpMM/TrainingData/CollectedData/lp_pds_06_lo.txt
Processing lp_afiro...
Runtimes for lp_afiro saved to /home/s0/ml4sys02/project/Workload-Aware-Co-Optimization/WACO/SpMM/TrainingData/CollectedData/lp_afiro.txt
Processing bcsstm03...
Runtimes for bcsstm03 saved to /home/s0/ml4sys02/project/Workload-Aware-Co-Optimization/WACO/SpMM/TrainingData/CollectedData/bcsstm03.txt
Processing bcsstm27...
Runtimes for bcsstm27 saved to /home/s0/ml4sys02/project/Workload-Aware-Co-Optimization/WACO/SpMM/TrainingData/CollectedData/bcsstm27.txt
Processing gas_sensor...
Runtimes for gas_sensor saved to /home/s0/ml4sys02/project/Workload-Aware-Co-Optimization/WACO/SpMM/TrainingData/CollectedData/gas_sensor.txt
Processing extr1b_A_10...
Runtimes for extr1b_A_10 saved to /home/s0/ml4sys02/project/Workload-Aware-Co-Optimization/WACO/SpMM/TrainingData/CollectedData/extr1b_A_10.txt
Processing bayer04...
Runtimes for bayer04 saved to /home/s0/ml4sys02/project/Workload-Aware-Co-Optimization/WACO/SpMM/TrainingData/CollectedData/bayer04.txt
Processing powersim...
Runtimes for powersim saved to /home/s0/ml4sys02/project/Workload-Aware-Co-Optimization/WACO/SpMM/TrainingData/CollectedData/powersim.txt
Processing man_5976...
Runtimes for man_5976 saved to /home/s0/ml4sys02/project/Workload-Aware-Co-Optimization/WACO/SpMM/TrainingData/CollectedData/man_5976.txt
Processing c-62ghs_b...
Runtimes for c-62ghs_b saved to /home/s0/ml4sys02/project/Workload-Aware-Co-Optimization/WACO/SpMM/TrainingData/CollectedData/c-62ghs_b.txt
Processing hydr1c_Zeros_69...
Runtimes for hydr1c_Zeros_69 saved to /home/s0/ml4sys02/project/Workload-Aware-Co-Optimization/WACO/SpMM/TrainingData/CollectedData/hydr1c_Zeros_69.txt
Processing can_634...
Runtimes for can_634 saved to /home/s0/ml4sys02/project/Workload-Aware-Co-Optimization/WACO/SpMM/TrainingData/CollectedData/can_634.txt
Processing hydr1c_A_68...
Runtimes for hydr1c_A_68 saved to /home/s0/ml4sys02/project/Workload-Aware-Co-Optimization/WACO/SpMM/TrainingData/CollectedData/hydr1c_A_68.txt
Processing bp_1400...
Runtimes for bp_1400 saved to /home/s0/ml4sys02/project/Workload-Aware-Co-Optimization/WACO/SpMM/TrainingData/CollectedData/bp_1400.txt
Processing hydr1c_Zeros_41...
Runtimes for hydr1c_Zeros_41 saved to /home/s0/ml4sys02/project/Workload-Aware-Co-Optimization/WACO/SpMM/TrainingData/CollectedData/hydr1c_Zeros_41.txt
Processing circuit_4_x...
Runtimes for circuit_4_x saved to /home/s0/ml4sys02/project/Workload-Aware-Co-Optimization/WACO/SpMM/TrainingData/CollectedData/circuit_4_x.txt
Processing thread...
Runtimes for thread saved to /home/s0/ml4sys02/project/Workload-Aware-Co-Optimization/WACO/SpMM/TrainingData/CollectedData/thread.txt
Processing fxm3_6...
Runtimes for fxm3_6 saved to /home/s0/ml4sys02/project/Workload-Aware-Co-Optimization/WACO/SpMM/TrainingData/CollectedData/fxm3_6.txt
Processing pkustk03...
Runtimes for pkustk03 saved to /home/s0/ml4sys02/project/Workload-Aware-Co-Optimization/WACO/SpMM/TrainingData/CollectedData/pkustk03.txt
Processing circuit_2_b...
Runtimes for circuit_2_b saved to /home/s0/ml4sys02/project/Workload-Aware-Co-Optimization/WACO/SpMM/TrainingData/CollectedData/circuit_2_b.txt
Processing tomography...
Runtimes for tomography saved to /home/s0/ml4sys02/project/Workload-Aware-Co-Optimization/WACO/SpMM/TrainingData/CollectedData/tomography.txt
Processing lhr02...
Runtimes for lhr02 saved to /home/s0/ml4sys02/project/Workload-Aware-Co-Optimization/WACO/SpMM/TrainingData/CollectedData/lhr02.txt
Processing rail_20209_C...
Runtimes for rail_20209_C saved to /home/s0/ml4sys02/project/Workload-Aware-Co-Optimization/WACO/SpMM/TrainingData/CollectedData/rail_20209_C.txt
Processing msc04515...
Runtimes for msc04515 saved to /home/s0/ml4sys02/project/Workload-Aware-Co-Optimization/WACO/SpMM/TrainingData/CollectedData/msc04515.txt
Processing hydr1c_A_40...
Runtimes for hydr1c_A_40 saved to /home/s0/ml4sys02/project/Workload-Aware-Co-Optimization/WACO/SpMM/TrainingData/CollectedData/hydr1c_A_40.txt
Processing ex4...
Runtimes for ex4 saved to /home/s0/ml4sys02/project/Workload-Aware-Co-Optimization/WACO/SpMM/TrainingData/CollectedData/ex4.txt
Processing Reuters911_Day_52...
Runtimes for Reuters911_Day_52 saved to /home/s0/ml4sys02/project/Workload-Aware-Co-Optimization/WACO/SpMM/TrainingData/CollectedData/Reuters911_Day_52.txt
Processing boyd2...
Runtimes for boyd2 saved to /home/s0/ml4sys02/project/Workload-Aware-Co-Optimization/WACO/SpMM/TrainingData/CollectedData/boyd2.txt
Processing lpi_mondou2_c...
Runtimes for lpi_mondou2_c saved to /home/s0/ml4sys02/project/Workload-Aware-Co-Optimization/WACO/SpMM/TrainingData/CollectedData/lpi_mondou2_c.txt
Processing lp_truss_z0...
Runtimes for lp_truss_z0 saved to /home/s0/ml4sys02/project/Workload-Aware-Co-Optimization/WACO/SpMM/TrainingData/CollectedData/lp_truss_z0.txt
Processing fd15_b...
Runtimes for fd15_b saved to /home/s0/ml4sys02/project/Workload-Aware-Co-Optimization/WACO/SpMM/TrainingData/CollectedData/fd15_b.txt
Processing jan99jac020_b...
Runtimes for jan99jac020_b saved to /home/s0/ml4sys02/project/Workload-Aware-Co-Optimization/WACO/SpMM/TrainingData/CollectedData/jan99jac020_b.txt
Processing hydr1c_Zeros_71...
Runtimes for hydr1c_Zeros_71 saved to /home/s0/ml4sys02/project/Workload-Aware-Co-Optimization/WACO/SpMM/TrainingData/CollectedData/hydr1c_Zeros_71.txt
Processing G21...
Runtimes for G21 saved to /home/s0/ml4sys02/project/Workload-Aware-Co-Optimization/WACO/SpMM/TrainingData/CollectedData/G21.txt
Processing Reuters911_Day_60...
Runtimes for Reuters911_Day_60 saved to /home/s0/ml4sys02/project/Workload-Aware-Co-Optimization/WACO/SpMM/TrainingData/CollectedData/Reuters911_Day_60.txt
Processing tandem_dual_coord...
Runtimes for tandem_dual_coord saved to /home/s0/ml4sys02/project/Workload-Aware-Co-Optimization/WACO/SpMM/TrainingData/CollectedData/tandem_dual_coord.txt
Processing bcsstk33...
Runtimes for bcsstk33 saved to /home/s0/ml4sys02/project/Workload-Aware-Co-Optimization/WACO/SpMM/TrainingData/CollectedData/bcsstk33.txt
Processing dw256B...
Runtimes for dw256B saved to /home/s0/ml4sys02/project/Workload-Aware-Co-Optimization/WACO/SpMM/TrainingData/CollectedData/dw256B.txt
Processing cage6...
Runtimes for cage6 saved to /home/s0/ml4sys02/project/Workload-Aware-Co-Optimization/WACO/SpMM/TrainingData/CollectedData/cage6.txt
Processing jan99jac080_x...
Runtimes for jan99jac080_x saved to /home/s0/ml4sys02/project/Workload-Aware-Co-Optimization/WACO/SpMM/TrainingData/CollectedData/jan99jac080_x.txt
Processing jagmesh7...
Runtimes for jagmesh7 saved to /home/s0/ml4sys02/project/Workload-Aware-Co-Optimization/WACO/SpMM/TrainingData/CollectedData/jagmesh7.txt
Processing qa8fk...
Runtimes for qa8fk saved to /home/s0/ml4sys02/project/Workload-Aware-Co-Optimization/WACO/SpMM/TrainingData/CollectedData/qa8fk.txt
Processing bcspwr09...
Runtimes for bcspwr09 saved to /home/s0/ml4sys02/project/Workload-Aware-Co-Optimization/WACO/SpMM/TrainingData/CollectedData/bcspwr09.txt
Processing lhr71...
Runtimes for lhr71 saved to /home/s0/ml4sys02/project/Workload-Aware-Co-Optimization/WACO/SpMM/TrainingData/CollectedData/lhr71.txt
Processing t2dal_bci...
Runtimes for t2dal_bci saved to /home/s0/ml4sys02/project/Workload-Aware-Co-Optimization/WACO/SpMM/TrainingData/CollectedData/t2dal_bci.txt
Processing LF10...
Runtimes for LF10 saved to /home/s0/ml4sys02/project/Workload-Aware-Co-Optimization/WACO/SpMM/TrainingData/CollectedData/LF10.txt
Processing hydr1c_Zeros_59...
Runtimes for hydr1c_Zeros_59 saved to /home/s0/ml4sys02/project/Workload-Aware-Co-Optimization/WACO/SpMM/TrainingData/CollectedData/hydr1c_Zeros_59.txt
Processing fs_541_4...
Runtimes for fs_541_4 saved to /home/s0/ml4sys02/project/Workload-Aware-Co-Optimization/WACO/SpMM/TrainingData/CollectedData/fs_541_4.txt
Processing nemeth21...
Runtimes for nemeth21 saved to /home/s0/ml4sys02/project/Workload-Aware-Co-Optimization/WACO/SpMM/TrainingData/CollectedData/nemeth21.txt
Processing str_400...
Runtimes for str_400 saved to /home/s0/ml4sys02/project/Workload-Aware-Co-Optimization/WACO/SpMM/TrainingData/CollectedData/str_400.txt
Processing chipcool0_C...
Runtimes for chipcool0_C saved to /home/s0/ml4sys02/project/Workload-Aware-Co-Optimization/WACO/SpMM/TrainingData/CollectedData/chipcool0_C.txt
Processing extr1b_Zeros_39...
Runtimes for extr1b_Zeros_39 saved to /home/s0/ml4sys02/project/Workload-Aware-Co-Optimization/WACO/SpMM/TrainingData/CollectedData/extr1b_Zeros_39.txt
Processing zenios...
Runtimes for zenios saved to /home/s0/ml4sys02/project/Workload-Aware-Co-Optimization/WACO/SpMM/TrainingData/CollectedData/zenios.txt
Processing poisson3Db_b...
Runtimes for poisson3Db_b saved to /home/s0/ml4sys02/project/Workload-Aware-Co-Optimization/WACO/SpMM/TrainingData/CollectedData/poisson3Db_b.txt
Processing rajat25...
Runtimes for rajat25 saved to /home/s0/ml4sys02/project/Workload-Aware-Co-Optimization/WACO/SpMM/TrainingData/CollectedData/rajat25.txt
Processing GD98_c_coord...
Runtimes for GD98_c_coord saved to /home/s0/ml4sys02/project/Workload-Aware-Co-Optimization/WACO/SpMM/TrainingData/CollectedData/GD98_c_coord.txt
Processing pattern1...
Runtimes for pattern1 saved to /home/s0/ml4sys02/project/Workload-Aware-Co-Optimization/WACO/SpMM/TrainingData/CollectedData/pattern1.txt
Processing Hamrle3...
Runtimes for Hamrle3 saved to /home/s0/ml4sys02/project/Workload-Aware-Co-Optimization/WACO/SpMM/TrainingData/CollectedData/Hamrle3.txt
Processing lnsp_131...
Runtimes for lnsp_131 saved to /home/s0/ml4sys02/project/Workload-Aware-Co-Optimization/WACO/SpMM/TrainingData/CollectedData/lnsp_131.txt
Processing hydr1c_Zeros_72...
Runtimes for hydr1c_Zeros_72 saved to /home/s0/ml4sys02/project/Workload-Aware-Co-Optimization/WACO/SpMM/TrainingData/CollectedData/hydr1c_Zeros_72.txt
Processing venkat01_b...
Runtimes for venkat01_b saved to /home/s0/ml4sys02/project/Workload-Aware-Co-Optimization/WACO/SpMM/TrainingData/CollectedData/venkat01_b.txt
Processing lp_share2b...
Runtimes for lp_share2b saved to /home/s0/ml4sys02/project/Workload-Aware-Co-Optimization/WACO/SpMM/TrainingData/CollectedData/lp_share2b.txt
Processing scircuit...
Runtimes for scircuit saved to /home/s0/ml4sys02/project/Workload-Aware-Co-Optimization/WACO/SpMM/TrainingData/CollectedData/scircuit.txt
Processing rw496...
Runtimes for rw496 saved to /home/s0/ml4sys02/project/Workload-Aware-Co-Optimization/WACO/SpMM/TrainingData/CollectedData/rw496.txt
Processing g7jac160...
Runtimes for g7jac160 saved to /home/s0/ml4sys02/project/Workload-Aware-Co-Optimization/WACO/SpMM/TrainingData/CollectedData/g7jac160.txt
Processing rdist2...
Runtimes for rdist2 saved to /home/s0/ml4sys02/project/Workload-Aware-Co-Optimization/WACO/SpMM/TrainingData/CollectedData/rdist2.txt
Processing lp_tuff_b...
Runtimes for lp_tuff_b saved to /home/s0/ml4sys02/project/Workload-Aware-Co-Optimization/WACO/SpMM/TrainingData/CollectedData/lp_tuff_b.txt
Processing mark3jac120...
Runtimes for mark3jac120 saved to /home/s0/ml4sys02/project/Workload-Aware-Co-Optimization/WACO/SpMM/TrainingData/CollectedData/mark3jac120.txt
Processing c-73_b...
Runtimes for c-73_b saved to /home/s0/ml4sys02/project/Workload-Aware-Co-Optimization/WACO/SpMM/TrainingData/CollectedData/c-73_b.txt
Processing add32...
Runtimes for add32 saved to /home/s0/ml4sys02/project/Workload-Aware-Co-Optimization/WACO/SpMM/TrainingData/CollectedData/add32.txt
Processing boyd1_b...
Runtimes for boyd1_b saved to /home/s0/ml4sys02/project/Workload-Aware-Co-Optimization/WACO/SpMM/TrainingData/CollectedData/boyd1_b.txt
Processing jan99jac100sc_x...
Runtimes for jan99jac100sc_x saved to /home/s0/ml4sys02/project/Workload-Aware-Co-Optimization/WACO/SpMM/TrainingData/CollectedData/jan99jac100sc_x.txt
Processing hydr1c_Zeros_65...
Runtimes for hydr1c_Zeros_65 saved to /home/s0/ml4sys02/project/Workload-Aware-Co-Optimization/WACO/SpMM/TrainingData/CollectedData/hydr1c_Zeros_65.txt
Processing mbeause...
Runtimes for mbeause saved to /home/s0/ml4sys02/project/Workload-Aware-Co-Optimization/WACO/SpMM/TrainingData/CollectedData/mbeause.txt
Processing rma10_b...
Runtimes for rma10_b saved to /home/s0/ml4sys02/project/Workload-Aware-Co-Optimization/WACO/SpMM/TrainingData/CollectedData/rma10_b.txt
Processing extr1b_Zeros_37...
Runtimes for extr1b_Zeros_37 saved to /home/s0/ml4sys02/project/Workload-Aware-Co-Optimization/WACO/SpMM/TrainingData/CollectedData/extr1b_Zeros_37.txt
Processing spiral...
Runtimes for spiral saved to /home/s0/ml4sys02/project/Workload-Aware-Co-Optimization/WACO/SpMM/TrainingData/CollectedData/spiral.txt
Processing lp_greenbeb_z0...
Runtimes for lp_greenbeb_z0 saved to /home/s0/ml4sys02/project/Workload-Aware-Co-Optimization/WACO/SpMM/TrainingData/CollectedData/lp_greenbeb_z0.txt
Processing Zd_Jac6...
Runtimes for Zd_Jac6 saved to /home/s0/ml4sys02/project/Workload-Aware-Co-Optimization/WACO/SpMM/TrainingData/CollectedData/Zd_Jac6.txt
Processing pct20stif...
Runtimes for pct20stif saved to /home/s0/ml4sys02/project/Workload-Aware-Co-Optimization/WACO/SpMM/TrainingData/CollectedData/pct20stif.txt
Processing c-72...
Runtimes for c-72 saved to /home/s0/ml4sys02/project/Workload-Aware-Co-Optimization/WACO/SpMM/TrainingData/CollectedData/c-72.txt
Processing cavity16_b...
Runtimes for cavity16_b saved to /home/s0/ml4sys02/project/Workload-Aware-Co-Optimization/WACO/SpMM/TrainingData/CollectedData/cavity16_b.txt
Processing mesh3em5_coord...
Runtimes for mesh3em5_coord saved to /home/s0/ml4sys02/project/Workload-Aware-Co-Optimization/WACO/SpMM/TrainingData/CollectedData/mesh3em5_coord.txt
Processing lpi_klein1_lo...
Runtimes for lpi_klein1_lo saved to /home/s0/ml4sys02/project/Workload-Aware-Co-Optimization/WACO/SpMM/TrainingData/CollectedData/lpi_klein1_lo.txt
Processing g7jac120sc...
Runtimes for g7jac120sc saved to /home/s0/ml4sys02/project/Workload-Aware-Co-Optimization/WACO/SpMM/TrainingData/CollectedData/g7jac120sc.txt
Processing fpga_dcop_26_b...
Runtimes for fpga_dcop_26_b saved to /home/s0/ml4sys02/project/Workload-Aware-Co-Optimization/WACO/SpMM/TrainingData/CollectedData/fpga_dcop_26_b.txt
Processing msc01440...
Runtimes for msc01440 saved to /home/s0/ml4sys02/project/Workload-Aware-Co-Optimization/WACO/SpMM/TrainingData/CollectedData/msc01440.txt
Processing extr1b_A_38...
Runtimes for extr1b_A_38 saved to /home/s0/ml4sys02/project/Workload-Aware-Co-Optimization/WACO/SpMM/TrainingData/CollectedData/extr1b_A_38.txt
Processing gent113...
Runtimes for gent113 saved to /home/s0/ml4sys02/project/Workload-Aware-Co-Optimization/WACO/SpMM/TrainingData/CollectedData/gent113.txt
Runtime generation completed. Check /home/s0/ml4sys02/project/Workload-Aware-Co-Optimization/WACO/SpMM/TrainingData/CollectedData for results and error.log for issues.
