Processing conf6_0-4x4-30...
Runtimes for conf6_0-4x4-30 saved to /home/s0/ml4sys02/project/Workload-Aware-Co-Optimization/WACO/SpMM/TrainingData/CollectedData/conf6_0-4x4-30.txt
Processing lp_ship12s...
Runtimes for lp_ship12s saved to /home/s0/ml4sys02/project/Workload-Aware-Co-Optimization/WACO/SpMM/TrainingData/CollectedData/lp_ship12s.txt
Processing lp_nug12...
Runtimes for lp_nug12 saved to /home/s0/ml4sys02/project/Workload-Aware-Co-Optimization/WACO/SpMM/TrainingData/CollectedData/lp_nug12.txt
Processing piston_E...
Runtimes for piston_E saved to /home/s0/ml4sys02/project/Workload-Aware-Co-Optimization/WACO/SpMM/TrainingData/CollectedData/piston_E.txt
Processing rail_20209...
Runtimes for rail_20209 saved to /home/s0/ml4sys02/project/Workload-Aware-Co-Optimization/WACO/SpMM/TrainingData/CollectedData/rail_20209.txt
Processing G7...
Runtimes for G7 saved to /home/s0/ml4sys02/project/Workload-Aware-Co-Optimization/WACO/SpMM/TrainingData/CollectedData/G7.txt
Processing cavity17_x...
Runtimes for cavity17_x saved to /home/s0/ml4sys02/project/Workload-Aware-Co-Optimization/WACO/SpMM/TrainingData/CollectedData/cavity17_x.txt
Processing airfoil_2d_t...
Runtimes for airfoil_2d_t saved to /home/s0/ml4sys02/project/Workload-Aware-Co-Optimization/WACO/SpMM/TrainingData/CollectedData/airfoil_2d_t.txt
Processing rajat05...
Runtimes for rajat05 saved to /home/s0/ml4sys02/project/Workload-Aware-Co-Optimization/WACO/SpMM/TrainingData/CollectedData/rajat05.txt
Processing adder_dcop_35...
Runtimes for adder_dcop_35 saved to /home/s0/ml4sys02/project/Workload-Aware-Co-Optimization/WACO/SpMM/TrainingData/CollectedData/adder_dcop_35.txt
Processing GaAsH6...
Runtimes for GaAsH6 saved to /home/s0/ml4sys02/project/Workload-Aware-Co-Optimization/WACO/SpMM/TrainingData/CollectedData/GaAsH6.txt
Processing LF10_C...
Runtimes for LF10_C saved to /home/s0/ml4sys02/project/Workload-Aware-Co-Optimization/WACO/SpMM/TrainingData/CollectedData/LF10_C.txt
Processing cavity24_b...
Runtimes for cavity24_b saved to /home/s0/ml4sys02/project/Workload-Aware-Co-Optimization/WACO/SpMM/TrainingData/CollectedData/cavity24_b.txt
Processing cavity15_b...
Runtimes for cavity15_b saved to /home/s0/ml4sys02/project/Workload-Aware-Co-Optimization/WACO/SpMM/TrainingData/CollectedData/cavity15_b.txt
Processing lp_nug05_lo...
Runtimes for lp_nug05_lo saved to /home/s0/ml4sys02/project/Workload-Aware-Co-Optimization/WACO/SpMM/TrainingData/CollectedData/lp_nug05_lo.txt
Processing raefsky6_b...
Runtimes for raefsky6_b saved to /home/s0/ml4sys02/project/Workload-Aware-Co-Optimization/WACO/SpMM/TrainingData/CollectedData/raefsky6_b.txt
Processing SciMet_pubyear...
Runtimes for SciMet_pubyear saved to /home/s0/ml4sys02/project/Workload-Aware-Co-Optimization/WACO/SpMM/TrainingData/CollectedData/SciMet_pubyear.txt
Processing Erdos982...
Runtimes for Erdos982 saved to /home/s0/ml4sys02/project/Workload-Aware-Co-Optimization/WACO/SpMM/TrainingData/CollectedData/Erdos982.txt
Processing extr1b_A_11...
Runtimes for extr1b_A_11 saved to /home/s0/ml4sys02/project/Workload-Aware-Co-Optimization/WACO/SpMM/TrainingData/CollectedData/extr1b_A_11.txt
Processing rajat08...
Runtimes for rajat08 saved to /home/s0/ml4sys02/project/Workload-Aware-Co-Optimization/WACO/SpMM/TrainingData/CollectedData/rajat08.txt
Processing qc324...
Runtimes for qc324 saved to /home/s0/ml4sys02/project/Workload-Aware-Co-Optimization/WACO/SpMM/TrainingData/CollectedData/qc324.txt
Processing cont-300_b...
Runtimes for cont-300_b saved to /home/s0/ml4sys02/project/Workload-Aware-Co-Optimization/WACO/SpMM/TrainingData/CollectedData/cont-300_b.txt
Processing cdde6...
Runtimes for cdde6 saved to /home/s0/ml4sys02/project/Workload-Aware-Co-Optimization/WACO/SpMM/TrainingData/CollectedData/cdde6.txt
Processing gyro_m...
Runtimes for gyro_m saved to /home/s0/ml4sys02/project/Workload-Aware-Co-Optimization/WACO/SpMM/TrainingData/CollectedData/gyro_m.txt
Processing bayer03...
Runtimes for bayer03 saved to /home/s0/ml4sys02/project/Workload-Aware-Co-Optimization/WACO/SpMM/TrainingData/CollectedData/bayer03.txt
Processing extr1b_A_27...
Runtimes for extr1b_A_27 saved to /home/s0/ml4sys02/project/Workload-Aware-Co-Optimization/WACO/SpMM/TrainingData/CollectedData/extr1b_A_27.txt
Processing Kohonen...
Runtimes for Kohonen saved to /home/s0/ml4sys02/project/Workload-Aware-Co-Optimization/WACO/SpMM/TrainingData/CollectedData/Kohonen.txt
Processing rdb5000...
Runtimes for rdb5000 saved to /home/s0/ml4sys02/project/Workload-Aware-Co-Optimization/WACO/SpMM/TrainingData/CollectedData/rdb5000.txt
Processing kim1...
Runtimes for kim1 saved to /home/s0/ml4sys02/project/Workload-Aware-Co-Optimization/WACO/SpMM/TrainingData/CollectedData/kim1.txt
Processing hydr1c_A_32...
Runtimes for hydr1c_A_32 saved to /home/s0/ml4sys02/project/Workload-Aware-Co-Optimization/WACO/SpMM/TrainingData/CollectedData/hydr1c_A_32.txt
Processing cage12...
Runtimes for cage12 saved to /home/s0/ml4sys02/project/Workload-Aware-Co-Optimization/WACO/SpMM/TrainingData/CollectedData/cage12.txt
Processing nasa2146_b...
Runtimes for nasa2146_b saved to /home/s0/ml4sys02/project/Workload-Aware-Co-Optimization/WACO/SpMM/TrainingData/CollectedData/nasa2146_b.txt
Processing ship_003...
Runtimes for ship_003 saved to /home/s0/ml4sys02/project/Workload-Aware-Co-Optimization/WACO/SpMM/TrainingData/CollectedData/ship_003.txt
Processing extr1b_A_21...
Runtimes for extr1b_A_21 saved to /home/s0/ml4sys02/project/Workload-Aware-Co-Optimization/WACO/SpMM/TrainingData/CollectedData/extr1b_A_21.txt
Processing apache2...
Runtimes for apache2 saved to /home/s0/ml4sys02/project/Workload-Aware-Co-Optimization/WACO/SpMM/TrainingData/CollectedData/apache2.txt
Processing dwt_419...
Runtimes for dwt_419 saved to /home/s0/ml4sys02/project/Workload-Aware-Co-Optimization/WACO/SpMM/TrainingData/CollectedData/dwt_419.txt
Processing hydr1c_A_25...
Runtimes for hydr1c_A_25 saved to /home/s0/ml4sys02/project/Workload-Aware-Co-Optimization/WACO/SpMM/TrainingData/CollectedData/hydr1c_A_25.txt
Processing Lederberg_pubyear...
Runtimes for Lederberg_pubyear saved to /home/s0/ml4sys02/project/Workload-Aware-Co-Optimization/WACO/SpMM/TrainingData/CollectedData/Lederberg_pubyear.txt
Processing Reuters911_Day_09...
Runtimes for Reuters911_Day_09 saved to /home/s0/ml4sys02/project/Workload-Aware-Co-Optimization/WACO/SpMM/TrainingData/CollectedData/Reuters911_Day_09.txt
Processing m_t1...
Runtimes for m_t1 saved to /home/s0/ml4sys02/project/Workload-Aware-Co-Optimization/WACO/SpMM/TrainingData/CollectedData/m_t1.txt
Processing GD95_a_coord...
Runtimes for GD95_a_coord saved to /home/s0/ml4sys02/project/Workload-Aware-Co-Optimization/WACO/SpMM/TrainingData/CollectedData/GD95_a_coord.txt
Processing G41...
Runtimes for G41 saved to /home/s0/ml4sys02/project/Workload-Aware-Co-Optimization/WACO/SpMM/TrainingData/CollectedData/G41.txt
Processing troll...
Runtimes for troll saved to /home/s0/ml4sys02/project/Workload-Aware-Co-Optimization/WACO/SpMM/TrainingData/CollectedData/troll.txt
Processing problem1...
Runtimes for problem1 saved to /home/s0/ml4sys02/project/Workload-Aware-Co-Optimization/WACO/SpMM/TrainingData/CollectedData/problem1.txt
Processing c-53...
Runtimes for c-53 saved to /home/s0/ml4sys02/project/Workload-Aware-Co-Optimization/WACO/SpMM/TrainingData/CollectedData/c-53.txt
Processing c-66b...
Runtimes for c-66b saved to /home/s0/ml4sys02/project/Workload-Aware-Co-Optimization/WACO/SpMM/TrainingData/CollectedData/c-66b.txt
Processing ncvxqp7...
Runtimes for ncvxqp7 saved to /home/s0/ml4sys02/project/Workload-Aware-Co-Optimization/WACO/SpMM/TrainingData/CollectedData/ncvxqp7.txt
Processing hydr1c_A_64...
Runtimes for hydr1c_A_64 saved to /home/s0/ml4sys02/project/Workload-Aware-Co-Optimization/WACO/SpMM/TrainingData/CollectedData/hydr1c_A_64.txt
Processing dixmaanl...
Runtimes for dixmaanl saved to /home/s0/ml4sys02/project/Workload-Aware-Co-Optimization/WACO/SpMM/TrainingData/CollectedData/dixmaanl.txt
Processing hydr1c_Zeros_01...
Runtimes for hydr1c_Zeros_01 saved to /home/s0/ml4sys02/project/Workload-Aware-Co-Optimization/WACO/SpMM/TrainingData/CollectedData/hydr1c_Zeros_01.txt
Processing steam3...
Runtimes for steam3 saved to /home/s0/ml4sys02/project/Workload-Aware-Co-Optimization/WACO/SpMM/TrainingData/CollectedData/steam3.txt
Processing adder_dcop_27...
Runtimes for adder_dcop_27 saved to /home/s0/ml4sys02/project/Workload-Aware-Co-Optimization/WACO/SpMM/TrainingData/CollectedData/adder_dcop_27.txt
Processing extr1b_A_20...
Runtimes for extr1b_A_20 saved to /home/s0/ml4sys02/project/Workload-Aware-Co-Optimization/WACO/SpMM/TrainingData/CollectedData/extr1b_A_20.txt
Processing G14...
Runtimes for G14 saved to /home/s0/ml4sys02/project/Workload-Aware-Co-Optimization/WACO/SpMM/TrainingData/CollectedData/G14.txt
Processing lp_bore3d_b...
Runtimes for lp_bore3d_b saved to /home/s0/ml4sys02/project/Workload-Aware-Co-Optimization/WACO/SpMM/TrainingData/CollectedData/lp_bore3d_b.txt
Processing sphere2_coord...
Runtimes for sphere2_coord saved to /home/s0/ml4sys02/project/Workload-Aware-Co-Optimization/WACO/SpMM/TrainingData/CollectedData/sphere2_coord.txt
Processing extr1b_Zeros_20...
Runtimes for extr1b_Zeros_20 saved to /home/s0/ml4sys02/project/Workload-Aware-Co-Optimization/WACO/SpMM/TrainingData/CollectedData/extr1b_Zeros_20.txt
Processing internet...
Runtimes for internet saved to /home/s0/ml4sys02/project/Workload-Aware-Co-Optimization/WACO/SpMM/TrainingData/CollectedData/internet.txt
Processing g7jac180sc...
Runtimes for g7jac180sc saved to /home/s0/ml4sys02/project/Workload-Aware-Co-Optimization/WACO/SpMM/TrainingData/CollectedData/g7jac180sc.txt
Processing std1_Jac3_db...
Runtimes for std1_Jac3_db saved to /home/s0/ml4sys02/project/Workload-Aware-Co-Optimization/WACO/SpMM/TrainingData/CollectedData/std1_Jac3_db.txt
Processing G62...
Runtimes for G62 saved to /home/s0/ml4sys02/project/Workload-Aware-Co-Optimization/WACO/SpMM/TrainingData/CollectedData/G62.txt
Processing rail_20209_B...
Runtimes for rail_20209_B saved to /home/s0/ml4sys02/project/Workload-Aware-Co-Optimization/WACO/SpMM/TrainingData/CollectedData/rail_20209_B.txt
Processing boneS01_B...
Runtimes for boneS01_B saved to /home/s0/ml4sys02/project/Workload-Aware-Co-Optimization/WACO/SpMM/TrainingData/CollectedData/boneS01_B.txt
Processing lshp2233...
Runtimes for lshp2233 saved to /home/s0/ml4sys02/project/Workload-Aware-Co-Optimization/WACO/SpMM/TrainingData/CollectedData/lshp2233.txt
Processing cavity12_b...
Runtimes for cavity12_b saved to /home/s0/ml4sys02/project/Workload-Aware-Co-Optimization/WACO/SpMM/TrainingData/CollectedData/cavity12_b.txt
Processing hydr1c_A_52...
Runtimes for hydr1c_A_52 saved to /home/s0/ml4sys02/project/Workload-Aware-Co-Optimization/WACO/SpMM/TrainingData/CollectedData/hydr1c_A_52.txt
Processing lp_perold_lo...
Runtimes for lp_perold_lo saved to /home/s0/ml4sys02/project/Workload-Aware-Co-Optimization/WACO/SpMM/TrainingData/CollectedData/lp_perold_lo.txt
Processing lhr07c...
Runtimes for lhr07c saved to /home/s0/ml4sys02/project/Workload-Aware-Co-Optimization/WACO/SpMM/TrainingData/CollectedData/lhr07c.txt
Processing lp_truss_b...
Runtimes for lp_truss_b saved to /home/s0/ml4sys02/project/Workload-Aware-Co-Optimization/WACO/SpMM/TrainingData/CollectedData/lp_truss_b.txt
Processing c-64b...
Runtimes for c-64b saved to /home/s0/ml4sys02/project/Workload-Aware-Co-Optimization/WACO/SpMM/TrainingData/CollectedData/c-64b.txt
Processing rajat16...
Runtimes for rajat16 saved to /home/s0/ml4sys02/project/Workload-Aware-Co-Optimization/WACO/SpMM/TrainingData/CollectedData/rajat16.txt
Processing rajat19...
Runtimes for rajat19 saved to /home/s0/ml4sys02/project/Workload-Aware-Co-Optimization/WACO/SpMM/TrainingData/CollectedData/rajat19.txt
Processing t2dal_bci_B...
Runtimes for t2dal_bci_B saved to /home/s0/ml4sys02/project/Workload-Aware-Co-Optimization/WACO/SpMM/TrainingData/CollectedData/t2dal_bci_B.txt
Processing srb1...
Runtimes for srb1 saved to /home/s0/ml4sys02/project/Workload-Aware-Co-Optimization/WACO/SpMM/TrainingData/CollectedData/srb1.txt
Processing benzene...
Runtimes for benzene saved to /home/s0/ml4sys02/project/Workload-Aware-Co-Optimization/WACO/SpMM/TrainingData/CollectedData/benzene.txt
Processing adder_dcop_45...
Runtimes for adder_dcop_45 saved to /home/s0/ml4sys02/project/Workload-Aware-Co-Optimization/WACO/SpMM/TrainingData/CollectedData/adder_dcop_45.txt
Processing gemat12...
Runtimes for gemat12 saved to /home/s0/ml4sys02/project/Workload-Aware-Co-Optimization/WACO/SpMM/TrainingData/CollectedData/gemat12.txt
Processing lp_bore3d_z0...
Runtimes for lp_bore3d_z0 saved to /home/s0/ml4sys02/project/Workload-Aware-Co-Optimization/WACO/SpMM/TrainingData/CollectedData/lp_bore3d_z0.txt
Processing hydr1c_Zeros_70...
Runtimes for hydr1c_Zeros_70 saved to /home/s0/ml4sys02/project/Workload-Aware-Co-Optimization/WACO/SpMM/TrainingData/CollectedData/hydr1c_Zeros_70.txt
Processing cavity01_x...
Runtimes for cavity01_x saved to /home/s0/ml4sys02/project/Workload-Aware-Co-Optimization/WACO/SpMM/TrainingData/CollectedData/cavity01_x.txt
Processing filter2D_C...
Runtimes for filter2D_C saved to /home/s0/ml4sys02/project/Workload-Aware-Co-Optimization/WACO/SpMM/TrainingData/CollectedData/filter2D_C.txt
Processing epb3...
Runtimes for epb3 saved to /home/s0/ml4sys02/project/Workload-Aware-Co-Optimization/WACO/SpMM/TrainingData/CollectedData/epb3.txt
Processing net150...
Runtimes for net150 saved to /home/s0/ml4sys02/project/Workload-Aware-Co-Optimization/WACO/SpMM/TrainingData/CollectedData/net150.txt
Processing bcsstm12...
Runtimes for bcsstm12 saved to /home/s0/ml4sys02/project/Workload-Aware-Co-Optimization/WACO/SpMM/TrainingData/CollectedData/bcsstm12.txt
Processing cell2_b...
Runtimes for cell2_b saved to /home/s0/ml4sys02/project/Workload-Aware-Co-Optimization/WACO/SpMM/TrainingData/CollectedData/cell2_b.txt
Processing west0381...
Runtimes for west0381 saved to /home/s0/ml4sys02/project/Workload-Aware-Co-Optimization/WACO/SpMM/TrainingData/CollectedData/west0381.txt
Processing minsurfo...
Runtimes for minsurfo saved to /home/s0/ml4sys02/project/Workload-Aware-Co-Optimization/WACO/SpMM/TrainingData/CollectedData/minsurfo.txt
Processing c-56...
Runtimes for c-56 saved to /home/s0/ml4sys02/project/Workload-Aware-Co-Optimization/WACO/SpMM/TrainingData/CollectedData/c-56.txt
Processing c-57_b...
Runtimes for c-57_b saved to /home/s0/ml4sys02/project/Workload-Aware-Co-Optimization/WACO/SpMM/TrainingData/CollectedData/c-57_b.txt
Processing G3_circuit...
Runtimes for G3_circuit saved to /home/s0/ml4sys02/project/Workload-Aware-Co-Optimization/WACO/SpMM/TrainingData/CollectedData/G3_circuit.txt
Processing thermal2_b...
Runtimes for thermal2_b saved to /home/s0/ml4sys02/project/Workload-Aware-Co-Optimization/WACO/SpMM/TrainingData/CollectedData/thermal2_b.txt
Processing lhr34...
Runtimes for lhr34 saved to /home/s0/ml4sys02/project/Workload-Aware-Co-Optimization/WACO/SpMM/TrainingData/CollectedData/lhr34.txt
Processing Reuters911_Day_22...
Runtimes for Reuters911_Day_22 saved to /home/s0/ml4sys02/project/Workload-Aware-Co-Optimization/WACO/SpMM/TrainingData/CollectedData/Reuters911_Day_22.txt
Processing lp_nug08...
Runtimes for lp_nug08 saved to /home/s0/ml4sys02/project/Workload-Aware-Co-Optimization/WACO/SpMM/TrainingData/CollectedData/lp_nug08.txt
Processing bloweybq...
Runtimes for bloweybq saved to /home/s0/ml4sys02/project/Workload-Aware-Co-Optimization/WACO/SpMM/TrainingData/CollectedData/bloweybq.txt
Processing xenon2...
Runtimes for xenon2 saved to /home/s0/ml4sys02/project/Workload-Aware-Co-Optimization/WACO/SpMM/TrainingData/CollectedData/xenon2.txt
Processing d_pretok...
Runtimes for d_pretok saved to /home/s0/ml4sys02/project/Workload-Aware-Co-Optimization/WACO/SpMM/TrainingData/CollectedData/d_pretok.txt
Processing crystk01...
Runtimes for crystk01 saved to /home/s0/ml4sys02/project/Workload-Aware-Co-Optimization/WACO/SpMM/TrainingData/CollectedData/crystk01.txt
Processing hydr1c_A_17...
Runtimes for hydr1c_A_17 saved to /home/s0/ml4sys02/project/Workload-Aware-Co-Optimization/WACO/SpMM/TrainingData/CollectedData/hydr1c_A_17.txt
Processing gridgena...
Runtimes for gridgena saved to /home/s0/ml4sys02/project/Workload-Aware-Co-Optimization/WACO/SpMM/TrainingData/CollectedData/gridgena.txt
Processing rgg010...
Runtimes for rgg010 saved to /home/s0/ml4sys02/project/Workload-Aware-Co-Optimization/WACO/SpMM/TrainingData/CollectedData/rgg010.txt
Processing pde900...
Runtimes for pde900 saved to /home/s0/ml4sys02/project/Workload-Aware-Co-Optimization/WACO/SpMM/TrainingData/CollectedData/pde900.txt
Processing young1c...
Runtimes for young1c saved to /home/s0/ml4sys02/project/Workload-Aware-Co-Optimization/WACO/SpMM/TrainingData/CollectedData/young1c.txt
Processing language...
Runtimes for language saved to /home/s0/ml4sys02/project/Workload-Aware-Co-Optimization/WACO/SpMM/TrainingData/CollectedData/language.txt
Processing net100...
Runtimes for net100 saved to /home/s0/ml4sys02/project/Workload-Aware-Co-Optimization/WACO/SpMM/TrainingData/CollectedData/net100.txt
Processing hydr1c_A_08...
Runtimes for hydr1c_A_08 saved to /home/s0/ml4sys02/project/Workload-Aware-Co-Optimization/WACO/SpMM/TrainingData/CollectedData/hydr1c_A_08.txt
Processing extr1b_A_41...
Runtimes for extr1b_A_41 saved to /home/s0/ml4sys02/project/Workload-Aware-Co-Optimization/WACO/SpMM/TrainingData/CollectedData/extr1b_A_41.txt
Processing nnc261...
Runtimes for nnc261 saved to /home/s0/ml4sys02/project/Workload-Aware-Co-Optimization/WACO/SpMM/TrainingData/CollectedData/nnc261.txt
Processing lock2232...
Runtimes for lock2232 saved to /home/s0/ml4sys02/project/Workload-Aware-Co-Optimization/WACO/SpMM/TrainingData/CollectedData/lock2232.txt
Processing ex10hs...
Runtimes for ex10hs saved to /home/s0/ml4sys02/project/Workload-Aware-Co-Optimization/WACO/SpMM/TrainingData/CollectedData/ex10hs.txt
Processing lp_truss...
Runtimes for lp_truss saved to /home/s0/ml4sys02/project/Workload-Aware-Co-Optimization/WACO/SpMM/TrainingData/CollectedData/lp_truss.txt
Processing pkustk12...
Runtimes for pkustk12 saved to /home/s0/ml4sys02/project/Workload-Aware-Co-Optimization/WACO/SpMM/TrainingData/CollectedData/pkustk12.txt
Processing fpga_dcop_09_b...
Runtimes for fpga_dcop_09_b saved to /home/s0/ml4sys02/project/Workload-Aware-Co-Optimization/WACO/SpMM/TrainingData/CollectedData/fpga_dcop_09_b.txt
Processing cavity02_b...
Runtimes for cavity02_b saved to /home/s0/ml4sys02/project/Workload-Aware-Co-Optimization/WACO/SpMM/TrainingData/CollectedData/cavity02_b.txt
Processing orsirr_1...
Runtimes for orsirr_1 saved to /home/s0/ml4sys02/project/Workload-Aware-Co-Optimization/WACO/SpMM/TrainingData/CollectedData/orsirr_1.txt
Processing chipcool1_B...
Runtimes for chipcool1_B saved to /home/s0/ml4sys02/project/Workload-Aware-Co-Optimization/WACO/SpMM/TrainingData/CollectedData/chipcool1_B.txt
Processing hydr1c_A_39...
Runtimes for hydr1c_A_39 saved to /home/s0/ml4sys02/project/Workload-Aware-Co-Optimization/WACO/SpMM/TrainingData/CollectedData/hydr1c_A_39.txt
Processing lpi_klein1_b...
Runtimes for lpi_klein1_b saved to /home/s0/ml4sys02/project/Workload-Aware-Co-Optimization/WACO/SpMM/TrainingData/CollectedData/lpi_klein1_b.txt
Processing pkustk13...
Runtimes for pkustk13 saved to /home/s0/ml4sys02/project/Workload-Aware-Co-Optimization/WACO/SpMM/TrainingData/CollectedData/pkustk13.txt
Processing hydr1c_A_75...
Runtimes for hydr1c_A_75 saved to /home/s0/ml4sys02/project/Workload-Aware-Co-Optimization/WACO/SpMM/TrainingData/CollectedData/hydr1c_A_75.txt
Processing gr_30_30...
Runtimes for gr_30_30 saved to /home/s0/ml4sys02/project/Workload-Aware-Co-Optimization/WACO/SpMM/TrainingData/CollectedData/gr_30_30.txt
Processing extr1b_A_16...
Runtimes for extr1b_A_16 saved to /home/s0/ml4sys02/project/Workload-Aware-Co-Optimization/WACO/SpMM/TrainingData/CollectedData/extr1b_A_16.txt
Processing g7jac010_x...
Runtimes for g7jac010_x saved to /home/s0/ml4sys02/project/Workload-Aware-Co-Optimization/WACO/SpMM/TrainingData/CollectedData/g7jac010_x.txt
Processing lp_grow22...
Runtimes for lp_grow22 saved to /home/s0/ml4sys02/project/Workload-Aware-Co-Optimization/WACO/SpMM/TrainingData/CollectedData/lp_grow22.txt
Processing jan99jac120sc_x...
Runtimes for jan99jac120sc_x saved to /home/s0/ml4sys02/project/Workload-Aware-Co-Optimization/WACO/SpMM/TrainingData/CollectedData/jan99jac120sc_x.txt
Processing lp_nug12_lo...
Runtimes for lp_nug12_lo saved to /home/s0/ml4sys02/project/Workload-Aware-Co-Optimization/WACO/SpMM/TrainingData/CollectedData/lp_nug12_lo.txt
Processing sme3Dc_b...
Runtimes for sme3Dc_b saved to /home/s0/ml4sys02/project/Workload-Aware-Co-Optimization/WACO/SpMM/TrainingData/CollectedData/sme3Dc_b.txt
Processing geom...
Runtimes for geom saved to /home/s0/ml4sys02/project/Workload-Aware-Co-Optimization/WACO/SpMM/TrainingData/CollectedData/geom.txt
Processing saylr4...
Runtimes for saylr4 saved to /home/s0/ml4sys02/project/Workload-Aware-Co-Optimization/WACO/SpMM/TrainingData/CollectedData/saylr4.txt
Processing epb0...
Runtimes for epb0 saved to /home/s0/ml4sys02/project/Workload-Aware-Co-Optimization/WACO/SpMM/TrainingData/CollectedData/epb0.txt
Processing G15...
Runtimes for G15 saved to /home/s0/ml4sys02/project/Workload-Aware-Co-Optimization/WACO/SpMM/TrainingData/CollectedData/G15.txt
Processing rail_1357_C...
Runtimes for rail_1357_C saved to /home/s0/ml4sys02/project/Workload-Aware-Co-Optimization/WACO/SpMM/TrainingData/CollectedData/rail_1357_C.txt
Processing Reuters911_Day_50...
Runtimes for Reuters911_Day_50 saved to /home/s0/ml4sys02/project/Workload-Aware-Co-Optimization/WACO/SpMM/TrainingData/CollectedData/Reuters911_Day_50.txt
Processing lp_tuff_c...
Runtimes for lp_tuff_c saved to /home/s0/ml4sys02/project/Workload-Aware-Co-Optimization/WACO/SpMM/TrainingData/CollectedData/lp_tuff_c.txt
Processing lhr71c...
Runtimes for lhr71c saved to /home/s0/ml4sys02/project/Workload-Aware-Co-Optimization/WACO/SpMM/TrainingData/CollectedData/lhr71c.txt
Processing extr1b_A_06...
Runtimes for extr1b_A_06 saved to /home/s0/ml4sys02/project/Workload-Aware-Co-Optimization/WACO/SpMM/TrainingData/CollectedData/extr1b_A_06.txt
Processing Pd...
Runtimes for Pd saved to /home/s0/ml4sys02/project/Workload-Aware-Co-Optimization/WACO/SpMM/TrainingData/CollectedData/Pd.txt
Processing extr1b_Zeros_34...
Runtimes for extr1b_Zeros_34 saved to /home/s0/ml4sys02/project/Workload-Aware-Co-Optimization/WACO/SpMM/TrainingData/CollectedData/extr1b_Zeros_34.txt
Processing sinc15...
Runtimes for sinc15 saved to /home/s0/ml4sys02/project/Workload-Aware-Co-Optimization/WACO/SpMM/TrainingData/CollectedData/sinc15.txt
Processing net125...
Runtimes for net125 saved to /home/s0/ml4sys02/project/Workload-Aware-Co-Optimization/WACO/SpMM/TrainingData/CollectedData/net125.txt
Processing Reuters911_Day_08...
Runtimes for Reuters911_Day_08 saved to /home/s0/ml4sys02/project/Workload-Aware-Co-Optimization/WACO/SpMM/TrainingData/CollectedData/Reuters911_Day_08.txt
Processing extr1b_A_02...
Runtimes for extr1b_A_02 saved to /home/s0/ml4sys02/project/Workload-Aware-Co-Optimization/WACO/SpMM/TrainingData/CollectedData/extr1b_A_02.txt
Processing rbsb480...
Runtimes for rbsb480 saved to /home/s0/ml4sys02/project/Workload-Aware-Co-Optimization/WACO/SpMM/TrainingData/CollectedData/rbsb480.txt
Processing lp_brandy_hi...
Runtimes for lp_brandy_hi saved to /home/s0/ml4sys02/project/Workload-Aware-Co-Optimization/WACO/SpMM/TrainingData/CollectedData/lp_brandy_hi.txt
Processing circuit_3_x...
Runtimes for circuit_3_x saved to /home/s0/ml4sys02/project/Workload-Aware-Co-Optimization/WACO/SpMM/TrainingData/CollectedData/circuit_3_x.txt
Processing GD97_a_coord...
Runtimes for GD97_a_coord saved to /home/s0/ml4sys02/project/Workload-Aware-Co-Optimization/WACO/SpMM/TrainingData/CollectedData/GD97_a_coord.txt
Processing jan99jac020...
Runtimes for jan99jac020 saved to /home/s0/ml4sys02/project/Workload-Aware-Co-Optimization/WACO/SpMM/TrainingData/CollectedData/jan99jac020.txt
Processing bmwcra_1...
Runtimes for bmwcra_1 saved to /home/s0/ml4sys02/project/Workload-Aware-Co-Optimization/WACO/SpMM/TrainingData/CollectedData/bmwcra_1.txt
Processing filter3D_C...
Runtimes for filter3D_C saved to /home/s0/ml4sys02/project/Workload-Aware-Co-Optimization/WACO/SpMM/TrainingData/CollectedData/filter3D_C.txt
Processing extr1b_Zeros_24...
Runtimes for extr1b_Zeros_24 saved to /home/s0/ml4sys02/project/Workload-Aware-Co-Optimization/WACO/SpMM/TrainingData/CollectedData/extr1b_Zeros_24.txt
Processing lp_czprob_b...
Runtimes for lp_czprob_b saved to /home/s0/ml4sys02/project/Workload-Aware-Co-Optimization/WACO/SpMM/TrainingData/CollectedData/lp_czprob_b.txt
Processing lhr14_b...
Runtimes for lhr14_b saved to /home/s0/ml4sys02/project/Workload-Aware-Co-Optimization/WACO/SpMM/TrainingData/CollectedData/lhr14_b.txt
Processing sinc12...
Runtimes for sinc12 saved to /home/s0/ml4sys02/project/Workload-Aware-Co-Optimization/WACO/SpMM/TrainingData/CollectedData/sinc12.txt
Processing lpi_itest2_b...
Runtimes for lpi_itest2_b saved to /home/s0/ml4sys02/project/Workload-Aware-Co-Optimization/WACO/SpMM/TrainingData/CollectedData/lpi_itest2_b.txt
Processing hydr1c_A_34...
Runtimes for hydr1c_A_34 saved to /home/s0/ml4sys02/project/Workload-Aware-Co-Optimization/WACO/SpMM/TrainingData/CollectedData/hydr1c_A_34.txt
Processing fpga_dcop_19_b...
Runtimes for fpga_dcop_19_b saved to /home/s0/ml4sys02/project/Workload-Aware-Co-Optimization/WACO/SpMM/TrainingData/CollectedData/fpga_dcop_19_b.txt
Processing pkustk01...
Runtimes for pkustk01 saved to /home/s0/ml4sys02/project/Workload-Aware-Co-Optimization/WACO/SpMM/TrainingData/CollectedData/pkustk01.txt
Processing sherman1...
Runtimes for sherman1 saved to /home/s0/ml4sys02/project/Workload-Aware-Co-Optimization/WACO/SpMM/TrainingData/CollectedData/sherman1.txt
Processing USpowerGrid...
Runtimes for USpowerGrid saved to /home/s0/ml4sys02/project/Workload-Aware-Co-Optimization/WACO/SpMM/TrainingData/CollectedData/USpowerGrid.txt
Processing cavity14_x...
Runtimes for cavity14_x saved to /home/s0/ml4sys02/project/Workload-Aware-Co-Optimization/WACO/SpMM/TrainingData/CollectedData/cavity14_x.txt
Processing c-42_b...
Runtimes for c-42_b saved to /home/s0/ml4sys02/project/Workload-Aware-Co-Optimization/WACO/SpMM/TrainingData/CollectedData/c-42_b.txt
Processing patents_appyear...
Runtimes for patents_appyear saved to /home/s0/ml4sys02/project/Workload-Aware-Co-Optimization/WACO/SpMM/TrainingData/CollectedData/patents_appyear.txt
Processing hydr1c_Zeros_45...
Runtimes for hydr1c_Zeros_45 saved to /home/s0/ml4sys02/project/Workload-Aware-Co-Optimization/WACO/SpMM/TrainingData/CollectedData/hydr1c_Zeros_45.txt
Processing c-46...
Runtimes for c-46 saved to /home/s0/ml4sys02/project/Workload-Aware-Co-Optimization/WACO/SpMM/TrainingData/CollectedData/c-46.txt
Processing bcsstk20...
Runtimes for bcsstk20 saved to /home/s0/ml4sys02/project/Workload-Aware-Co-Optimization/WACO/SpMM/TrainingData/CollectedData/bcsstk20.txt
Processing c-58...
Runtimes for c-58 saved to /home/s0/ml4sys02/project/Workload-Aware-Co-Optimization/WACO/SpMM/TrainingData/CollectedData/c-58.txt
Processing bcsstk27...
Runtimes for bcsstk27 saved to /home/s0/ml4sys02/project/Workload-Aware-Co-Optimization/WACO/SpMM/TrainingData/CollectedData/bcsstk27.txt
Processing hydr1c_Zeros_54...
Runtimes for hydr1c_Zeros_54 saved to /home/s0/ml4sys02/project/Workload-Aware-Co-Optimization/WACO/SpMM/TrainingData/CollectedData/hydr1c_Zeros_54.txt
Processing fullb...
Runtimes for fullb saved to /home/s0/ml4sys02/project/Workload-Aware-Co-Optimization/WACO/SpMM/TrainingData/CollectedData/fullb.txt
Processing Sandi_sandi...
Runtimes for Sandi_sandi saved to /home/s0/ml4sys02/project/Workload-Aware-Co-Optimization/WACO/SpMM/TrainingData/CollectedData/Sandi_sandi.txt
Processing extr1b_A_04...
Runtimes for extr1b_A_04 saved to /home/s0/ml4sys02/project/Workload-Aware-Co-Optimization/WACO/SpMM/TrainingData/CollectedData/extr1b_A_04.txt
Processing Hamrle1_b...
Runtimes for Hamrle1_b saved to /home/s0/ml4sys02/project/Workload-Aware-Co-Optimization/WACO/SpMM/TrainingData/CollectedData/Hamrle1_b.txt
Processing net50...
Runtimes for net50 saved to /home/s0/ml4sys02/project/Workload-Aware-Co-Optimization/WACO/SpMM/TrainingData/CollectedData/net50.txt
Processing lp_tuff_z0...
Runtimes for lp_tuff_z0 saved to /home/s0/ml4sys02/project/Workload-Aware-Co-Optimization/WACO/SpMM/TrainingData/CollectedData/lp_tuff_z0.txt
Processing GD96_c_coord...
Runtimes for GD96_c_coord saved to /home/s0/ml4sys02/project/Workload-Aware-Co-Optimization/WACO/SpMM/TrainingData/CollectedData/GD96_c_coord.txt
Processing shermanACb...
Runtimes for shermanACb saved to /home/s0/ml4sys02/project/Workload-Aware-Co-Optimization/WACO/SpMM/TrainingData/CollectedData/shermanACb.txt
Processing Reuters911_Day_18...
Runtimes for Reuters911_Day_18 saved to /home/s0/ml4sys02/project/Workload-Aware-Co-Optimization/WACO/SpMM/TrainingData/CollectedData/Reuters911_Day_18.txt
Processing t2dah_B...
Runtimes for t2dah_B saved to /home/s0/ml4sys02/project/Workload-Aware-Co-Optimization/WACO/SpMM/TrainingData/CollectedData/t2dah_B.txt
Processing tsyl201...
Runtimes for tsyl201 saved to /home/s0/ml4sys02/project/Workload-Aware-Co-Optimization/WACO/SpMM/TrainingData/CollectedData/tsyl201.txt
Processing mesh3e1_coord...
Runtimes for mesh3e1_coord saved to /home/s0/ml4sys02/project/Workload-Aware-Co-Optimization/WACO/SpMM/TrainingData/CollectedData/mesh3e1_coord.txt
Processing Reuters911_Day_19...
Runtimes for Reuters911_Day_19 saved to /home/s0/ml4sys02/project/Workload-Aware-Co-Optimization/WACO/SpMM/TrainingData/CollectedData/Reuters911_Day_19.txt
Processing lp_gfrd_pnc_b...
Runtimes for lp_gfrd_pnc_b saved to /home/s0/ml4sys02/project/Workload-Aware-Co-Optimization/WACO/SpMM/TrainingData/CollectedData/lp_gfrd_pnc_b.txt
Processing lp_brandy...
Runtimes for lp_brandy saved to /home/s0/ml4sys02/project/Workload-Aware-Co-Optimization/WACO/SpMM/TrainingData/CollectedData/lp_brandy.txt
Processing extr1b_A_44...
Runtimes for extr1b_A_44 saved to /home/s0/ml4sys02/project/Workload-Aware-Co-Optimization/WACO/SpMM/TrainingData/CollectedData/extr1b_A_44.txt
Processing hydr1c_A_60...
Runtimes for hydr1c_A_60 saved to /home/s0/ml4sys02/project/Workload-Aware-Co-Optimization/WACO/SpMM/TrainingData/CollectedData/hydr1c_A_60.txt
Processing lp_cre_a_c...
Runtimes for lp_cre_a_c saved to /home/s0/ml4sys02/project/Workload-Aware-Co-Optimization/WACO/SpMM/TrainingData/CollectedData/lp_cre_a_c.txt
Processing extr1b_Zeros_18...
Runtimes for extr1b_Zeros_18 saved to /home/s0/ml4sys02/project/Workload-Aware-Co-Optimization/WACO/SpMM/TrainingData/CollectedData/extr1b_Zeros_18.txt
Processing extr1b_Zeros_32...
Runtimes for extr1b_Zeros_32 saved to /home/s0/ml4sys02/project/Workload-Aware-Co-Optimization/WACO/SpMM/TrainingData/CollectedData/extr1b_Zeros_32.txt
Processing impcol_c...
Runtimes for impcol_c saved to /home/s0/ml4sys02/project/Workload-Aware-Co-Optimization/WACO/SpMM/TrainingData/CollectedData/impcol_c.txt
Processing lpi_box1_z0...
Runtimes for lpi_box1_z0 saved to /home/s0/ml4sys02/project/Workload-Aware-Co-Optimization/WACO/SpMM/TrainingData/CollectedData/lpi_box1_z0.txt
Processing hydr1c_Zeros_66...
Runtimes for hydr1c_Zeros_66 saved to /home/s0/ml4sys02/project/Workload-Aware-Co-Optimization/WACO/SpMM/TrainingData/CollectedData/hydr1c_Zeros_66.txt
Processing G65...
Runtimes for G65 saved to /home/s0/ml4sys02/project/Workload-Aware-Co-Optimization/WACO/SpMM/TrainingData/CollectedData/G65.txt
Processing hydr1c_S...
Runtimes for hydr1c_S saved to /home/s0/ml4sys02/project/Workload-Aware-Co-Optimization/WACO/SpMM/TrainingData/CollectedData/hydr1c_S.txt
Processing thermal2...
Runtimes for thermal2 saved to /home/s0/ml4sys02/project/Workload-Aware-Co-Optimization/WACO/SpMM/TrainingData/CollectedData/thermal2.txt
Processing flowmeter5_E...
Runtimes for flowmeter5_E saved to /home/s0/ml4sys02/project/Workload-Aware-Co-Optimization/WACO/SpMM/TrainingData/CollectedData/flowmeter5_E.txt
Processing can_161...
Runtimes for can_161 saved to /home/s0/ml4sys02/project/Workload-Aware-Co-Optimization/WACO/SpMM/TrainingData/CollectedData/can_161.txt
Processing LF10000_E...
Runtimes for LF10000_E saved to /home/s0/ml4sys02/project/Workload-Aware-Co-Optimization/WACO/SpMM/TrainingData/CollectedData/LF10000_E.txt
Processing hydr1c_Zeros_27...
Runtimes for hydr1c_Zeros_27 saved to /home/s0/ml4sys02/project/Workload-Aware-Co-Optimization/WACO/SpMM/TrainingData/CollectedData/hydr1c_Zeros_27.txt
Processing lshp_577...
Runtimes for lshp_577 saved to /home/s0/ml4sys02/project/Workload-Aware-Co-Optimization/WACO/SpMM/TrainingData/CollectedData/lshp_577.txt
Processing struct4...
Runtimes for struct4 saved to /home/s0/ml4sys02/project/Workload-Aware-Co-Optimization/WACO/SpMM/TrainingData/CollectedData/struct4.txt
Processing rajat31...
Runtimes for rajat31 saved to /home/s0/ml4sys02/project/Workload-Aware-Co-Optimization/WACO/SpMM/TrainingData/CollectedData/rajat31.txt
Processing G12...
Runtimes for G12 saved to /home/s0/ml4sys02/project/Workload-Aware-Co-Optimization/WACO/SpMM/TrainingData/CollectedData/G12.txt
Processing Cities...
Runtimes for Cities saved to /home/s0/ml4sys02/project/Workload-Aware-Co-Optimization/WACO/SpMM/TrainingData/CollectedData/Cities.txt
Processing cell1...
Runtimes for cell1 saved to /home/s0/ml4sys02/project/Workload-Aware-Co-Optimization/WACO/SpMM/TrainingData/CollectedData/cell1.txt
Processing lpi_bgetam_b...
Runtimes for lpi_bgetam_b saved to /home/s0/ml4sys02/project/Workload-Aware-Co-Optimization/WACO/SpMM/TrainingData/CollectedData/lpi_bgetam_b.txt
Processing qh882...
Runtimes for qh882 saved to /home/s0/ml4sys02/project/Workload-Aware-Co-Optimization/WACO/SpMM/TrainingData/CollectedData/qh882.txt
Processing hydr1c_Zeros_09...
Runtimes for hydr1c_Zeros_09 saved to /home/s0/ml4sys02/project/Workload-Aware-Co-Optimization/WACO/SpMM/TrainingData/CollectedData/hydr1c_Zeros_09.txt
Processing lpi_ex73a...
Runtimes for lpi_ex73a saved to /home/s0/ml4sys02/project/Workload-Aware-Co-Optimization/WACO/SpMM/TrainingData/CollectedData/lpi_ex73a.txt
Processing c-62...
Runtimes for c-62 saved to /home/s0/ml4sys02/project/Workload-Aware-Co-Optimization/WACO/SpMM/TrainingData/CollectedData/c-62.txt
Processing nemeth23...
Runtimes for nemeth23 saved to /home/s0/ml4sys02/project/Workload-Aware-Co-Optimization/WACO/SpMM/TrainingData/CollectedData/nemeth23.txt
Processing lp_stair_b...
Runtimes for lp_stair_b saved to /home/s0/ml4sys02/project/Workload-Aware-Co-Optimization/WACO/SpMM/TrainingData/CollectedData/lp_stair_b.txt
Processing psmigr_1...
Runtimes for psmigr_1 saved to /home/s0/ml4sys02/project/Workload-Aware-Co-Optimization/WACO/SpMM/TrainingData/CollectedData/psmigr_1.txt
Processing dwt_592...
Runtimes for dwt_592 saved to /home/s0/ml4sys02/project/Workload-Aware-Co-Optimization/WACO/SpMM/TrainingData/CollectedData/dwt_592.txt
Processing jagmesh9...
Runtimes for jagmesh9 saved to /home/s0/ml4sys02/project/Workload-Aware-Co-Optimization/WACO/SpMM/TrainingData/CollectedData/jagmesh9.txt
Processing young4c...
Runtimes for young4c saved to /home/s0/ml4sys02/project/Workload-Aware-Co-Optimization/WACO/SpMM/TrainingData/CollectedData/young4c.txt
Processing bcsstk10...
Runtimes for bcsstk10 saved to /home/s0/ml4sys02/project/Workload-Aware-Co-Optimization/WACO/SpMM/TrainingData/CollectedData/bcsstk10.txt
Processing FA...
Runtimes for FA saved to /home/s0/ml4sys02/project/Workload-Aware-Co-Optimization/WACO/SpMM/TrainingData/CollectedData/FA.txt
Processing garon2...
Runtimes for garon2 saved to /home/s0/ml4sys02/project/Workload-Aware-Co-Optimization/WACO/SpMM/TrainingData/CollectedData/garon2.txt
Processing Reuters911_Day_06...
Runtimes for Reuters911_Day_06 saved to /home/s0/ml4sys02/project/Workload-Aware-Co-Optimization/WACO/SpMM/TrainingData/CollectedData/Reuters911_Day_06.txt
Processing SmallW...
Runtimes for SmallW saved to /home/s0/ml4sys02/project/Workload-Aware-Co-Optimization/WACO/SpMM/TrainingData/CollectedData/SmallW.txt
Processing bcsstk19...
Runtimes for bcsstk19 saved to /home/s0/ml4sys02/project/Workload-Aware-Co-Optimization/WACO/SpMM/TrainingData/CollectedData/bcsstk19.txt
Processing rajat13...
Runtimes for rajat13 saved to /home/s0/ml4sys02/project/Workload-Aware-Co-Optimization/WACO/SpMM/TrainingData/CollectedData/rajat13.txt
Processing sherman3_b...
Runtimes for sherman3_b saved to /home/s0/ml4sys02/project/Workload-Aware-Co-Optimization/WACO/SpMM/TrainingData/CollectedData/sherman3_b.txt
Processing Reuters911_Day_02...
Runtimes for Reuters911_Day_02 saved to /home/s0/ml4sys02/project/Workload-Aware-Co-Optimization/WACO/SpMM/TrainingData/CollectedData/Reuters911_Day_02.txt
Processing chipcool0_E...
Runtimes for chipcool0_E saved to /home/s0/ml4sys02/project/Workload-Aware-Co-Optimization/WACO/SpMM/TrainingData/CollectedData/chipcool0_E.txt
Processing extr1b_Zeros_19...
Runtimes for extr1b_Zeros_19 saved to /home/s0/ml4sys02/project/Workload-Aware-Co-Optimization/WACO/SpMM/TrainingData/CollectedData/extr1b_Zeros_19.txt
Processing Ragusa16_coord...
Runtimes for Ragusa16_coord saved to /home/s0/ml4sys02/project/Workload-Aware-Co-Optimization/WACO/SpMM/TrainingData/CollectedData/Ragusa16_coord.txt
Processing t3dl_a...
Runtimes for t3dl_a saved to /home/s0/ml4sys02/project/Workload-Aware-Co-Optimization/WACO/SpMM/TrainingData/CollectedData/t3dl_a.txt
Processing lshp3466...
Runtimes for lshp3466 saved to /home/s0/ml4sys02/project/Workload-Aware-Co-Optimization/WACO/SpMM/TrainingData/CollectedData/lshp3466.txt
Runtime generation completed. Check /home/s0/ml4sys02/project/Workload-Aware-Co-Optimization/WACO/SpMM/TrainingData/CollectedData for results and error.log for issues.
