Processing bmw7st_1...
Runtimes for bmw7st_1 saved to /home/s0/ml4sys02/project/Workload-Aware-Co-Optimization/WACO/SpMM/TrainingData/CollectedData/bmw7st_1.txt
Processing GD99_c_partition...
Runtimes for GD99_c_partition saved to /home/s0/ml4sys02/project/Workload-Aware-Co-Optimization/WACO/SpMM/TrainingData/CollectedData/GD99_c_partition.txt
Processing t2dal_bci_C...
Runtimes for t2dal_bci_C saved to /home/s0/ml4sys02/project/Workload-Aware-Co-Optimization/WACO/SpMM/TrainingData/CollectedData/t2dal_bci_C.txt
Processing piston_M...
Runtimes for piston_M saved to /home/s0/ml4sys02/project/Workload-Aware-Co-Optimization/WACO/SpMM/TrainingData/CollectedData/piston_M.txt
Processing lpi_refinery_b...
Runtimes for lpi_refinery_b saved to /home/s0/ml4sys02/project/Workload-Aware-Co-Optimization/WACO/SpMM/TrainingData/CollectedData/lpi_refinery_b.txt
Processing lpi_pang_b...
Runtimes for lpi_pang_b saved to /home/s0/ml4sys02/project/Workload-Aware-Co-Optimization/WACO/SpMM/TrainingData/CollectedData/lpi_pang_b.txt
Processing c-67b_b...
Runtimes for c-67b_b saved to /home/s0/ml4sys02/project/Workload-Aware-Co-Optimization/WACO/SpMM/TrainingData/CollectedData/c-67b_b.txt
Processing landmark...
Runtimes for landmark saved to /home/s0/ml4sys02/project/Workload-Aware-Co-Optimization/WACO/SpMM/TrainingData/CollectedData/landmark.txt
Processing Hamrle2_b...
Runtimes for Hamrle2_b saved to /home/s0/ml4sys02/project/Workload-Aware-Co-Optimization/WACO/SpMM/TrainingData/CollectedData/Hamrle2_b.txt
Processing eris1176...
Runtimes for eris1176 saved to /home/s0/ml4sys02/project/Workload-Aware-Co-Optimization/WACO/SpMM/TrainingData/CollectedData/eris1176.txt
Processing rajat06...
Runtimes for rajat06 saved to /home/s0/ml4sys02/project/Workload-Aware-Co-Optimization/WACO/SpMM/TrainingData/CollectedData/rajat06.txt
Processing hood...
Runtimes for hood saved to /home/s0/ml4sys02/project/Workload-Aware-Co-Optimization/WACO/SpMM/TrainingData/CollectedData/hood.txt
Processing g7jac200...
Runtimes for g7jac200 saved to /home/s0/ml4sys02/project/Workload-Aware-Co-Optimization/WACO/SpMM/TrainingData/CollectedData/g7jac200.txt
Processing barth4...
Runtimes for barth4 saved to /home/s0/ml4sys02/project/Workload-Aware-Co-Optimization/WACO/SpMM/TrainingData/CollectedData/barth4.txt
Processing d_ss_b...
Runtimes for d_ss_b saved to /home/s0/ml4sys02/project/Workload-Aware-Co-Optimization/WACO/SpMM/TrainingData/CollectedData/d_ss_b.txt
Processing jan99jac080sc_x...
Runtimes for jan99jac080sc_x saved to /home/s0/ml4sys02/project/Workload-Aware-Co-Optimization/WACO/SpMM/TrainingData/CollectedData/jan99jac080sc_x.txt
Processing para-9_b...
Runtimes for para-9_b saved to /home/s0/ml4sys02/project/Workload-Aware-Co-Optimization/WACO/SpMM/TrainingData/CollectedData/para-9_b.txt
Processing lpi_mondou2_lo...
Runtimes for lpi_mondou2_lo saved to /home/s0/ml4sys02/project/Workload-Aware-Co-Optimization/WACO/SpMM/TrainingData/CollectedData/lpi_mondou2_lo.txt
Processing jan99jac060sc_x...
Runtimes for jan99jac060sc_x saved to /home/s0/ml4sys02/project/Workload-Aware-Co-Optimization/WACO/SpMM/TrainingData/CollectedData/jan99jac060sc_x.txt
Processing extr1b_Zeros_06...
Runtimes for extr1b_Zeros_06 saved to /home/s0/ml4sys02/project/Workload-Aware-Co-Optimization/WACO/SpMM/TrainingData/CollectedData/extr1b_Zeros_06.txt
Processing psmigr_3...
Runtimes for psmigr_3 saved to /home/s0/ml4sys02/project/Workload-Aware-Co-Optimization/WACO/SpMM/TrainingData/CollectedData/psmigr_3.txt
Processing hydr1c_Zeros_23...
Runtimes for hydr1c_Zeros_23 saved to /home/s0/ml4sys02/project/Workload-Aware-Co-Optimization/WACO/SpMM/TrainingData/CollectedData/hydr1c_Zeros_23.txt
Processing cavity24...
Runtimes for cavity24 saved to /home/s0/ml4sys02/project/Workload-Aware-Co-Optimization/WACO/SpMM/TrainingData/CollectedData/cavity24.txt
Processing lpl1...
Runtimes for lpl1 saved to /home/s0/ml4sys02/project/Workload-Aware-Co-Optimization/WACO/SpMM/TrainingData/CollectedData/lpl1.txt
Processing extr1b_A_01...
Runtimes for extr1b_A_01 saved to /home/s0/ml4sys02/project/Workload-Aware-Co-Optimization/WACO/SpMM/TrainingData/CollectedData/extr1b_A_01.txt
Processing lpi_mondou2_hi...
Runtimes for lpi_mondou2_hi saved to /home/s0/ml4sys02/project/Workload-Aware-Co-Optimization/WACO/SpMM/TrainingData/CollectedData/lpi_mondou2_hi.txt
Processing lp_share2b_z0...
Runtimes for lp_share2b_z0 saved to /home/s0/ml4sys02/project/Workload-Aware-Co-Optimization/WACO/SpMM/TrainingData/CollectedData/lp_share2b_z0.txt
Processing patents_main_appyear...
Runtimes for patents_main_appyear saved to /home/s0/ml4sys02/project/Workload-Aware-Co-Optimization/WACO/SpMM/TrainingData/CollectedData/patents_main_appyear.txt
Processing lp_pds_06_b...
Runtimes for lp_pds_06_b saved to /home/s0/ml4sys02/project/Workload-Aware-Co-Optimization/WACO/SpMM/TrainingData/CollectedData/lp_pds_06_b.txt
Processing lp_share2b_hi...
Runtimes for lp_share2b_hi saved to /home/s0/ml4sys02/project/Workload-Aware-Co-Optimization/WACO/SpMM/TrainingData/CollectedData/lp_share2b_hi.txt
Processing poisson3Db...
Runtimes for poisson3Db saved to /home/s0/ml4sys02/project/Workload-Aware-Co-Optimization/WACO/SpMM/TrainingData/CollectedData/poisson3Db.txt
Processing lp_nug06_c...
Runtimes for lp_nug06_c saved to /home/s0/ml4sys02/project/Workload-Aware-Co-Optimization/WACO/SpMM/TrainingData/CollectedData/lp_nug06_c.txt
Processing circuit_1_x...
Runtimes for circuit_1_x saved to /home/s0/ml4sys02/project/Workload-Aware-Co-Optimization/WACO/SpMM/TrainingData/CollectedData/circuit_1_x.txt
Processing lpi_gosh_hi...
Runtimes for lpi_gosh_hi saved to /home/s0/ml4sys02/project/Workload-Aware-Co-Optimization/WACO/SpMM/TrainingData/CollectedData/lpi_gosh_hi.txt
Processing SmaGri...
Runtimes for SmaGri saved to /home/s0/ml4sys02/project/Workload-Aware-Co-Optimization/WACO/SpMM/TrainingData/CollectedData/SmaGri.txt
Processing 2D_54019_highK...
Runtimes for 2D_54019_highK saved to /home/s0/ml4sys02/project/Workload-Aware-Co-Optimization/WACO/SpMM/TrainingData/CollectedData/2D_54019_highK.txt
Processing Reuters911_Day_29...
Runtimes for Reuters911_Day_29 saved to /home/s0/ml4sys02/project/Workload-Aware-Co-Optimization/WACO/SpMM/TrainingData/CollectedData/Reuters911_Day_29.txt
Processing nos1...
Runtimes for nos1 saved to /home/s0/ml4sys02/project/Workload-Aware-Co-Optimization/WACO/SpMM/TrainingData/CollectedData/nos1.txt
Processing para-4_b...
Runtimes for para-4_b saved to /home/s0/ml4sys02/project/Workload-Aware-Co-Optimization/WACO/SpMM/TrainingData/CollectedData/para-4_b.txt
Processing hydr1c_Zeros_47...
Runtimes for hydr1c_Zeros_47 saved to /home/s0/ml4sys02/project/Workload-Aware-Co-Optimization/WACO/SpMM/TrainingData/CollectedData/hydr1c_Zeros_47.txt
Processing lpi_bgetam_hi...
Runtimes for lpi_bgetam_hi saved to /home/s0/ml4sys02/project/Workload-Aware-Co-Optimization/WACO/SpMM/TrainingData/CollectedData/lpi_bgetam_hi.txt
Processing rail_5177_C...
Runtimes for rail_5177_C saved to /home/s0/ml4sys02/project/Workload-Aware-Co-Optimization/WACO/SpMM/TrainingData/CollectedData/rail_5177_C.txt
Processing hydr1c_A_69...
Runtimes for hydr1c_A_69 saved to /home/s0/ml4sys02/project/Workload-Aware-Co-Optimization/WACO/SpMM/TrainingData/CollectedData/hydr1c_A_69.txt
Processing rajat20...
Runtimes for rajat20 saved to /home/s0/ml4sys02/project/Workload-Aware-Co-Optimization/WACO/SpMM/TrainingData/CollectedData/rajat20.txt
Processing Stanford_Berkeley...
Runtimes for Stanford_Berkeley saved to /home/s0/ml4sys02/project/Workload-Aware-Co-Optimization/WACO/SpMM/TrainingData/CollectedData/Stanford_Berkeley.txt
Processing beacxc...
Runtimes for beacxc saved to /home/s0/ml4sys02/project/Workload-Aware-Co-Optimization/WACO/SpMM/TrainingData/CollectedData/beacxc.txt
Processing rajat22...
Runtimes for rajat22 saved to /home/s0/ml4sys02/project/Workload-Aware-Co-Optimization/WACO/SpMM/TrainingData/CollectedData/rajat22.txt
Processing nos4...
Runtimes for nos4 saved to /home/s0/ml4sys02/project/Workload-Aware-Co-Optimization/WACO/SpMM/TrainingData/CollectedData/nos4.txt
Processing extr1b_Zeros_40...
Runtimes for extr1b_Zeros_40 saved to /home/s0/ml4sys02/project/Workload-Aware-Co-Optimization/WACO/SpMM/TrainingData/CollectedData/extr1b_Zeros_40.txt
Processing Ragusa16...
Runtimes for Ragusa16 saved to /home/s0/ml4sys02/project/Workload-Aware-Co-Optimization/WACO/SpMM/TrainingData/CollectedData/Ragusa16.txt
Processing rajat21...
Runtimes for rajat21 saved to /home/s0/ml4sys02/project/Workload-Aware-Co-Optimization/WACO/SpMM/TrainingData/CollectedData/rajat21.txt
Processing lp_nug07_b...
Runtimes for lp_nug07_b saved to /home/s0/ml4sys02/project/Workload-Aware-Co-Optimization/WACO/SpMM/TrainingData/CollectedData/lp_nug07_b.txt
Processing lp_perold_hi...
Runtimes for lp_perold_hi saved to /home/s0/ml4sys02/project/Workload-Aware-Co-Optimization/WACO/SpMM/TrainingData/CollectedData/lp_perold_hi.txt
Processing bcsstk22...
Runtimes for bcsstk22 saved to /home/s0/ml4sys02/project/Workload-Aware-Co-Optimization/WACO/SpMM/TrainingData/CollectedData/bcsstk22.txt
Processing trdheim...
Runtimes for trdheim saved to /home/s0/ml4sys02/project/Workload-Aware-Co-Optimization/WACO/SpMM/TrainingData/CollectedData/trdheim.txt
Processing extr1b_Zeros_16...
Runtimes for extr1b_Zeros_16 saved to /home/s0/ml4sys02/project/Workload-Aware-Co-Optimization/WACO/SpMM/TrainingData/CollectedData/extr1b_Zeros_16.txt
Processing lhr14...
Runtimes for lhr14 saved to /home/s0/ml4sys02/project/Workload-Aware-Co-Optimization/WACO/SpMM/TrainingData/CollectedData/lhr14.txt
Processing aug3d...
Runtimes for aug3d saved to /home/s0/ml4sys02/project/Workload-Aware-Co-Optimization/WACO/SpMM/TrainingData/CollectedData/aug3d.txt
Processing bcsstm07...
Runtimes for bcsstm07 saved to /home/s0/ml4sys02/project/Workload-Aware-Co-Optimization/WACO/SpMM/TrainingData/CollectedData/bcsstm07.txt
Processing heart2...
Runtimes for heart2 saved to /home/s0/ml4sys02/project/Workload-Aware-Co-Optimization/WACO/SpMM/TrainingData/CollectedData/heart2.txt
Processing adder_dcop_02...
Runtimes for adder_dcop_02 saved to /home/s0/ml4sys02/project/Workload-Aware-Co-Optimization/WACO/SpMM/TrainingData/CollectedData/adder_dcop_02.txt
Processing Stranke94_coord...
Runtimes for Stranke94_coord saved to /home/s0/ml4sys02/project/Workload-Aware-Co-Optimization/WACO/SpMM/TrainingData/CollectedData/Stranke94_coord.txt
Processing cavity20_x...
Runtimes for cavity20_x saved to /home/s0/ml4sys02/project/Workload-Aware-Co-Optimization/WACO/SpMM/TrainingData/CollectedData/cavity20_x.txt
Processing GD98_a...
Runtimes for GD98_a saved to /home/s0/ml4sys02/project/Workload-Aware-Co-Optimization/WACO/SpMM/TrainingData/CollectedData/GD98_a.txt
Processing dwt_492...
Runtimes for dwt_492 saved to /home/s0/ml4sys02/project/Workload-Aware-Co-Optimization/WACO/SpMM/TrainingData/CollectedData/dwt_492.txt
Processing GD00_a_coord...
Runtimes for GD00_a_coord saved to /home/s0/ml4sys02/project/Workload-Aware-Co-Optimization/WACO/SpMM/TrainingData/CollectedData/GD00_a_coord.txt
Processing mark3jac040...
Runtimes for mark3jac040 saved to /home/s0/ml4sys02/project/Workload-Aware-Co-Optimization/WACO/SpMM/TrainingData/CollectedData/mark3jac040.txt
Processing hydr1c_Zeros_36...
Runtimes for hydr1c_Zeros_36 saved to /home/s0/ml4sys02/project/Workload-Aware-Co-Optimization/WACO/SpMM/TrainingData/CollectedData/hydr1c_Zeros_36.txt
Processing mri1...
Runtimes for mri1 saved to /home/s0/ml4sys02/project/Workload-Aware-Co-Optimization/WACO/SpMM/TrainingData/CollectedData/mri1.txt
Processing Reuters911_Day_39...
Runtimes for Reuters911_Day_39 saved to /home/s0/ml4sys02/project/Workload-Aware-Co-Optimization/WACO/SpMM/TrainingData/CollectedData/Reuters911_Day_39.txt
Processing cavity18...
Runtimes for cavity18 saved to /home/s0/ml4sys02/project/Workload-Aware-Co-Optimization/WACO/SpMM/TrainingData/CollectedData/cavity18.txt
Processing cdde2...
Runtimes for cdde2 saved to /home/s0/ml4sys02/project/Workload-Aware-Co-Optimization/WACO/SpMM/TrainingData/CollectedData/cdde2.txt
Processing Reuters911_Day_30...
Runtimes for Reuters911_Day_30 saved to /home/s0/ml4sys02/project/Workload-Aware-Co-Optimization/WACO/SpMM/TrainingData/CollectedData/Reuters911_Day_30.txt
Processing c-54...
Runtimes for c-54 saved to /home/s0/ml4sys02/project/Workload-Aware-Co-Optimization/WACO/SpMM/TrainingData/CollectedData/c-54.txt
Processing hydr1c_A_56...
Runtimes for hydr1c_A_56 saved to /home/s0/ml4sys02/project/Workload-Aware-Co-Optimization/WACO/SpMM/TrainingData/CollectedData/hydr1c_A_56.txt
Processing jagmesh6...
Runtimes for jagmesh6 saved to /home/s0/ml4sys02/project/Workload-Aware-Co-Optimization/WACO/SpMM/TrainingData/CollectedData/jagmesh6.txt
Processing beause...
Runtimes for beause saved to /home/s0/ml4sys02/project/Workload-Aware-Co-Optimization/WACO/SpMM/TrainingData/CollectedData/beause.txt
Processing rail_1357_E...
Runtimes for rail_1357_E saved to /home/s0/ml4sys02/project/Workload-Aware-Co-Optimization/WACO/SpMM/TrainingData/CollectedData/rail_1357_E.txt
Processing cfd1...
Runtimes for cfd1 saved to /home/s0/ml4sys02/project/Workload-Aware-Co-Optimization/WACO/SpMM/TrainingData/CollectedData/cfd1.txt
Processing barrier2-4_b...
Runtimes for barrier2-4_b saved to /home/s0/ml4sys02/project/Workload-Aware-Co-Optimization/WACO/SpMM/TrainingData/CollectedData/barrier2-4_b.txt
Processing lp_scfxm3_hi...
Runtimes for lp_scfxm3_hi saved to /home/s0/ml4sys02/project/Workload-Aware-Co-Optimization/WACO/SpMM/TrainingData/CollectedData/lp_scfxm3_hi.txt
Processing sphere2...
Runtimes for sphere2 saved to /home/s0/ml4sys02/project/Workload-Aware-Co-Optimization/WACO/SpMM/TrainingData/CollectedData/sphere2.txt
Processing jan99jac020_x...
Runtimes for jan99jac020_x saved to /home/s0/ml4sys02/project/Workload-Aware-Co-Optimization/WACO/SpMM/TrainingData/CollectedData/jan99jac020_x.txt
Processing G61...
Runtimes for G61 saved to /home/s0/ml4sys02/project/Workload-Aware-Co-Optimization/WACO/SpMM/TrainingData/CollectedData/G61.txt
Processing barrier2-4...
Runtimes for barrier2-4 saved to /home/s0/ml4sys02/project/Workload-Aware-Co-Optimization/WACO/SpMM/TrainingData/CollectedData/barrier2-4.txt
Processing utm5940_b...
Runtimes for utm5940_b saved to /home/s0/ml4sys02/project/Workload-Aware-Co-Optimization/WACO/SpMM/TrainingData/CollectedData/utm5940_b.txt
Processing fpga_dcop_45_b...
Runtimes for fpga_dcop_45_b saved to /home/s0/ml4sys02/project/Workload-Aware-Co-Optimization/WACO/SpMM/TrainingData/CollectedData/fpga_dcop_45_b.txt
Processing patents_main_cat...
Runtimes for patents_main_cat saved to /home/s0/ml4sys02/project/Workload-Aware-Co-Optimization/WACO/SpMM/TrainingData/CollectedData/patents_main_cat.txt
Processing dwt_346...
Runtimes for dwt_346 saved to /home/s0/ml4sys02/project/Workload-Aware-Co-Optimization/WACO/SpMM/TrainingData/CollectedData/dwt_346.txt
Processing hydr1c_Zeros_55...
Runtimes for hydr1c_Zeros_55 saved to /home/s0/ml4sys02/project/Workload-Aware-Co-Optimization/WACO/SpMM/TrainingData/CollectedData/hydr1c_Zeros_55.txt
Processing extr1b_A_13...
Runtimes for extr1b_A_13 saved to /home/s0/ml4sys02/project/Workload-Aware-Co-Optimization/WACO/SpMM/TrainingData/CollectedData/extr1b_A_13.txt
Processing Reuters911_Day_51...
Runtimes for Reuters911_Day_51 saved to /home/s0/ml4sys02/project/Workload-Aware-Co-Optimization/WACO/SpMM/TrainingData/CollectedData/Reuters911_Day_51.txt
Processing G23...
Runtimes for G23 saved to /home/s0/ml4sys02/project/Workload-Aware-Co-Optimization/WACO/SpMM/TrainingData/CollectedData/G23.txt
Processing ex29...
Runtimes for ex29 saved to /home/s0/ml4sys02/project/Workload-Aware-Co-Optimization/WACO/SpMM/TrainingData/CollectedData/ex29.txt
Processing heart3...
Runtimes for heart3 saved to /home/s0/ml4sys02/project/Workload-Aware-Co-Optimization/WACO/SpMM/TrainingData/CollectedData/heart3.txt
Processing mri2_b...
Runtimes for mri2_b saved to /home/s0/ml4sys02/project/Workload-Aware-Co-Optimization/WACO/SpMM/TrainingData/CollectedData/mri2_b.txt
Processing t2dal_bci_E...
Runtimes for t2dal_bci_E saved to /home/s0/ml4sys02/project/Workload-Aware-Co-Optimization/WACO/SpMM/TrainingData/CollectedData/t2dal_bci_E.txt
Processing lp_brandy_b...
Runtimes for lp_brandy_b saved to /home/s0/ml4sys02/project/Workload-Aware-Co-Optimization/WACO/SpMM/TrainingData/CollectedData/lp_brandy_b.txt
Processing lshp_265...
Runtimes for lshp_265 saved to /home/s0/ml4sys02/project/Workload-Aware-Co-Optimization/WACO/SpMM/TrainingData/CollectedData/lshp_265.txt
Processing hydr1c_A_07...
Runtimes for hydr1c_A_07 saved to /home/s0/ml4sys02/project/Workload-Aware-Co-Optimization/WACO/SpMM/TrainingData/CollectedData/hydr1c_A_07.txt
Processing Reuters911_Day_32...
Runtimes for Reuters911_Day_32 saved to /home/s0/ml4sys02/project/Workload-Aware-Co-Optimization/WACO/SpMM/TrainingData/CollectedData/Reuters911_Day_32.txt
Processing bcsstk24...
Runtimes for bcsstk24 saved to /home/s0/ml4sys02/project/Workload-Aware-Co-Optimization/WACO/SpMM/TrainingData/CollectedData/bcsstk24.txt
Processing ibm32...
Runtimes for ibm32 saved to /home/s0/ml4sys02/project/Workload-Aware-Co-Optimization/WACO/SpMM/TrainingData/CollectedData/ibm32.txt
Processing ex13...
Runtimes for ex13 saved to /home/s0/ml4sys02/project/Workload-Aware-Co-Optimization/WACO/SpMM/TrainingData/CollectedData/ex13.txt
Processing west0132...
Runtimes for west0132 saved to /home/s0/ml4sys02/project/Workload-Aware-Co-Optimization/WACO/SpMM/TrainingData/CollectedData/west0132.txt
Processing t3dl_e...
Runtimes for t3dl_e saved to /home/s0/ml4sys02/project/Workload-Aware-Co-Optimization/WACO/SpMM/TrainingData/CollectedData/t3dl_e.txt
Processing GD06_theory...
Runtimes for GD06_theory saved to /home/s0/ml4sys02/project/Workload-Aware-Co-Optimization/WACO/SpMM/TrainingData/CollectedData/GD06_theory.txt
Processing Reuters911_Day_01...
Runtimes for Reuters911_Day_01 saved to /home/s0/ml4sys02/project/Workload-Aware-Co-Optimization/WACO/SpMM/TrainingData/CollectedData/Reuters911_Day_01.txt
Processing patents_main...
Runtimes for patents_main saved to /home/s0/ml4sys02/project/Workload-Aware-Co-Optimization/WACO/SpMM/TrainingData/CollectedData/patents_main.txt
Processing 685_bus...
Runtimes for 685_bus saved to /home/s0/ml4sys02/project/Workload-Aware-Co-Optimization/WACO/SpMM/TrainingData/CollectedData/685_bus.txt
Processing Reuters911_Day_58...
Runtimes for Reuters911_Day_58 saved to /home/s0/ml4sys02/project/Workload-Aware-Co-Optimization/WACO/SpMM/TrainingData/CollectedData/Reuters911_Day_58.txt
Processing tub1000...
Runtimes for tub1000 saved to /home/s0/ml4sys02/project/Workload-Aware-Co-Optimization/WACO/SpMM/TrainingData/CollectedData/tub1000.txt
Processing lp_dfl001_b...
Runtimes for lp_dfl001_b saved to /home/s0/ml4sys02/project/Workload-Aware-Co-Optimization/WACO/SpMM/TrainingData/CollectedData/lp_dfl001_b.txt
Processing LF10000_C...
Runtimes for LF10000_C saved to /home/s0/ml4sys02/project/Workload-Aware-Co-Optimization/WACO/SpMM/TrainingData/CollectedData/LF10000_C.txt
Processing dwt_310...
Runtimes for dwt_310 saved to /home/s0/ml4sys02/project/Workload-Aware-Co-Optimization/WACO/SpMM/TrainingData/CollectedData/dwt_310.txt
Processing cavity02...
Runtimes for cavity02 saved to /home/s0/ml4sys02/project/Workload-Aware-Co-Optimization/WACO/SpMM/TrainingData/CollectedData/cavity02.txt
Processing c-34...
Runtimes for c-34 saved to /home/s0/ml4sys02/project/Workload-Aware-Co-Optimization/WACO/SpMM/TrainingData/CollectedData/c-34.txt
Processing lshp2614...
Runtimes for lshp2614 saved to /home/s0/ml4sys02/project/Workload-Aware-Co-Optimization/WACO/SpMM/TrainingData/CollectedData/lshp2614.txt
Processing lhr07...
Runtimes for lhr07 saved to /home/s0/ml4sys02/project/Workload-Aware-Co-Optimization/WACO/SpMM/TrainingData/CollectedData/lhr07.txt
Processing mesh2e1_coord...
Runtimes for mesh2e1_coord saved to /home/s0/ml4sys02/project/Workload-Aware-Co-Optimization/WACO/SpMM/TrainingData/CollectedData/mesh2e1_coord.txt
Processing boyd2_b...
Runtimes for boyd2_b saved to /home/s0/ml4sys02/project/Workload-Aware-Co-Optimization/WACO/SpMM/TrainingData/CollectedData/boyd2_b.txt
Processing hydr1c_Zeros_24...
Runtimes for hydr1c_Zeros_24 saved to /home/s0/ml4sys02/project/Workload-Aware-Co-Optimization/WACO/SpMM/TrainingData/CollectedData/hydr1c_Zeros_24.txt
Processing c-65_b...
Runtimes for c-65_b saved to /home/s0/ml4sys02/project/Workload-Aware-Co-Optimization/WACO/SpMM/TrainingData/CollectedData/c-65_b.txt
Processing fs_541_1...
Runtimes for fs_541_1 saved to /home/s0/ml4sys02/project/Workload-Aware-Co-Optimization/WACO/SpMM/TrainingData/CollectedData/fs_541_1.txt
Processing bayer02_b...
Runtimes for bayer02_b saved to /home/s0/ml4sys02/project/Workload-Aware-Co-Optimization/WACO/SpMM/TrainingData/CollectedData/bayer02_b.txt
Processing lp_israel_b...
Runtimes for lp_israel_b saved to /home/s0/ml4sys02/project/Workload-Aware-Co-Optimization/WACO/SpMM/TrainingData/CollectedData/lp_israel_b.txt
Processing lpi_bgetam_z0...
Runtimes for lpi_bgetam_z0 saved to /home/s0/ml4sys02/project/Workload-Aware-Co-Optimization/WACO/SpMM/TrainingData/CollectedData/lpi_bgetam_z0.txt
Processing lp_nug30_b...
Runtimes for lp_nug30_b saved to /home/s0/ml4sys02/project/Workload-Aware-Co-Optimization/WACO/SpMM/TrainingData/CollectedData/lp_nug30_b.txt
Processing twotone...
Runtimes for twotone saved to /home/s0/ml4sys02/project/Workload-Aware-Co-Optimization/WACO/SpMM/TrainingData/CollectedData/twotone.txt
Processing lpi_gosh_lo...
Runtimes for lpi_gosh_lo saved to /home/s0/ml4sys02/project/Workload-Aware-Co-Optimization/WACO/SpMM/TrainingData/CollectedData/lpi_gosh_lo.txt
Processing Si10H16...
Runtimes for Si10H16 saved to /home/s0/ml4sys02/project/Workload-Aware-Co-Optimization/WACO/SpMM/TrainingData/CollectedData/Si10H16.txt
Processing cavity13_b...
Runtimes for cavity13_b saved to /home/s0/ml4sys02/project/Workload-Aware-Co-Optimization/WACO/SpMM/TrainingData/CollectedData/cavity13_b.txt
Processing cavity17_b...
Runtimes for cavity17_b saved to /home/s0/ml4sys02/project/Workload-Aware-Co-Optimization/WACO/SpMM/TrainingData/CollectedData/cavity17_b.txt
Processing c-67...
Runtimes for c-67 saved to /home/s0/ml4sys02/project/Workload-Aware-Co-Optimization/WACO/SpMM/TrainingData/CollectedData/c-67.txt
Processing mark3jac060sc...
Runtimes for mark3jac060sc saved to /home/s0/ml4sys02/project/Workload-Aware-Co-Optimization/WACO/SpMM/TrainingData/CollectedData/mark3jac060sc.txt
Processing flowmeter5...
Runtimes for flowmeter5 saved to /home/s0/ml4sys02/project/Workload-Aware-Co-Optimization/WACO/SpMM/TrainingData/CollectedData/flowmeter5.txt
Processing Sandi_authors...
Runtimes for Sandi_authors saved to /home/s0/ml4sys02/project/Workload-Aware-Co-Optimization/WACO/SpMM/TrainingData/CollectedData/Sandi_authors.txt
Processing c-41_b...
Runtimes for c-41_b saved to /home/s0/ml4sys02/project/Workload-Aware-Co-Optimization/WACO/SpMM/TrainingData/CollectedData/c-41_b.txt
Processing bfwa62...
Runtimes for bfwa62 saved to /home/s0/ml4sys02/project/Workload-Aware-Co-Optimization/WACO/SpMM/TrainingData/CollectedData/bfwa62.txt
Processing shipsec1...
Runtimes for shipsec1 saved to /home/s0/ml4sys02/project/Workload-Aware-Co-Optimization/WACO/SpMM/TrainingData/CollectedData/shipsec1.txt
Processing pwtk...
Runtimes for pwtk saved to /home/s0/ml4sys02/project/Workload-Aware-Co-Optimization/WACO/SpMM/TrainingData/CollectedData/pwtk.txt
Processing para-10...
Runtimes for para-10 saved to /home/s0/ml4sys02/project/Workload-Aware-Co-Optimization/WACO/SpMM/TrainingData/CollectedData/para-10.txt
Processing bcsstm22...
Runtimes for bcsstm22 saved to /home/s0/ml4sys02/project/Workload-Aware-Co-Optimization/WACO/SpMM/TrainingData/CollectedData/bcsstm22.txt
Processing fpga_dcop_34_b...
Runtimes for fpga_dcop_34_b saved to /home/s0/ml4sys02/project/Workload-Aware-Co-Optimization/WACO/SpMM/TrainingData/CollectedData/fpga_dcop_34_b.txt
Processing lp_brandy_lo...
Runtimes for lp_brandy_lo saved to /home/s0/ml4sys02/project/Workload-Aware-Co-Optimization/WACO/SpMM/TrainingData/CollectedData/lp_brandy_lo.txt
Processing dwt_878...
Runtimes for dwt_878 saved to /home/s0/ml4sys02/project/Workload-Aware-Co-Optimization/WACO/SpMM/TrainingData/CollectedData/dwt_878.txt
Processing bayer10...
Runtimes for bayer10 saved to /home/s0/ml4sys02/project/Workload-Aware-Co-Optimization/WACO/SpMM/TrainingData/CollectedData/bayer10.txt
Processing lp_afiro_lo...
Runtimes for lp_afiro_lo saved to /home/s0/ml4sys02/project/Workload-Aware-Co-Optimization/WACO/SpMM/TrainingData/CollectedData/lp_afiro_lo.txt
Processing fxm4_6...
Runtimes for fxm4_6 saved to /home/s0/ml4sys02/project/Workload-Aware-Co-Optimization/WACO/SpMM/TrainingData/CollectedData/fxm4_6.txt
Processing lpi_refinery_z0...
Runtimes for lpi_refinery_z0 saved to /home/s0/ml4sys02/project/Workload-Aware-Co-Optimization/WACO/SpMM/TrainingData/CollectedData/lpi_refinery_z0.txt
Processing G42...
Runtimes for G42 saved to /home/s0/ml4sys02/project/Workload-Aware-Co-Optimization/WACO/SpMM/TrainingData/CollectedData/G42.txt
Processing Reuters911_Day_64...
Runtimes for Reuters911_Day_64 saved to /home/s0/ml4sys02/project/Workload-Aware-Co-Optimization/WACO/SpMM/TrainingData/CollectedData/Reuters911_Day_64.txt
Processing dwt_2680...
Runtimes for dwt_2680 saved to /home/s0/ml4sys02/project/Workload-Aware-Co-Optimization/WACO/SpMM/TrainingData/CollectedData/dwt_2680.txt
Processing circuit_4...
Runtimes for circuit_4 saved to /home/s0/ml4sys02/project/Workload-Aware-Co-Optimization/WACO/SpMM/TrainingData/CollectedData/circuit_4.txt
Processing s3dkt3m2_coord...
Runtimes for s3dkt3m2_coord saved to /home/s0/ml4sys02/project/Workload-Aware-Co-Optimization/WACO/SpMM/TrainingData/CollectedData/s3dkt3m2_coord.txt
Processing fpga_dcop_25_b...
Runtimes for fpga_dcop_25_b saved to /home/s0/ml4sys02/project/Workload-Aware-Co-Optimization/WACO/SpMM/TrainingData/CollectedData/fpga_dcop_25_b.txt
Processing lp_pilot87_z0...
Runtimes for lp_pilot87_z0 saved to /home/s0/ml4sys02/project/Workload-Aware-Co-Optimization/WACO/SpMM/TrainingData/CollectedData/lp_pilot87_z0.txt
Processing af_shell5_b...
Runtimes for af_shell5_b saved to /home/s0/ml4sys02/project/Workload-Aware-Co-Optimization/WACO/SpMM/TrainingData/CollectedData/af_shell5_b.txt
Processing cavity05_b...
Runtimes for cavity05_b saved to /home/s0/ml4sys02/project/Workload-Aware-Co-Optimization/WACO/SpMM/TrainingData/CollectedData/cavity05_b.txt
Processing GD00_c_coord...
Runtimes for GD00_c_coord saved to /home/s0/ml4sys02/project/Workload-Aware-Co-Optimization/WACO/SpMM/TrainingData/CollectedData/GD00_c_coord.txt
Processing Kohonen_pubyear...
Runtimes for Kohonen_pubyear saved to /home/s0/ml4sys02/project/Workload-Aware-Co-Optimization/WACO/SpMM/TrainingData/CollectedData/Kohonen_pubyear.txt
Processing lock1074...
Runtimes for lock1074 saved to /home/s0/ml4sys02/project/Workload-Aware-Co-Optimization/WACO/SpMM/TrainingData/CollectedData/lock1074.txt
Processing sinc18_b...
Runtimes for sinc18_b saved to /home/s0/ml4sys02/project/Workload-Aware-Co-Optimization/WACO/SpMM/TrainingData/CollectedData/sinc18_b.txt
Processing Reuters911_Day_16...
Runtimes for Reuters911_Day_16 saved to /home/s0/ml4sys02/project/Workload-Aware-Co-Optimization/WACO/SpMM/TrainingData/CollectedData/Reuters911_Day_16.txt
Processing mark3jac020...
Runtimes for mark3jac020 saved to /home/s0/ml4sys02/project/Workload-Aware-Co-Optimization/WACO/SpMM/TrainingData/CollectedData/mark3jac020.txt
Processing cavity22...
Runtimes for cavity22 saved to /home/s0/ml4sys02/project/Workload-Aware-Co-Optimization/WACO/SpMM/TrainingData/CollectedData/cavity22.txt
Processing Wordnet3_category...
Runtimes for Wordnet3_category saved to /home/s0/ml4sys02/project/Workload-Aware-Co-Optimization/WACO/SpMM/TrainingData/CollectedData/Wordnet3_category.txt
Processing GD97_c...
Runtimes for GD97_c saved to /home/s0/ml4sys02/project/Workload-Aware-Co-Optimization/WACO/SpMM/TrainingData/CollectedData/GD97_c.txt
Processing lp1...
Runtimes for lp1 saved to /home/s0/ml4sys02/project/Workload-Aware-Co-Optimization/WACO/SpMM/TrainingData/CollectedData/lp1.txt
Processing HEP-th-new_year...
Runtimes for HEP-th-new_year saved to /home/s0/ml4sys02/project/Workload-Aware-Co-Optimization/WACO/SpMM/TrainingData/CollectedData/HEP-th-new_year.txt
Processing olafu...
Runtimes for olafu saved to /home/s0/ml4sys02/project/Workload-Aware-Co-Optimization/WACO/SpMM/TrainingData/CollectedData/olafu.txt
Processing pkustk07...
Runtimes for pkustk07 saved to /home/s0/ml4sys02/project/Workload-Aware-Co-Optimization/WACO/SpMM/TrainingData/CollectedData/pkustk07.txt
Processing t2dal...
Runtimes for t2dal saved to /home/s0/ml4sys02/project/Workload-Aware-Co-Optimization/WACO/SpMM/TrainingData/CollectedData/t2dal.txt
Processing lpi_klein1_hi...
Runtimes for lpi_klein1_hi saved to /home/s0/ml4sys02/project/Workload-Aware-Co-Optimization/WACO/SpMM/TrainingData/CollectedData/lpi_klein1_hi.txt
Processing well1033...
Runtimes for well1033 saved to /home/s0/ml4sys02/project/Workload-Aware-Co-Optimization/WACO/SpMM/TrainingData/CollectedData/well1033.txt
Processing bp_1600...
Runtimes for bp_1600 saved to /home/s0/ml4sys02/project/Workload-Aware-Co-Optimization/WACO/SpMM/TrainingData/CollectedData/bp_1600.txt
Processing lpi_klein2_hi...
Runtimes for lpi_klein2_hi saved to /home/s0/ml4sys02/project/Workload-Aware-Co-Optimization/WACO/SpMM/TrainingData/CollectedData/lpi_klein2_hi.txt
Processing GD97_b_coord...
Runtimes for GD97_b_coord saved to /home/s0/ml4sys02/project/Workload-Aware-Co-Optimization/WACO/SpMM/TrainingData/CollectedData/GD97_b_coord.txt
Processing jan99jac080sc...
Runtimes for jan99jac080sc saved to /home/s0/ml4sys02/project/Workload-Aware-Co-Optimization/WACO/SpMM/TrainingData/CollectedData/jan99jac080sc.txt
Processing oscil_dcop_29...
Runtimes for oscil_dcop_29 saved to /home/s0/ml4sys02/project/Workload-Aware-Co-Optimization/WACO/SpMM/TrainingData/CollectedData/oscil_dcop_29.txt
Processing dwt_361...
Runtimes for dwt_361 saved to /home/s0/ml4sys02/project/Workload-Aware-Co-Optimization/WACO/SpMM/TrainingData/CollectedData/dwt_361.txt
Processing cage11...
Runtimes for cage11 saved to /home/s0/ml4sys02/project/Workload-Aware-Co-Optimization/WACO/SpMM/TrainingData/CollectedData/cage11.txt
Processing ncvxbqp1...
Runtimes for ncvxbqp1 saved to /home/s0/ml4sys02/project/Workload-Aware-Co-Optimization/WACO/SpMM/TrainingData/CollectedData/ncvxbqp1.txt
Processing nemeth04...
Runtimes for nemeth04 saved to /home/s0/ml4sys02/project/Workload-Aware-Co-Optimization/WACO/SpMM/TrainingData/CollectedData/nemeth04.txt
Processing gyro...
Runtimes for gyro saved to /home/s0/ml4sys02/project/Workload-Aware-Co-Optimization/WACO/SpMM/TrainingData/CollectedData/gyro.txt
Processing ex27...
Runtimes for ex27 saved to /home/s0/ml4sys02/project/Workload-Aware-Co-Optimization/WACO/SpMM/TrainingData/CollectedData/ex27.txt
Processing nemeth24...
Runtimes for nemeth24 saved to /home/s0/ml4sys02/project/Workload-Aware-Co-Optimization/WACO/SpMM/TrainingData/CollectedData/nemeth24.txt
Processing fpga_dcop_06_b...
Runtimes for fpga_dcop_06_b saved to /home/s0/ml4sys02/project/Workload-Aware-Co-Optimization/WACO/SpMM/TrainingData/CollectedData/fpga_dcop_06_b.txt
Processing cavity21...
Runtimes for cavity21 saved to /home/s0/ml4sys02/project/Workload-Aware-Co-Optimization/WACO/SpMM/TrainingData/CollectedData/cavity21.txt
Processing hydr1c_Zeros_25...
Runtimes for hydr1c_Zeros_25 saved to /home/s0/ml4sys02/project/Workload-Aware-Co-Optimization/WACO/SpMM/TrainingData/CollectedData/hydr1c_Zeros_25.txt
Processing hcircuit...
Runtimes for hcircuit saved to /home/s0/ml4sys02/project/Workload-Aware-Co-Optimization/WACO/SpMM/TrainingData/CollectedData/hcircuit.txt
Processing extr1b_A_39...
Runtimes for extr1b_A_39 saved to /home/s0/ml4sys02/project/Workload-Aware-Co-Optimization/WACO/SpMM/TrainingData/CollectedData/extr1b_A_39.txt
Processing bcsstm23...
Runtimes for bcsstm23 saved to /home/s0/ml4sys02/project/Workload-Aware-Co-Optimization/WACO/SpMM/TrainingData/CollectedData/bcsstm23.txt
Processing GD95_b_coord...
Runtimes for GD95_b_coord saved to /home/s0/ml4sys02/project/Workload-Aware-Co-Optimization/WACO/SpMM/TrainingData/CollectedData/GD95_b_coord.txt
Processing jan99jac120...
Runtimes for jan99jac120 saved to /home/s0/ml4sys02/project/Workload-Aware-Co-Optimization/WACO/SpMM/TrainingData/CollectedData/jan99jac120.txt
Processing GD97_a...
Runtimes for GD97_a saved to /home/s0/ml4sys02/project/Workload-Aware-Co-Optimization/WACO/SpMM/TrainingData/CollectedData/GD97_a.txt
Processing lpi_cplex2_b...
Runtimes for lpi_cplex2_b saved to /home/s0/ml4sys02/project/Workload-Aware-Co-Optimization/WACO/SpMM/TrainingData/CollectedData/lpi_cplex2_b.txt
Processing barrier2-11_b...
Runtimes for barrier2-11_b saved to /home/s0/ml4sys02/project/Workload-Aware-Co-Optimization/WACO/SpMM/TrainingData/CollectedData/barrier2-11_b.txt
Processing c-29...
Runtimes for c-29 saved to /home/s0/ml4sys02/project/Workload-Aware-Co-Optimization/WACO/SpMM/TrainingData/CollectedData/c-29.txt
Processing hydr1c_Zeros_73...
Runtimes for hydr1c_Zeros_73 saved to /home/s0/ml4sys02/project/Workload-Aware-Co-Optimization/WACO/SpMM/TrainingData/CollectedData/hydr1c_Zeros_73.txt
Processing hydr1c_A_26...
Runtimes for hydr1c_A_26 saved to /home/s0/ml4sys02/project/Workload-Aware-Co-Optimization/WACO/SpMM/TrainingData/CollectedData/hydr1c_A_26.txt
Processing ncvxqp9...
Runtimes for ncvxqp9 saved to /home/s0/ml4sys02/project/Workload-Aware-Co-Optimization/WACO/SpMM/TrainingData/CollectedData/ncvxqp9.txt
Processing lpi_klein2_z0...
Runtimes for lpi_klein2_z0 saved to /home/s0/ml4sys02/project/Workload-Aware-Co-Optimization/WACO/SpMM/TrainingData/CollectedData/lpi_klein2_z0.txt
Processing Reuters911_Day_48...
Runtimes for Reuters911_Day_48 saved to /home/s0/ml4sys02/project/Workload-Aware-Co-Optimization/WACO/SpMM/TrainingData/CollectedData/Reuters911_Day_48.txt
Processing lp_ship08s_c...
Runtimes for lp_ship08s_c saved to /home/s0/ml4sys02/project/Workload-Aware-Co-Optimization/WACO/SpMM/TrainingData/CollectedData/lp_ship08s_c.txt
Processing hydr1c_A_03...
Runtimes for hydr1c_A_03 saved to /home/s0/ml4sys02/project/Workload-Aware-Co-Optimization/WACO/SpMM/TrainingData/CollectedData/hydr1c_A_03.txt
Processing c-18_b...
Runtimes for c-18_b saved to /home/s0/ml4sys02/project/Workload-Aware-Co-Optimization/WACO/SpMM/TrainingData/CollectedData/c-18_b.txt
Processing Wordnet3...
Runtimes for Wordnet3 saved to /home/s0/ml4sys02/project/Workload-Aware-Co-Optimization/WACO/SpMM/TrainingData/CollectedData/Wordnet3.txt
Processing hydr1c_Zeros_20...
Runtimes for hydr1c_Zeros_20 saved to /home/s0/ml4sys02/project/Workload-Aware-Co-Optimization/WACO/SpMM/TrainingData/CollectedData/hydr1c_Zeros_20.txt
Processing GD01_b_coord...
Runtimes for GD01_b_coord saved to /home/s0/ml4sys02/project/Workload-Aware-Co-Optimization/WACO/SpMM/TrainingData/CollectedData/GD01_b_coord.txt
Processing Reuters911_Day_41...
Runtimes for Reuters911_Day_41 saved to /home/s0/ml4sys02/project/Workload-Aware-Co-Optimization/WACO/SpMM/TrainingData/CollectedData/Reuters911_Day_41.txt
Processing lp_truss_hi...
Runtimes for lp_truss_hi saved to /home/s0/ml4sys02/project/Workload-Aware-Co-Optimization/WACO/SpMM/TrainingData/CollectedData/lp_truss_hi.txt
Processing cell2...
Runtimes for cell2 saved to /home/s0/ml4sys02/project/Workload-Aware-Co-Optimization/WACO/SpMM/TrainingData/CollectedData/cell2.txt
Processing extr1b_Zeros_14...
Runtimes for extr1b_Zeros_14 saved to /home/s0/ml4sys02/project/Workload-Aware-Co-Optimization/WACO/SpMM/TrainingData/CollectedData/extr1b_Zeros_14.txt
Processing cavity07_x...
Runtimes for cavity07_x saved to /home/s0/ml4sys02/project/Workload-Aware-Co-Optimization/WACO/SpMM/TrainingData/CollectedData/cavity07_x.txt
Processing hcircuit_b...
Runtimes for hcircuit_b saved to /home/s0/ml4sys02/project/Workload-Aware-Co-Optimization/WACO/SpMM/TrainingData/CollectedData/hcircuit_b.txt
Processing saylr3...
Runtimes for saylr3 saved to /home/s0/ml4sys02/project/Workload-Aware-Co-Optimization/WACO/SpMM/TrainingData/CollectedData/saylr3.txt
Processing lp_perold_z0...
Runtimes for lp_perold_z0 saved to /home/s0/ml4sys02/project/Workload-Aware-Co-Optimization/WACO/SpMM/TrainingData/CollectedData/lp_perold_z0.txt
Processing hydr1c_Zeros_03...
Runtimes for hydr1c_Zeros_03 saved to /home/s0/ml4sys02/project/Workload-Aware-Co-Optimization/WACO/SpMM/TrainingData/CollectedData/hydr1c_Zeros_03.txt
Processing dwt_307...
Runtimes for dwt_307 saved to /home/s0/ml4sys02/project/Workload-Aware-Co-Optimization/WACO/SpMM/TrainingData/CollectedData/dwt_307.txt
Processing ex20...
Runtimes for ex20 saved to /home/s0/ml4sys02/project/Workload-Aware-Co-Optimization/WACO/SpMM/TrainingData/CollectedData/ex20.txt
Processing gyro_k...
Runtimes for gyro_k saved to /home/s0/ml4sys02/project/Workload-Aware-Co-Optimization/WACO/SpMM/TrainingData/CollectedData/gyro_k.txt
Processing t2dal_bci_Abottom...
Runtimes for t2dal_bci_Abottom saved to /home/s0/ml4sys02/project/Workload-Aware-Co-Optimization/WACO/SpMM/TrainingData/CollectedData/t2dal_bci_Abottom.txt
Processing aft01...
Runtimes for aft01 saved to /home/s0/ml4sys02/project/Workload-Aware-Co-Optimization/WACO/SpMM/TrainingData/CollectedData/aft01.txt
Processing t3dl_C...
Runtimes for t3dl_C saved to /home/s0/ml4sys02/project/Workload-Aware-Co-Optimization/WACO/SpMM/TrainingData/CollectedData/t3dl_C.txt
Processing msc00726...
Runtimes for msc00726 saved to /home/s0/ml4sys02/project/Workload-Aware-Co-Optimization/WACO/SpMM/TrainingData/CollectedData/msc00726.txt
Processing cavity04_b...
Runtimes for cavity04_b saved to /home/s0/ml4sys02/project/Workload-Aware-Co-Optimization/WACO/SpMM/TrainingData/CollectedData/cavity04_b.txt
Processing Reuters911_Day_47...
Runtimes for Reuters911_Day_47 saved to /home/s0/ml4sys02/project/Workload-Aware-Co-Optimization/WACO/SpMM/TrainingData/CollectedData/Reuters911_Day_47.txt
Processing c-19...
Runtimes for c-19 saved to /home/s0/ml4sys02/project/Workload-Aware-Co-Optimization/WACO/SpMM/TrainingData/CollectedData/c-19.txt
Runtime generation completed. Check /home/s0/ml4sys02/project/Workload-Aware-Co-Optimization/WACO/SpMM/TrainingData/CollectedData for results and error.log for issues.
