Processing Reuters911_Day_66...
Runtimes for Reuters911_Day_66 saved to /home/s0/ml4sys02/project/Workload-Aware-Co-Optimization/WACO/SpMM/TrainingData/CollectedData/Reuters911_Day_66.txt
Processing ck400...
Runtimes for ck400 saved to /home/s0/ml4sys02/project/Workload-Aware-Co-Optimization/WACO/SpMM/TrainingData/CollectedData/ck400.txt
Processing raefsky5_b...
Runtimes for raefsky5_b saved to /home/s0/ml4sys02/project/Workload-Aware-Co-Optimization/WACO/SpMM/TrainingData/CollectedData/raefsky5_b.txt
Processing cell1_b...
Runtimes for cell1_b saved to /home/s0/ml4sys02/project/Workload-Aware-Co-Optimization/WACO/SpMM/TrainingData/CollectedData/cell1_b.txt
Processing pkustk02...
Runtimes for pkustk02 saved to /home/s0/ml4sys02/project/Workload-Aware-Co-Optimization/WACO/SpMM/TrainingData/CollectedData/pkustk02.txt
Processing c-big_b...
Runtimes for c-big_b saved to /home/s0/ml4sys02/project/Workload-Aware-Co-Optimization/WACO/SpMM/TrainingData/CollectedData/c-big_b.txt
Processing ex8...
Runtimes for ex8 saved to /home/s0/ml4sys02/project/Workload-Aware-Co-Optimization/WACO/SpMM/TrainingData/CollectedData/ex8.txt
Processing heart1...
Runtimes for heart1 saved to /home/s0/ml4sys02/project/Workload-Aware-Co-Optimization/WACO/SpMM/TrainingData/CollectedData/heart1.txt
Processing ncvxqp3...
Runtimes for ncvxqp3 saved to /home/s0/ml4sys02/project/Workload-Aware-Co-Optimization/WACO/SpMM/TrainingData/CollectedData/ncvxqp3.txt
Processing lshp1009...
Runtimes for lshp1009 saved to /home/s0/ml4sys02/project/Workload-Aware-Co-Optimization/WACO/SpMM/TrainingData/CollectedData/lshp1009.txt
Processing lp_nug15...
Runtimes for lp_nug15 saved to /home/s0/ml4sys02/project/Workload-Aware-Co-Optimization/WACO/SpMM/TrainingData/CollectedData/lp_nug15.txt
Processing mesh2em5_coord...
Runtimes for mesh2em5_coord saved to /home/s0/ml4sys02/project/Workload-Aware-Co-Optimization/WACO/SpMM/TrainingData/CollectedData/mesh2em5_coord.txt
Processing extr1b_Zeros_05...
Runtimes for extr1b_Zeros_05 saved to /home/s0/ml4sys02/project/Workload-Aware-Co-Optimization/WACO/SpMM/TrainingData/CollectedData/extr1b_Zeros_05.txt
Processing Stanford_Berkeley_roots...
Runtimes for Stanford_Berkeley_roots saved to /home/s0/ml4sys02/project/Workload-Aware-Co-Optimization/WACO/SpMM/TrainingData/CollectedData/Stanford_Berkeley_roots.txt
Processing jagmesh4...
Runtimes for jagmesh4 saved to /home/s0/ml4sys02/project/Workload-Aware-Co-Optimization/WACO/SpMM/TrainingData/CollectedData/jagmesh4.txt
Processing G3...
Runtimes for G3 saved to /home/s0/ml4sys02/project/Workload-Aware-Co-Optimization/WACO/SpMM/TrainingData/CollectedData/G3.txt
Processing lund_b...
Runtimes for lund_b saved to /home/s0/ml4sys02/project/Workload-Aware-Co-Optimization/WACO/SpMM/TrainingData/CollectedData/lund_b.txt
Processing c-40...
Runtimes for c-40 saved to /home/s0/ml4sys02/project/Workload-Aware-Co-Optimization/WACO/SpMM/TrainingData/CollectedData/c-40.txt
Processing fs_760_2...
Runtimes for fs_760_2 saved to /home/s0/ml4sys02/project/Workload-Aware-Co-Optimization/WACO/SpMM/TrainingData/CollectedData/fs_760_2.txt
Processing extr1b_Zeros_22...
Runtimes for extr1b_Zeros_22 saved to /home/s0/ml4sys02/project/Workload-Aware-Co-Optimization/WACO/SpMM/TrainingData/CollectedData/extr1b_Zeros_22.txt
Processing cavity19...
Runtimes for cavity19 saved to /home/s0/ml4sys02/project/Workload-Aware-Co-Optimization/WACO/SpMM/TrainingData/CollectedData/cavity19.txt
Processing fpga_dcop_19...
Runtimes for fpga_dcop_19 saved to /home/s0/ml4sys02/project/Workload-Aware-Co-Optimization/WACO/SpMM/TrainingData/CollectedData/fpga_dcop_19.txt
Processing lp_nug15_c...
Runtimes for lp_nug15_c saved to /home/s0/ml4sys02/project/Workload-Aware-Co-Optimization/WACO/SpMM/TrainingData/CollectedData/lp_nug15_c.txt
Processing g7jac040sc...
Runtimes for g7jac040sc saved to /home/s0/ml4sys02/project/Workload-Aware-Co-Optimization/WACO/SpMM/TrainingData/CollectedData/g7jac040sc.txt
Processing hydr1c_A_49...
Runtimes for hydr1c_A_49 saved to /home/s0/ml4sys02/project/Workload-Aware-Co-Optimization/WACO/SpMM/TrainingData/CollectedData/hydr1c_A_49.txt
Processing hydr1c_Zeros_37...
Runtimes for hydr1c_Zeros_37 saved to /home/s0/ml4sys02/project/Workload-Aware-Co-Optimization/WACO/SpMM/TrainingData/CollectedData/hydr1c_Zeros_37.txt
Processing bcsstk26...
Runtimes for bcsstk26 saved to /home/s0/ml4sys02/project/Workload-Aware-Co-Optimization/WACO/SpMM/TrainingData/CollectedData/bcsstk26.txt
Processing GD96_a...
Runtimes for GD96_a saved to /home/s0/ml4sys02/project/Workload-Aware-Co-Optimization/WACO/SpMM/TrainingData/CollectedData/GD96_a.txt
Processing Erdos02...
Runtimes for Erdos02 saved to /home/s0/ml4sys02/project/Workload-Aware-Co-Optimization/WACO/SpMM/TrainingData/CollectedData/Erdos02.txt
Processing dwt_1005...
Runtimes for dwt_1005 saved to /home/s0/ml4sys02/project/Workload-Aware-Co-Optimization/WACO/SpMM/TrainingData/CollectedData/dwt_1005.txt
Processing 2D_27628_bjtcai_b...
Runtimes for 2D_27628_bjtcai_b saved to /home/s0/ml4sys02/project/Workload-Aware-Co-Optimization/WACO/SpMM/TrainingData/CollectedData/2D_27628_bjtcai_b.txt
Processing hydr1c...
Runtimes for hydr1c saved to /home/s0/ml4sys02/project/Workload-Aware-Co-Optimization/WACO/SpMM/TrainingData/CollectedData/hydr1c.txt
Processing Reuters911_Day_54...
Runtimes for Reuters911_Day_54 saved to /home/s0/ml4sys02/project/Workload-Aware-Co-Optimization/WACO/SpMM/TrainingData/CollectedData/Reuters911_Day_54.txt
Processing extr1b_A_33...
Runtimes for extr1b_A_33 saved to /home/s0/ml4sys02/project/Workload-Aware-Co-Optimization/WACO/SpMM/TrainingData/CollectedData/extr1b_A_33.txt
Processing gupta3...
Runtimes for gupta3 saved to /home/s0/ml4sys02/project/Workload-Aware-Co-Optimization/WACO/SpMM/TrainingData/CollectedData/gupta3.txt
Processing extr1b_Zeros_04...
Runtimes for extr1b_Zeros_04 saved to /home/s0/ml4sys02/project/Workload-Aware-Co-Optimization/WACO/SpMM/TrainingData/CollectedData/extr1b_Zeros_04.txt
Processing cage9...
Runtimes for cage9 saved to /home/s0/ml4sys02/project/Workload-Aware-Co-Optimization/WACO/SpMM/TrainingData/CollectedData/cage9.txt
Processing memplus...
Runtimes for memplus saved to /home/s0/ml4sys02/project/Workload-Aware-Co-Optimization/WACO/SpMM/TrainingData/CollectedData/memplus.txt
Processing lpi_woodinfe_lo...
Runtimes for lpi_woodinfe_lo saved to /home/s0/ml4sys02/project/Workload-Aware-Co-Optimization/WACO/SpMM/TrainingData/CollectedData/lpi_woodinfe_lo.txt
Processing lp_bore3d_hi...
Runtimes for lp_bore3d_hi saved to /home/s0/ml4sys02/project/Workload-Aware-Co-Optimization/WACO/SpMM/TrainingData/CollectedData/lp_bore3d_hi.txt
Processing west0067...
Runtimes for west0067 saved to /home/s0/ml4sys02/project/Workload-Aware-Co-Optimization/WACO/SpMM/TrainingData/CollectedData/west0067.txt
Processing hydr1c_Zeros_30...
Runtimes for hydr1c_Zeros_30 saved to /home/s0/ml4sys02/project/Workload-Aware-Co-Optimization/WACO/SpMM/TrainingData/CollectedData/hydr1c_Zeros_30.txt
Processing hydr1c_Zeros_08...
Runtimes for hydr1c_Zeros_08 saved to /home/s0/ml4sys02/project/Workload-Aware-Co-Optimization/WACO/SpMM/TrainingData/CollectedData/hydr1c_Zeros_08.txt
Processing cavity10_x...
Runtimes for cavity10_x saved to /home/s0/ml4sys02/project/Workload-Aware-Co-Optimization/WACO/SpMM/TrainingData/CollectedData/cavity10_x.txt
Processing lpi_refinery_lo...
Runtimes for lpi_refinery_lo saved to /home/s0/ml4sys02/project/Workload-Aware-Co-Optimization/WACO/SpMM/TrainingData/CollectedData/lpi_refinery_lo.txt
Processing barrier2-10...
Runtimes for barrier2-10 saved to /home/s0/ml4sys02/project/Workload-Aware-Co-Optimization/WACO/SpMM/TrainingData/CollectedData/barrier2-10.txt
Processing mesh1em6...
Runtimes for mesh1em6 saved to /home/s0/ml4sys02/project/Workload-Aware-Co-Optimization/WACO/SpMM/TrainingData/CollectedData/mesh1em6.txt
Processing sinc15_b...
Runtimes for sinc15_b saved to /home/s0/ml4sys02/project/Workload-Aware-Co-Optimization/WACO/SpMM/TrainingData/CollectedData/sinc15_b.txt
Processing c-65...
Runtimes for c-65 saved to /home/s0/ml4sys02/project/Workload-Aware-Co-Optimization/WACO/SpMM/TrainingData/CollectedData/c-65.txt
Processing venkat25_b...
Runtimes for venkat25_b saved to /home/s0/ml4sys02/project/Workload-Aware-Co-Optimization/WACO/SpMM/TrainingData/CollectedData/venkat25_b.txt
Processing rajat23...
Runtimes for rajat23 saved to /home/s0/ml4sys02/project/Workload-Aware-Co-Optimization/WACO/SpMM/TrainingData/CollectedData/rajat23.txt
Processing adder_dcop_56...
Runtimes for adder_dcop_56 saved to /home/s0/ml4sys02/project/Workload-Aware-Co-Optimization/WACO/SpMM/TrainingData/CollectedData/adder_dcop_56.txt
Processing lpi_box1_b...
Runtimes for lpi_box1_b saved to /home/s0/ml4sys02/project/Workload-Aware-Co-Optimization/WACO/SpMM/TrainingData/CollectedData/lpi_box1_b.txt
Processing sme3Da...
Runtimes for sme3Da saved to /home/s0/ml4sys02/project/Workload-Aware-Co-Optimization/WACO/SpMM/TrainingData/CollectedData/sme3Da.txt
Processing aug2dc...
Runtimes for aug2dc saved to /home/s0/ml4sys02/project/Workload-Aware-Co-Optimization/WACO/SpMM/TrainingData/CollectedData/aug2dc.txt
Processing appu...
Runtimes for appu saved to /home/s0/ml4sys02/project/Workload-Aware-Co-Optimization/WACO/SpMM/TrainingData/CollectedData/appu.txt
Processing cavity01...
Runtimes for cavity01 saved to /home/s0/ml4sys02/project/Workload-Aware-Co-Optimization/WACO/SpMM/TrainingData/CollectedData/cavity01.txt
Processing GD00_c...
Runtimes for GD00_c saved to /home/s0/ml4sys02/project/Workload-Aware-Co-Optimization/WACO/SpMM/TrainingData/CollectedData/GD00_c.txt
Processing extr1b_Zeros_12...
Runtimes for extr1b_Zeros_12 saved to /home/s0/ml4sys02/project/Workload-Aware-Co-Optimization/WACO/SpMM/TrainingData/CollectedData/extr1b_Zeros_12.txt
Processing helm3d01...
Runtimes for helm3d01 saved to /home/s0/ml4sys02/project/Workload-Aware-Co-Optimization/WACO/SpMM/TrainingData/CollectedData/helm3d01.txt
Processing Reuters911_Day_55...
Runtimes for Reuters911_Day_55 saved to /home/s0/ml4sys02/project/Workload-Aware-Co-Optimization/WACO/SpMM/TrainingData/CollectedData/Reuters911_Day_55.txt
Processing t2dah_e...
Runtimes for t2dah_e saved to /home/s0/ml4sys02/project/Workload-Aware-Co-Optimization/WACO/SpMM/TrainingData/CollectedData/t2dah_e.txt
Processing watt_1...
Runtimes for watt_1 saved to /home/s0/ml4sys02/project/Workload-Aware-Co-Optimization/WACO/SpMM/TrainingData/CollectedData/watt_1.txt
Processing crystm03...
Runtimes for crystm03 saved to /home/s0/ml4sys02/project/Workload-Aware-Co-Optimization/WACO/SpMM/TrainingData/CollectedData/crystm03.txt
Processing torsion1...
Runtimes for torsion1 saved to /home/s0/ml4sys02/project/Workload-Aware-Co-Optimization/WACO/SpMM/TrainingData/CollectedData/torsion1.txt
Processing ex37...
Runtimes for ex37 saved to /home/s0/ml4sys02/project/Workload-Aware-Co-Optimization/WACO/SpMM/TrainingData/CollectedData/ex37.txt
Processing qpband...
Runtimes for qpband saved to /home/s0/ml4sys02/project/Workload-Aware-Co-Optimization/WACO/SpMM/TrainingData/CollectedData/qpband.txt
Processing t2dal_C...
Runtimes for t2dal_C saved to /home/s0/ml4sys02/project/Workload-Aware-Co-Optimization/WACO/SpMM/TrainingData/CollectedData/t2dal_C.txt
Processing bayer05...
Runtimes for bayer05 saved to /home/s0/ml4sys02/project/Workload-Aware-Co-Optimization/WACO/SpMM/TrainingData/CollectedData/bayer05.txt
Processing jnlbrng1...
Runtimes for jnlbrng1 saved to /home/s0/ml4sys02/project/Workload-Aware-Co-Optimization/WACO/SpMM/TrainingData/CollectedData/jnlbrng1.txt
Processing Reuters911_Day_04...
Runtimes for Reuters911_Day_04 saved to /home/s0/ml4sys02/project/Workload-Aware-Co-Optimization/WACO/SpMM/TrainingData/CollectedData/Reuters911_Day_04.txt
Processing hor_131...
Runtimes for hor_131 saved to /home/s0/ml4sys02/project/Workload-Aware-Co-Optimization/WACO/SpMM/TrainingData/CollectedData/hor_131.txt
Processing halfb...
Runtimes for halfb saved to /home/s0/ml4sys02/project/Workload-Aware-Co-Optimization/WACO/SpMM/TrainingData/CollectedData/halfb.txt
Processing c-19_b...
Runtimes for c-19_b saved to /home/s0/ml4sys02/project/Workload-Aware-Co-Optimization/WACO/SpMM/TrainingData/CollectedData/c-19_b.txt
Processing G30...
Runtimes for G30 saved to /home/s0/ml4sys02/project/Workload-Aware-Co-Optimization/WACO/SpMM/TrainingData/CollectedData/G30.txt
Processing epb2...
Runtimes for epb2 saved to /home/s0/ml4sys02/project/Workload-Aware-Co-Optimization/WACO/SpMM/TrainingData/CollectedData/epb2.txt
Processing Ge99H100...
Runtimes for Ge99H100 saved to /home/s0/ml4sys02/project/Workload-Aware-Co-Optimization/WACO/SpMM/TrainingData/CollectedData/Ge99H100.txt
Processing b1_ss_b...
Runtimes for b1_ss_b saved to /home/s0/ml4sys02/project/Workload-Aware-Co-Optimization/WACO/SpMM/TrainingData/CollectedData/b1_ss_b.txt
Processing Reuters911_Day_07...
Runtimes for Reuters911_Day_07 saved to /home/s0/ml4sys02/project/Workload-Aware-Co-Optimization/WACO/SpMM/TrainingData/CollectedData/Reuters911_Day_07.txt
Processing lp_nug15_b...
Runtimes for lp_nug15_b saved to /home/s0/ml4sys02/project/Workload-Aware-Co-Optimization/WACO/SpMM/TrainingData/CollectedData/lp_nug15_b.txt
Processing HEP-th...
Runtimes for HEP-th saved to /home/s0/ml4sys02/project/Workload-Aware-Co-Optimization/WACO/SpMM/TrainingData/CollectedData/HEP-th.txt
Processing Si2...
Runtimes for Si2 saved to /home/s0/ml4sys02/project/Workload-Aware-Co-Optimization/WACO/SpMM/TrainingData/CollectedData/Si2.txt
Processing Lin...
Runtimes for Lin saved to /home/s0/ml4sys02/project/Workload-Aware-Co-Optimization/WACO/SpMM/TrainingData/CollectedData/Lin.txt
Processing nasasrb...
Runtimes for nasasrb saved to /home/s0/ml4sys02/project/Workload-Aware-Co-Optimization/WACO/SpMM/TrainingData/CollectedData/nasasrb.txt
Processing lp_afiro_c...
Runtimes for lp_afiro_c saved to /home/s0/ml4sys02/project/Workload-Aware-Co-Optimization/WACO/SpMM/TrainingData/CollectedData/lp_afiro_c.txt
Processing G29...
Runtimes for G29 saved to /home/s0/ml4sys02/project/Workload-Aware-Co-Optimization/WACO/SpMM/TrainingData/CollectedData/G29.txt
Processing xenon1...
Runtimes for xenon1 saved to /home/s0/ml4sys02/project/Workload-Aware-Co-Optimization/WACO/SpMM/TrainingData/CollectedData/xenon1.txt
Processing c-71_b...
Runtimes for c-71_b saved to /home/s0/ml4sys02/project/Workload-Aware-Co-Optimization/WACO/SpMM/TrainingData/CollectedData/c-71_b.txt
Processing cavity18_b...
Runtimes for cavity18_b saved to /home/s0/ml4sys02/project/Workload-Aware-Co-Optimization/WACO/SpMM/TrainingData/CollectedData/cavity18_b.txt
Processing flowmeter0_B...
Runtimes for flowmeter0_B saved to /home/s0/ml4sys02/project/Workload-Aware-Co-Optimization/WACO/SpMM/TrainingData/CollectedData/flowmeter0_B.txt
Processing bcsstk05...
Runtimes for bcsstk05 saved to /home/s0/ml4sys02/project/Workload-Aware-Co-Optimization/WACO/SpMM/TrainingData/CollectedData/bcsstk05.txt
Processing extr1b_A_26...
Runtimes for extr1b_A_26 saved to /home/s0/ml4sys02/project/Workload-Aware-Co-Optimization/WACO/SpMM/TrainingData/CollectedData/extr1b_A_26.txt
Processing af_shell4_b...
Runtimes for af_shell4_b saved to /home/s0/ml4sys02/project/Workload-Aware-Co-Optimization/WACO/SpMM/TrainingData/CollectedData/af_shell4_b.txt
Processing c-60_b...
Runtimes for c-60_b saved to /home/s0/ml4sys02/project/Workload-Aware-Co-Optimization/WACO/SpMM/TrainingData/CollectedData/c-60_b.txt
Processing LFAT5000...
Runtimes for LFAT5000 saved to /home/s0/ml4sys02/project/Workload-Aware-Co-Optimization/WACO/SpMM/TrainingData/CollectedData/LFAT5000.txt
Processing lp_ship08s_lo...
Runtimes for lp_ship08s_lo saved to /home/s0/ml4sys02/project/Workload-Aware-Co-Optimization/WACO/SpMM/TrainingData/CollectedData/lp_ship08s_lo.txt
Processing rail_79841_B...
Runtimes for rail_79841_B saved to /home/s0/ml4sys02/project/Workload-Aware-Co-Optimization/WACO/SpMM/TrainingData/CollectedData/rail_79841_B.txt
Processing t2dah...
Runtimes for t2dah saved to /home/s0/ml4sys02/project/Workload-Aware-Co-Optimization/WACO/SpMM/TrainingData/CollectedData/t2dah.txt
Processing SmaGri_pubyear...
Runtimes for SmaGri_pubyear saved to /home/s0/ml4sys02/project/Workload-Aware-Co-Optimization/WACO/SpMM/TrainingData/CollectedData/SmaGri_pubyear.txt
Processing bcsstm01...
Runtimes for bcsstm01 saved to /home/s0/ml4sys02/project/Workload-Aware-Co-Optimization/WACO/SpMM/TrainingData/CollectedData/bcsstm01.txt
Processing barrier2-3...
Runtimes for barrier2-3 saved to /home/s0/ml4sys02/project/Workload-Aware-Co-Optimization/WACO/SpMM/TrainingData/CollectedData/barrier2-3.txt
Processing olm1000...
Runtimes for olm1000 saved to /home/s0/ml4sys02/project/Workload-Aware-Co-Optimization/WACO/SpMM/TrainingData/CollectedData/olm1000.txt
Processing extr1b_A_29...
Runtimes for extr1b_A_29 saved to /home/s0/ml4sys02/project/Workload-Aware-Co-Optimization/WACO/SpMM/TrainingData/CollectedData/extr1b_A_29.txt
Processing nnc666...
Runtimes for nnc666 saved to /home/s0/ml4sys02/project/Workload-Aware-Co-Optimization/WACO/SpMM/TrainingData/CollectedData/nnc666.txt
Processing nmos3_b...
Runtimes for nmos3_b saved to /home/s0/ml4sys02/project/Workload-Aware-Co-Optimization/WACO/SpMM/TrainingData/CollectedData/nmos3_b.txt
Processing g7jac080sc...
Runtimes for g7jac080sc saved to /home/s0/ml4sys02/project/Workload-Aware-Co-Optimization/WACO/SpMM/TrainingData/CollectedData/g7jac080sc.txt
Processing bcsstk29...
Runtimes for bcsstk29 saved to /home/s0/ml4sys02/project/Workload-Aware-Co-Optimization/WACO/SpMM/TrainingData/CollectedData/bcsstk29.txt
Processing Reuters911_Day_62...
Runtimes for Reuters911_Day_62 saved to /home/s0/ml4sys02/project/Workload-Aware-Co-Optimization/WACO/SpMM/TrainingData/CollectedData/Reuters911_Day_62.txt
Processing lpi_ex72a_c...
Runtimes for lpi_ex72a_c saved to /home/s0/ml4sys02/project/Workload-Aware-Co-Optimization/WACO/SpMM/TrainingData/CollectedData/lpi_ex72a_c.txt
Processing ash292...
Runtimes for ash292 saved to /home/s0/ml4sys02/project/Workload-Aware-Co-Optimization/WACO/SpMM/TrainingData/CollectedData/ash292.txt
Processing G54...
Runtimes for G54 saved to /home/s0/ml4sys02/project/Workload-Aware-Co-Optimization/WACO/SpMM/TrainingData/CollectedData/G54.txt
Processing 3D_51448_3D...
Runtimes for 3D_51448_3D saved to /home/s0/ml4sys02/project/Workload-Aware-Co-Optimization/WACO/SpMM/TrainingData/CollectedData/3D_51448_3D.txt
Processing dwt_234...
Runtimes for dwt_234 saved to /home/s0/ml4sys02/project/Workload-Aware-Co-Optimization/WACO/SpMM/TrainingData/CollectedData/dwt_234.txt
Processing hydr1c_Zeros_76...
Runtimes for hydr1c_Zeros_76 saved to /home/s0/ml4sys02/project/Workload-Aware-Co-Optimization/WACO/SpMM/TrainingData/CollectedData/hydr1c_Zeros_76.txt
Processing nd6k...
Runtimes for nd6k saved to /home/s0/ml4sys02/project/Workload-Aware-Co-Optimization/WACO/SpMM/TrainingData/CollectedData/nd6k.txt
Processing c-62ghs...
Runtimes for c-62ghs saved to /home/s0/ml4sys02/project/Workload-Aware-Co-Optimization/WACO/SpMM/TrainingData/CollectedData/c-62ghs.txt
Processing jan99jac040sc_b...
Runtimes for jan99jac040sc_b saved to /home/s0/ml4sys02/project/Workload-Aware-Co-Optimization/WACO/SpMM/TrainingData/CollectedData/jan99jac040sc_b.txt
Processing can_96...
Runtimes for can_96 saved to /home/s0/ml4sys02/project/Workload-Aware-Co-Optimization/WACO/SpMM/TrainingData/CollectedData/can_96.txt
Processing 662_bus...
Runtimes for 662_bus saved to /home/s0/ml4sys02/project/Workload-Aware-Co-Optimization/WACO/SpMM/TrainingData/CollectedData/662_bus.txt
Processing jan99jac040_b...
Runtimes for jan99jac040_b saved to /home/s0/ml4sys02/project/Workload-Aware-Co-Optimization/WACO/SpMM/TrainingData/CollectedData/jan99jac040_b.txt
Processing c-66_b...
Runtimes for c-66_b saved to /home/s0/ml4sys02/project/Workload-Aware-Co-Optimization/WACO/SpMM/TrainingData/CollectedData/c-66_b.txt
Processing ncvxqp5...
Runtimes for ncvxqp5 saved to /home/s0/ml4sys02/project/Workload-Aware-Co-Optimization/WACO/SpMM/TrainingData/CollectedData/ncvxqp5.txt
Processing nos2...
Runtimes for nos2 saved to /home/s0/ml4sys02/project/Workload-Aware-Co-Optimization/WACO/SpMM/TrainingData/CollectedData/nos2.txt
Processing patents_subcat...
Runtimes for patents_subcat saved to /home/s0/ml4sys02/project/Workload-Aware-Co-Optimization/WACO/SpMM/TrainingData/CollectedData/patents_subcat.txt
Processing extr1b_Zeros_21...
Runtimes for extr1b_Zeros_21 saved to /home/s0/ml4sys02/project/Workload-Aware-Co-Optimization/WACO/SpMM/TrainingData/CollectedData/extr1b_Zeros_21.txt
Processing well1850_b...
Runtimes for well1850_b saved to /home/s0/ml4sys02/project/Workload-Aware-Co-Optimization/WACO/SpMM/TrainingData/CollectedData/well1850_b.txt
Processing c-73b...
Runtimes for c-73b saved to /home/s0/ml4sys02/project/Workload-Aware-Co-Optimization/WACO/SpMM/TrainingData/CollectedData/c-73b.txt
Processing para-4...
Runtimes for para-4 saved to /home/s0/ml4sys02/project/Workload-Aware-Co-Optimization/WACO/SpMM/TrainingData/CollectedData/para-4.txt
Processing hydr1c_Zeros_18...
Runtimes for hydr1c_Zeros_18 saved to /home/s0/ml4sys02/project/Workload-Aware-Co-Optimization/WACO/SpMM/TrainingData/CollectedData/hydr1c_Zeros_18.txt
Processing illc1033_b...
Runtimes for illc1033_b saved to /home/s0/ml4sys02/project/Workload-Aware-Co-Optimization/WACO/SpMM/TrainingData/CollectedData/illc1033_b.txt
Processing chipcool1_E...
Runtimes for chipcool1_E saved to /home/s0/ml4sys02/project/Workload-Aware-Co-Optimization/WACO/SpMM/TrainingData/CollectedData/chipcool1_E.txt
Processing G6...
Runtimes for G6 saved to /home/s0/ml4sys02/project/Workload-Aware-Co-Optimization/WACO/SpMM/TrainingData/CollectedData/G6.txt
Processing hydr1c_Zeros_10...
Runtimes for hydr1c_Zeros_10 saved to /home/s0/ml4sys02/project/Workload-Aware-Co-Optimization/WACO/SpMM/TrainingData/CollectedData/hydr1c_Zeros_10.txt
Processing can_292...
Runtimes for can_292 saved to /home/s0/ml4sys02/project/Workload-Aware-Co-Optimization/WACO/SpMM/TrainingData/CollectedData/can_292.txt
Processing G4...
Runtimes for G4 saved to /home/s0/ml4sys02/project/Workload-Aware-Co-Optimization/WACO/SpMM/TrainingData/CollectedData/G4.txt
Processing lp_share2b_b...
Runtimes for lp_share2b_b saved to /home/s0/ml4sys02/project/Workload-Aware-Co-Optimization/WACO/SpMM/TrainingData/CollectedData/lp_share2b_b.txt
Processing cegb3024...
Runtimes for cegb3024 saved to /home/s0/ml4sys02/project/Workload-Aware-Co-Optimization/WACO/SpMM/TrainingData/CollectedData/cegb3024.txt
Processing ted_B...
Runtimes for ted_B saved to /home/s0/ml4sys02/project/Workload-Aware-Co-Optimization/WACO/SpMM/TrainingData/CollectedData/ted_B.txt
Processing rajat14...
Runtimes for rajat14 saved to /home/s0/ml4sys02/project/Workload-Aware-Co-Optimization/WACO/SpMM/TrainingData/CollectedData/rajat14.txt
Processing ted_AB_w0...
Runtimes for ted_AB_w0 saved to /home/s0/ml4sys02/project/Workload-Aware-Co-Optimization/WACO/SpMM/TrainingData/CollectedData/ted_AB_w0.txt
Processing cvxbqp1...
Runtimes for cvxbqp1 saved to /home/s0/ml4sys02/project/Workload-Aware-Co-Optimization/WACO/SpMM/TrainingData/CollectedData/cvxbqp1.txt
Processing Zhao2...
Runtimes for Zhao2 saved to /home/s0/ml4sys02/project/Workload-Aware-Co-Optimization/WACO/SpMM/TrainingData/CollectedData/Zhao2.txt
Processing mesh2e1...
Runtimes for mesh2e1 saved to /home/s0/ml4sys02/project/Workload-Aware-Co-Optimization/WACO/SpMM/TrainingData/CollectedData/mesh2e1.txt
Processing pkustk05...
Runtimes for pkustk05 saved to /home/s0/ml4sys02/project/Workload-Aware-Co-Optimization/WACO/SpMM/TrainingData/CollectedData/pkustk05.txt
Processing g7jac010...
Runtimes for g7jac010 saved to /home/s0/ml4sys02/project/Workload-Aware-Co-Optimization/WACO/SpMM/TrainingData/CollectedData/g7jac010.txt
Processing bodyy6...
Runtimes for bodyy6 saved to /home/s0/ml4sys02/project/Workload-Aware-Co-Optimization/WACO/SpMM/TrainingData/CollectedData/bodyy6.txt
Processing lhr11...
Runtimes for lhr11 saved to /home/s0/ml4sys02/project/Workload-Aware-Co-Optimization/WACO/SpMM/TrainingData/CollectedData/lhr11.txt
Processing rajat10...
Runtimes for rajat10 saved to /home/s0/ml4sys02/project/Workload-Aware-Co-Optimization/WACO/SpMM/TrainingData/CollectedData/rajat10.txt
Processing pfinan512...
Runtimes for pfinan512 saved to /home/s0/ml4sys02/project/Workload-Aware-Co-Optimization/WACO/SpMM/TrainingData/CollectedData/pfinan512.txt
Processing c-59_b...
Runtimes for c-59_b saved to /home/s0/ml4sys02/project/Workload-Aware-Co-Optimization/WACO/SpMM/TrainingData/CollectedData/c-59_b.txt
Processing net4-1...
Runtimes for net4-1 saved to /home/s0/ml4sys02/project/Workload-Aware-Co-Optimization/WACO/SpMM/TrainingData/CollectedData/net4-1.txt
Processing Reuters911_Day_12...
Runtimes for Reuters911_Day_12 saved to /home/s0/ml4sys02/project/Workload-Aware-Co-Optimization/WACO/SpMM/TrainingData/CollectedData/Reuters911_Day_12.txt
Processing lp_cre_a_b...
Runtimes for lp_cre_a_b saved to /home/s0/ml4sys02/project/Workload-Aware-Co-Optimization/WACO/SpMM/TrainingData/CollectedData/lp_cre_a_b.txt
Processing cavity15...
Runtimes for cavity15 saved to /home/s0/ml4sys02/project/Workload-Aware-Co-Optimization/WACO/SpMM/TrainingData/CollectedData/cavity15.txt
Processing cavity11_b...
Runtimes for cavity11_b saved to /home/s0/ml4sys02/project/Workload-Aware-Co-Optimization/WACO/SpMM/TrainingData/CollectedData/cavity11_b.txt
Processing jan99jac080...
Runtimes for jan99jac080 saved to /home/s0/ml4sys02/project/Workload-Aware-Co-Optimization/WACO/SpMM/TrainingData/CollectedData/jan99jac080.txt
Processing b_dyn...
Runtimes for b_dyn saved to /home/s0/ml4sys02/project/Workload-Aware-Co-Optimization/WACO/SpMM/TrainingData/CollectedData/b_dyn.txt
Processing G26...
Runtimes for G26 saved to /home/s0/ml4sys02/project/Workload-Aware-Co-Optimization/WACO/SpMM/TrainingData/CollectedData/G26.txt
Processing c-70_b...
Runtimes for c-70_b saved to /home/s0/ml4sys02/project/Workload-Aware-Co-Optimization/WACO/SpMM/TrainingData/CollectedData/c-70_b.txt
Processing bcsstk36...
Runtimes for bcsstk36 saved to /home/s0/ml4sys02/project/Workload-Aware-Co-Optimization/WACO/SpMM/TrainingData/CollectedData/bcsstk36.txt
Processing bp_1000...
Runtimes for bp_1000 saved to /home/s0/ml4sys02/project/Workload-Aware-Co-Optimization/WACO/SpMM/TrainingData/CollectedData/bp_1000.txt
Processing lp_nug20_z0...
Runtimes for lp_nug20_z0 saved to /home/s0/ml4sys02/project/Workload-Aware-Co-Optimization/WACO/SpMM/TrainingData/CollectedData/lp_nug20_z0.txt
Processing lns_131...
Runtimes for lns_131 saved to /home/s0/ml4sys02/project/Workload-Aware-Co-Optimization/WACO/SpMM/TrainingData/CollectedData/lns_131.txt
Processing bcsstk06...
Runtimes for bcsstk06 saved to /home/s0/ml4sys02/project/Workload-Aware-Co-Optimization/WACO/SpMM/TrainingData/CollectedData/bcsstk06.txt
Processing GD96_c...
Runtimes for GD96_c saved to /home/s0/ml4sys02/project/Workload-Aware-Co-Optimization/WACO/SpMM/TrainingData/CollectedData/GD96_c.txt
Processing G8...
Runtimes for G8 saved to /home/s0/ml4sys02/project/Workload-Aware-Co-Optimization/WACO/SpMM/TrainingData/CollectedData/G8.txt
Processing bbmat...
Runtimes for bbmat saved to /home/s0/ml4sys02/project/Workload-Aware-Co-Optimization/WACO/SpMM/TrainingData/CollectedData/bbmat.txt
Processing extr1b_Zeros_25...
Runtimes for extr1b_Zeros_25 saved to /home/s0/ml4sys02/project/Workload-Aware-Co-Optimization/WACO/SpMM/TrainingData/CollectedData/extr1b_Zeros_25.txt
Processing torso2...
Runtimes for torso2 saved to /home/s0/ml4sys02/project/Workload-Aware-Co-Optimization/WACO/SpMM/TrainingData/CollectedData/torso2.txt
Processing GD01_a_coord...
Runtimes for GD01_a_coord saved to /home/s0/ml4sys02/project/Workload-Aware-Co-Optimization/WACO/SpMM/TrainingData/CollectedData/GD01_a_coord.txt
Processing hydr1c_A_46...
Runtimes for hydr1c_A_46 saved to /home/s0/ml4sys02/project/Workload-Aware-Co-Optimization/WACO/SpMM/TrainingData/CollectedData/hydr1c_A_46.txt
Processing lpi_ex72a_z0...
Runtimes for lpi_ex72a_z0 saved to /home/s0/ml4sys02/project/Workload-Aware-Co-Optimization/WACO/SpMM/TrainingData/CollectedData/lpi_ex72a_z0.txt
Processing shuttle_eddy_coord...
Runtimes for shuttle_eddy_coord saved to /home/s0/ml4sys02/project/Workload-Aware-Co-Optimization/WACO/SpMM/TrainingData/CollectedData/shuttle_eddy_coord.txt
Processing ex12...
Runtimes for ex12 saved to /home/s0/ml4sys02/project/Workload-Aware-Co-Optimization/WACO/SpMM/TrainingData/CollectedData/ex12.txt
Processing nasa4704...
Runtimes for nasa4704 saved to /home/s0/ml4sys02/project/Workload-Aware-Co-Optimization/WACO/SpMM/TrainingData/CollectedData/nasa4704.txt
Processing mesh1em1_coord...
Runtimes for mesh1em1_coord saved to /home/s0/ml4sys02/project/Workload-Aware-Co-Optimization/WACO/SpMM/TrainingData/CollectedData/mesh1em1_coord.txt
Processing matrix_9...
Runtimes for matrix_9 saved to /home/s0/ml4sys02/project/Workload-Aware-Co-Optimization/WACO/SpMM/TrainingData/CollectedData/matrix_9.txt
Processing oscil_dcop_05_b...
Runtimes for oscil_dcop_05_b saved to /home/s0/ml4sys02/project/Workload-Aware-Co-Optimization/WACO/SpMM/TrainingData/CollectedData/oscil_dcop_05_b.txt
Processing Reuters911_Day_31...
Runtimes for Reuters911_Day_31 saved to /home/s0/ml4sys02/project/Workload-Aware-Co-Optimization/WACO/SpMM/TrainingData/CollectedData/Reuters911_Day_31.txt
Processing divorce...
Runtimes for divorce saved to /home/s0/ml4sys02/project/Workload-Aware-Co-Optimization/WACO/SpMM/TrainingData/CollectedData/divorce.txt
Processing ckt11752_dc_1...
Runtimes for ckt11752_dc_1 saved to /home/s0/ml4sys02/project/Workload-Aware-Co-Optimization/WACO/SpMM/TrainingData/CollectedData/ckt11752_dc_1.txt
Processing std1_Jac2_b...
Runtimes for std1_Jac2_b saved to /home/s0/ml4sys02/project/Workload-Aware-Co-Optimization/WACO/SpMM/TrainingData/CollectedData/std1_Jac2_b.txt
Processing bcsstm34...
Runtimes for bcsstm34 saved to /home/s0/ml4sys02/project/Workload-Aware-Co-Optimization/WACO/SpMM/TrainingData/CollectedData/bcsstm34.txt
Processing wm2...
Runtimes for wm2 saved to /home/s0/ml4sys02/project/Workload-Aware-Co-Optimization/WACO/SpMM/TrainingData/CollectedData/wm2.txt
Processing c-21...
Runtimes for c-21 saved to /home/s0/ml4sys02/project/Workload-Aware-Co-Optimization/WACO/SpMM/TrainingData/CollectedData/c-21.txt
Processing t3dh_B...
Runtimes for t3dh_B saved to /home/s0/ml4sys02/project/Workload-Aware-Co-Optimization/WACO/SpMM/TrainingData/CollectedData/t3dh_B.txt
Processing lp_cre_b_hi...
Runtimes for lp_cre_b_hi saved to /home/s0/ml4sys02/project/Workload-Aware-Co-Optimization/WACO/SpMM/TrainingData/CollectedData/lp_cre_b_hi.txt
Processing crankseg_2...
Runtimes for crankseg_2 saved to /home/s0/ml4sys02/project/Workload-Aware-Co-Optimization/WACO/SpMM/TrainingData/CollectedData/crankseg_2.txt
Processing ash219...
Runtimes for ash219 saved to /home/s0/ml4sys02/project/Workload-Aware-Co-Optimization/WACO/SpMM/TrainingData/CollectedData/ash219.txt
Processing jan99jac100sc_b...
Runtimes for jan99jac100sc_b saved to /home/s0/ml4sys02/project/Workload-Aware-Co-Optimization/WACO/SpMM/TrainingData/CollectedData/jan99jac100sc_b.txt
Processing bfwb62...
Runtimes for bfwb62 saved to /home/s0/ml4sys02/project/Workload-Aware-Co-Optimization/WACO/SpMM/TrainingData/CollectedData/bfwb62.txt
Processing lp_nug12_hi...
Runtimes for lp_nug12_hi saved to /home/s0/ml4sys02/project/Workload-Aware-Co-Optimization/WACO/SpMM/TrainingData/CollectedData/lp_nug12_hi.txt
Processing lshp_406...
Runtimes for lshp_406 saved to /home/s0/ml4sys02/project/Workload-Aware-Co-Optimization/WACO/SpMM/TrainingData/CollectedData/lshp_406.txt
Processing c-62_b...
Runtimes for c-62_b saved to /home/s0/ml4sys02/project/Workload-Aware-Co-Optimization/WACO/SpMM/TrainingData/CollectedData/c-62_b.txt
Processing bayer07...
Runtimes for bayer07 saved to /home/s0/ml4sys02/project/Workload-Aware-Co-Optimization/WACO/SpMM/TrainingData/CollectedData/bayer07.txt
Processing bcsstm20...
Runtimes for bcsstm20 saved to /home/s0/ml4sys02/project/Workload-Aware-Co-Optimization/WACO/SpMM/TrainingData/CollectedData/bcsstm20.txt
Processing hydr1c_Zeros_11...
Runtimes for hydr1c_Zeros_11 saved to /home/s0/ml4sys02/project/Workload-Aware-Co-Optimization/WACO/SpMM/TrainingData/CollectedData/hydr1c_Zeros_11.txt
Processing lp_ship12s_c...
Runtimes for lp_ship12s_c saved to /home/s0/ml4sys02/project/Workload-Aware-Co-Optimization/WACO/SpMM/TrainingData/CollectedData/lp_ship12s_c.txt
Processing hydr1c_Zeros_61...
Runtimes for hydr1c_Zeros_61 saved to /home/s0/ml4sys02/project/Workload-Aware-Co-Optimization/WACO/SpMM/TrainingData/CollectedData/hydr1c_Zeros_61.txt
Processing lock_700...
Runtimes for lock_700 saved to /home/s0/ml4sys02/project/Workload-Aware-Co-Optimization/WACO/SpMM/TrainingData/CollectedData/lock_700.txt
Processing fv1...
Runtimes for fv1 saved to /home/s0/ml4sys02/project/Workload-Aware-Co-Optimization/WACO/SpMM/TrainingData/CollectedData/fv1.txt
Processing west2021...
Runtimes for west2021 saved to /home/s0/ml4sys02/project/Workload-Aware-Co-Optimization/WACO/SpMM/TrainingData/CollectedData/west2021.txt
Processing saylr1...
Runtimes for saylr1 saved to /home/s0/ml4sys02/project/Workload-Aware-Co-Optimization/WACO/SpMM/TrainingData/CollectedData/saylr1.txt
Processing str_600...
Runtimes for str_600 saved to /home/s0/ml4sys02/project/Workload-Aware-Co-Optimization/WACO/SpMM/TrainingData/CollectedData/str_600.txt
Processing lhr17c...
Runtimes for lhr17c saved to /home/s0/ml4sys02/project/Workload-Aware-Co-Optimization/WACO/SpMM/TrainingData/CollectedData/lhr17c.txt
Processing b2_ss...
Runtimes for b2_ss saved to /home/s0/ml4sys02/project/Workload-Aware-Co-Optimization/WACO/SpMM/TrainingData/CollectedData/b2_ss.txt
Processing ecl32...
Runtimes for ecl32 saved to /home/s0/ml4sys02/project/Workload-Aware-Co-Optimization/WACO/SpMM/TrainingData/CollectedData/ecl32.txt
Processing opt1...
Runtimes for opt1 saved to /home/s0/ml4sys02/project/Workload-Aware-Co-Optimization/WACO/SpMM/TrainingData/CollectedData/opt1.txt
Processing af_shell9...
Runtimes for af_shell9 saved to /home/s0/ml4sys02/project/Workload-Aware-Co-Optimization/WACO/SpMM/TrainingData/CollectedData/af_shell9.txt
Processing hydr1c_A_50...
Runtimes for hydr1c_A_50 saved to /home/s0/ml4sys02/project/Workload-Aware-Co-Optimization/WACO/SpMM/TrainingData/CollectedData/hydr1c_A_50.txt
Processing rail_5177...
Runtimes for rail_5177 saved to /home/s0/ml4sys02/project/Workload-Aware-Co-Optimization/WACO/SpMM/TrainingData/CollectedData/rail_5177.txt
Processing lp_scfxm3_lo...
Runtimes for lp_scfxm3_lo saved to /home/s0/ml4sys02/project/Workload-Aware-Co-Optimization/WACO/SpMM/TrainingData/CollectedData/lp_scfxm3_lo.txt
Processing hydr1c_Zeros_34...
Runtimes for hydr1c_Zeros_34 saved to /home/s0/ml4sys02/project/Workload-Aware-Co-Optimization/WACO/SpMM/TrainingData/CollectedData/hydr1c_Zeros_34.txt
Processing barth5_coord...
Runtimes for barth5_coord saved to /home/s0/ml4sys02/project/Workload-Aware-Co-Optimization/WACO/SpMM/TrainingData/CollectedData/barth5_coord.txt
Processing rdb2048...
Runtimes for rdb2048 saved to /home/s0/ml4sys02/project/Workload-Aware-Co-Optimization/WACO/SpMM/TrainingData/CollectedData/rdb2048.txt
Processing illc1850...
Runtimes for illc1850 saved to /home/s0/ml4sys02/project/Workload-Aware-Co-Optimization/WACO/SpMM/TrainingData/CollectedData/illc1850.txt
Processing Lederberg_gcs...
Runtimes for Lederberg_gcs saved to /home/s0/ml4sys02/project/Workload-Aware-Co-Optimization/WACO/SpMM/TrainingData/CollectedData/Lederberg_gcs.txt
Processing nemeth09...
Runtimes for nemeth09 saved to /home/s0/ml4sys02/project/Workload-Aware-Co-Optimization/WACO/SpMM/TrainingData/CollectedData/nemeth09.txt
Processing orsirr_2...
Runtimes for orsirr_2 saved to /home/s0/ml4sys02/project/Workload-Aware-Co-Optimization/WACO/SpMM/TrainingData/CollectedData/orsirr_2.txt
Processing Zewail...
Runtimes for Zewail saved to /home/s0/ml4sys02/project/Workload-Aware-Co-Optimization/WACO/SpMM/TrainingData/CollectedData/Zewail.txt
Processing hydr1c_A_33...
Runtimes for hydr1c_A_33 saved to /home/s0/ml4sys02/project/Workload-Aware-Co-Optimization/WACO/SpMM/TrainingData/CollectedData/hydr1c_A_33.txt
Processing nemeth26...
Runtimes for nemeth26 saved to /home/s0/ml4sys02/project/Workload-Aware-Co-Optimization/WACO/SpMM/TrainingData/CollectedData/nemeth26.txt
Processing extr1b_Zeros_02...
Runtimes for extr1b_Zeros_02 saved to /home/s0/ml4sys02/project/Workload-Aware-Co-Optimization/WACO/SpMM/TrainingData/CollectedData/extr1b_Zeros_02.txt
Processing bp_200...
Runtimes for bp_200 saved to /home/s0/ml4sys02/project/Workload-Aware-Co-Optimization/WACO/SpMM/TrainingData/CollectedData/bp_200.txt
Processing msc23052...
Runtimes for msc23052 saved to /home/s0/ml4sys02/project/Workload-Aware-Co-Optimization/WACO/SpMM/TrainingData/CollectedData/msc23052.txt
Processing nemeth06...
Runtimes for nemeth06 saved to /home/s0/ml4sys02/project/Workload-Aware-Co-Optimization/WACO/SpMM/TrainingData/CollectedData/nemeth06.txt
Processing Si5H12...
Runtimes for Si5H12 saved to /home/s0/ml4sys02/project/Workload-Aware-Co-Optimization/WACO/SpMM/TrainingData/CollectedData/Si5H12.txt
Processing bcsstk13...
Runtimes for bcsstk13 saved to /home/s0/ml4sys02/project/Workload-Aware-Co-Optimization/WACO/SpMM/TrainingData/CollectedData/bcsstk13.txt
Processing cage4...
Runtimes for cage4 saved to /home/s0/ml4sys02/project/Workload-Aware-Co-Optimization/WACO/SpMM/TrainingData/CollectedData/cage4.txt
Processing cage10...
Runtimes for cage10 saved to /home/s0/ml4sys02/project/Workload-Aware-Co-Optimization/WACO/SpMM/TrainingData/CollectedData/cage10.txt
Processing mahindas...
Runtimes for mahindas saved to /home/s0/ml4sys02/project/Workload-Aware-Co-Optimization/WACO/SpMM/TrainingData/CollectedData/mahindas.txt
Processing hydr1c_A_74...
Runtimes for hydr1c_A_74 saved to /home/s0/ml4sys02/project/Workload-Aware-Co-Optimization/WACO/SpMM/TrainingData/CollectedData/hydr1c_A_74.txt
Processing hydr1c_Zeros_48...
Runtimes for hydr1c_Zeros_48 saved to /home/s0/ml4sys02/project/Workload-Aware-Co-Optimization/WACO/SpMM/TrainingData/CollectedData/hydr1c_Zeros_48.txt
Processing ex6...
Runtimes for ex6 saved to /home/s0/ml4sys02/project/Workload-Aware-Co-Optimization/WACO/SpMM/TrainingData/CollectedData/ex6.txt
Processing can_187...
Runtimes for can_187 saved to /home/s0/ml4sys02/project/Workload-Aware-Co-Optimization/WACO/SpMM/TrainingData/CollectedData/can_187.txt
Processing g7jac020...
Runtimes for g7jac020 saved to /home/s0/ml4sys02/project/Workload-Aware-Co-Optimization/WACO/SpMM/TrainingData/CollectedData/g7jac020.txt
Processing hydr1c_Zeros_40...
Runtimes for hydr1c_Zeros_40 saved to /home/s0/ml4sys02/project/Workload-Aware-Co-Optimization/WACO/SpMM/TrainingData/CollectedData/hydr1c_Zeros_40.txt
Processing lpi_itest2_hi...
Runtimes for lpi_itest2_hi saved to /home/s0/ml4sys02/project/Workload-Aware-Co-Optimization/WACO/SpMM/TrainingData/CollectedData/lpi_itest2_hi.txt
Processing g7jac010sc_x...
Runtimes for g7jac010sc_x saved to /home/s0/ml4sys02/project/Workload-Aware-Co-Optimization/WACO/SpMM/TrainingData/CollectedData/g7jac010sc_x.txt
Processing G20...
Runtimes for G20 saved to /home/s0/ml4sys02/project/Workload-Aware-Co-Optimization/WACO/SpMM/TrainingData/CollectedData/G20.txt
Processing can_229...
Runtimes for can_229 saved to /home/s0/ml4sys02/project/Workload-Aware-Co-Optimization/WACO/SpMM/TrainingData/CollectedData/can_229.txt
Processing can_268...
Runtimes for can_268 saved to /home/s0/ml4sys02/project/Workload-Aware-Co-Optimization/WACO/SpMM/TrainingData/CollectedData/can_268.txt
Processing extr1b_A_08...
Runtimes for extr1b_A_08 saved to /home/s0/ml4sys02/project/Workload-Aware-Co-Optimization/WACO/SpMM/TrainingData/CollectedData/extr1b_A_08.txt
Processing c-37...
Runtimes for c-37 saved to /home/s0/ml4sys02/project/Workload-Aware-Co-Optimization/WACO/SpMM/TrainingData/CollectedData/c-37.txt
Processing fd18_b...
Runtimes for fd18_b saved to /home/s0/ml4sys02/project/Workload-Aware-Co-Optimization/WACO/SpMM/TrainingData/CollectedData/fd18_b.txt
Processing fs_541_2...
Runtimes for fs_541_2 saved to /home/s0/ml4sys02/project/Workload-Aware-Co-Optimization/WACO/SpMM/TrainingData/CollectedData/fs_541_2.txt
Processing lpi_klein2_b...
Runtimes for lpi_klein2_b saved to /home/s0/ml4sys02/project/Workload-Aware-Co-Optimization/WACO/SpMM/TrainingData/CollectedData/lpi_klein2_b.txt
Processing bcsstk16...
Runtimes for bcsstk16 saved to /home/s0/ml4sys02/project/Workload-Aware-Co-Optimization/WACO/SpMM/TrainingData/CollectedData/bcsstk16.txt
Processing cage14...
Runtimes for cage14 saved to /home/s0/ml4sys02/project/Workload-Aware-Co-Optimization/WACO/SpMM/TrainingData/CollectedData/cage14.txt
Processing circuit_2...
Runtimes for circuit_2 saved to /home/s0/ml4sys02/project/Workload-Aware-Co-Optimization/WACO/SpMM/TrainingData/CollectedData/circuit_2.txt
Processing ASIC_320k...
Runtimes for ASIC_320k saved to /home/s0/ml4sys02/project/Workload-Aware-Co-Optimization/WACO/SpMM/TrainingData/CollectedData/ASIC_320k.txt
Processing comsol_b...
Runtimes for comsol_b saved to /home/s0/ml4sys02/project/Workload-Aware-Co-Optimization/WACO/SpMM/TrainingData/CollectedData/comsol_b.txt
Processing hydr1c_A_53...
Runtimes for hydr1c_A_53 saved to /home/s0/ml4sys02/project/Workload-Aware-Co-Optimization/WACO/SpMM/TrainingData/CollectedData/hydr1c_A_53.txt
Processing lp_nug06_b...
Runtimes for lp_nug06_b saved to /home/s0/ml4sys02/project/Workload-Aware-Co-Optimization/WACO/SpMM/TrainingData/CollectedData/lp_nug06_b.txt
Processing bcsstm24...
Runtimes for bcsstm24 saved to /home/s0/ml4sys02/project/Workload-Aware-Co-Optimization/WACO/SpMM/TrainingData/CollectedData/bcsstm24.txt
Processing lp_nug12_z0...
Runtimes for lp_nug12_z0 saved to /home/s0/ml4sys02/project/Workload-Aware-Co-Optimization/WACO/SpMM/TrainingData/CollectedData/lp_nug12_z0.txt
Processing oscil_dcop_25_b...
Runtimes for oscil_dcop_25_b saved to /home/s0/ml4sys02/project/Workload-Aware-Co-Optimization/WACO/SpMM/TrainingData/CollectedData/oscil_dcop_25_b.txt
Processing c-44_b...
Runtimes for c-44_b saved to /home/s0/ml4sys02/project/Workload-Aware-Co-Optimization/WACO/SpMM/TrainingData/CollectedData/c-44_b.txt
Processing lpi_gran_z0...
Runtimes for lpi_gran_z0 saved to /home/s0/ml4sys02/project/Workload-Aware-Co-Optimization/WACO/SpMM/TrainingData/CollectedData/lpi_gran_z0.txt
Processing patents_main_year...
Runtimes for patents_main_year saved to /home/s0/ml4sys02/project/Workload-Aware-Co-Optimization/WACO/SpMM/TrainingData/CollectedData/patents_main_year.txt
Processing af_shell3_b...
Runtimes for af_shell3_b saved to /home/s0/ml4sys02/project/Workload-Aware-Co-Optimization/WACO/SpMM/TrainingData/CollectedData/af_shell3_b.txt
Processing lhr17...
Runtimes for lhr17 saved to /home/s0/ml4sys02/project/Workload-Aware-Co-Optimization/WACO/SpMM/TrainingData/CollectedData/lhr17.txt
Processing c-39_b...
Runtimes for c-39_b saved to /home/s0/ml4sys02/project/Workload-Aware-Co-Optimization/WACO/SpMM/TrainingData/CollectedData/c-39_b.txt
Processing G31...
Runtimes for G31 saved to /home/s0/ml4sys02/project/Workload-Aware-Co-Optimization/WACO/SpMM/TrainingData/CollectedData/G31.txt
Processing hydr1c_A_22...
Runtimes for hydr1c_A_22 saved to /home/s0/ml4sys02/project/Workload-Aware-Co-Optimization/WACO/SpMM/TrainingData/CollectedData/hydr1c_A_22.txt
Processing mario002...
Runtimes for mario002 saved to /home/s0/ml4sys02/project/Workload-Aware-Co-Optimization/WACO/SpMM/TrainingData/CollectedData/mario002.txt
Processing af_shell7...
Runtimes for af_shell7 saved to /home/s0/ml4sys02/project/Workload-Aware-Co-Optimization/WACO/SpMM/TrainingData/CollectedData/af_shell7.txt
Processing chipcool1...
Runtimes for chipcool1 saved to /home/s0/ml4sys02/project/Workload-Aware-Co-Optimization/WACO/SpMM/TrainingData/CollectedData/chipcool1.txt
Processing skirt...
Runtimes for skirt saved to /home/s0/ml4sys02/project/Workload-Aware-Co-Optimization/WACO/SpMM/TrainingData/CollectedData/skirt.txt
Processing d_dyn_b...
Runtimes for d_dyn_b saved to /home/s0/ml4sys02/project/Workload-Aware-Co-Optimization/WACO/SpMM/TrainingData/CollectedData/d_dyn_b.txt
Processing GD96_a_coord...
Runtimes for GD96_a_coord saved to /home/s0/ml4sys02/project/Workload-Aware-Co-Optimization/WACO/SpMM/TrainingData/CollectedData/GD96_a_coord.txt
Processing lhr10c...
Runtimes for lhr10c saved to /home/s0/ml4sys02/project/Workload-Aware-Co-Optimization/WACO/SpMM/TrainingData/CollectedData/lhr10c.txt
Processing cavity16...
Runtimes for cavity16 saved to /home/s0/ml4sys02/project/Workload-Aware-Co-Optimization/WACO/SpMM/TrainingData/CollectedData/cavity16.txt
Processing Reuters911_Day_46...
Runtimes for Reuters911_Day_46 saved to /home/s0/ml4sys02/project/Workload-Aware-Co-Optimization/WACO/SpMM/TrainingData/CollectedData/Reuters911_Day_46.txt
Processing lp_nug08_hi...
Runtimes for lp_nug08_hi saved to /home/s0/ml4sys02/project/Workload-Aware-Co-Optimization/WACO/SpMM/TrainingData/CollectedData/lp_nug08_hi.txt
Processing Si34H36...
Runtimes for Si34H36 saved to /home/s0/ml4sys02/project/Workload-Aware-Co-Optimization/WACO/SpMM/TrainingData/CollectedData/Si34H36.txt
Processing tub100...
Runtimes for tub100 saved to /home/s0/ml4sys02/project/Workload-Aware-Co-Optimization/WACO/SpMM/TrainingData/CollectedData/tub100.txt
Processing IMDB...
Runtimes for IMDB saved to /home/s0/ml4sys02/project/Workload-Aware-Co-Optimization/WACO/SpMM/TrainingData/CollectedData/IMDB.txt
Processing bcspwr08...
Runtimes for bcspwr08 saved to /home/s0/ml4sys02/project/Workload-Aware-Co-Optimization/WACO/SpMM/TrainingData/CollectedData/bcspwr08.txt
Processing Reuters911_Day_14...
Runtimes for Reuters911_Day_14 saved to /home/s0/ml4sys02/project/Workload-Aware-Co-Optimization/WACO/SpMM/TrainingData/CollectedData/Reuters911_Day_14.txt
Processing aug3dcqp...
Runtimes for aug3dcqp saved to /home/s0/ml4sys02/project/Workload-Aware-Co-Optimization/WACO/SpMM/TrainingData/CollectedData/aug3dcqp.txt
Processing bayer03_b...
Runtimes for bayer03_b saved to /home/s0/ml4sys02/project/Workload-Aware-Co-Optimization/WACO/SpMM/TrainingData/CollectedData/bayer03_b.txt
Processing jan99jac060sc...
Runtimes for jan99jac060sc saved to /home/s0/ml4sys02/project/Workload-Aware-Co-Optimization/WACO/SpMM/TrainingData/CollectedData/jan99jac060sc.txt
Processing Reuters911_Day_61...
Runtimes for Reuters911_Day_61 saved to /home/s0/ml4sys02/project/Workload-Aware-Co-Optimization/WACO/SpMM/TrainingData/CollectedData/Reuters911_Day_61.txt
Processing bcircuit...
Runtimes for bcircuit saved to /home/s0/ml4sys02/project/Workload-Aware-Co-Optimization/WACO/SpMM/TrainingData/CollectedData/bcircuit.txt
Processing lpi_itest2_lo...
Runtimes for lpi_itest2_lo saved to /home/s0/ml4sys02/project/Workload-Aware-Co-Optimization/WACO/SpMM/TrainingData/CollectedData/lpi_itest2_lo.txt
Processing lpi_box1_c...
Runtimes for lpi_box1_c saved to /home/s0/ml4sys02/project/Workload-Aware-Co-Optimization/WACO/SpMM/TrainingData/CollectedData/lpi_box1_c.txt
Processing bp_1200...
Runtimes for bp_1200 saved to /home/s0/ml4sys02/project/Workload-Aware-Co-Optimization/WACO/SpMM/TrainingData/CollectedData/bp_1200.txt
Processing G50...
Runtimes for G50 saved to /home/s0/ml4sys02/project/Workload-Aware-Co-Optimization/WACO/SpMM/TrainingData/CollectedData/G50.txt
Processing LFAT5_C...
Runtimes for LFAT5_C saved to /home/s0/ml4sys02/project/Workload-Aware-Co-Optimization/WACO/SpMM/TrainingData/CollectedData/LFAT5_C.txt
Processing ex23...
Runtimes for ex23 saved to /home/s0/ml4sys02/project/Workload-Aware-Co-Optimization/WACO/SpMM/TrainingData/CollectedData/ex23.txt
Processing g7jac140...
Runtimes for g7jac140 saved to /home/s0/ml4sys02/project/Workload-Aware-Co-Optimization/WACO/SpMM/TrainingData/CollectedData/g7jac140.txt
Processing lp_agg2_c...
Runtimes for lp_agg2_c saved to /home/s0/ml4sys02/project/Workload-Aware-Co-Optimization/WACO/SpMM/TrainingData/CollectedData/lp_agg2_c.txt
Processing bayer08...
Runtimes for bayer08 saved to /home/s0/ml4sys02/project/Workload-Aware-Co-Optimization/WACO/SpMM/TrainingData/CollectedData/bayer08.txt
Processing c-56_b...
Runtimes for c-56_b saved to /home/s0/ml4sys02/project/Workload-Aware-Co-Optimization/WACO/SpMM/TrainingData/CollectedData/c-56_b.txt
Processing cavity21_x...
Runtimes for cavity21_x saved to /home/s0/ml4sys02/project/Workload-Aware-Co-Optimization/WACO/SpMM/TrainingData/CollectedData/cavity21_x.txt
Processing nos5...
Runtimes for nos5 saved to /home/s0/ml4sys02/project/Workload-Aware-Co-Optimization/WACO/SpMM/TrainingData/CollectedData/nos5.txt
Processing lp_nug08_lo...
Runtimes for lp_nug08_lo saved to /home/s0/ml4sys02/project/Workload-Aware-Co-Optimization/WACO/SpMM/TrainingData/CollectedData/lp_nug08_lo.txt
Processing lp_pilot87_b...
Runtimes for lp_pilot87_b saved to /home/s0/ml4sys02/project/Workload-Aware-Co-Optimization/WACO/SpMM/TrainingData/CollectedData/lp_pilot87_b.txt
Processing cavity13...
Runtimes for cavity13 saved to /home/s0/ml4sys02/project/Workload-Aware-Co-Optimization/WACO/SpMM/TrainingData/CollectedData/cavity13.txt
Processing bcircuit_b...
Runtimes for bcircuit_b saved to /home/s0/ml4sys02/project/Workload-Aware-Co-Optimization/WACO/SpMM/TrainingData/CollectedData/bcircuit_b.txt
Processing hydr1c_A_63...
Runtimes for hydr1c_A_63 saved to /home/s0/ml4sys02/project/Workload-Aware-Co-Optimization/WACO/SpMM/TrainingData/CollectedData/hydr1c_A_63.txt
Processing nd24k...
Runtimes for nd24k saved to /home/s0/ml4sys02/project/Workload-Aware-Co-Optimization/WACO/SpMM/TrainingData/CollectedData/nd24k.txt
Processing rajat04...
Runtimes for rajat04 saved to /home/s0/ml4sys02/project/Workload-Aware-Co-Optimization/WACO/SpMM/TrainingData/CollectedData/rajat04.txt
Processing bcsstk02...
Runtimes for bcsstk02 saved to /home/s0/ml4sys02/project/Workload-Aware-Co-Optimization/WACO/SpMM/TrainingData/CollectedData/bcsstk02.txt
Processing gas_sensor_C...
Runtimes for gas_sensor_C saved to /home/s0/ml4sys02/project/Workload-Aware-Co-Optimization/WACO/SpMM/TrainingData/CollectedData/gas_sensor_C.txt
Processing lp_dfl001_lo...
Runtimes for lp_dfl001_lo saved to /home/s0/ml4sys02/project/Workload-Aware-Co-Optimization/WACO/SpMM/TrainingData/CollectedData/lp_dfl001_lo.txt
Processing west0989...
Runtimes for west0989 saved to /home/s0/ml4sys02/project/Workload-Aware-Co-Optimization/WACO/SpMM/TrainingData/CollectedData/west0989.txt
Processing bcsstm26...
Runtimes for bcsstm26 saved to /home/s0/ml4sys02/project/Workload-Aware-Co-Optimization/WACO/SpMM/TrainingData/CollectedData/bcsstm26.txt
Processing lp_ship04s...
Runtimes for lp_ship04s saved to /home/s0/ml4sys02/project/Workload-Aware-Co-Optimization/WACO/SpMM/TrainingData/CollectedData/lp_ship04s.txt
Processing G52...
Runtimes for G52 saved to /home/s0/ml4sys02/project/Workload-Aware-Co-Optimization/WACO/SpMM/TrainingData/CollectedData/G52.txt
Processing c-50_b...
Runtimes for c-50_b saved to /home/s0/ml4sys02/project/Workload-Aware-Co-Optimization/WACO/SpMM/TrainingData/CollectedData/c-50_b.txt
Processing c-69...
Runtimes for c-69 saved to /home/s0/ml4sys02/project/Workload-Aware-Co-Optimization/WACO/SpMM/TrainingData/CollectedData/c-69.txt
Processing ASIC_680ks...
Runtimes for ASIC_680ks saved to /home/s0/ml4sys02/project/Workload-Aware-Co-Optimization/WACO/SpMM/TrainingData/CollectedData/ASIC_680ks.txt
Processing oscil_dcop_30_b...
Runtimes for oscil_dcop_30_b saved to /home/s0/ml4sys02/project/Workload-Aware-Co-Optimization/WACO/SpMM/TrainingData/CollectedData/oscil_dcop_30_b.txt
Processing USAir97_coord...
Runtimes for USAir97_coord saved to /home/s0/ml4sys02/project/Workload-Aware-Co-Optimization/WACO/SpMM/TrainingData/CollectedData/USAir97_coord.txt
Processing fpga_dcop_34...
Runtimes for fpga_dcop_34 saved to /home/s0/ml4sys02/project/Workload-Aware-Co-Optimization/WACO/SpMM/TrainingData/CollectedData/fpga_dcop_34.txt
Processing sherman4...
Runtimes for sherman4 saved to /home/s0/ml4sys02/project/Workload-Aware-Co-Optimization/WACO/SpMM/TrainingData/CollectedData/sherman4.txt
Processing LF10000_B...
Runtimes for LF10000_B saved to /home/s0/ml4sys02/project/Workload-Aware-Co-Optimization/WACO/SpMM/TrainingData/CollectedData/LF10000_B.txt
Processing commanche_dual_coord...
Runtimes for commanche_dual_coord saved to /home/s0/ml4sys02/project/Workload-Aware-Co-Optimization/WACO/SpMM/TrainingData/CollectedData/commanche_dual_coord.txt
Processing cavity14_b...
Runtimes for cavity14_b saved to /home/s0/ml4sys02/project/Workload-Aware-Co-Optimization/WACO/SpMM/TrainingData/CollectedData/cavity14_b.txt
Processing c-64...
Runtimes for c-64 saved to /home/s0/ml4sys02/project/Workload-Aware-Co-Optimization/WACO/SpMM/TrainingData/CollectedData/c-64.txt
Processing young3c...
Runtimes for young3c saved to /home/s0/ml4sys02/project/Workload-Aware-Co-Optimization/WACO/SpMM/TrainingData/CollectedData/young3c.txt
Processing cegb2919...
Runtimes for cegb2919 saved to /home/s0/ml4sys02/project/Workload-Aware-Co-Optimization/WACO/SpMM/TrainingData/CollectedData/cegb2919.txt
Processing gyro_C...
Runtimes for gyro_C saved to /home/s0/ml4sys02/project/Workload-Aware-Co-Optimization/WACO/SpMM/TrainingData/CollectedData/gyro_C.txt
Processing bfwb782...
Runtimes for bfwb782 saved to /home/s0/ml4sys02/project/Workload-Aware-Co-Optimization/WACO/SpMM/TrainingData/CollectedData/bfwb782.txt
Processing CSphd_phdyear...
Runtimes for CSphd_phdyear saved to /home/s0/ml4sys02/project/Workload-Aware-Co-Optimization/WACO/SpMM/TrainingData/CollectedData/CSphd_phdyear.txt
Processing ex3sta1...
Runtimes for ex3sta1 saved to /home/s0/ml4sys02/project/Workload-Aware-Co-Optimization/WACO/SpMM/TrainingData/CollectedData/ex3sta1.txt
Processing mark3jac100sc...
Runtimes for mark3jac100sc saved to /home/s0/ml4sys02/project/Workload-Aware-Co-Optimization/WACO/SpMM/TrainingData/CollectedData/mark3jac100sc.txt
Processing odepa400...
Runtimes for odepa400 saved to /home/s0/ml4sys02/project/Workload-Aware-Co-Optimization/WACO/SpMM/TrainingData/CollectedData/odepa400.txt
Processing mesh1em1...
Runtimes for mesh1em1 saved to /home/s0/ml4sys02/project/Workload-Aware-Co-Optimization/WACO/SpMM/TrainingData/CollectedData/mesh1em1.txt
Processing conf5_0-4x4-26...
Runtimes for conf5_0-4x4-26 saved to /home/s0/ml4sys02/project/Workload-Aware-Co-Optimization/WACO/SpMM/TrainingData/CollectedData/conf5_0-4x4-26.txt
Processing nemeth16...
Runtimes for nemeth16 saved to /home/s0/ml4sys02/project/Workload-Aware-Co-Optimization/WACO/SpMM/TrainingData/CollectedData/nemeth16.txt
Processing bfwa782...
Runtimes for bfwa782 saved to /home/s0/ml4sys02/project/Workload-Aware-Co-Optimization/WACO/SpMM/TrainingData/CollectedData/bfwa782.txt
Processing ct20stif...
Runtimes for ct20stif saved to /home/s0/ml4sys02/project/Workload-Aware-Co-Optimization/WACO/SpMM/TrainingData/CollectedData/ct20stif.txt
Processing hydr1c_A_13...
Runtimes for hydr1c_A_13 saved to /home/s0/ml4sys02/project/Workload-Aware-Co-Optimization/WACO/SpMM/TrainingData/CollectedData/hydr1c_A_13.txt
Processing Erdos972_cluster...
Runtimes for Erdos972_cluster saved to /home/s0/ml4sys02/project/Workload-Aware-Co-Optimization/WACO/SpMM/TrainingData/CollectedData/Erdos972_cluster.txt
Processing scircuit_b...
Runtimes for scircuit_b saved to /home/s0/ml4sys02/project/Workload-Aware-Co-Optimization/WACO/SpMM/TrainingData/CollectedData/scircuit_b.txt
Processing ford1...
Runtimes for ford1 saved to /home/s0/ml4sys02/project/Workload-Aware-Co-Optimization/WACO/SpMM/TrainingData/CollectedData/ford1.txt
Processing Sandi_sandi_coord...
Runtimes for Sandi_sandi_coord saved to /home/s0/ml4sys02/project/Workload-Aware-Co-Optimization/WACO/SpMM/TrainingData/CollectedData/Sandi_sandi_coord.txt
Processing Zd_Jac2...
Runtimes for Zd_Jac2 saved to /home/s0/ml4sys02/project/Workload-Aware-Co-Optimization/WACO/SpMM/TrainingData/CollectedData/Zd_Jac2.txt
Processing c-31_b...
Runtimes for c-31_b saved to /home/s0/ml4sys02/project/Workload-Aware-Co-Optimization/WACO/SpMM/TrainingData/CollectedData/c-31_b.txt
Processing hydr1c_A_11...
Runtimes for hydr1c_A_11 saved to /home/s0/ml4sys02/project/Workload-Aware-Co-Optimization/WACO/SpMM/TrainingData/CollectedData/hydr1c_A_11.txt
Processing jagmesh3...
Runtimes for jagmesh3 saved to /home/s0/ml4sys02/project/Workload-Aware-Co-Optimization/WACO/SpMM/TrainingData/CollectedData/jagmesh3.txt
Processing mip1...
Runtimes for mip1 saved to /home/s0/ml4sys02/project/Workload-Aware-Co-Optimization/WACO/SpMM/TrainingData/CollectedData/mip1.txt
Processing airfoil_2d...
Runtimes for airfoil_2d saved to /home/s0/ml4sys02/project/Workload-Aware-Co-Optimization/WACO/SpMM/TrainingData/CollectedData/airfoil_2d.txt
Processing football...
Runtimes for football saved to /home/s0/ml4sys02/project/Workload-Aware-Co-Optimization/WACO/SpMM/TrainingData/CollectedData/football.txt
Processing extr1b_Zeros_01...
Runtimes for extr1b_Zeros_01 saved to /home/s0/ml4sys02/project/Workload-Aware-Co-Optimization/WACO/SpMM/TrainingData/CollectedData/extr1b_Zeros_01.txt
Processing hydr1c_Zeros_57...
Runtimes for hydr1c_Zeros_57 saved to /home/s0/ml4sys02/project/Workload-Aware-Co-Optimization/WACO/SpMM/TrainingData/CollectedData/hydr1c_Zeros_57.txt
Processing spiral_B...
Runtimes for spiral_B saved to /home/s0/ml4sys02/project/Workload-Aware-Co-Optimization/WACO/SpMM/TrainingData/CollectedData/spiral_B.txt
Processing lpi_cplex2_hi...
Runtimes for lpi_cplex2_hi saved to /home/s0/ml4sys02/project/Workload-Aware-Co-Optimization/WACO/SpMM/TrainingData/CollectedData/lpi_cplex2_hi.txt
Processing venkat50_b...
Runtimes for venkat50_b saved to /home/s0/ml4sys02/project/Workload-Aware-Co-Optimization/WACO/SpMM/TrainingData/CollectedData/venkat50_b.txt
Processing will199...
Runtimes for will199 saved to /home/s0/ml4sys02/project/Workload-Aware-Co-Optimization/WACO/SpMM/TrainingData/CollectedData/will199.txt
Processing fpga_dcop_47_b...
Runtimes for fpga_dcop_47_b saved to /home/s0/ml4sys02/project/Workload-Aware-Co-Optimization/WACO/SpMM/TrainingData/CollectedData/fpga_dcop_47_b.txt
Processing Zd_Jac3_db_b...
Runtimes for Zd_Jac3_db_b saved to /home/s0/ml4sys02/project/Workload-Aware-Co-Optimization/WACO/SpMM/TrainingData/CollectedData/Zd_Jac3_db_b.txt
Processing lp_israel_z0...
Runtimes for lp_israel_z0 saved to /home/s0/ml4sys02/project/Workload-Aware-Co-Optimization/WACO/SpMM/TrainingData/CollectedData/lp_israel_z0.txt
Processing lp_share2b_c...
Runtimes for lp_share2b_c saved to /home/s0/ml4sys02/project/Workload-Aware-Co-Optimization/WACO/SpMM/TrainingData/CollectedData/lp_share2b_c.txt
Processing hydr1c_A_16...
Runtimes for hydr1c_A_16 saved to /home/s0/ml4sys02/project/Workload-Aware-Co-Optimization/WACO/SpMM/TrainingData/CollectedData/hydr1c_A_16.txt
Processing hydr1c_Zeros_75...
Runtimes for hydr1c_Zeros_75 saved to /home/s0/ml4sys02/project/Workload-Aware-Co-Optimization/WACO/SpMM/TrainingData/CollectedData/hydr1c_Zeros_75.txt
Processing orsreg_1...
Runtimes for orsreg_1 saved to /home/s0/ml4sys02/project/Workload-Aware-Co-Optimization/WACO/SpMM/TrainingData/CollectedData/orsreg_1.txt
Processing k1_san...
Runtimes for k1_san saved to /home/s0/ml4sys02/project/Workload-Aware-Co-Optimization/WACO/SpMM/TrainingData/CollectedData/k1_san.txt
Processing extr1b_A_35...
Runtimes for extr1b_A_35 saved to /home/s0/ml4sys02/project/Workload-Aware-Co-Optimization/WACO/SpMM/TrainingData/CollectedData/extr1b_A_35.txt
Processing Zd_Jac6_db...
Runtimes for Zd_Jac6_db saved to /home/s0/ml4sys02/project/Workload-Aware-Co-Optimization/WACO/SpMM/TrainingData/CollectedData/Zd_Jac6_db.txt
Processing dw1024...
Runtimes for dw1024 saved to /home/s0/ml4sys02/project/Workload-Aware-Co-Optimization/WACO/SpMM/TrainingData/CollectedData/dw1024.txt
Processing rail_79841_E...
Runtimes for rail_79841_E saved to /home/s0/ml4sys02/project/Workload-Aware-Co-Optimization/WACO/SpMM/TrainingData/CollectedData/rail_79841_E.txt
Processing GD02_a_coord...
Runtimes for GD02_a_coord saved to /home/s0/ml4sys02/project/Workload-Aware-Co-Optimization/WACO/SpMM/TrainingData/CollectedData/GD02_a_coord.txt
Processing hydr1c_Zeros_19...
Runtimes for hydr1c_Zeros_19 saved to /home/s0/ml4sys02/project/Workload-Aware-Co-Optimization/WACO/SpMM/TrainingData/CollectedData/hydr1c_Zeros_19.txt
Processing t3dh_a...
Runtimes for t3dh_a saved to /home/s0/ml4sys02/project/Workload-Aware-Co-Optimization/WACO/SpMM/TrainingData/CollectedData/t3dh_a.txt
Processing lp_ken_18_z0...
Runtimes for lp_ken_18_z0 saved to /home/s0/ml4sys02/project/Workload-Aware-Co-Optimization/WACO/SpMM/TrainingData/CollectedData/lp_ken_18_z0.txt
Processing ramage02...
Runtimes for ramage02 saved to /home/s0/ml4sys02/project/Workload-Aware-Co-Optimization/WACO/SpMM/TrainingData/CollectedData/ramage02.txt
Processing lp_nug07_hi...
Runtimes for lp_nug07_hi saved to /home/s0/ml4sys02/project/Workload-Aware-Co-Optimization/WACO/SpMM/TrainingData/CollectedData/lp_nug07_hi.txt
Processing sinc12_b...
Runtimes for sinc12_b saved to /home/s0/ml4sys02/project/Workload-Aware-Co-Optimization/WACO/SpMM/TrainingData/CollectedData/sinc12_b.txt
Processing extr1b_Zeros_07...
Runtimes for extr1b_Zeros_07 saved to /home/s0/ml4sys02/project/Workload-Aware-Co-Optimization/WACO/SpMM/TrainingData/CollectedData/extr1b_Zeros_07.txt
Processing onera_dual_coord...
Runtimes for onera_dual_coord saved to /home/s0/ml4sys02/project/Workload-Aware-Co-Optimization/WACO/SpMM/TrainingData/CollectedData/onera_dual_coord.txt
Processing c-34_b...
Runtimes for c-34_b saved to /home/s0/ml4sys02/project/Workload-Aware-Co-Optimization/WACO/SpMM/TrainingData/CollectedData/c-34_b.txt
Processing G11...
Runtimes for G11 saved to /home/s0/ml4sys02/project/Workload-Aware-Co-Optimization/WACO/SpMM/TrainingData/CollectedData/G11.txt
Processing ex24...
Runtimes for ex24 saved to /home/s0/ml4sys02/project/Workload-Aware-Co-Optimization/WACO/SpMM/TrainingData/CollectedData/ex24.txt
Processing pwt...
Runtimes for pwt saved to /home/s0/ml4sys02/project/Workload-Aware-Co-Optimization/WACO/SpMM/TrainingData/CollectedData/pwt.txt
Processing gemat1...
Runtimes for gemat1 saved to /home/s0/ml4sys02/project/Workload-Aware-Co-Optimization/WACO/SpMM/TrainingData/CollectedData/gemat1.txt
Processing t3dh_C...
Runtimes for t3dh_C saved to /home/s0/ml4sys02/project/Workload-Aware-Co-Optimization/WACO/SpMM/TrainingData/CollectedData/t3dh_C.txt
Processing c-29_b...
Runtimes for c-29_b saved to /home/s0/ml4sys02/project/Workload-Aware-Co-Optimization/WACO/SpMM/TrainingData/CollectedData/c-29_b.txt
Processing extr1b_A_34...
Runtimes for extr1b_A_34 saved to /home/s0/ml4sys02/project/Workload-Aware-Co-Optimization/WACO/SpMM/TrainingData/CollectedData/extr1b_A_34.txt
Processing nos3...
Runtimes for nos3 saved to /home/s0/ml4sys02/project/Workload-Aware-Co-Optimization/WACO/SpMM/TrainingData/CollectedData/nos3.txt
Processing matrix-new_3_b...
Runtimes for matrix-new_3_b saved to /home/s0/ml4sys02/project/Workload-Aware-Co-Optimization/WACO/SpMM/TrainingData/CollectedData/matrix-new_3_b.txt
Processing c-28_b...
Runtimes for c-28_b saved to /home/s0/ml4sys02/project/Workload-Aware-Co-Optimization/WACO/SpMM/TrainingData/CollectedData/c-28_b.txt
Processing lp_nug05_b...
Runtimes for lp_nug05_b saved to /home/s0/ml4sys02/project/Workload-Aware-Co-Optimization/WACO/SpMM/TrainingData/CollectedData/lp_nug05_b.txt
Processing rajat03...
Runtimes for rajat03 saved to /home/s0/ml4sys02/project/Workload-Aware-Co-Optimization/WACO/SpMM/TrainingData/CollectedData/rajat03.txt
Processing jan99jac060...
Runtimes for jan99jac060 saved to /home/s0/ml4sys02/project/Workload-Aware-Co-Optimization/WACO/SpMM/TrainingData/CollectedData/jan99jac060.txt
Processing stomach...
Runtimes for stomach saved to /home/s0/ml4sys02/project/Workload-Aware-Co-Optimization/WACO/SpMM/TrainingData/CollectedData/stomach.txt
Processing c-31...
Runtimes for c-31 saved to /home/s0/ml4sys02/project/Workload-Aware-Co-Optimization/WACO/SpMM/TrainingData/CollectedData/c-31.txt
Processing GD96_d...
Runtimes for GD96_d saved to /home/s0/ml4sys02/project/Workload-Aware-Co-Optimization/WACO/SpMM/TrainingData/CollectedData/GD96_d.txt
Processing Reuters911_Day_36...
Runtimes for Reuters911_Day_36 saved to /home/s0/ml4sys02/project/Workload-Aware-Co-Optimization/WACO/SpMM/TrainingData/CollectedData/Reuters911_Day_36.txt
Processing laser...
Runtimes for laser saved to /home/s0/ml4sys02/project/Workload-Aware-Co-Optimization/WACO/SpMM/TrainingData/CollectedData/laser.txt
Processing hydr1c_Zeros_51...
Runtimes for hydr1c_Zeros_51 saved to /home/s0/ml4sys02/project/Workload-Aware-Co-Optimization/WACO/SpMM/TrainingData/CollectedData/hydr1c_Zeros_51.txt
Processing extr1b_A_43...
Runtimes for extr1b_A_43 saved to /home/s0/ml4sys02/project/Workload-Aware-Co-Optimization/WACO/SpMM/TrainingData/CollectedData/extr1b_A_43.txt
Processing G66...
Runtimes for G66 saved to /home/s0/ml4sys02/project/Workload-Aware-Co-Optimization/WACO/SpMM/TrainingData/CollectedData/G66.txt
Processing Erdos992_cluster...
Runtimes for Erdos992_cluster saved to /home/s0/ml4sys02/project/Workload-Aware-Co-Optimization/WACO/SpMM/TrainingData/CollectedData/Erdos992_cluster.txt
Processing lp_ship12s_b...
Runtimes for lp_ship12s_b saved to /home/s0/ml4sys02/project/Workload-Aware-Co-Optimization/WACO/SpMM/TrainingData/CollectedData/lp_ship12s_b.txt
Processing af_shell8...
Runtimes for af_shell8 saved to /home/s0/ml4sys02/project/Workload-Aware-Co-Optimization/WACO/SpMM/TrainingData/CollectedData/af_shell8.txt
Processing hydr1c_A_06...
Runtimes for hydr1c_A_06 saved to /home/s0/ml4sys02/project/Workload-Aware-Co-Optimization/WACO/SpMM/TrainingData/CollectedData/hydr1c_A_06.txt
Processing ns3Da_b...
Runtimes for ns3Da_b saved to /home/s0/ml4sys02/project/Workload-Aware-Co-Optimization/WACO/SpMM/TrainingData/CollectedData/ns3Da_b.txt
Processing bcsstm19...
Runtimes for bcsstm19 saved to /home/s0/ml4sys02/project/Workload-Aware-Co-Optimization/WACO/SpMM/TrainingData/CollectedData/bcsstm19.txt
Processing bcsstm35...
Runtimes for bcsstm35 saved to /home/s0/ml4sys02/project/Workload-Aware-Co-Optimization/WACO/SpMM/TrainingData/CollectedData/bcsstm35.txt
Processing a0nsdsil...
Runtimes for a0nsdsil saved to /home/s0/ml4sys02/project/Workload-Aware-Co-Optimization/WACO/SpMM/TrainingData/CollectedData/a0nsdsil.txt
Processing oscil_dcop_30...
Runtimes for oscil_dcop_30 saved to /home/s0/ml4sys02/project/Workload-Aware-Co-Optimization/WACO/SpMM/TrainingData/CollectedData/oscil_dcop_30.txt
Processing t2dal_B...
Runtimes for t2dal_B saved to /home/s0/ml4sys02/project/Workload-Aware-Co-Optimization/WACO/SpMM/TrainingData/CollectedData/t2dal_B.txt
Processing cavity16_x...
Runtimes for cavity16_x saved to /home/s0/ml4sys02/project/Workload-Aware-Co-Optimization/WACO/SpMM/TrainingData/CollectedData/cavity16_x.txt
Processing cavity08_x...
Runtimes for cavity08_x saved to /home/s0/ml4sys02/project/Workload-Aware-Co-Optimization/WACO/SpMM/TrainingData/CollectedData/cavity08_x.txt
Processing oscil_dcop_05...
Runtimes for oscil_dcop_05 saved to /home/s0/ml4sys02/project/Workload-Aware-Co-Optimization/WACO/SpMM/TrainingData/CollectedData/oscil_dcop_05.txt
Processing Chem97Zt...
Runtimes for Chem97Zt saved to /home/s0/ml4sys02/project/Workload-Aware-Co-Optimization/WACO/SpMM/TrainingData/CollectedData/Chem97Zt.txt
Processing c-38_b...
Runtimes for c-38_b saved to /home/s0/ml4sys02/project/Workload-Aware-Co-Optimization/WACO/SpMM/TrainingData/CollectedData/c-38_b.txt
Processing dwt_1242...
Runtimes for dwt_1242 saved to /home/s0/ml4sys02/project/Workload-Aware-Co-Optimization/WACO/SpMM/TrainingData/CollectedData/dwt_1242.txt
Processing boneS01_C...
