Processing rajat02...
Runtimes for rajat02 saved to /home/s0/ml4sys02/project/Workload-Aware-Co-Optimization/WACO/SpMM/TrainingData/CollectedData/rajat02.txt
Processing onetone1...
Runtimes for onetone1 saved to /home/s0/ml4sys02/project/Workload-Aware-Co-Optimization/WACO/SpMM/TrainingData/CollectedData/onetone1.txt
Processing cavity26_x...
Runtimes for cavity26_x saved to /home/s0/ml4sys02/project/Workload-Aware-Co-Optimization/WACO/SpMM/TrainingData/CollectedData/cavity26_x.txt
Processing west0167...
Runtimes for west0167 saved to /home/s0/ml4sys02/project/Workload-Aware-Co-Optimization/WACO/SpMM/TrainingData/CollectedData/west0167.txt
Processing olafu_b...
Runtimes for olafu_b saved to /home/s0/ml4sys02/project/Workload-Aware-Co-Optimization/WACO/SpMM/TrainingData/CollectedData/olafu_b.txt
Processing c-49...
Runtimes for c-49 saved to /home/s0/ml4sys02/project/Workload-Aware-Co-Optimization/WACO/SpMM/TrainingData/CollectedData/c-49.txt
Processing hydr1c_A_55...
Runtimes for hydr1c_A_55 saved to /home/s0/ml4sys02/project/Workload-Aware-Co-Optimization/WACO/SpMM/TrainingData/CollectedData/hydr1c_A_55.txt
Processing cavity19_x...
Runtimes for cavity19_x saved to /home/s0/ml4sys02/project/Workload-Aware-Co-Optimization/WACO/SpMM/TrainingData/CollectedData/cavity19_x.txt
Processing bwm2000...
Runtimes for bwm2000 saved to /home/s0/ml4sys02/project/Workload-Aware-Co-Optimization/WACO/SpMM/TrainingData/CollectedData/bwm2000.txt
Processing lp_bnl2_lo...
Runtimes for lp_bnl2_lo saved to /home/s0/ml4sys02/project/Workload-Aware-Co-Optimization/WACO/SpMM/TrainingData/CollectedData/lp_bnl2_lo.txt
Processing Andrews...
Runtimes for Andrews saved to /home/s0/ml4sys02/project/Workload-Aware-Co-Optimization/WACO/SpMM/TrainingData/CollectedData/Andrews.txt
Processing 3D_28984_Tetra_b...
Runtimes for 3D_28984_Tetra_b saved to /home/s0/ml4sys02/project/Workload-Aware-Co-Optimization/WACO/SpMM/TrainingData/CollectedData/3D_28984_Tetra_b.txt
Processing lp_bnl2_z0...
Runtimes for lp_bnl2_z0 saved to /home/s0/ml4sys02/project/Workload-Aware-Co-Optimization/WACO/SpMM/TrainingData/CollectedData/lp_bnl2_z0.txt
Processing helm2d03...
Runtimes for helm2d03 saved to /home/s0/ml4sys02/project/Workload-Aware-Co-Optimization/WACO/SpMM/TrainingData/CollectedData/helm2d03.txt
Processing hydr1c_Zeros_44...
Runtimes for hydr1c_Zeros_44 saved to /home/s0/ml4sys02/project/Workload-Aware-Co-Optimization/WACO/SpMM/TrainingData/CollectedData/hydr1c_Zeros_44.txt
Processing lp_pilot...
Runtimes for lp_pilot saved to /home/s0/ml4sys02/project/Workload-Aware-Co-Optimization/WACO/SpMM/TrainingData/CollectedData/lp_pilot.txt
Processing NotreDame_www...
Runtimes for NotreDame_www saved to /home/s0/ml4sys02/project/Workload-Aware-Co-Optimization/WACO/SpMM/TrainingData/CollectedData/NotreDame_www.txt
Processing barrier2-12...
Runtimes for barrier2-12 saved to /home/s0/ml4sys02/project/Workload-Aware-Co-Optimization/WACO/SpMM/TrainingData/CollectedData/barrier2-12.txt
Processing orani678...
Runtimes for orani678 saved to /home/s0/ml4sys02/project/Workload-Aware-Co-Optimization/WACO/SpMM/TrainingData/CollectedData/orani678.txt
Processing cavity25_b...
Runtimes for cavity25_b saved to /home/s0/ml4sys02/project/Workload-Aware-Co-Optimization/WACO/SpMM/TrainingData/CollectedData/cavity25_b.txt
Processing utm3060_b...
Runtimes for utm3060_b saved to /home/s0/ml4sys02/project/Workload-Aware-Co-Optimization/WACO/SpMM/TrainingData/CollectedData/utm3060_b.txt
Processing nasasrb_b...
Runtimes for nasasrb_b saved to /home/s0/ml4sys02/project/Workload-Aware-Co-Optimization/WACO/SpMM/TrainingData/CollectedData/nasasrb_b.txt
Processing nos6...
Runtimes for nos6 saved to /home/s0/ml4sys02/project/Workload-Aware-Co-Optimization/WACO/SpMM/TrainingData/CollectedData/nos6.txt
Processing hydr1c_A_45...
Runtimes for hydr1c_A_45 saved to /home/s0/ml4sys02/project/Workload-Aware-Co-Optimization/WACO/SpMM/TrainingData/CollectedData/hydr1c_A_45.txt
Processing G37...
Runtimes for G37 saved to /home/s0/ml4sys02/project/Workload-Aware-Co-Optimization/WACO/SpMM/TrainingData/CollectedData/G37.txt
Processing cavity15_x...
Runtimes for cavity15_x saved to /home/s0/ml4sys02/project/Workload-Aware-Co-Optimization/WACO/SpMM/TrainingData/CollectedData/cavity15_x.txt
Processing west0156...
Runtimes for west0156 saved to /home/s0/ml4sys02/project/Workload-Aware-Co-Optimization/WACO/SpMM/TrainingData/CollectedData/west0156.txt
Processing bayer02...
Runtimes for bayer02 saved to /home/s0/ml4sys02/project/Workload-Aware-Co-Optimization/WACO/SpMM/TrainingData/CollectedData/bayer02.txt
Processing adder_dcop_20...
Runtimes for adder_dcop_20 saved to /home/s0/ml4sys02/project/Workload-Aware-Co-Optimization/WACO/SpMM/TrainingData/CollectedData/adder_dcop_20.txt
Processing bcspwr01...
Runtimes for bcspwr01 saved to /home/s0/ml4sys02/project/Workload-Aware-Co-Optimization/WACO/SpMM/TrainingData/CollectedData/bcspwr01.txt
Processing Na5...
Runtimes for Na5 saved to /home/s0/ml4sys02/project/Workload-Aware-Co-Optimization/WACO/SpMM/TrainingData/CollectedData/Na5.txt
Processing lp_stair_c...
Runtimes for lp_stair_c saved to /home/s0/ml4sys02/project/Workload-Aware-Co-Optimization/WACO/SpMM/TrainingData/CollectedData/lp_stair_c.txt
Processing raefsky5...
Runtimes for raefsky5 saved to /home/s0/ml4sys02/project/Workload-Aware-Co-Optimization/WACO/SpMM/TrainingData/CollectedData/raefsky5.txt
Processing nnc1374...
Runtimes for nnc1374 saved to /home/s0/ml4sys02/project/Workload-Aware-Co-Optimization/WACO/SpMM/TrainingData/CollectedData/nnc1374.txt
Processing bbmat_b...
Runtimes for bbmat_b saved to /home/s0/ml4sys02/project/Workload-Aware-Co-Optimization/WACO/SpMM/TrainingData/CollectedData/bbmat_b.txt
Processing lp_gfrd_pnc_hi...
Runtimes for lp_gfrd_pnc_hi saved to /home/s0/ml4sys02/project/Workload-Aware-Co-Optimization/WACO/SpMM/TrainingData/CollectedData/lp_gfrd_pnc_hi.txt
Processing can_715...
Runtimes for can_715 saved to /home/s0/ml4sys02/project/Workload-Aware-Co-Optimization/WACO/SpMM/TrainingData/CollectedData/can_715.txt
Processing dwt_1007...
Runtimes for dwt_1007 saved to /home/s0/ml4sys02/project/Workload-Aware-Co-Optimization/WACO/SpMM/TrainingData/CollectedData/dwt_1007.txt
Processing extr1b_A_19...
Runtimes for extr1b_A_19 saved to /home/s0/ml4sys02/project/Workload-Aware-Co-Optimization/WACO/SpMM/TrainingData/CollectedData/extr1b_A_19.txt
Processing cavity04...
Runtimes for cavity04 saved to /home/s0/ml4sys02/project/Workload-Aware-Co-Optimization/WACO/SpMM/TrainingData/CollectedData/cavity04.txt
Processing 3D_28984_Tetra...
Runtimes for 3D_28984_Tetra saved to /home/s0/ml4sys02/project/Workload-Aware-Co-Optimization/WACO/SpMM/TrainingData/CollectedData/3D_28984_Tetra.txt
Processing t2dah_E...
Runtimes for t2dah_E saved to /home/s0/ml4sys02/project/Workload-Aware-Co-Optimization/WACO/SpMM/TrainingData/CollectedData/t2dah_E.txt
Processing lap_25...
Runtimes for lap_25 saved to /home/s0/ml4sys02/project/Workload-Aware-Co-Optimization/WACO/SpMM/TrainingData/CollectedData/lap_25.txt
Processing Reuters911_Day_13...
Runtimes for Reuters911_Day_13 saved to /home/s0/ml4sys02/project/Workload-Aware-Co-Optimization/WACO/SpMM/TrainingData/CollectedData/Reuters911_Day_13.txt
Processing hydr1c_Zeros_35...
Runtimes for hydr1c_Zeros_35 saved to /home/s0/ml4sys02/project/Workload-Aware-Co-Optimization/WACO/SpMM/TrainingData/CollectedData/hydr1c_Zeros_35.txt
Processing cavity03_x...
Runtimes for cavity03_x saved to /home/s0/ml4sys02/project/Workload-Aware-Co-Optimization/WACO/SpMM/TrainingData/CollectedData/cavity03_x.txt
Processing raefsky1...
Runtimes for raefsky1 saved to /home/s0/ml4sys02/project/Workload-Aware-Co-Optimization/WACO/SpMM/TrainingData/CollectedData/raefsky1.txt
Processing Ga10As10H30...
Runtimes for Ga10As10H30 saved to /home/s0/ml4sys02/project/Workload-Aware-Co-Optimization/WACO/SpMM/TrainingData/CollectedData/Ga10As10H30.txt
Processing nemeth20...
Runtimes for nemeth20 saved to /home/s0/ml4sys02/project/Workload-Aware-Co-Optimization/WACO/SpMM/TrainingData/CollectedData/nemeth20.txt
Processing shl_400...
Runtimes for shl_400 saved to /home/s0/ml4sys02/project/Workload-Aware-Co-Optimization/WACO/SpMM/TrainingData/CollectedData/shl_400.txt
Processing dwt_245...
Runtimes for dwt_245 saved to /home/s0/ml4sys02/project/Workload-Aware-Co-Optimization/WACO/SpMM/TrainingData/CollectedData/dwt_245.txt
Processing lhr34_b...
Runtimes for lhr34_b saved to /home/s0/ml4sys02/project/Workload-Aware-Co-Optimization/WACO/SpMM/TrainingData/CollectedData/lhr34_b.txt
Processing hydr1c_Zeros_07...
Runtimes for hydr1c_Zeros_07 saved to /home/s0/ml4sys02/project/Workload-Aware-Co-Optimization/WACO/SpMM/TrainingData/CollectedData/hydr1c_Zeros_07.txt
Processing HEP-th-new...
Runtimes for HEP-th-new saved to /home/s0/ml4sys02/project/Workload-Aware-Co-Optimization/WACO/SpMM/TrainingData/CollectedData/HEP-th-new.txt
Processing oscil_dcop_17_b...
Runtimes for oscil_dcop_17_b saved to /home/s0/ml4sys02/project/Workload-Aware-Co-Optimization/WACO/SpMM/TrainingData/CollectedData/oscil_dcop_17_b.txt
Processing nemeth07...
Runtimes for nemeth07 saved to /home/s0/ml4sys02/project/Workload-Aware-Co-Optimization/WACO/SpMM/TrainingData/CollectedData/nemeth07.txt
Processing nasa1824...
Runtimes for nasa1824 saved to /home/s0/ml4sys02/project/Workload-Aware-Co-Optimization/WACO/SpMM/TrainingData/CollectedData/nasa1824.txt
Processing utm1700b...
Runtimes for utm1700b saved to /home/s0/ml4sys02/project/Workload-Aware-Co-Optimization/WACO/SpMM/TrainingData/CollectedData/utm1700b.txt
Processing rajat17...
Runtimes for rajat17 saved to /home/s0/ml4sys02/project/Workload-Aware-Co-Optimization/WACO/SpMM/TrainingData/CollectedData/rajat17.txt
Processing bcsstm13...
Runtimes for bcsstm13 saved to /home/s0/ml4sys02/project/Workload-Aware-Co-Optimization/WACO/SpMM/TrainingData/CollectedData/bcsstm13.txt
Processing hydr1c_A_36...
Runtimes for hydr1c_A_36 saved to /home/s0/ml4sys02/project/Workload-Aware-Co-Optimization/WACO/SpMM/TrainingData/CollectedData/hydr1c_A_36.txt
Processing bcsstk30...
Runtimes for bcsstk30 saved to /home/s0/ml4sys02/project/Workload-Aware-Co-Optimization/WACO/SpMM/TrainingData/CollectedData/bcsstk30.txt
Processing c-61...
Runtimes for c-61 saved to /home/s0/ml4sys02/project/Workload-Aware-Co-Optimization/WACO/SpMM/TrainingData/CollectedData/c-61.txt
Processing gre_185...
Runtimes for gre_185 saved to /home/s0/ml4sys02/project/Workload-Aware-Co-Optimization/WACO/SpMM/TrainingData/CollectedData/gre_185.txt
Processing af_shell8_b...
Runtimes for af_shell8_b saved to /home/s0/ml4sys02/project/Workload-Aware-Co-Optimization/WACO/SpMM/TrainingData/CollectedData/af_shell8_b.txt
Processing net75...
Runtimes for net75 saved to /home/s0/ml4sys02/project/Workload-Aware-Co-Optimization/WACO/SpMM/TrainingData/CollectedData/net75.txt
Processing G58...
Runtimes for G58 saved to /home/s0/ml4sys02/project/Workload-Aware-Co-Optimization/WACO/SpMM/TrainingData/CollectedData/G58.txt
Processing lhr71_b...
Runtimes for lhr71_b saved to /home/s0/ml4sys02/project/Workload-Aware-Co-Optimization/WACO/SpMM/TrainingData/CollectedData/lhr71_b.txt
Processing nos7...
Runtimes for nos7 saved to /home/s0/ml4sys02/project/Workload-Aware-Co-Optimization/WACO/SpMM/TrainingData/CollectedData/nos7.txt
Processing G22...
Runtimes for G22 saved to /home/s0/ml4sys02/project/Workload-Aware-Co-Optimization/WACO/SpMM/TrainingData/CollectedData/G22.txt
Processing G63...
Runtimes for G63 saved to /home/s0/ml4sys02/project/Workload-Aware-Co-Optimization/WACO/SpMM/TrainingData/CollectedData/G63.txt
Processing airfoil_2d_coord...
Runtimes for airfoil_2d_coord saved to /home/s0/ml4sys02/project/Workload-Aware-Co-Optimization/WACO/SpMM/TrainingData/CollectedData/airfoil_2d_coord.txt
Processing G10...
Runtimes for G10 saved to /home/s0/ml4sys02/project/Workload-Aware-Co-Optimization/WACO/SpMM/TrainingData/CollectedData/G10.txt
Processing fcondp2...
Runtimes for fcondp2 saved to /home/s0/ml4sys02/project/Workload-Aware-Co-Optimization/WACO/SpMM/TrainingData/CollectedData/fcondp2.txt
Processing ohne2...
Runtimes for ohne2 saved to /home/s0/ml4sys02/project/Workload-Aware-Co-Optimization/WACO/SpMM/TrainingData/CollectedData/ohne2.txt
Processing cont-300...
Runtimes for cont-300 saved to /home/s0/ml4sys02/project/Workload-Aware-Co-Optimization/WACO/SpMM/TrainingData/CollectedData/cont-300.txt
Processing ted_AB_unscaled_w0...
Runtimes for ted_AB_unscaled_w0 saved to /home/s0/ml4sys02/project/Workload-Aware-Co-Optimization/WACO/SpMM/TrainingData/CollectedData/ted_AB_unscaled_w0.txt
Processing GD95_a...
Runtimes for GD95_a saved to /home/s0/ml4sys02/project/Workload-Aware-Co-Optimization/WACO/SpMM/TrainingData/CollectedData/GD95_a.txt
Processing jagmesh2...
Runtimes for jagmesh2 saved to /home/s0/ml4sys02/project/Workload-Aware-Co-Optimization/WACO/SpMM/TrainingData/CollectedData/jagmesh2.txt
Processing c-43...
Runtimes for c-43 saved to /home/s0/ml4sys02/project/Workload-Aware-Co-Optimization/WACO/SpMM/TrainingData/CollectedData/c-43.txt
Processing matrix-new_3...
Runtimes for matrix-new_3 saved to /home/s0/ml4sys02/project/Workload-Aware-Co-Optimization/WACO/SpMM/TrainingData/CollectedData/matrix-new_3.txt
Processing hydr1c_A_04...
Runtimes for hydr1c_A_04 saved to /home/s0/ml4sys02/project/Workload-Aware-Co-Optimization/WACO/SpMM/TrainingData/CollectedData/hydr1c_A_04.txt
Processing 1138_bus...
Runtimes for 1138_bus saved to /home/s0/ml4sys02/project/Workload-Aware-Co-Optimization/WACO/SpMM/TrainingData/CollectedData/1138_bus.txt
Processing extr1b_A_31...
Runtimes for extr1b_A_31 saved to /home/s0/ml4sys02/project/Workload-Aware-Co-Optimization/WACO/SpMM/TrainingData/CollectedData/extr1b_A_31.txt
Processing hydr1c_Zeros_38...
Runtimes for hydr1c_Zeros_38 saved to /home/s0/ml4sys02/project/Workload-Aware-Co-Optimization/WACO/SpMM/TrainingData/CollectedData/hydr1c_Zeros_38.txt
Processing mcfe...
Runtimes for mcfe saved to /home/s0/ml4sys02/project/Workload-Aware-Co-Optimization/WACO/SpMM/TrainingData/CollectedData/mcfe.txt
Processing Sandi_authors_coord...
Runtimes for Sandi_authors_coord saved to /home/s0/ml4sys02/project/Workload-Aware-Co-Optimization/WACO/SpMM/TrainingData/CollectedData/Sandi_authors_coord.txt
Processing windscreen...
Runtimes for windscreen saved to /home/s0/ml4sys02/project/Workload-Aware-Co-Optimization/WACO/SpMM/TrainingData/CollectedData/windscreen.txt
Processing sherman3...
Runtimes for sherman3 saved to /home/s0/ml4sys02/project/Workload-Aware-Co-Optimization/WACO/SpMM/TrainingData/CollectedData/sherman3.txt
Processing boneS01...
Runtimes for boneS01 saved to /home/s0/ml4sys02/project/Workload-Aware-Co-Optimization/WACO/SpMM/TrainingData/CollectedData/boneS01.txt
Processing lshp1270...
Runtimes for lshp1270 saved to /home/s0/ml4sys02/project/Workload-Aware-Co-Optimization/WACO/SpMM/TrainingData/CollectedData/lshp1270.txt
Processing nemeth14...
Runtimes for nemeth14 saved to /home/s0/ml4sys02/project/Workload-Aware-Co-Optimization/WACO/SpMM/TrainingData/CollectedData/nemeth14.txt
Processing extr1b_Zeros_41...
Runtimes for extr1b_Zeros_41 saved to /home/s0/ml4sys02/project/Workload-Aware-Co-Optimization/WACO/SpMM/TrainingData/CollectedData/extr1b_Zeros_41.txt
Processing well1850...
Runtimes for well1850 saved to /home/s0/ml4sys02/project/Workload-Aware-Co-Optimization/WACO/SpMM/TrainingData/CollectedData/well1850.txt
Processing hydr1c_A_61...
Runtimes for hydr1c_A_61 saved to /home/s0/ml4sys02/project/Workload-Aware-Co-Optimization/WACO/SpMM/TrainingData/CollectedData/hydr1c_A_61.txt
Processing hydr1c_Zeros_32...
Runtimes for hydr1c_Zeros_32 saved to /home/s0/ml4sys02/project/Workload-Aware-Co-Optimization/WACO/SpMM/TrainingData/CollectedData/hydr1c_Zeros_32.txt
Processing cavity13_x...
Runtimes for cavity13_x saved to /home/s0/ml4sys02/project/Workload-Aware-Co-Optimization/WACO/SpMM/TrainingData/CollectedData/cavity13_x.txt
Processing g7jac010sc_b...
Runtimes for g7jac010sc_b saved to /home/s0/ml4sys02/project/Workload-Aware-Co-Optimization/WACO/SpMM/TrainingData/CollectedData/g7jac010sc_b.txt
Processing lp_israel_lo...
Runtimes for lp_israel_lo saved to /home/s0/ml4sys02/project/Workload-Aware-Co-Optimization/WACO/SpMM/TrainingData/CollectedData/lp_israel_lo.txt
Processing inlet_C...
Runtimes for inlet_C saved to /home/s0/ml4sys02/project/Workload-Aware-Co-Optimization/WACO/SpMM/TrainingData/CollectedData/inlet_C.txt
Processing fs_760_1...
Runtimes for fs_760_1 saved to /home/s0/ml4sys02/project/Workload-Aware-Co-Optimization/WACO/SpMM/TrainingData/CollectedData/fs_760_1.txt
Processing young2c...
Runtimes for young2c saved to /home/s0/ml4sys02/project/Workload-Aware-Co-Optimization/WACO/SpMM/TrainingData/CollectedData/young2c.txt
Processing Reuters911_Day_59...
Runtimes for Reuters911_Day_59 saved to /home/s0/ml4sys02/project/Workload-Aware-Co-Optimization/WACO/SpMM/TrainingData/CollectedData/Reuters911_Day_59.txt
Processing cage7...
Runtimes for cage7 saved to /home/s0/ml4sys02/project/Workload-Aware-Co-Optimization/WACO/SpMM/TrainingData/CollectedData/cage7.txt
Processing ckt11752_tr_0...
Runtimes for ckt11752_tr_0 saved to /home/s0/ml4sys02/project/Workload-Aware-Co-Optimization/WACO/SpMM/TrainingData/CollectedData/ckt11752_tr_0.txt
Processing lp_ken_18_c...
Runtimes for lp_ken_18_c saved to /home/s0/ml4sys02/project/Workload-Aware-Co-Optimization/WACO/SpMM/TrainingData/CollectedData/lp_ken_18_c.txt
Processing patents_main_subcat...
Runtimes for patents_main_subcat saved to /home/s0/ml4sys02/project/Workload-Aware-Co-Optimization/WACO/SpMM/TrainingData/CollectedData/patents_main_subcat.txt
Processing lpi_box1...
Runtimes for lpi_box1 saved to /home/s0/ml4sys02/project/Workload-Aware-Co-Optimization/WACO/SpMM/TrainingData/CollectedData/lpi_box1.txt
Processing rw5151...
Runtimes for rw5151 saved to /home/s0/ml4sys02/project/Workload-Aware-Co-Optimization/WACO/SpMM/TrainingData/CollectedData/rw5151.txt
Processing c-64_b...
Runtimes for c-64_b saved to /home/s0/ml4sys02/project/Workload-Aware-Co-Optimization/WACO/SpMM/TrainingData/CollectedData/c-64_b.txt
Processing venkat25...
Runtimes for venkat25 saved to /home/s0/ml4sys02/project/Workload-Aware-Co-Optimization/WACO/SpMM/TrainingData/CollectedData/venkat25.txt
Processing hydr1c_A_37...
Runtimes for hydr1c_A_37 saved to /home/s0/ml4sys02/project/Workload-Aware-Co-Optimization/WACO/SpMM/TrainingData/CollectedData/hydr1c_A_37.txt
Processing lp_agg2_hi...
Runtimes for lp_agg2_hi saved to /home/s0/ml4sys02/project/Workload-Aware-Co-Optimization/WACO/SpMM/TrainingData/CollectedData/lp_agg2_hi.txt
Processing jan99jac100_x...
Runtimes for jan99jac100_x saved to /home/s0/ml4sys02/project/Workload-Aware-Co-Optimization/WACO/SpMM/TrainingData/CollectedData/jan99jac100_x.txt
Processing ash331...
Runtimes for ash331 saved to /home/s0/ml4sys02/project/Workload-Aware-Co-Optimization/WACO/SpMM/TrainingData/CollectedData/ash331.txt
Processing lund_a...
Runtimes for lund_a saved to /home/s0/ml4sys02/project/Workload-Aware-Co-Optimization/WACO/SpMM/TrainingData/CollectedData/lund_a.txt
Processing std1_Jac2_db...
Runtimes for std1_Jac2_db saved to /home/s0/ml4sys02/project/Workload-Aware-Co-Optimization/WACO/SpMM/TrainingData/CollectedData/std1_Jac2_db.txt
Processing hydr1c_A_59...
Runtimes for hydr1c_A_59 saved to /home/s0/ml4sys02/project/Workload-Aware-Co-Optimization/WACO/SpMM/TrainingData/CollectedData/hydr1c_A_59.txt
Processing dwt_607...
Runtimes for dwt_607 saved to /home/s0/ml4sys02/project/Workload-Aware-Co-Optimization/WACO/SpMM/TrainingData/CollectedData/dwt_607.txt
Processing jagmesh8...
Runtimes for jagmesh8 saved to /home/s0/ml4sys02/project/Workload-Aware-Co-Optimization/WACO/SpMM/TrainingData/CollectedData/jagmesh8.txt
Processing gre_343...
Runtimes for gre_343 saved to /home/s0/ml4sys02/project/Workload-Aware-Co-Optimization/WACO/SpMM/TrainingData/CollectedData/gre_343.txt
Processing lhr10_b...
Runtimes for lhr10_b saved to /home/s0/ml4sys02/project/Workload-Aware-Co-Optimization/WACO/SpMM/TrainingData/CollectedData/lhr10_b.txt
Processing c-48...
Runtimes for c-48 saved to /home/s0/ml4sys02/project/Workload-Aware-Co-Optimization/WACO/SpMM/TrainingData/CollectedData/c-48.txt
Processing lp_nug08_c...
Runtimes for lp_nug08_c saved to /home/s0/ml4sys02/project/Workload-Aware-Co-Optimization/WACO/SpMM/TrainingData/CollectedData/lp_nug08_c.txt
Processing blckhole...
Runtimes for blckhole saved to /home/s0/ml4sys02/project/Workload-Aware-Co-Optimization/WACO/SpMM/TrainingData/CollectedData/blckhole.txt
Processing oscil_dcop_36_b...
Runtimes for oscil_dcop_36_b saved to /home/s0/ml4sys02/project/Workload-Aware-Co-Optimization/WACO/SpMM/TrainingData/CollectedData/oscil_dcop_36_b.txt
Processing exdata_1...
Runtimes for exdata_1 saved to /home/s0/ml4sys02/project/Workload-Aware-Co-Optimization/WACO/SpMM/TrainingData/CollectedData/exdata_1.txt
Processing GD97_c_coord...
Runtimes for GD97_c_coord saved to /home/s0/ml4sys02/project/Workload-Aware-Co-Optimization/WACO/SpMM/TrainingData/CollectedData/GD97_c_coord.txt
Processing bcsstm06...
Runtimes for bcsstm06 saved to /home/s0/ml4sys02/project/Workload-Aware-Co-Optimization/WACO/SpMM/TrainingData/CollectedData/bcsstm06.txt
Processing lns_3937...
Runtimes for lns_3937 saved to /home/s0/ml4sys02/project/Workload-Aware-Co-Optimization/WACO/SpMM/TrainingData/CollectedData/lns_3937.txt
Processing beaflw...
Runtimes for beaflw saved to /home/s0/ml4sys02/project/Workload-Aware-Co-Optimization/WACO/SpMM/TrainingData/CollectedData/beaflw.txt
Processing extr1b_A_05...
Runtimes for extr1b_A_05 saved to /home/s0/ml4sys02/project/Workload-Aware-Co-Optimization/WACO/SpMM/TrainingData/CollectedData/extr1b_A_05.txt
Processing hydr1c_A_38...
Runtimes for hydr1c_A_38 saved to /home/s0/ml4sys02/project/Workload-Aware-Co-Optimization/WACO/SpMM/TrainingData/CollectedData/hydr1c_A_38.txt
Processing cavity06...
Runtimes for cavity06 saved to /home/s0/ml4sys02/project/Workload-Aware-Co-Optimization/WACO/SpMM/TrainingData/CollectedData/cavity06.txt
Processing Tina_DisCog...
Runtimes for Tina_DisCog saved to /home/s0/ml4sys02/project/Workload-Aware-Co-Optimization/WACO/SpMM/TrainingData/CollectedData/Tina_DisCog.txt
Processing bcsstm04...
Runtimes for bcsstm04 saved to /home/s0/ml4sys02/project/Workload-Aware-Co-Optimization/WACO/SpMM/TrainingData/CollectedData/bcsstm04.txt
Processing lshp1882...
Runtimes for lshp1882 saved to /home/s0/ml4sys02/project/Workload-Aware-Co-Optimization/WACO/SpMM/TrainingData/CollectedData/lshp1882.txt
Processing Stranke94...
Runtimes for Stranke94 saved to /home/s0/ml4sys02/project/Workload-Aware-Co-Optimization/WACO/SpMM/TrainingData/CollectedData/Stranke94.txt
Processing graphics...
Runtimes for graphics saved to /home/s0/ml4sys02/project/Workload-Aware-Co-Optimization/WACO/SpMM/TrainingData/CollectedData/graphics.txt
Processing mesh1e1_coord...
Runtimes for mesh1e1_coord saved to /home/s0/ml4sys02/project/Workload-Aware-Co-Optimization/WACO/SpMM/TrainingData/CollectedData/mesh1e1_coord.txt
Processing lp_afiro_hi...
Runtimes for lp_afiro_hi saved to /home/s0/ml4sys02/project/Workload-Aware-Co-Optimization/WACO/SpMM/TrainingData/CollectedData/lp_afiro_hi.txt
Processing Reuters911_Day_03...
Runtimes for Reuters911_Day_03 saved to /home/s0/ml4sys02/project/Workload-Aware-Co-Optimization/WACO/SpMM/TrainingData/CollectedData/Reuters911_Day_03.txt
Processing lp_ship08s...
Runtimes for lp_ship08s saved to /home/s0/ml4sys02/project/Workload-Aware-Co-Optimization/WACO/SpMM/TrainingData/CollectedData/lp_ship08s.txt
Processing extr1b_A_07...
Runtimes for extr1b_A_07 saved to /home/s0/ml4sys02/project/Workload-Aware-Co-Optimization/WACO/SpMM/TrainingData/CollectedData/extr1b_A_07.txt
Processing barth4_coord...
Runtimes for barth4_coord saved to /home/s0/ml4sys02/project/Workload-Aware-Co-Optimization/WACO/SpMM/TrainingData/CollectedData/barth4_coord.txt
Processing Tina_DisCal...
Runtimes for Tina_DisCal saved to /home/s0/ml4sys02/project/Workload-Aware-Co-Optimization/WACO/SpMM/TrainingData/CollectedData/Tina_DisCal.txt
Processing lhr01...
Runtimes for lhr01 saved to /home/s0/ml4sys02/project/Workload-Aware-Co-Optimization/WACO/SpMM/TrainingData/CollectedData/lhr01.txt
Processing lp_nug05_z0...
Runtimes for lp_nug05_z0 saved to /home/s0/ml4sys02/project/Workload-Aware-Co-Optimization/WACO/SpMM/TrainingData/CollectedData/lp_nug05_z0.txt
Processing nemeth25...
Runtimes for nemeth25 saved to /home/s0/ml4sys02/project/Workload-Aware-Co-Optimization/WACO/SpMM/TrainingData/CollectedData/nemeth25.txt
Processing lhr04...
Runtimes for lhr04 saved to /home/s0/ml4sys02/project/Workload-Aware-Co-Optimization/WACO/SpMM/TrainingData/CollectedData/lhr04.txt
Processing c-32...
Runtimes for c-32 saved to /home/s0/ml4sys02/project/Workload-Aware-Co-Optimization/WACO/SpMM/TrainingData/CollectedData/c-32.txt
Processing hydr1c_Zeros_60...
Runtimes for hydr1c_Zeros_60 saved to /home/s0/ml4sys02/project/Workload-Aware-Co-Optimization/WACO/SpMM/TrainingData/CollectedData/hydr1c_Zeros_60.txt
Processing af_shell2_b...
Runtimes for af_shell2_b saved to /home/s0/ml4sys02/project/Workload-Aware-Co-Optimization/WACO/SpMM/TrainingData/CollectedData/af_shell2_b.txt
Processing c-40_b...
Runtimes for c-40_b saved to /home/s0/ml4sys02/project/Workload-Aware-Co-Optimization/WACO/SpMM/TrainingData/CollectedData/c-40_b.txt
Processing hydr1c_Zeros_16...
Runtimes for hydr1c_Zeros_16 saved to /home/s0/ml4sys02/project/Workload-Aware-Co-Optimization/WACO/SpMM/TrainingData/CollectedData/hydr1c_Zeros_16.txt
Processing bcspwr04...
Runtimes for bcspwr04 saved to /home/s0/ml4sys02/project/Workload-Aware-Co-Optimization/WACO/SpMM/TrainingData/CollectedData/bcspwr04.txt
Processing mesh1e1...
Runtimes for mesh1e1 saved to /home/s0/ml4sys02/project/Workload-Aware-Co-Optimization/WACO/SpMM/TrainingData/CollectedData/mesh1e1.txt
Processing G35...
Runtimes for G35 saved to /home/s0/ml4sys02/project/Workload-Aware-Co-Optimization/WACO/SpMM/TrainingData/CollectedData/G35.txt
Processing ex33...
Runtimes for ex33 saved to /home/s0/ml4sys02/project/Workload-Aware-Co-Optimization/WACO/SpMM/TrainingData/CollectedData/ex33.txt
Processing jan99jac120_x...
Runtimes for jan99jac120_x saved to /home/s0/ml4sys02/project/Workload-Aware-Co-Optimization/WACO/SpMM/TrainingData/CollectedData/jan99jac120_x.txt
Processing chipcool0...
Runtimes for chipcool0 saved to /home/s0/ml4sys02/project/Workload-Aware-Co-Optimization/WACO/SpMM/TrainingData/CollectedData/chipcool0.txt
Processing patents_cat...
Runtimes for patents_cat saved to /home/s0/ml4sys02/project/Workload-Aware-Co-Optimization/WACO/SpMM/TrainingData/CollectedData/patents_cat.txt
Processing bcsstk34...
Runtimes for bcsstk34 saved to /home/s0/ml4sys02/project/Workload-Aware-Co-Optimization/WACO/SpMM/TrainingData/CollectedData/bcsstk34.txt
Processing add20_b...
Runtimes for add20_b saved to /home/s0/ml4sys02/project/Workload-Aware-Co-Optimization/WACO/SpMM/TrainingData/CollectedData/add20_b.txt
Processing ckt11752_dc_1_b...
Runtimes for ckt11752_dc_1_b saved to /home/s0/ml4sys02/project/Workload-Aware-Co-Optimization/WACO/SpMM/TrainingData/CollectedData/ckt11752_dc_1_b.txt
Processing GD02_b_coord...
Runtimes for GD02_b_coord saved to /home/s0/ml4sys02/project/Workload-Aware-Co-Optimization/WACO/SpMM/TrainingData/CollectedData/GD02_b_coord.txt
Processing g7jac100...
Runtimes for g7jac100 saved to /home/s0/ml4sys02/project/Workload-Aware-Co-Optimization/WACO/SpMM/TrainingData/CollectedData/g7jac100.txt
Processing chipcool1_C...
Runtimes for chipcool1_C saved to /home/s0/ml4sys02/project/Workload-Aware-Co-Optimization/WACO/SpMM/TrainingData/CollectedData/chipcool1_C.txt
Processing poisson2D...
Runtimes for poisson2D saved to /home/s0/ml4sys02/project/Workload-Aware-Co-Optimization/WACO/SpMM/TrainingData/CollectedData/poisson2D.txt
Processing poli_large...
Runtimes for poli_large saved to /home/s0/ml4sys02/project/Workload-Aware-Co-Optimization/WACO/SpMM/TrainingData/CollectedData/poli_large.txt
Processing Erdos991...
Runtimes for Erdos991 saved to /home/s0/ml4sys02/project/Workload-Aware-Co-Optimization/WACO/SpMM/TrainingData/CollectedData/Erdos991.txt
Processing lpi_bgetam_c...
Runtimes for lpi_bgetam_c saved to /home/s0/ml4sys02/project/Workload-Aware-Co-Optimization/WACO/SpMM/TrainingData/CollectedData/lpi_bgetam_c.txt
Processing plat1919...
Runtimes for plat1919 saved to /home/s0/ml4sys02/project/Workload-Aware-Co-Optimization/WACO/SpMM/TrainingData/CollectedData/plat1919.txt
Processing Erdos981...
Runtimes for Erdos981 saved to /home/s0/ml4sys02/project/Workload-Aware-Co-Optimization/WACO/SpMM/TrainingData/CollectedData/Erdos981.txt
Processing west0655...
Runtimes for west0655 saved to /home/s0/ml4sys02/project/Workload-Aware-Co-Optimization/WACO/SpMM/TrainingData/CollectedData/west0655.txt
Processing hydr1c_A_67...
Runtimes for hydr1c_A_67 saved to /home/s0/ml4sys02/project/Workload-Aware-Co-Optimization/WACO/SpMM/TrainingData/CollectedData/hydr1c_A_67.txt
Processing ex22...
Runtimes for ex22 saved to /home/s0/ml4sys02/project/Workload-Aware-Co-Optimization/WACO/SpMM/TrainingData/CollectedData/ex22.txt
Processing fpga_dcop_48...
Runtimes for fpga_dcop_48 saved to /home/s0/ml4sys02/project/Workload-Aware-Co-Optimization/WACO/SpMM/TrainingData/CollectedData/fpga_dcop_48.txt
Processing bcspwr05...
Runtimes for bcspwr05 saved to /home/s0/ml4sys02/project/Workload-Aware-Co-Optimization/WACO/SpMM/TrainingData/CollectedData/bcspwr05.txt
Processing goodwin...
Runtimes for goodwin saved to /home/s0/ml4sys02/project/Workload-Aware-Co-Optimization/WACO/SpMM/TrainingData/CollectedData/goodwin.txt
Processing adder_dcop_10...
Runtimes for adder_dcop_10 saved to /home/s0/ml4sys02/project/Workload-Aware-Co-Optimization/WACO/SpMM/TrainingData/CollectedData/adder_dcop_10.txt
Processing GD98_b...
Runtimes for GD98_b saved to /home/s0/ml4sys02/project/Workload-Aware-Co-Optimization/WACO/SpMM/TrainingData/CollectedData/GD98_b.txt
Processing cavity06_b...
Runtimes for cavity06_b saved to /home/s0/ml4sys02/project/Workload-Aware-Co-Optimization/WACO/SpMM/TrainingData/CollectedData/cavity06_b.txt
Processing GD99_c_coord...
Runtimes for GD99_c_coord saved to /home/s0/ml4sys02/project/Workload-Aware-Co-Optimization/WACO/SpMM/TrainingData/CollectedData/GD99_c_coord.txt
Processing Reuters911_Day_21...
Runtimes for Reuters911_Day_21 saved to /home/s0/ml4sys02/project/Workload-Aware-Co-Optimization/WACO/SpMM/TrainingData/CollectedData/Reuters911_Day_21.txt
Processing adder_dcop_44...
Runtimes for adder_dcop_44 saved to /home/s0/ml4sys02/project/Workload-Aware-Co-Optimization/WACO/SpMM/TrainingData/CollectedData/adder_dcop_44.txt
Processing raefsky4...
Runtimes for raefsky4 saved to /home/s0/ml4sys02/project/Workload-Aware-Co-Optimization/WACO/SpMM/TrainingData/CollectedData/raefsky4.txt
Processing rajat01...
Runtimes for rajat01 saved to /home/s0/ml4sys02/project/Workload-Aware-Co-Optimization/WACO/SpMM/TrainingData/CollectedData/rajat01.txt
Processing jan99jac020sc_x...
Runtimes for jan99jac020sc_x saved to /home/s0/ml4sys02/project/Workload-Aware-Co-Optimization/WACO/SpMM/TrainingData/CollectedData/jan99jac020sc_x.txt
Processing cavity03...
Runtimes for cavity03 saved to /home/s0/ml4sys02/project/Workload-Aware-Co-Optimization/WACO/SpMM/TrainingData/CollectedData/cavity03.txt
Processing lhr14c...
Runtimes for lhr14c saved to /home/s0/ml4sys02/project/Workload-Aware-Co-Optimization/WACO/SpMM/TrainingData/CollectedData/lhr14c.txt
Processing lp_pds_06_z0...
Runtimes for lp_pds_06_z0 saved to /home/s0/ml4sys02/project/Workload-Aware-Co-Optimization/WACO/SpMM/TrainingData/CollectedData/lp_pds_06_z0.txt
Processing fpga_dcop_08_b...
Runtimes for fpga_dcop_08_b saved to /home/s0/ml4sys02/project/Workload-Aware-Co-Optimization/WACO/SpMM/TrainingData/CollectedData/fpga_dcop_08_b.txt
Processing ck104...
Runtimes for ck104 saved to /home/s0/ml4sys02/project/Workload-Aware-Co-Optimization/WACO/SpMM/TrainingData/CollectedData/ck104.txt
Processing extr1b_Zeros_31...
Runtimes for extr1b_Zeros_31 saved to /home/s0/ml4sys02/project/Workload-Aware-Co-Optimization/WACO/SpMM/TrainingData/CollectedData/extr1b_Zeros_31.txt
Processing hydr1c_A_51...
Runtimes for hydr1c_A_51 saved to /home/s0/ml4sys02/project/Workload-Aware-Co-Optimization/WACO/SpMM/TrainingData/CollectedData/hydr1c_A_51.txt
Processing nasa1824_b...
Runtimes for nasa1824_b saved to /home/s0/ml4sys02/project/Workload-Aware-Co-Optimization/WACO/SpMM/TrainingData/CollectedData/nasa1824_b.txt
Processing nemeth11...
Runtimes for nemeth11 saved to /home/s0/ml4sys02/project/Workload-Aware-Co-Optimization/WACO/SpMM/TrainingData/CollectedData/nemeth11.txt
Processing sstmodel...
Runtimes for sstmodel saved to /home/s0/ml4sys02/project/Workload-Aware-Co-Optimization/WACO/SpMM/TrainingData/CollectedData/sstmodel.txt
Processing nemeth13...
Runtimes for nemeth13 saved to /home/s0/ml4sys02/project/Workload-Aware-Co-Optimization/WACO/SpMM/TrainingData/CollectedData/nemeth13.txt
Processing rail_1357...
Runtimes for rail_1357 saved to /home/s0/ml4sys02/project/Workload-Aware-Co-Optimization/WACO/SpMM/TrainingData/CollectedData/rail_1357.txt
Processing lp_bnl2...
Runtimes for lp_bnl2 saved to /home/s0/ml4sys02/project/Workload-Aware-Co-Optimization/WACO/SpMM/TrainingData/CollectedData/lp_bnl2.txt
Processing nemeth08...
Runtimes for nemeth08 saved to /home/s0/ml4sys02/project/Workload-Aware-Co-Optimization/WACO/SpMM/TrainingData/CollectedData/nemeth08.txt
Processing rajat15...
Runtimes for rajat15 saved to /home/s0/ml4sys02/project/Workload-Aware-Co-Optimization/WACO/SpMM/TrainingData/CollectedData/rajat15.txt
Processing gas_sensor_E...
Runtimes for gas_sensor_E saved to /home/s0/ml4sys02/project/Workload-Aware-Co-Optimization/WACO/SpMM/TrainingData/CollectedData/gas_sensor_E.txt
Processing dw4096...
Runtimes for dw4096 saved to /home/s0/ml4sys02/project/Workload-Aware-Co-Optimization/WACO/SpMM/TrainingData/CollectedData/dw4096.txt
Processing c-27_b...
Runtimes for c-27_b saved to /home/s0/ml4sys02/project/Workload-Aware-Co-Optimization/WACO/SpMM/TrainingData/CollectedData/c-27_b.txt
Processing mbeaflw...
Runtimes for mbeaflw saved to /home/s0/ml4sys02/project/Workload-Aware-Co-Optimization/WACO/SpMM/TrainingData/CollectedData/mbeaflw.txt
Processing lp_stair...
Runtimes for lp_stair saved to /home/s0/ml4sys02/project/Workload-Aware-Co-Optimization/WACO/SpMM/TrainingData/CollectedData/lp_stair.txt
Processing hydr1c_Zeros_21...
Runtimes for hydr1c_Zeros_21 saved to /home/s0/ml4sys02/project/Workload-Aware-Co-Optimization/WACO/SpMM/TrainingData/CollectedData/hydr1c_Zeros_21.txt
Processing GD01_b...
Runtimes for GD01_b saved to /home/s0/ml4sys02/project/Workload-Aware-Co-Optimization/WACO/SpMM/TrainingData/CollectedData/GD01_b.txt
Processing vibrobox...
Runtimes for vibrobox saved to /home/s0/ml4sys02/project/Workload-Aware-Co-Optimization/WACO/SpMM/TrainingData/CollectedData/vibrobox.txt
Processing SciMet_gcs...
Runtimes for SciMet_gcs saved to /home/s0/ml4sys02/project/Workload-Aware-Co-Optimization/WACO/SpMM/TrainingData/CollectedData/SciMet_gcs.txt
Processing Hamrle1...
Runtimes for Hamrle1 saved to /home/s0/ml4sys02/project/Workload-Aware-Co-Optimization/WACO/SpMM/TrainingData/CollectedData/Hamrle1.txt
Processing rajat07...
Runtimes for rajat07 saved to /home/s0/ml4sys02/project/Workload-Aware-Co-Optimization/WACO/SpMM/TrainingData/CollectedData/rajat07.txt
Processing crankseg_1...
Runtimes for crankseg_1 saved to /home/s0/ml4sys02/project/Workload-Aware-Co-Optimization/WACO/SpMM/TrainingData/CollectedData/crankseg_1.txt
Processing Reuters911_Day_17...
Runtimes for Reuters911_Day_17 saved to /home/s0/ml4sys02/project/Workload-Aware-Co-Optimization/WACO/SpMM/TrainingData/CollectedData/Reuters911_Day_17.txt
Processing g7jac120...
Runtimes for g7jac120 saved to /home/s0/ml4sys02/project/Workload-Aware-Co-Optimization/WACO/SpMM/TrainingData/CollectedData/g7jac120.txt
Processing igbt3...
Runtimes for igbt3 saved to /home/s0/ml4sys02/project/Workload-Aware-Co-Optimization/WACO/SpMM/TrainingData/CollectedData/igbt3.txt
Processing hydr1c_Zeros_15...
Runtimes for hydr1c_Zeros_15 saved to /home/s0/ml4sys02/project/Workload-Aware-Co-Optimization/WACO/SpMM/TrainingData/CollectedData/hydr1c_Zeros_15.txt
Processing c-55_b...
Runtimes for c-55_b saved to /home/s0/ml4sys02/project/Workload-Aware-Co-Optimization/WACO/SpMM/TrainingData/CollectedData/c-55_b.txt
Processing hydr1c_A_21...
Runtimes for hydr1c_A_21 saved to /home/s0/ml4sys02/project/Workload-Aware-Co-Optimization/WACO/SpMM/TrainingData/CollectedData/hydr1c_A_21.txt
Processing foldoc...
Runtimes for foldoc saved to /home/s0/ml4sys02/project/Workload-Aware-Co-Optimization/WACO/SpMM/TrainingData/CollectedData/foldoc.txt
Processing adder_dcop_61...
Runtimes for adder_dcop_61 saved to /home/s0/ml4sys02/project/Workload-Aware-Co-Optimization/WACO/SpMM/TrainingData/CollectedData/adder_dcop_61.txt
Processing t2dal_E...
Runtimes for t2dal_E saved to /home/s0/ml4sys02/project/Workload-Aware-Co-Optimization/WACO/SpMM/TrainingData/CollectedData/t2dal_E.txt
Processing cavity21_b...
Runtimes for cavity21_b saved to /home/s0/ml4sys02/project/Workload-Aware-Co-Optimization/WACO/SpMM/TrainingData/CollectedData/cavity21_b.txt
Processing para-8...
Runtimes for para-8 saved to /home/s0/ml4sys02/project/Workload-Aware-Co-Optimization/WACO/SpMM/TrainingData/CollectedData/para-8.txt
Processing extr1b_A_23...
Runtimes for extr1b_A_23 saved to /home/s0/ml4sys02/project/Workload-Aware-Co-Optimization/WACO/SpMM/TrainingData/CollectedData/extr1b_A_23.txt
Processing lp_nug30_hi...
Runtimes for lp_nug30_hi saved to /home/s0/ml4sys02/project/Workload-Aware-Co-Optimization/WACO/SpMM/TrainingData/CollectedData/lp_nug30_hi.txt
Processing hydr1c_Zeros_22...
Runtimes for hydr1c_Zeros_22 saved to /home/s0/ml4sys02/project/Workload-Aware-Co-Optimization/WACO/SpMM/TrainingData/CollectedData/hydr1c_Zeros_22.txt
Processing fs_183_3...
Runtimes for fs_183_3 saved to /home/s0/ml4sys02/project/Workload-Aware-Co-Optimization/WACO/SpMM/TrainingData/CollectedData/fs_183_3.txt
Processing hydr1c_A_41...
Runtimes for hydr1c_A_41 saved to /home/s0/ml4sys02/project/Workload-Aware-Co-Optimization/WACO/SpMM/TrainingData/CollectedData/hydr1c_A_41.txt
Processing Zd_Jac2_b...
Runtimes for Zd_Jac2_b saved to /home/s0/ml4sys02/project/Workload-Aware-Co-Optimization/WACO/SpMM/TrainingData/CollectedData/Zd_Jac2_b.txt
Processing sphere3_coord...
Runtimes for sphere3_coord saved to /home/s0/ml4sys02/project/Workload-Aware-Co-Optimization/WACO/SpMM/TrainingData/CollectedData/sphere3_coord.txt
Processing barth_coord...
Runtimes for barth_coord saved to /home/s0/ml4sys02/project/Workload-Aware-Co-Optimization/WACO/SpMM/TrainingData/CollectedData/barth_coord.txt
Processing rajat27...
Runtimes for rajat27 saved to /home/s0/ml4sys02/project/Workload-Aware-Co-Optimization/WACO/SpMM/TrainingData/CollectedData/rajat27.txt
Processing can_144...
Runtimes for can_144 saved to /home/s0/ml4sys02/project/Workload-Aware-Co-Optimization/WACO/SpMM/TrainingData/CollectedData/can_144.txt
Processing extr1...
Runtimes for extr1 saved to /home/s0/ml4sys02/project/Workload-Aware-Co-Optimization/WACO/SpMM/TrainingData/CollectedData/extr1.txt
Processing nasa4704_b...
Runtimes for nasa4704_b saved to /home/s0/ml4sys02/project/Workload-Aware-Co-Optimization/WACO/SpMM/TrainingData/CollectedData/nasa4704_b.txt
Processing af_shell6_b...
Runtimes for af_shell6_b saved to /home/s0/ml4sys02/project/Workload-Aware-Co-Optimization/WACO/SpMM/TrainingData/CollectedData/af_shell6_b.txt
Processing lock3491...
Runtimes for lock3491 saved to /home/s0/ml4sys02/project/Workload-Aware-Co-Optimization/WACO/SpMM/TrainingData/CollectedData/lock3491.txt
Processing jan99jac040sc_x...
Runtimes for jan99jac040sc_x saved to /home/s0/ml4sys02/project/Workload-Aware-Co-Optimization/WACO/SpMM/TrainingData/CollectedData/jan99jac040sc_x.txt
Processing poisson2D_b...
Runtimes for poisson2D_b saved to /home/s0/ml4sys02/project/Workload-Aware-Co-Optimization/WACO/SpMM/TrainingData/CollectedData/poisson2D_b.txt
Processing hydr1c_Zeros_31...
Runtimes for hydr1c_Zeros_31 saved to /home/s0/ml4sys02/project/Workload-Aware-Co-Optimization/WACO/SpMM/TrainingData/CollectedData/hydr1c_Zeros_31.txt
Processing conf5_4-8x8-05...
Runtimes for conf5_4-8x8-05 saved to /home/s0/ml4sys02/project/Workload-Aware-Co-Optimization/WACO/SpMM/TrainingData/CollectedData/conf5_4-8x8-05.txt
Processing bcsstm25...
Runtimes for bcsstm25 saved to /home/s0/ml4sys02/project/Workload-Aware-Co-Optimization/WACO/SpMM/TrainingData/CollectedData/bcsstm25.txt
Processing yeast_PIN_class...
Runtimes for yeast_PIN_class saved to /home/s0/ml4sys02/project/Workload-Aware-Co-Optimization/WACO/SpMM/TrainingData/CollectedData/yeast_PIN_class.txt
Processing dwt_758...
Runtimes for dwt_758 saved to /home/s0/ml4sys02/project/Workload-Aware-Co-Optimization/WACO/SpMM/TrainingData/CollectedData/dwt_758.txt
Processing vanbody...
Runtimes for vanbody saved to /home/s0/ml4sys02/project/Workload-Aware-Co-Optimization/WACO/SpMM/TrainingData/CollectedData/vanbody.txt
Processing extr1b_A_18...
Runtimes for extr1b_A_18 saved to /home/s0/ml4sys02/project/Workload-Aware-Co-Optimization/WACO/SpMM/TrainingData/CollectedData/extr1b_A_18.txt
Processing stokes64...
Runtimes for stokes64 saved to /home/s0/ml4sys02/project/Workload-Aware-Co-Optimization/WACO/SpMM/TrainingData/CollectedData/stokes64.txt
Processing inlet_E...
Runtimes for inlet_E saved to /home/s0/ml4sys02/project/Workload-Aware-Co-Optimization/WACO/SpMM/TrainingData/CollectedData/inlet_E.txt
Processing hydr1c_A_73...
Runtimes for hydr1c_A_73 saved to /home/s0/ml4sys02/project/Workload-Aware-Co-Optimization/WACO/SpMM/TrainingData/CollectedData/hydr1c_A_73.txt
Processing hydr1c_A_09...
Runtimes for hydr1c_A_09 saved to /home/s0/ml4sys02/project/Workload-Aware-Co-Optimization/WACO/SpMM/TrainingData/CollectedData/hydr1c_A_09.txt
Processing c-63...
Runtimes for c-63 saved to /home/s0/ml4sys02/project/Workload-Aware-Co-Optimization/WACO/SpMM/TrainingData/CollectedData/c-63.txt
Processing patents_date...
Runtimes for patents_date saved to /home/s0/ml4sys02/project/Workload-Aware-Co-Optimization/WACO/SpMM/TrainingData/CollectedData/patents_date.txt
Processing bcsstk31...
Runtimes for bcsstk31 saved to /home/s0/ml4sys02/project/Workload-Aware-Co-Optimization/WACO/SpMM/TrainingData/CollectedData/bcsstk31.txt
Processing can_445...
Runtimes for can_445 saved to /home/s0/ml4sys02/project/Workload-Aware-Co-Optimization/WACO/SpMM/TrainingData/CollectedData/can_445.txt
Processing lpi_ex72a...
Runtimes for lpi_ex72a saved to /home/s0/ml4sys02/project/Workload-Aware-Co-Optimization/WACO/SpMM/TrainingData/CollectedData/lpi_ex72a.txt
Processing venkat50...
Runtimes for venkat50 saved to /home/s0/ml4sys02/project/Workload-Aware-Co-Optimization/WACO/SpMM/TrainingData/CollectedData/venkat50.txt
Processing hydr1c_A_20...
Runtimes for hydr1c_A_20 saved to /home/s0/ml4sys02/project/Workload-Aware-Co-Optimization/WACO/SpMM/TrainingData/CollectedData/hydr1c_A_20.txt
Processing lp_scfxm3_z0...
Runtimes for lp_scfxm3_z0 saved to /home/s0/ml4sys02/project/Workload-Aware-Co-Optimization/WACO/SpMM/TrainingData/CollectedData/lp_scfxm3_z0.txt
Processing dwt_193...
Runtimes for dwt_193 saved to /home/s0/ml4sys02/project/Workload-Aware-Co-Optimization/WACO/SpMM/TrainingData/CollectedData/dwt_193.txt
Processing barrier2-1_b...
Runtimes for barrier2-1_b saved to /home/s0/ml4sys02/project/Workload-Aware-Co-Optimization/WACO/SpMM/TrainingData/CollectedData/barrier2-1_b.txt
Processing utm5940...
Runtimes for utm5940 saved to /home/s0/ml4sys02/project/Workload-Aware-Co-Optimization/WACO/SpMM/TrainingData/CollectedData/utm5940.txt
Processing fs_183_6...
Runtimes for fs_183_6 saved to /home/s0/ml4sys02/project/Workload-Aware-Co-Optimization/WACO/SpMM/TrainingData/CollectedData/fs_183_6.txt
Processing tandem_dual...
Runtimes for tandem_dual saved to /home/s0/ml4sys02/project/Workload-Aware-Co-Optimization/WACO/SpMM/TrainingData/CollectedData/tandem_dual.txt
Processing pores_1...
Runtimes for pores_1 saved to /home/s0/ml4sys02/project/Workload-Aware-Co-Optimization/WACO/SpMM/TrainingData/CollectedData/pores_1.txt
Processing GD98_a_coord...
Runtimes for GD98_a_coord saved to /home/s0/ml4sys02/project/Workload-Aware-Co-Optimization/WACO/SpMM/TrainingData/CollectedData/GD98_a_coord.txt
Processing hydr1c_Zeros_14...
Runtimes for hydr1c_Zeros_14 saved to /home/s0/ml4sys02/project/Workload-Aware-Co-Optimization/WACO/SpMM/TrainingData/CollectedData/hydr1c_Zeros_14.txt
Processing gupta1...
Runtimes for gupta1 saved to /home/s0/ml4sys02/project/Workload-Aware-Co-Optimization/WACO/SpMM/TrainingData/CollectedData/gupta1.txt
Processing lp_pds_06...
Runtimes for lp_pds_06 saved to /home/s0/ml4sys02/project/Workload-Aware-Co-Optimization/WACO/SpMM/TrainingData/CollectedData/lp_pds_06.txt
Processing bp_0...
Runtimes for bp_0 saved to /home/s0/ml4sys02/project/Workload-Aware-Co-Optimization/WACO/SpMM/TrainingData/CollectedData/bp_0.txt
Processing lp_nug15_hi...
Runtimes for lp_nug15_hi saved to /home/s0/ml4sys02/project/Workload-Aware-Co-Optimization/WACO/SpMM/TrainingData/CollectedData/lp_nug15_hi.txt
Processing hydr1c_A_70...
Runtimes for hydr1c_A_70 saved to /home/s0/ml4sys02/project/Workload-Aware-Co-Optimization/WACO/SpMM/TrainingData/CollectedData/hydr1c_A_70.txt
Processing pivtol...
Runtimes for pivtol saved to /home/s0/ml4sys02/project/Workload-Aware-Co-Optimization/WACO/SpMM/TrainingData/CollectedData/pivtol.txt
Processing fs_680_1...
Runtimes for fs_680_1 saved to /home/s0/ml4sys02/project/Workload-Aware-Co-Optimization/WACO/SpMM/TrainingData/CollectedData/fs_680_1.txt
Processing e40r0100...
Runtimes for e40r0100 saved to /home/s0/ml4sys02/project/Workload-Aware-Co-Optimization/WACO/SpMM/TrainingData/CollectedData/e40r0100.txt
Processing s3dkq4m2...
Runtimes for s3dkq4m2 saved to /home/s0/ml4sys02/project/Workload-Aware-Co-Optimization/WACO/SpMM/TrainingData/CollectedData/s3dkq4m2.txt
Processing c-67_b...
Runtimes for c-67_b saved to /home/s0/ml4sys02/project/Workload-Aware-Co-Optimization/WACO/SpMM/TrainingData/CollectedData/c-67_b.txt
Processing jan99jac060_b...
Runtimes for jan99jac060_b saved to /home/s0/ml4sys02/project/Workload-Aware-Co-Optimization/WACO/SpMM/TrainingData/CollectedData/jan99jac060_b.txt
Processing yeast...
Runtimes for yeast saved to /home/s0/ml4sys02/project/Workload-Aware-Co-Optimization/WACO/SpMM/TrainingData/CollectedData/yeast.txt
Processing fd15...
Runtimes for fd15 saved to /home/s0/ml4sys02/project/Workload-Aware-Co-Optimization/WACO/SpMM/TrainingData/CollectedData/fd15.txt
Processing impcol_b...
Runtimes for impcol_b saved to /home/s0/ml4sys02/project/Workload-Aware-Co-Optimization/WACO/SpMM/TrainingData/CollectedData/impcol_b.txt
Processing t3dh_e...
Runtimes for t3dh_e saved to /home/s0/ml4sys02/project/Workload-Aware-Co-Optimization/WACO/SpMM/TrainingData/CollectedData/t3dh_e.txt
Processing coater2...
Runtimes for coater2 saved to /home/s0/ml4sys02/project/Workload-Aware-Co-Optimization/WACO/SpMM/TrainingData/CollectedData/coater2.txt
Processing linverse...
Runtimes for linverse saved to /home/s0/ml4sys02/project/Workload-Aware-Co-Optimization/WACO/SpMM/TrainingData/CollectedData/linverse.txt
Processing bodyy4...
Runtimes for bodyy4 saved to /home/s0/ml4sys02/project/Workload-Aware-Co-Optimization/WACO/SpMM/TrainingData/CollectedData/bodyy4.txt
Processing lp_nug30_c...
Runtimes for lp_nug30_c saved to /home/s0/ml4sys02/project/Workload-Aware-Co-Optimization/WACO/SpMM/TrainingData/CollectedData/lp_nug30_c.txt
Processing lp_nug15_z0...
Runtimes for lp_nug15_z0 saved to /home/s0/ml4sys02/project/Workload-Aware-Co-Optimization/WACO/SpMM/TrainingData/CollectedData/lp_nug15_z0.txt
Processing d_dyn1...
Runtimes for d_dyn1 saved to /home/s0/ml4sys02/project/Workload-Aware-Co-Optimization/WACO/SpMM/TrainingData/CollectedData/d_dyn1.txt
Processing circuit_3_b...
Runtimes for circuit_3_b saved to /home/s0/ml4sys02/project/Workload-Aware-Co-Optimization/WACO/SpMM/TrainingData/CollectedData/circuit_3_b.txt
Processing hydr1c_A_47...
Runtimes for hydr1c_A_47 saved to /home/s0/ml4sys02/project/Workload-Aware-Co-Optimization/WACO/SpMM/TrainingData/CollectedData/hydr1c_A_47.txt
Processing lp_brandy_z0...
Runtimes for lp_brandy_z0 saved to /home/s0/ml4sys02/project/Workload-Aware-Co-Optimization/WACO/SpMM/TrainingData/CollectedData/lp_brandy_z0.txt
Processing crystk03...
Runtimes for crystk03 saved to /home/s0/ml4sys02/project/Workload-Aware-Co-Optimization/WACO/SpMM/TrainingData/CollectedData/crystk03.txt
Processing ex28...
Runtimes for ex28 saved to /home/s0/ml4sys02/project/Workload-Aware-Co-Optimization/WACO/SpMM/TrainingData/CollectedData/ex28.txt
Processing patents_main_date...
Runtimes for patents_main_date saved to /home/s0/ml4sys02/project/Workload-Aware-Co-Optimization/WACO/SpMM/TrainingData/CollectedData/patents_main_date.txt
Processing lp_pilot87_hi...
Runtimes for lp_pilot87_hi saved to /home/s0/ml4sys02/project/Workload-Aware-Co-Optimization/WACO/SpMM/TrainingData/CollectedData/lp_pilot87_hi.txt
Processing dwt_992...
Runtimes for dwt_992 saved to /home/s0/ml4sys02/project/Workload-Aware-Co-Optimization/WACO/SpMM/TrainingData/CollectedData/dwt_992.txt
Processing rail_79841...
Runtimes for rail_79841 saved to /home/s0/ml4sys02/project/Workload-Aware-Co-Optimization/WACO/SpMM/TrainingData/CollectedData/rail_79841.txt
Processing c-35...
Runtimes for c-35 saved to /home/s0/ml4sys02/project/Workload-Aware-Co-Optimization/WACO/SpMM/TrainingData/CollectedData/c-35.txt
Processing kim2...
Runtimes for kim2 saved to /home/s0/ml4sys02/project/Workload-Aware-Co-Optimization/WACO/SpMM/TrainingData/CollectedData/kim2.txt
Processing bcsstk11...
Runtimes for bcsstk11 saved to /home/s0/ml4sys02/project/Workload-Aware-Co-Optimization/WACO/SpMM/TrainingData/CollectedData/bcsstk11.txt
Processing b2_ss_b...
Runtimes for b2_ss_b saved to /home/s0/ml4sys02/project/Workload-Aware-Co-Optimization/WACO/SpMM/TrainingData/CollectedData/b2_ss_b.txt
Processing brainpc2...
Runtimes for brainpc2 saved to /home/s0/ml4sys02/project/Workload-Aware-Co-Optimization/WACO/SpMM/TrainingData/CollectedData/brainpc2.txt
Processing Ge87H76...
Runtimes for Ge87H76 saved to /home/s0/ml4sys02/project/Workload-Aware-Co-Optimization/WACO/SpMM/TrainingData/CollectedData/Ge87H76.txt
Processing abb313...
Runtimes for abb313 saved to /home/s0/ml4sys02/project/Workload-Aware-Co-Optimization/WACO/SpMM/TrainingData/CollectedData/abb313.txt
Processing hydr1c_Zeros_64...
Runtimes for hydr1c_Zeros_64 saved to /home/s0/ml4sys02/project/Workload-Aware-Co-Optimization/WACO/SpMM/TrainingData/CollectedData/hydr1c_Zeros_64.txt
Processing nd3k...
Runtimes for nd3k saved to /home/s0/ml4sys02/project/Workload-Aware-Co-Optimization/WACO/SpMM/TrainingData/CollectedData/nd3k.txt
Processing c-53_b...
Runtimes for c-53_b saved to /home/s0/ml4sys02/project/Workload-Aware-Co-Optimization/WACO/SpMM/TrainingData/CollectedData/c-53_b.txt
Processing c-36_b...
Runtimes for c-36_b saved to /home/s0/ml4sys02/project/Workload-Aware-Co-Optimization/WACO/SpMM/TrainingData/CollectedData/c-36_b.txt
Processing ex10...
Runtimes for ex10 saved to /home/s0/ml4sys02/project/Workload-Aware-Co-Optimization/WACO/SpMM/TrainingData/CollectedData/ex10.txt
Processing bcsstm21...
Runtimes for bcsstm21 saved to /home/s0/ml4sys02/project/Workload-Aware-Co-Optimization/WACO/SpMM/TrainingData/CollectedData/bcsstm21.txt
Processing s3dkt3m2...
Runtimes for s3dkt3m2 saved to /home/s0/ml4sys02/project/Workload-Aware-Co-Optimization/WACO/SpMM/TrainingData/CollectedData/s3dkt3m2.txt
Processing Harvard500...
Runtimes for Harvard500 saved to /home/s0/ml4sys02/project/Workload-Aware-Co-Optimization/WACO/SpMM/TrainingData/CollectedData/Harvard500.txt
Processing bcsstk03...
Runtimes for bcsstk03 saved to /home/s0/ml4sys02/project/Workload-Aware-Co-Optimization/WACO/SpMM/TrainingData/CollectedData/bcsstk03.txt
Processing crystk02...
Runtimes for crystk02 saved to /home/s0/ml4sys02/project/Workload-Aware-Co-Optimization/WACO/SpMM/TrainingData/CollectedData/crystk02.txt
Processing para-7_b...
Runtimes for para-7_b saved to /home/s0/ml4sys02/project/Workload-Aware-Co-Optimization/WACO/SpMM/TrainingData/CollectedData/para-7_b.txt
Processing cdde1...
Runtimes for cdde1 saved to /home/s0/ml4sys02/project/Workload-Aware-Co-Optimization/WACO/SpMM/TrainingData/CollectedData/cdde1.txt
Processing lp_nug12_b...
Runtimes for lp_nug12_b saved to /home/s0/ml4sys02/project/Workload-Aware-Co-Optimization/WACO/SpMM/TrainingData/CollectedData/lp_nug12_b.txt
Processing c-68...
Runtimes for c-68 saved to /home/s0/ml4sys02/project/Workload-Aware-Co-Optimization/WACO/SpMM/TrainingData/CollectedData/c-68.txt
Processing fv3...
Runtimes for fv3 saved to /home/s0/ml4sys02/project/Workload-Aware-Co-Optimization/WACO/SpMM/TrainingData/CollectedData/fv3.txt
Processing filter3D...
Runtimes for filter3D saved to /home/s0/ml4sys02/project/Workload-Aware-Co-Optimization/WACO/SpMM/TrainingData/CollectedData/filter3D.txt
Processing c-49_b...
Runtimes for c-49_b saved to /home/s0/ml4sys02/project/Workload-Aware-Co-Optimization/WACO/SpMM/TrainingData/CollectedData/c-49_b.txt
Processing obstclae...
Runtimes for obstclae saved to /home/s0/ml4sys02/project/Workload-Aware-Co-Optimization/WACO/SpMM/TrainingData/CollectedData/obstclae.txt
Processing lp_pds_06_hi...
Runtimes for lp_pds_06_hi saved to /home/s0/ml4sys02/project/Workload-Aware-Co-Optimization/WACO/SpMM/TrainingData/CollectedData/lp_pds_06_hi.txt
Processing cavity25...
Runtimes for cavity25 saved to /home/s0/ml4sys02/project/Workload-Aware-Co-Optimization/WACO/SpMM/TrainingData/CollectedData/cavity25.txt
Processing lnsp_511...
Runtimes for lnsp_511 saved to /home/s0/ml4sys02/project/Workload-Aware-Co-Optimization/WACO/SpMM/TrainingData/CollectedData/lnsp_511.txt
Processing can_1054...
Runtimes for can_1054 saved to /home/s0/ml4sys02/project/Workload-Aware-Co-Optimization/WACO/SpMM/TrainingData/CollectedData/can_1054.txt
Processing g7jac040...
Runtimes for g7jac040 saved to /home/s0/ml4sys02/project/Workload-Aware-Co-Optimization/WACO/SpMM/TrainingData/CollectedData/g7jac040.txt
Processing torso1...
Runtimes for torso1 saved to /home/s0/ml4sys02/project/Workload-Aware-Co-Optimization/WACO/SpMM/TrainingData/CollectedData/torso1.txt
Processing af_shell4...
Runtimes for af_shell4 saved to /home/s0/ml4sys02/project/Workload-Aware-Co-Optimization/WACO/SpMM/TrainingData/CollectedData/af_shell4.txt
Processing hydr1c_A_28...
Runtimes for hydr1c_A_28 saved to /home/s0/ml4sys02/project/Workload-Aware-Co-Optimization/WACO/SpMM/TrainingData/CollectedData/hydr1c_A_28.txt
Processing c-35_b...
Runtimes for c-35_b saved to /home/s0/ml4sys02/project/Workload-Aware-Co-Optimization/WACO/SpMM/TrainingData/CollectedData/c-35_b.txt
Processing Ragusa18...
Runtimes for Ragusa18 saved to /home/s0/ml4sys02/project/Workload-Aware-Co-Optimization/WACO/SpMM/TrainingData/CollectedData/Ragusa18.txt
Processing para-8_b...
Runtimes for para-8_b saved to /home/s0/ml4sys02/project/Workload-Aware-Co-Optimization/WACO/SpMM/TrainingData/CollectedData/para-8_b.txt
Processing mesh3em5...
Runtimes for mesh3em5 saved to /home/s0/ml4sys02/project/Workload-Aware-Co-Optimization/WACO/SpMM/TrainingData/CollectedData/mesh3em5.txt
Processing lp_nug07_lo...
Runtimes for lp_nug07_lo saved to /home/s0/ml4sys02/project/Workload-Aware-Co-Optimization/WACO/SpMM/TrainingData/CollectedData/lp_nug07_lo.txt
Processing lp_perold...
Runtimes for lp_perold saved to /home/s0/ml4sys02/project/Workload-Aware-Co-Optimization/WACO/SpMM/TrainingData/CollectedData/lp_perold.txt
Processing ex9...
Runtimes for ex9 saved to /home/s0/ml4sys02/project/Workload-Aware-Co-Optimization/WACO/SpMM/TrainingData/CollectedData/ex9.txt
Processing c-58_b...
Runtimes for c-58_b saved to /home/s0/ml4sys02/project/Workload-Aware-Co-Optimization/WACO/SpMM/TrainingData/CollectedData/c-58_b.txt
Processing can_24...
Runtimes for can_24 saved to /home/s0/ml4sys02/project/Workload-Aware-Co-Optimization/WACO/SpMM/TrainingData/CollectedData/can_24.txt
Processing hydr1c_Zeros_68...
Runtimes for hydr1c_Zeros_68 saved to /home/s0/ml4sys02/project/Workload-Aware-Co-Optimization/WACO/SpMM/TrainingData/CollectedData/hydr1c_Zeros_68.txt
Processing g7jac140sc...
Runtimes for g7jac140sc saved to /home/s0/ml4sys02/project/Workload-Aware-Co-Optimization/WACO/SpMM/TrainingData/CollectedData/g7jac140sc.txt
Processing c-47_b...
Runtimes for c-47_b saved to /home/s0/ml4sys02/project/Workload-Aware-Co-Optimization/WACO/SpMM/TrainingData/CollectedData/c-47_b.txt
Processing lp_tuff...
Runtimes for lp_tuff saved to /home/s0/ml4sys02/project/Workload-Aware-Co-Optimization/WACO/SpMM/TrainingData/CollectedData/lp_tuff.txt
Processing oscil_dcop_36...
Runtimes for oscil_dcop_36 saved to /home/s0/ml4sys02/project/Workload-Aware-Co-Optimization/WACO/SpMM/TrainingData/CollectedData/oscil_dcop_36.txt
Processing GD96_d_coord...
Runtimes for GD96_d_coord saved to /home/s0/ml4sys02/project/Workload-Aware-Co-Optimization/WACO/SpMM/TrainingData/CollectedData/GD96_d_coord.txt
Processing powersim_b...
Runtimes for powersim_b saved to /home/s0/ml4sys02/project/Workload-Aware-Co-Optimization/WACO/SpMM/TrainingData/CollectedData/powersim_b.txt
Processing t3dh...
Runtimes for t3dh saved to /home/s0/ml4sys02/project/Workload-Aware-Co-Optimization/WACO/SpMM/TrainingData/CollectedData/t3dh.txt
Processing lpi_box1_hi...
Runtimes for lpi_box1_hi saved to /home/s0/ml4sys02/project/Workload-Aware-Co-Optimization/WACO/SpMM/TrainingData/CollectedData/lpi_box1_hi.txt
Processing shermanACa...
Runtimes for shermanACa saved to /home/s0/ml4sys02/project/Workload-Aware-Co-Optimization/WACO/SpMM/TrainingData/CollectedData/shermanACa.txt
Processing extr1b_Zeros_10...
Runtimes for extr1b_Zeros_10 saved to /home/s0/ml4sys02/project/Workload-Aware-Co-Optimization/WACO/SpMM/TrainingData/CollectedData/extr1b_Zeros_10.txt
Processing bloweya...
Runtimes for bloweya saved to /home/s0/ml4sys02/project/Workload-Aware-Co-Optimization/WACO/SpMM/TrainingData/CollectedData/bloweya.txt
Processing lp_czprob_z0...
Runtimes for lp_czprob_z0 saved to /home/s0/ml4sys02/project/Workload-Aware-Co-Optimization/WACO/SpMM/TrainingData/CollectedData/lp_czprob_z0.txt
Processing rajat26...
Runtimes for rajat26 saved to /home/s0/ml4sys02/project/Workload-Aware-Co-Optimization/WACO/SpMM/TrainingData/CollectedData/rajat26.txt
Processing can_838...
Runtimes for can_838 saved to /home/s0/ml4sys02/project/Workload-Aware-Co-Optimization/WACO/SpMM/TrainingData/CollectedData/can_838.txt
Processing hydr1c_Zeros_58...
Runtimes for hydr1c_Zeros_58 saved to /home/s0/ml4sys02/project/Workload-Aware-Co-Optimization/WACO/SpMM/TrainingData/CollectedData/hydr1c_Zeros_58.txt
Processing ASIC_320ks...
Runtimes for ASIC_320ks saved to /home/s0/ml4sys02/project/Workload-Aware-Co-Optimization/WACO/SpMM/TrainingData/CollectedData/ASIC_320ks.txt
Processing nemeth17...
Runtimes for nemeth17 saved to /home/s0/ml4sys02/project/Workload-Aware-Co-Optimization/WACO/SpMM/TrainingData/CollectedData/nemeth17.txt
Processing cdde4...
Runtimes for cdde4 saved to /home/s0/ml4sys02/project/Workload-Aware-Co-Optimization/WACO/SpMM/TrainingData/CollectedData/cdde4.txt
Processing bcsstk37...
Runtimes for bcsstk37 saved to /home/s0/ml4sys02/project/Workload-Aware-Co-Optimization/WACO/SpMM/TrainingData/CollectedData/bcsstk37.txt
Processing hydr1c_Zeros_53...
Runtimes for hydr1c_Zeros_53 saved to /home/s0/ml4sys02/project/Workload-Aware-Co-Optimization/WACO/SpMM/TrainingData/CollectedData/hydr1c_Zeros_53.txt
Processing cavity09...
Runtimes for cavity09 saved to /home/s0/ml4sys02/project/Workload-Aware-Co-Optimization/WACO/SpMM/TrainingData/CollectedData/cavity09.txt
Processing g7jac100sc...
Runtimes for g7jac100sc saved to /home/s0/ml4sys02/project/Workload-Aware-Co-Optimization/WACO/SpMM/TrainingData/CollectedData/g7jac100sc.txt
Processing c-20_b...
Runtimes for c-20_b saved to /home/s0/ml4sys02/project/Workload-Aware-Co-Optimization/WACO/SpMM/TrainingData/CollectedData/c-20_b.txt
Processing ns3Da...
Runtimes for ns3Da saved to /home/s0/ml4sys02/project/Workload-Aware-Co-Optimization/WACO/SpMM/TrainingData/CollectedData/ns3Da.txt
Processing ex15...
Runtimes for ex15 saved to /home/s0/ml4sys02/project/Workload-Aware-Co-Optimization/WACO/SpMM/TrainingData/CollectedData/ex15.txt
Processing Ragusa18_coord...
Runtimes for Ragusa18_coord saved to /home/s0/ml4sys02/project/Workload-Aware-Co-Optimization/WACO/SpMM/TrainingData/CollectedData/Ragusa18_coord.txt
Processing g7jac010_b...
Runtimes for g7jac010_b saved to /home/s0/ml4sys02/project/Workload-Aware-Co-Optimization/WACO/SpMM/TrainingData/CollectedData/g7jac010_b.txt
Processing raefsky3_b...
Runtimes for raefsky3_b saved to /home/s0/ml4sys02/project/Workload-Aware-Co-Optimization/WACO/SpMM/TrainingData/CollectedData/raefsky3_b.txt
Processing extr1b_A_17...
Runtimes for extr1b_A_17 saved to /home/s0/ml4sys02/project/Workload-Aware-Co-Optimization/WACO/SpMM/TrainingData/CollectedData/extr1b_A_17.txt
Processing bodyy5...
Runtimes for bodyy5 saved to /home/s0/ml4sys02/project/Workload-Aware-Co-Optimization/WACO/SpMM/TrainingData/CollectedData/bodyy5.txt
Processing stokes64s...
Runtimes for stokes64s saved to /home/s0/ml4sys02/project/Workload-Aware-Co-Optimization/WACO/SpMM/TrainingData/CollectedData/stokes64s.txt
Processing c-30...
Runtimes for c-30 saved to /home/s0/ml4sys02/project/Workload-Aware-Co-Optimization/WACO/SpMM/TrainingData/CollectedData/c-30.txt
Processing oilpan...
Runtimes for oilpan saved to /home/s0/ml4sys02/project/Workload-Aware-Co-Optimization/WACO/SpMM/TrainingData/CollectedData/oilpan.txt
Processing testbig...
Runtimes for testbig saved to /home/s0/ml4sys02/project/Workload-Aware-Co-Optimization/WACO/SpMM/TrainingData/CollectedData/testbig.txt
Processing G67...
Runtimes for G67 saved to /home/s0/ml4sys02/project/Workload-Aware-Co-Optimization/WACO/SpMM/TrainingData/CollectedData/G67.txt
Processing G28...
Runtimes for G28 saved to /home/s0/ml4sys02/project/Workload-Aware-Co-Optimization/WACO/SpMM/TrainingData/CollectedData/G28.txt
Processing Tina_AskCog...
Runtimes for Tina_AskCog saved to /home/s0/ml4sys02/project/Workload-Aware-Co-Optimization/WACO/SpMM/TrainingData/CollectedData/Tina_AskCog.txt
Processing Reuters911_Day_10...
Runtimes for Reuters911_Day_10 saved to /home/s0/ml4sys02/project/Workload-Aware-Co-Optimization/WACO/SpMM/TrainingData/CollectedData/Reuters911_Day_10.txt
Processing LFAT5000_C...
Runtimes for LFAT5000_C saved to /home/s0/ml4sys02/project/Workload-Aware-Co-Optimization/WACO/SpMM/TrainingData/CollectedData/LFAT5000_C.txt
Processing barrier2-9_b...
Runtimes for barrier2-9_b saved to /home/s0/ml4sys02/project/Workload-Aware-Co-Optimization/WACO/SpMM/TrainingData/CollectedData/barrier2-9_b.txt
Processing bcsstk35...
Runtimes for bcsstk35 saved to /home/s0/ml4sys02/project/Workload-Aware-Co-Optimization/WACO/SpMM/TrainingData/CollectedData/bcsstk35.txt
Processing lp_cre_a...
Runtimes for lp_cre_a saved to /home/s0/ml4sys02/project/Workload-Aware-Co-Optimization/WACO/SpMM/TrainingData/CollectedData/lp_cre_a.txt
Processing shyy41...
Runtimes for shyy41 saved to /home/s0/ml4sys02/project/Workload-Aware-Co-Optimization/WACO/SpMM/TrainingData/CollectedData/shyy41.txt
Processing hydr1c_A_15...
Runtimes for hydr1c_A_15 saved to /home/s0/ml4sys02/project/Workload-Aware-Co-Optimization/WACO/SpMM/TrainingData/CollectedData/hydr1c_A_15.txt
Processing af_shell6...
Runtimes for af_shell6 saved to /home/s0/ml4sys02/project/Workload-Aware-Co-Optimization/WACO/SpMM/TrainingData/CollectedData/af_shell6.txt
Processing lp_dfl001_c...
Runtimes for lp_dfl001_c saved to /home/s0/ml4sys02/project/Workload-Aware-Co-Optimization/WACO/SpMM/TrainingData/CollectedData/lp_dfl001_c.txt
Processing ash85...
Runtimes for ash85 saved to /home/s0/ml4sys02/project/Workload-Aware-Co-Optimization/WACO/SpMM/TrainingData/CollectedData/ash85.txt
Processing c-18...
Runtimes for c-18 saved to /home/s0/ml4sys02/project/Workload-Aware-Co-Optimization/WACO/SpMM/TrainingData/CollectedData/c-18.txt
Processing para-7...
Runtimes for para-7 saved to /home/s0/ml4sys02/project/Workload-Aware-Co-Optimization/WACO/SpMM/TrainingData/CollectedData/para-7.txt
Processing Erdos972...
Runtimes for Erdos972 saved to /home/s0/ml4sys02/project/Workload-Aware-Co-Optimization/WACO/SpMM/TrainingData/CollectedData/Erdos972.txt
Processing c-45_b...
Runtimes for c-45_b saved to /home/s0/ml4sys02/project/Workload-Aware-Co-Optimization/WACO/SpMM/TrainingData/CollectedData/c-45_b.txt
Processing hydr1c_A_27...
Runtimes for hydr1c_A_27 saved to /home/s0/ml4sys02/project/Workload-Aware-Co-Optimization/WACO/SpMM/TrainingData/CollectedData/hydr1c_A_27.txt
Processing Zd_Jac3_db...
Runtimes for Zd_Jac3_db saved to /home/s0/ml4sys02/project/Workload-Aware-Co-Optimization/WACO/SpMM/TrainingData/CollectedData/Zd_Jac3_db.txt
Processing lpi_box1_lo...
Runtimes for lpi_box1_lo saved to /home/s0/ml4sys02/project/Workload-Aware-Co-Optimization/WACO/SpMM/TrainingData/CollectedData/lpi_box1_lo.txt
Processing oscil_dcop_29_b...
Runtimes for oscil_dcop_29_b saved to /home/s0/ml4sys02/project/Workload-Aware-Co-Optimization/WACO/SpMM/TrainingData/CollectedData/oscil_dcop_29_b.txt
Processing ex19...
