Processing hydr1c_A_76...
Runtimes for hydr1c_A_76 saved to /home/s0/ml4sys02/project/Workload-Aware-Co-Optimization/WACO/SpMM/TrainingData/CollectedData/hydr1c_A_76.txt
Processing G40...
Runtimes for G40 saved to /home/s0/ml4sys02/project/Workload-Aware-Co-Optimization/WACO/SpMM/TrainingData/CollectedData/G40.txt
Processing lp_share1b_z0...
Runtimes for lp_share1b_z0 saved to /home/s0/ml4sys02/project/Workload-Aware-Co-Optimization/WACO/SpMM/TrainingData/CollectedData/lp_share1b_z0.txt
Processing d_ss...
Runtimes for d_ss saved to /home/s0/ml4sys02/project/Workload-Aware-Co-Optimization/WACO/SpMM/TrainingData/CollectedData/d_ss.txt
Processing mark3jac080...
Runtimes for mark3jac080 saved to /home/s0/ml4sys02/project/Workload-Aware-Co-Optimization/WACO/SpMM/TrainingData/CollectedData/mark3jac080.txt
Processing lpi_bgetam...
Runtimes for lpi_bgetam saved to /home/s0/ml4sys02/project/Workload-Aware-Co-Optimization/WACO/SpMM/TrainingData/CollectedData/lpi_bgetam.txt
Processing Zhao1...
Runtimes for Zhao1 saved to /home/s0/ml4sys02/project/Workload-Aware-Co-Optimization/WACO/SpMM/TrainingData/CollectedData/Zhao1.txt
Processing bcsstk21...
Runtimes for bcsstk21 saved to /home/s0/ml4sys02/project/Workload-Aware-Co-Optimization/WACO/SpMM/TrainingData/CollectedData/bcsstk21.txt
Processing Reuters911_Day_56...
Runtimes for Reuters911_Day_56 saved to /home/s0/ml4sys02/project/Workload-Aware-Co-Optimization/WACO/SpMM/TrainingData/CollectedData/Reuters911_Day_56.txt
Processing fd12_b...
Runtimes for fd12_b saved to /home/s0/ml4sys02/project/Workload-Aware-Co-Optimization/WACO/SpMM/TrainingData/CollectedData/fd12_b.txt
Processing adder_dcop_21...
Runtimes for adder_dcop_21 saved to /home/s0/ml4sys02/project/Workload-Aware-Co-Optimization/WACO/SpMM/TrainingData/CollectedData/adder_dcop_21.txt
Processing crystm01...
Runtimes for crystm01 saved to /home/s0/ml4sys02/project/Workload-Aware-Co-Optimization/WACO/SpMM/TrainingData/CollectedData/crystm01.txt
Processing patents_class...
Runtimes for patents_class saved to /home/s0/ml4sys02/project/Workload-Aware-Co-Optimization/WACO/SpMM/TrainingData/CollectedData/patents_class.txt
Processing nemeth12...
Runtimes for nemeth12 saved to /home/s0/ml4sys02/project/Workload-Aware-Co-Optimization/WACO/SpMM/TrainingData/CollectedData/nemeth12.txt
Processing pde225...
Runtimes for pde225 saved to /home/s0/ml4sys02/project/Workload-Aware-Co-Optimization/WACO/SpMM/TrainingData/CollectedData/pde225.txt
Processing hydr1c_Zeros_67...
Runtimes for hydr1c_Zeros_67 saved to /home/s0/ml4sys02/project/Workload-Aware-Co-Optimization/WACO/SpMM/TrainingData/CollectedData/hydr1c_Zeros_67.txt
Processing GD95_b...
Runtimes for GD95_b saved to /home/s0/ml4sys02/project/Workload-Aware-Co-Optimization/WACO/SpMM/TrainingData/CollectedData/GD95_b.txt
Processing G24...
Runtimes for G24 saved to /home/s0/ml4sys02/project/Workload-Aware-Co-Optimization/WACO/SpMM/TrainingData/CollectedData/G24.txt
Processing Erdos992...
Runtimes for Erdos992 saved to /home/s0/ml4sys02/project/Workload-Aware-Co-Optimization/WACO/SpMM/TrainingData/CollectedData/Erdos992.txt
Processing can_61...
Runtimes for can_61 saved to /home/s0/ml4sys02/project/Workload-Aware-Co-Optimization/WACO/SpMM/TrainingData/CollectedData/can_61.txt
Processing nemeth05...
Runtimes for nemeth05 saved to /home/s0/ml4sys02/project/Workload-Aware-Co-Optimization/WACO/SpMM/TrainingData/CollectedData/nemeth05.txt
Processing NotreDame_actors...
Runtimes for NotreDame_actors saved to /home/s0/ml4sys02/project/Workload-Aware-Co-Optimization/WACO/SpMM/TrainingData/CollectedData/NotreDame_actors.txt
Processing para-10_b...
Runtimes for para-10_b saved to /home/s0/ml4sys02/project/Workload-Aware-Co-Optimization/WACO/SpMM/TrainingData/CollectedData/para-10_b.txt
Processing c-64b_b...
Runtimes for c-64b_b saved to /home/s0/ml4sys02/project/Workload-Aware-Co-Optimization/WACO/SpMM/TrainingData/CollectedData/c-64b_b.txt
Processing fpga_dcop_25...
Runtimes for fpga_dcop_25 saved to /home/s0/ml4sys02/project/Workload-Aware-Co-Optimization/WACO/SpMM/TrainingData/CollectedData/fpga_dcop_25.txt
Processing barrier2-11...
Runtimes for barrier2-11 saved to /home/s0/ml4sys02/project/Workload-Aware-Co-Optimization/WACO/SpMM/TrainingData/CollectedData/barrier2-11.txt
Processing extr1b_A_42...
Runtimes for extr1b_A_42 saved to /home/s0/ml4sys02/project/Workload-Aware-Co-Optimization/WACO/SpMM/TrainingData/CollectedData/extr1b_A_42.txt
Processing Journals_partition...
Runtimes for Journals_partition saved to /home/s0/ml4sys02/project/Workload-Aware-Co-Optimization/WACO/SpMM/TrainingData/CollectedData/Journals_partition.txt
Processing G36...
Runtimes for G36 saved to /home/s0/ml4sys02/project/Workload-Aware-Co-Optimization/WACO/SpMM/TrainingData/CollectedData/G36.txt
Processing olm5000...
Runtimes for olm5000 saved to /home/s0/ml4sys02/project/Workload-Aware-Co-Optimization/WACO/SpMM/TrainingData/CollectedData/olm5000.txt
Processing jan99jac120sc_b...
Runtimes for jan99jac120sc_b saved to /home/s0/ml4sys02/project/Workload-Aware-Co-Optimization/WACO/SpMM/TrainingData/CollectedData/jan99jac120sc_b.txt
Processing oscil_dcop_03...
Runtimes for oscil_dcop_03 saved to /home/s0/ml4sys02/project/Workload-Aware-Co-Optimization/WACO/SpMM/TrainingData/CollectedData/oscil_dcop_03.txt
Processing hydr1c_Zeros_29...
Runtimes for hydr1c_Zeros_29 saved to /home/s0/ml4sys02/project/Workload-Aware-Co-Optimization/WACO/SpMM/TrainingData/CollectedData/hydr1c_Zeros_29.txt
Processing apache1...
Runtimes for apache1 saved to /home/s0/ml4sys02/project/Workload-Aware-Co-Optimization/WACO/SpMM/TrainingData/CollectedData/apache1.txt
Processing impcol_d...
Runtimes for impcol_d saved to /home/s0/ml4sys02/project/Workload-Aware-Co-Optimization/WACO/SpMM/TrainingData/CollectedData/impcol_d.txt
Processing GD95_c...
Runtimes for GD95_c saved to /home/s0/ml4sys02/project/Workload-Aware-Co-Optimization/WACO/SpMM/TrainingData/CollectedData/GD95_c.txt
Processing af_shell7_b...
Runtimes for af_shell7_b saved to /home/s0/ml4sys02/project/Workload-Aware-Co-Optimization/WACO/SpMM/TrainingData/CollectedData/af_shell7_b.txt
Processing ex5...
Runtimes for ex5 saved to /home/s0/ml4sys02/project/Workload-Aware-Co-Optimization/WACO/SpMM/TrainingData/CollectedData/ex5.txt
Processing Erdos971...
Runtimes for Erdos971 saved to /home/s0/ml4sys02/project/Workload-Aware-Co-Optimization/WACO/SpMM/TrainingData/CollectedData/Erdos971.txt
Processing jan99jac120_b...
Runtimes for jan99jac120_b saved to /home/s0/ml4sys02/project/Workload-Aware-Co-Optimization/WACO/SpMM/TrainingData/CollectedData/jan99jac120_b.txt
Processing G34...
Runtimes for G34 saved to /home/s0/ml4sys02/project/Workload-Aware-Co-Optimization/WACO/SpMM/TrainingData/CollectedData/G34.txt
Processing EAT_RS...
Runtimes for EAT_RS saved to /home/s0/ml4sys02/project/Workload-Aware-Co-Optimization/WACO/SpMM/TrainingData/CollectedData/EAT_RS.txt
Processing hydr1c_Zeros_13...
Runtimes for hydr1c_Zeros_13 saved to /home/s0/ml4sys02/project/Workload-Aware-Co-Optimization/WACO/SpMM/TrainingData/CollectedData/hydr1c_Zeros_13.txt
Processing sme3Da_b...
Runtimes for sme3Da_b saved to /home/s0/ml4sys02/project/Workload-Aware-Co-Optimization/WACO/SpMM/TrainingData/CollectedData/sme3Da_b.txt
Processing extr1b_Zeros_42...
Runtimes for extr1b_Zeros_42 saved to /home/s0/ml4sys02/project/Workload-Aware-Co-Optimization/WACO/SpMM/TrainingData/CollectedData/extr1b_Zeros_42.txt
Processing ASIC_100k...
Runtimes for ASIC_100k saved to /home/s0/ml4sys02/project/Workload-Aware-Co-Optimization/WACO/SpMM/TrainingData/CollectedData/ASIC_100k.txt
Processing Zd_Jac6_db_b...
Runtimes for Zd_Jac6_db_b saved to /home/s0/ml4sys02/project/Workload-Aware-Co-Optimization/WACO/SpMM/TrainingData/CollectedData/Zd_Jac6_db_b.txt
Processing bcsstm05...
Runtimes for bcsstm05 saved to /home/s0/ml4sys02/project/Workload-Aware-Co-Optimization/WACO/SpMM/TrainingData/CollectedData/bcsstm05.txt
Processing dwt_162...
Runtimes for dwt_162 saved to /home/s0/ml4sys02/project/Workload-Aware-Co-Optimization/WACO/SpMM/TrainingData/CollectedData/dwt_162.txt
Processing G56...
Runtimes for G56 saved to /home/s0/ml4sys02/project/Workload-Aware-Co-Optimization/WACO/SpMM/TrainingData/CollectedData/G56.txt
Processing GD01_c...
Runtimes for GD01_c saved to /home/s0/ml4sys02/project/Workload-Aware-Co-Optimization/WACO/SpMM/TrainingData/CollectedData/GD01_c.txt
Processing cavity23_x...
Runtimes for cavity23_x saved to /home/s0/ml4sys02/project/Workload-Aware-Co-Optimization/WACO/SpMM/TrainingData/CollectedData/cavity23_x.txt
Processing hydr1c_A_72...
Runtimes for hydr1c_A_72 saved to /home/s0/ml4sys02/project/Workload-Aware-Co-Optimization/WACO/SpMM/TrainingData/CollectedData/hydr1c_A_72.txt
Processing barrier2-2_b...
Runtimes for barrier2-2_b saved to /home/s0/ml4sys02/project/Workload-Aware-Co-Optimization/WACO/SpMM/TrainingData/CollectedData/barrier2-2_b.txt
Processing gre_216b...
Runtimes for gre_216b saved to /home/s0/ml4sys02/project/Workload-Aware-Co-Optimization/WACO/SpMM/TrainingData/CollectedData/gre_216b.txt
Processing lp_brandy_c...
Runtimes for lp_brandy_c saved to /home/s0/ml4sys02/project/Workload-Aware-Co-Optimization/WACO/SpMM/TrainingData/CollectedData/lp_brandy_c.txt
Processing hydr1c_Zeros_33...
Runtimes for hydr1c_Zeros_33 saved to /home/s0/ml4sys02/project/Workload-Aware-Co-Optimization/WACO/SpMM/TrainingData/CollectedData/hydr1c_Zeros_33.txt
Processing extr1b_Zeros_44...
Runtimes for extr1b_Zeros_44 saved to /home/s0/ml4sys02/project/Workload-Aware-Co-Optimization/WACO/SpMM/TrainingData/CollectedData/extr1b_Zeros_44.txt
Processing c-26_b...
Runtimes for c-26_b saved to /home/s0/ml4sys02/project/Workload-Aware-Co-Optimization/WACO/SpMM/TrainingData/CollectedData/c-26_b.txt
Processing lp_nug07_c...
Runtimes for lp_nug07_c saved to /home/s0/ml4sys02/project/Workload-Aware-Co-Optimization/WACO/SpMM/TrainingData/CollectedData/lp_nug07_c.txt
Processing nemeth03...
Runtimes for nemeth03 saved to /home/s0/ml4sys02/project/Workload-Aware-Co-Optimization/WACO/SpMM/TrainingData/CollectedData/nemeth03.txt
Processing lp_pilot_z0...
Runtimes for lp_pilot_z0 saved to /home/s0/ml4sys02/project/Workload-Aware-Co-Optimization/WACO/SpMM/TrainingData/CollectedData/lp_pilot_z0.txt
Processing fpga_dcop_06...
Runtimes for fpga_dcop_06 saved to /home/s0/ml4sys02/project/Workload-Aware-Co-Optimization/WACO/SpMM/TrainingData/CollectedData/fpga_dcop_06.txt
Processing G57...
Runtimes for G57 saved to /home/s0/ml4sys02/project/Workload-Aware-Co-Optimization/WACO/SpMM/TrainingData/CollectedData/G57.txt
Processing lp_czprob_lo...
Runtimes for lp_czprob_lo saved to /home/s0/ml4sys02/project/Workload-Aware-Co-Optimization/WACO/SpMM/TrainingData/CollectedData/lp_czprob_lo.txt
Processing lp_nug08_z0...
Runtimes for lp_nug08_z0 saved to /home/s0/ml4sys02/project/Workload-Aware-Co-Optimization/WACO/SpMM/TrainingData/CollectedData/lp_nug08_z0.txt
Processing fs_183_1...
Runtimes for fs_183_1 saved to /home/s0/ml4sys02/project/Workload-Aware-Co-Optimization/WACO/SpMM/TrainingData/CollectedData/fs_183_1.txt
Processing extr1b_A_37...
Runtimes for extr1b_A_37 saved to /home/s0/ml4sys02/project/Workload-Aware-Co-Optimization/WACO/SpMM/TrainingData/CollectedData/extr1b_A_37.txt
Processing mark3jac080sc...
Runtimes for mark3jac080sc saved to /home/s0/ml4sys02/project/Workload-Aware-Co-Optimization/WACO/SpMM/TrainingData/CollectedData/mark3jac080sc.txt
Processing Kohonen_gcs...
Runtimes for Kohonen_gcs saved to /home/s0/ml4sys02/project/Workload-Aware-Co-Optimization/WACO/SpMM/TrainingData/CollectedData/Kohonen_gcs.txt
Processing ex21...
Runtimes for ex21 saved to /home/s0/ml4sys02/project/Workload-Aware-Co-Optimization/WACO/SpMM/TrainingData/CollectedData/ex21.txt
Processing hydr1c_Zeros_46...
Runtimes for hydr1c_Zeros_46 saved to /home/s0/ml4sys02/project/Workload-Aware-Co-Optimization/WACO/SpMM/TrainingData/CollectedData/hydr1c_Zeros_46.txt
Processing lp_stocfor2_c...
Runtimes for lp_stocfor2_c saved to /home/s0/ml4sys02/project/Workload-Aware-Co-Optimization/WACO/SpMM/TrainingData/CollectedData/lp_stocfor2_c.txt
Processing g7jac050sc...
Runtimes for g7jac050sc saved to /home/s0/ml4sys02/project/Workload-Aware-Co-Optimization/WACO/SpMM/TrainingData/CollectedData/g7jac050sc.txt
Processing c-50...
Runtimes for c-50 saved to /home/s0/ml4sys02/project/Workload-Aware-Co-Optimization/WACO/SpMM/TrainingData/CollectedData/c-50.txt
Processing wm3...
Runtimes for wm3 saved to /home/s0/ml4sys02/project/Workload-Aware-Co-Optimization/WACO/SpMM/TrainingData/CollectedData/wm3.txt
Processing ODLIS...
Runtimes for ODLIS saved to /home/s0/ml4sys02/project/Workload-Aware-Co-Optimization/WACO/SpMM/TrainingData/CollectedData/ODLIS.txt
Processing Reuters911_Day_26...
Runtimes for Reuters911_Day_26 saved to /home/s0/ml4sys02/project/Workload-Aware-Co-Optimization/WACO/SpMM/TrainingData/CollectedData/Reuters911_Day_26.txt
Processing std1_Jac2...
Runtimes for std1_Jac2 saved to /home/s0/ml4sys02/project/Workload-Aware-Co-Optimization/WACO/SpMM/TrainingData/CollectedData/std1_Jac2.txt
Processing watt_2...
Runtimes for watt_2 saved to /home/s0/ml4sys02/project/Workload-Aware-Co-Optimization/WACO/SpMM/TrainingData/CollectedData/watt_2.txt
Processing cavity11_x...
Runtimes for cavity11_x saved to /home/s0/ml4sys02/project/Workload-Aware-Co-Optimization/WACO/SpMM/TrainingData/CollectedData/cavity11_x.txt
Processing lpi_klein1...
Runtimes for lpi_klein1 saved to /home/s0/ml4sys02/project/Workload-Aware-Co-Optimization/WACO/SpMM/TrainingData/CollectedData/lpi_klein1.txt
Processing cavity12_x...
Runtimes for cavity12_x saved to /home/s0/ml4sys02/project/Workload-Aware-Co-Optimization/WACO/SpMM/TrainingData/CollectedData/cavity12_x.txt
Processing sherman1_b...
Runtimes for sherman1_b saved to /home/s0/ml4sys02/project/Workload-Aware-Co-Optimization/WACO/SpMM/TrainingData/CollectedData/sherman1_b.txt
Processing nemeth22...
Runtimes for nemeth22 saved to /home/s0/ml4sys02/project/Workload-Aware-Co-Optimization/WACO/SpMM/TrainingData/CollectedData/nemeth22.txt
Processing lhr17_b...
Runtimes for lhr17_b saved to /home/s0/ml4sys02/project/Workload-Aware-Co-Optimization/WACO/SpMM/TrainingData/CollectedData/lhr17_b.txt
Processing bp_400...
Runtimes for bp_400 saved to /home/s0/ml4sys02/project/Workload-Aware-Co-Optimization/WACO/SpMM/TrainingData/CollectedData/bp_400.txt
Processing fd12...
Runtimes for fd12 saved to /home/s0/ml4sys02/project/Workload-Aware-Co-Optimization/WACO/SpMM/TrainingData/CollectedData/fd12.txt
Processing barrier2-10_b...
Runtimes for barrier2-10_b saved to /home/s0/ml4sys02/project/Workload-Aware-Co-Optimization/WACO/SpMM/TrainingData/CollectedData/barrier2-10_b.txt
Processing cavity10...
Runtimes for cavity10 saved to /home/s0/ml4sys02/project/Workload-Aware-Co-Optimization/WACO/SpMM/TrainingData/CollectedData/cavity10.txt
Processing pkustk09...
Runtimes for pkustk09 saved to /home/s0/ml4sys02/project/Workload-Aware-Co-Optimization/WACO/SpMM/TrainingData/CollectedData/pkustk09.txt
Processing fd18...
Runtimes for fd18 saved to /home/s0/ml4sys02/project/Workload-Aware-Co-Optimization/WACO/SpMM/TrainingData/CollectedData/fd18.txt
Processing af_shell1_b...
Runtimes for af_shell1_b saved to /home/s0/ml4sys02/project/Workload-Aware-Co-Optimization/WACO/SpMM/TrainingData/CollectedData/af_shell1_b.txt
Processing GD99_b_coord...
Runtimes for GD99_b_coord saved to /home/s0/ml4sys02/project/Workload-Aware-Co-Optimization/WACO/SpMM/TrainingData/CollectedData/GD99_b_coord.txt
Processing lp_ship12s_lo...
Runtimes for lp_ship12s_lo saved to /home/s0/ml4sys02/project/Workload-Aware-Co-Optimization/WACO/SpMM/TrainingData/CollectedData/lp_ship12s_lo.txt
Processing mark3jac100...
Runtimes for mark3jac100 saved to /home/s0/ml4sys02/project/Workload-Aware-Co-Optimization/WACO/SpMM/TrainingData/CollectedData/mark3jac100.txt
Processing curtis54...
Runtimes for curtis54 saved to /home/s0/ml4sys02/project/Workload-Aware-Co-Optimization/WACO/SpMM/TrainingData/CollectedData/curtis54.txt
Processing lhr04c...
Runtimes for lhr04c saved to /home/s0/ml4sys02/project/Workload-Aware-Co-Optimization/WACO/SpMM/TrainingData/CollectedData/lhr04c.txt
Processing rma10...
Runtimes for rma10 saved to /home/s0/ml4sys02/project/Workload-Aware-Co-Optimization/WACO/SpMM/TrainingData/CollectedData/rma10.txt
Processing lhr10...
Runtimes for lhr10 saved to /home/s0/ml4sys02/project/Workload-Aware-Co-Optimization/WACO/SpMM/TrainingData/CollectedData/lhr10.txt
Processing mark3jac020sc...
Runtimes for mark3jac020sc saved to /home/s0/ml4sys02/project/Workload-Aware-Co-Optimization/WACO/SpMM/TrainingData/CollectedData/mark3jac020sc.txt
Processing GD02_b...
Runtimes for GD02_b saved to /home/s0/ml4sys02/project/Workload-Aware-Co-Optimization/WACO/SpMM/TrainingData/CollectedData/GD02_b.txt
Processing lp_perold_c...
Runtimes for lp_perold_c saved to /home/s0/ml4sys02/project/Workload-Aware-Co-Optimization/WACO/SpMM/TrainingData/CollectedData/lp_perold_c.txt
Processing c-72_b...
Runtimes for c-72_b saved to /home/s0/ml4sys02/project/Workload-Aware-Co-Optimization/WACO/SpMM/TrainingData/CollectedData/c-72_b.txt
Processing ex25...
Runtimes for ex25 saved to /home/s0/ml4sys02/project/Workload-Aware-Co-Optimization/WACO/SpMM/TrainingData/CollectedData/ex25.txt
Processing oscil_dcop_04...
Runtimes for oscil_dcop_04 saved to /home/s0/ml4sys02/project/Workload-Aware-Co-Optimization/WACO/SpMM/TrainingData/CollectedData/oscil_dcop_04.txt
Processing c-22...
Runtimes for c-22 saved to /home/s0/ml4sys02/project/Workload-Aware-Co-Optimization/WACO/SpMM/TrainingData/CollectedData/c-22.txt
Processing plskz362...
Runtimes for plskz362 saved to /home/s0/ml4sys02/project/Workload-Aware-Co-Optimization/WACO/SpMM/TrainingData/CollectedData/plskz362.txt
Processing lp_cre_d_b...
Runtimes for lp_cre_d_b saved to /home/s0/ml4sys02/project/Workload-Aware-Co-Optimization/WACO/SpMM/TrainingData/CollectedData/lp_cre_d_b.txt
Processing c-61_b...
Runtimes for c-61_b saved to /home/s0/ml4sys02/project/Workload-Aware-Co-Optimization/WACO/SpMM/TrainingData/CollectedData/c-61_b.txt
Processing extr1b_Zeros_23...
Runtimes for extr1b_Zeros_23 saved to /home/s0/ml4sys02/project/Workload-Aware-Co-Optimization/WACO/SpMM/TrainingData/CollectedData/extr1b_Zeros_23.txt
Processing bayer04_b...
Runtimes for bayer04_b saved to /home/s0/ml4sys02/project/Workload-Aware-Co-Optimization/WACO/SpMM/TrainingData/CollectedData/bayer04_b.txt
Processing dwt_72...
Runtimes for dwt_72 saved to /home/s0/ml4sys02/project/Workload-Aware-Co-Optimization/WACO/SpMM/TrainingData/CollectedData/dwt_72.txt
Processing G48...
Runtimes for G48 saved to /home/s0/ml4sys02/project/Workload-Aware-Co-Optimization/WACO/SpMM/TrainingData/CollectedData/G48.txt
Processing bcsstk04...
Runtimes for bcsstk04 saved to /home/s0/ml4sys02/project/Workload-Aware-Co-Optimization/WACO/SpMM/TrainingData/CollectedData/bcsstk04.txt
Processing raefsky2_b...
Runtimes for raefsky2_b saved to /home/s0/ml4sys02/project/Workload-Aware-Co-Optimization/WACO/SpMM/TrainingData/CollectedData/raefsky2_b.txt
Processing lp_scfxm3...
Runtimes for lp_scfxm3 saved to /home/s0/ml4sys02/project/Workload-Aware-Co-Optimization/WACO/SpMM/TrainingData/CollectedData/lp_scfxm3.txt
Processing circuit_1_b...
Runtimes for circuit_1_b saved to /home/s0/ml4sys02/project/Workload-Aware-Co-Optimization/WACO/SpMM/TrainingData/CollectedData/circuit_1_b.txt
Processing west1505...
Runtimes for west1505 saved to /home/s0/ml4sys02/project/Workload-Aware-Co-Optimization/WACO/SpMM/TrainingData/CollectedData/west1505.txt
Processing bcsstk07...
Runtimes for bcsstk07 saved to /home/s0/ml4sys02/project/Workload-Aware-Co-Optimization/WACO/SpMM/TrainingData/CollectedData/bcsstk07.txt
Processing g7jac060...
Runtimes for g7jac060 saved to /home/s0/ml4sys02/project/Workload-Aware-Co-Optimization/WACO/SpMM/TrainingData/CollectedData/g7jac060.txt
Processing illc1850_b...
Runtimes for illc1850_b saved to /home/s0/ml4sys02/project/Workload-Aware-Co-Optimization/WACO/SpMM/TrainingData/CollectedData/illc1850_b.txt
Processing rdist1...
Runtimes for rdist1 saved to /home/s0/ml4sys02/project/Workload-Aware-Co-Optimization/WACO/SpMM/TrainingData/CollectedData/rdist1.txt
Processing ted_AB_unscaled...
Runtimes for ted_AB_unscaled saved to /home/s0/ml4sys02/project/Workload-Aware-Co-Optimization/WACO/SpMM/TrainingData/CollectedData/ted_AB_unscaled.txt
Processing poli...
Runtimes for poli saved to /home/s0/ml4sys02/project/Workload-Aware-Co-Optimization/WACO/SpMM/TrainingData/CollectedData/poli.txt
Processing G59...
Runtimes for G59 saved to /home/s0/ml4sys02/project/Workload-Aware-Co-Optimization/WACO/SpMM/TrainingData/CollectedData/G59.txt
Processing mark3jac060...
Runtimes for mark3jac060 saved to /home/s0/ml4sys02/project/Workload-Aware-Co-Optimization/WACO/SpMM/TrainingData/CollectedData/mark3jac060.txt
Processing hydr1c_A_31...
Runtimes for hydr1c_A_31 saved to /home/s0/ml4sys02/project/Workload-Aware-Co-Optimization/WACO/SpMM/TrainingData/CollectedData/hydr1c_A_31.txt
Processing LF10000...
Runtimes for LF10000 saved to /home/s0/ml4sys02/project/Workload-Aware-Co-Optimization/WACO/SpMM/TrainingData/CollectedData/LF10000.txt
Processing sinc18...
Runtimes for sinc18 saved to /home/s0/ml4sys02/project/Workload-Aware-Co-Optimization/WACO/SpMM/TrainingData/CollectedData/sinc18.txt
Processing Reuters911_Day_28...
Runtimes for Reuters911_Day_28 saved to /home/s0/ml4sys02/project/Workload-Aware-Co-Optimization/WACO/SpMM/TrainingData/CollectedData/Reuters911_Day_28.txt
Processing bayer09_b...
Runtimes for bayer09_b saved to /home/s0/ml4sys02/project/Workload-Aware-Co-Optimization/WACO/SpMM/TrainingData/CollectedData/bayer09_b.txt
Processing cegb3306...
Runtimes for cegb3306 saved to /home/s0/ml4sys02/project/Workload-Aware-Co-Optimization/WACO/SpMM/TrainingData/CollectedData/cegb3306.txt
Processing crystm02...
Runtimes for crystm02 saved to /home/s0/ml4sys02/project/Workload-Aware-Co-Optimization/WACO/SpMM/TrainingData/CollectedData/crystm02.txt
Processing sherman2_b...
Runtimes for sherman2_b saved to /home/s0/ml4sys02/project/Workload-Aware-Co-Optimization/WACO/SpMM/TrainingData/CollectedData/sherman2_b.txt
Processing bfwb398...
Runtimes for bfwb398 saved to /home/s0/ml4sys02/project/Workload-Aware-Co-Optimization/WACO/SpMM/TrainingData/CollectedData/bfwb398.txt
Processing hydr1c_A_18...
Runtimes for hydr1c_A_18 saved to /home/s0/ml4sys02/project/Workload-Aware-Co-Optimization/WACO/SpMM/TrainingData/CollectedData/hydr1c_A_18.txt
Processing cavity09_x...
Runtimes for cavity09_x saved to /home/s0/ml4sys02/project/Workload-Aware-Co-Optimization/WACO/SpMM/TrainingData/CollectedData/cavity09_x.txt
Processing af_shell9_b...
Runtimes for af_shell9_b saved to /home/s0/ml4sys02/project/Workload-Aware-Co-Optimization/WACO/SpMM/TrainingData/CollectedData/af_shell9_b.txt
Processing extr1b_S...
Runtimes for extr1b_S saved to /home/s0/ml4sys02/project/Workload-Aware-Co-Optimization/WACO/SpMM/TrainingData/CollectedData/extr1b_S.txt
Processing c-66...
Runtimes for c-66 saved to /home/s0/ml4sys02/project/Workload-Aware-Co-Optimization/WACO/SpMM/TrainingData/CollectedData/c-66.txt
Processing lp_gfrd_pnc_lo...
Runtimes for lp_gfrd_pnc_lo saved to /home/s0/ml4sys02/project/Workload-Aware-Co-Optimization/WACO/SpMM/TrainingData/CollectedData/lp_gfrd_pnc_lo.txt
Processing t2dah_a...
Runtimes for t2dah_a saved to /home/s0/ml4sys02/project/Workload-Aware-Co-Optimization/WACO/SpMM/TrainingData/CollectedData/t2dah_a.txt
Processing extr1b_A_36...
Runtimes for extr1b_A_36 saved to /home/s0/ml4sys02/project/Workload-Aware-Co-Optimization/WACO/SpMM/TrainingData/CollectedData/extr1b_A_36.txt
Processing shuttle_eddy...
Runtimes for shuttle_eddy saved to /home/s0/ml4sys02/project/Workload-Aware-Co-Optimization/WACO/SpMM/TrainingData/CollectedData/shuttle_eddy.txt
Processing WorldCities...
Runtimes for WorldCities saved to /home/s0/ml4sys02/project/Workload-Aware-Co-Optimization/WACO/SpMM/TrainingData/CollectedData/WorldCities.txt
Processing lpi_itest2...
Runtimes for lpi_itest2 saved to /home/s0/ml4sys02/project/Workload-Aware-Co-Optimization/WACO/SpMM/TrainingData/CollectedData/lpi_itest2.txt
Processing lp_sc205_hi...
Runtimes for lp_sc205_hi saved to /home/s0/ml4sys02/project/Workload-Aware-Co-Optimization/WACO/SpMM/TrainingData/CollectedData/lp_sc205_hi.txt
Processing shl_200...
Runtimes for shl_200 saved to /home/s0/ml4sys02/project/Workload-Aware-Co-Optimization/WACO/SpMM/TrainingData/CollectedData/shl_200.txt
Processing ASIC_100ks...
Runtimes for ASIC_100ks saved to /home/s0/ml4sys02/project/Workload-Aware-Co-Optimization/WACO/SpMM/TrainingData/CollectedData/ASIC_100ks.txt
Processing conf5_0-4x4-22...
Runtimes for conf5_0-4x4-22 saved to /home/s0/ml4sys02/project/Workload-Aware-Co-Optimization/WACO/SpMM/TrainingData/CollectedData/conf5_0-4x4-22.txt
Processing hydr1c_A_58...
Runtimes for hydr1c_A_58 saved to /home/s0/ml4sys02/project/Workload-Aware-Co-Optimization/WACO/SpMM/TrainingData/CollectedData/hydr1c_A_58.txt
Processing ohne2_b...
Runtimes for ohne2_b saved to /home/s0/ml4sys02/project/Workload-Aware-Co-Optimization/WACO/SpMM/TrainingData/CollectedData/ohne2_b.txt
Processing bloweybl...
Runtimes for bloweybl saved to /home/s0/ml4sys02/project/Workload-Aware-Co-Optimization/WACO/SpMM/TrainingData/CollectedData/bloweybl.txt
Processing aug2d...
Runtimes for aug2d saved to /home/s0/ml4sys02/project/Workload-Aware-Co-Optimization/WACO/SpMM/TrainingData/CollectedData/aug2d.txt
Processing c-52_b...
Runtimes for c-52_b saved to /home/s0/ml4sys02/project/Workload-Aware-Co-Optimization/WACO/SpMM/TrainingData/CollectedData/c-52_b.txt
Processing plsk1919...
Runtimes for plsk1919 saved to /home/s0/ml4sys02/project/Workload-Aware-Co-Optimization/WACO/SpMM/TrainingData/CollectedData/plsk1919.txt
Processing Pd_b...
Runtimes for Pd_b saved to /home/s0/ml4sys02/project/Workload-Aware-Co-Optimization/WACO/SpMM/TrainingData/CollectedData/Pd_b.txt
Processing adder_dcop_47...
Runtimes for adder_dcop_47 saved to /home/s0/ml4sys02/project/Workload-Aware-Co-Optimization/WACO/SpMM/TrainingData/CollectedData/adder_dcop_47.txt
Processing SmaGri_gcs...
Runtimes for SmaGri_gcs saved to /home/s0/ml4sys02/project/Workload-Aware-Co-Optimization/WACO/SpMM/TrainingData/CollectedData/SmaGri_gcs.txt
Processing c-43_b...
Runtimes for c-43_b saved to /home/s0/ml4sys02/project/Workload-Aware-Co-Optimization/WACO/SpMM/TrainingData/CollectedData/c-43_b.txt
Processing bcspwr03...
Runtimes for bcspwr03 saved to /home/s0/ml4sys02/project/Workload-Aware-Co-Optimization/WACO/SpMM/TrainingData/CollectedData/bcspwr03.txt
Processing c-44...
Runtimes for c-44 saved to /home/s0/ml4sys02/project/Workload-Aware-Co-Optimization/WACO/SpMM/TrainingData/CollectedData/c-44.txt
Processing bodyy6_coord...
Runtimes for bodyy6_coord saved to /home/s0/ml4sys02/project/Workload-Aware-Co-Optimization/WACO/SpMM/TrainingData/CollectedData/bodyy6_coord.txt
Processing lp_czprob...
Runtimes for lp_czprob saved to /home/s0/ml4sys02/project/Workload-Aware-Co-Optimization/WACO/SpMM/TrainingData/CollectedData/lp_czprob.txt
Processing bodyy4_coord...
Runtimes for bodyy4_coord saved to /home/s0/ml4sys02/project/Workload-Aware-Co-Optimization/WACO/SpMM/TrainingData/CollectedData/bodyy4_coord.txt
Processing extr1b_A_40...
Runtimes for extr1b_A_40 saved to /home/s0/ml4sys02/project/Workload-Aware-Co-Optimization/WACO/SpMM/TrainingData/CollectedData/extr1b_A_40.txt
Processing sherman5_b...
Runtimes for sherman5_b saved to /home/s0/ml4sys02/project/Workload-Aware-Co-Optimization/WACO/SpMM/TrainingData/CollectedData/sherman5_b.txt
Processing ex3...
Runtimes for ex3 saved to /home/s0/ml4sys02/project/Workload-Aware-Co-Optimization/WACO/SpMM/TrainingData/CollectedData/ex3.txt
Processing jan99jac020sc...
Runtimes for jan99jac020sc saved to /home/s0/ml4sys02/project/Workload-Aware-Co-Optimization/WACO/SpMM/TrainingData/CollectedData/jan99jac020sc.txt
Processing utm1700b_b...
Runtimes for utm1700b_b saved to /home/s0/ml4sys02/project/Workload-Aware-Co-Optimization/WACO/SpMM/TrainingData/CollectedData/utm1700b_b.txt
Processing Reuters911_Day_05...
Runtimes for Reuters911_Day_05 saved to /home/s0/ml4sys02/project/Workload-Aware-Co-Optimization/WACO/SpMM/TrainingData/CollectedData/Reuters911_Day_05.txt
Processing lp_fit1p...
Runtimes for lp_fit1p saved to /home/s0/ml4sys02/project/Workload-Aware-Co-Optimization/WACO/SpMM/TrainingData/CollectedData/lp_fit1p.txt
Processing GD01_Acap...
Runtimes for GD01_Acap saved to /home/s0/ml4sys02/project/Workload-Aware-Co-Optimization/WACO/SpMM/TrainingData/CollectedData/GD01_Acap.txt
Processing mark3jac040sc...
Runtimes for mark3jac040sc saved to /home/s0/ml4sys02/project/Workload-Aware-Co-Optimization/WACO/SpMM/TrainingData/CollectedData/mark3jac040sc.txt
Processing rlfprim...
Runtimes for rlfprim saved to /home/s0/ml4sys02/project/Workload-Aware-Co-Optimization/WACO/SpMM/TrainingData/CollectedData/rlfprim.txt
Processing lpi_klein1_z0...
Runtimes for lpi_klein1_z0 saved to /home/s0/ml4sys02/project/Workload-Aware-Co-Optimization/WACO/SpMM/TrainingData/CollectedData/lpi_klein1_z0.txt
Processing barrier2-12_b...
Runtimes for barrier2-12_b saved to /home/s0/ml4sys02/project/Workload-Aware-Co-Optimization/WACO/SpMM/TrainingData/CollectedData/barrier2-12_b.txt
Processing ex7...
Runtimes for ex7 saved to /home/s0/ml4sys02/project/Workload-Aware-Co-Optimization/WACO/SpMM/TrainingData/CollectedData/ex7.txt
Processing cavity23_b...
Runtimes for cavity23_b saved to /home/s0/ml4sys02/project/Workload-Aware-Co-Optimization/WACO/SpMM/TrainingData/CollectedData/cavity23_b.txt
Processing EVA...
Runtimes for EVA saved to /home/s0/ml4sys02/project/Workload-Aware-Co-Optimization/WACO/SpMM/TrainingData/CollectedData/EVA.txt
Processing std1_Jac3...
Runtimes for std1_Jac3 saved to /home/s0/ml4sys02/project/Workload-Aware-Co-Optimization/WACO/SpMM/TrainingData/CollectedData/std1_Jac3.txt
Processing lp_nug20_b...
Runtimes for lp_nug20_b saved to /home/s0/ml4sys02/project/Workload-Aware-Co-Optimization/WACO/SpMM/TrainingData/CollectedData/lp_nug20_b.txt
Processing lp_share2b_lo...
Runtimes for lp_share2b_lo saved to /home/s0/ml4sys02/project/Workload-Aware-Co-Optimization/WACO/SpMM/TrainingData/CollectedData/lp_share2b_lo.txt
Processing gyro_M...
Runtimes for gyro_M saved to /home/s0/ml4sys02/project/Workload-Aware-Co-Optimization/WACO/SpMM/TrainingData/CollectedData/gyro_M.txt
Processing mesh2em5...
Runtimes for mesh2em5 saved to /home/s0/ml4sys02/project/Workload-Aware-Co-Optimization/WACO/SpMM/TrainingData/CollectedData/mesh2em5.txt
Processing c-23...
Runtimes for c-23 saved to /home/s0/ml4sys02/project/Workload-Aware-Co-Optimization/WACO/SpMM/TrainingData/CollectedData/c-23.txt
Processing Reuters911_Day_65...
Runtimes for Reuters911_Day_65 saved to /home/s0/ml4sys02/project/Workload-Aware-Co-Optimization/WACO/SpMM/TrainingData/CollectedData/Reuters911_Day_65.txt
Processing shermanACd...
Runtimes for shermanACd saved to /home/s0/ml4sys02/project/Workload-Aware-Co-Optimization/WACO/SpMM/TrainingData/CollectedData/shermanACd.txt
Processing g7jac080...
Runtimes for g7jac080 saved to /home/s0/ml4sys02/project/Workload-Aware-Co-Optimization/WACO/SpMM/TrainingData/CollectedData/g7jac080.txt
Processing hydr1c_A_30...
Runtimes for hydr1c_A_30 saved to /home/s0/ml4sys02/project/Workload-Aware-Co-Optimization/WACO/SpMM/TrainingData/CollectedData/hydr1c_A_30.txt
Processing lp_ship08s_b...
Runtimes for lp_ship08s_b saved to /home/s0/ml4sys02/project/Workload-Aware-Co-Optimization/WACO/SpMM/TrainingData/CollectedData/lp_ship08s_b.txt
Processing circuit_4_b...
Runtimes for circuit_4_b saved to /home/s0/ml4sys02/project/Workload-Aware-Co-Optimization/WACO/SpMM/TrainingData/CollectedData/circuit_4_b.txt
Processing lp_afiro_z0...
Runtimes for lp_afiro_z0 saved to /home/s0/ml4sys02/project/Workload-Aware-Co-Optimization/WACO/SpMM/TrainingData/CollectedData/lp_afiro_z0.txt
Processing barrier2-9...
Runtimes for barrier2-9 saved to /home/s0/ml4sys02/project/Workload-Aware-Co-Optimization/WACO/SpMM/TrainingData/CollectedData/barrier2-9.txt
Processing sit100...
Runtimes for sit100 saved to /home/s0/ml4sys02/project/Workload-Aware-Co-Optimization/WACO/SpMM/TrainingData/CollectedData/sit100.txt
Processing GD02_a...
Runtimes for GD02_a saved to /home/s0/ml4sys02/project/Workload-Aware-Co-Optimization/WACO/SpMM/TrainingData/CollectedData/GD02_a.txt
Processing nasa2146...
Runtimes for nasa2146 saved to /home/s0/ml4sys02/project/Workload-Aware-Co-Optimization/WACO/SpMM/TrainingData/CollectedData/nasa2146.txt
Processing extr1b_Zeros_29...
Runtimes for extr1b_Zeros_29 saved to /home/s0/ml4sys02/project/Workload-Aware-Co-Optimization/WACO/SpMM/TrainingData/CollectedData/extr1b_Zeros_29.txt
Processing bcsstm36...
Runtimes for bcsstm36 saved to /home/s0/ml4sys02/project/Workload-Aware-Co-Optimization/WACO/SpMM/TrainingData/CollectedData/bcsstm36.txt
Processing k3plates...
Runtimes for k3plates saved to /home/s0/ml4sys02/project/Workload-Aware-Co-Optimization/WACO/SpMM/TrainingData/CollectedData/k3plates.txt
Processing HEP-th-new_date...
Runtimes for HEP-th-new_date saved to /home/s0/ml4sys02/project/Workload-Aware-Co-Optimization/WACO/SpMM/TrainingData/CollectedData/HEP-th-new_date.txt
Processing copter1...
Runtimes for copter1 saved to /home/s0/ml4sys02/project/Workload-Aware-Co-Optimization/WACO/SpMM/TrainingData/CollectedData/copter1.txt
Processing flowmeter0_E...
Runtimes for flowmeter0_E saved to /home/s0/ml4sys02/project/Workload-Aware-Co-Optimization/WACO/SpMM/TrainingData/CollectedData/flowmeter0_E.txt
Processing lp_ship04s_lo...
Runtimes for lp_ship04s_lo saved to /home/s0/ml4sys02/project/Workload-Aware-Co-Optimization/WACO/SpMM/TrainingData/CollectedData/lp_ship04s_lo.txt
Processing gearbox...
Runtimes for gearbox saved to /home/s0/ml4sys02/project/Workload-Aware-Co-Optimization/WACO/SpMM/TrainingData/CollectedData/gearbox.txt
Processing bcsstk18...
Runtimes for bcsstk18 saved to /home/s0/ml4sys02/project/Workload-Aware-Co-Optimization/WACO/SpMM/TrainingData/CollectedData/bcsstk18.txt
Processing conf6_0-4x4-20...
Runtimes for conf6_0-4x4-20 saved to /home/s0/ml4sys02/project/Workload-Aware-Co-Optimization/WACO/SpMM/TrainingData/CollectedData/conf6_0-4x4-20.txt
Processing c-51...
Runtimes for c-51 saved to /home/s0/ml4sys02/project/Workload-Aware-Co-Optimization/WACO/SpMM/TrainingData/CollectedData/c-51.txt
Processing raefsky6...
Runtimes for raefsky6 saved to /home/s0/ml4sys02/project/Workload-Aware-Co-Optimization/WACO/SpMM/TrainingData/CollectedData/raefsky6.txt
Processing lp_grow22_hi...
Runtimes for lp_grow22_hi saved to /home/s0/ml4sys02/project/Workload-Aware-Co-Optimization/WACO/SpMM/TrainingData/CollectedData/lp_grow22_hi.txt
Processing plat362...
Runtimes for plat362 saved to /home/s0/ml4sys02/project/Workload-Aware-Co-Optimization/WACO/SpMM/TrainingData/CollectedData/plat362.txt
Processing waveguide3D...
Runtimes for waveguide3D saved to /home/s0/ml4sys02/project/Workload-Aware-Co-Optimization/WACO/SpMM/TrainingData/CollectedData/waveguide3D.txt
Processing lp_cre_b_b...
Runtimes for lp_cre_b_b saved to /home/s0/ml4sys02/project/Workload-Aware-Co-Optimization/WACO/SpMM/TrainingData/CollectedData/lp_cre_b_b.txt
Processing meg1...
Runtimes for meg1 saved to /home/s0/ml4sys02/project/Workload-Aware-Co-Optimization/WACO/SpMM/TrainingData/CollectedData/meg1.txt
Processing hydr1c_A_42...
Runtimes for hydr1c_A_42 saved to /home/s0/ml4sys02/project/Workload-Aware-Co-Optimization/WACO/SpMM/TrainingData/CollectedData/hydr1c_A_42.txt
Processing adder_dcop_25...
Runtimes for adder_dcop_25 saved to /home/s0/ml4sys02/project/Workload-Aware-Co-Optimization/WACO/SpMM/TrainingData/CollectedData/adder_dcop_25.txt
Processing extr1b_Zeros_11...
Runtimes for extr1b_Zeros_11 saved to /home/s0/ml4sys02/project/Workload-Aware-Co-Optimization/WACO/SpMM/TrainingData/CollectedData/extr1b_Zeros_11.txt
Processing hydr1c_A_23...
Runtimes for hydr1c_A_23 saved to /home/s0/ml4sys02/project/Workload-Aware-Co-Optimization/WACO/SpMM/TrainingData/CollectedData/hydr1c_A_23.txt
Processing lp_gfrd_pnc_c...
Runtimes for lp_gfrd_pnc_c saved to /home/s0/ml4sys02/project/Workload-Aware-Co-Optimization/WACO/SpMM/TrainingData/CollectedData/lp_gfrd_pnc_c.txt
Processing ted_A_unscaled...
Runtimes for ted_A_unscaled saved to /home/s0/ml4sys02/project/Workload-Aware-Co-Optimization/WACO/SpMM/TrainingData/CollectedData/ted_A_unscaled.txt
Processing flowmeter0_C...
Runtimes for flowmeter0_C saved to /home/s0/ml4sys02/project/Workload-Aware-Co-Optimization/WACO/SpMM/TrainingData/CollectedData/flowmeter0_C.txt
Processing a5esindl...
Runtimes for a5esindl saved to /home/s0/ml4sys02/project/Workload-Aware-Co-Optimization/WACO/SpMM/TrainingData/CollectedData/a5esindl.txt
Processing graham1...
Runtimes for graham1 saved to /home/s0/ml4sys02/project/Workload-Aware-Co-Optimization/WACO/SpMM/TrainingData/CollectedData/graham1.txt
Processing filter3D_E...
Runtimes for filter3D_E saved to /home/s0/ml4sys02/project/Workload-Aware-Co-Optimization/WACO/SpMM/TrainingData/CollectedData/filter3D_E.txt
Processing hydr1c_A_02...
Runtimes for hydr1c_A_02 saved to /home/s0/ml4sys02/project/Workload-Aware-Co-Optimization/WACO/SpMM/TrainingData/CollectedData/hydr1c_A_02.txt
Processing oscil_dcop_41_b...
Runtimes for oscil_dcop_41_b saved to /home/s0/ml4sys02/project/Workload-Aware-Co-Optimization/WACO/SpMM/TrainingData/CollectedData/oscil_dcop_41_b.txt
Processing fs_183_4...
Runtimes for fs_183_4 saved to /home/s0/ml4sys02/project/Workload-Aware-Co-Optimization/WACO/SpMM/TrainingData/CollectedData/fs_183_4.txt
Processing mhdb416...
Runtimes for mhdb416 saved to /home/s0/ml4sys02/project/Workload-Aware-Co-Optimization/WACO/SpMM/TrainingData/CollectedData/mhdb416.txt
Processing tandem_vtx...
Runtimes for tandem_vtx saved to /home/s0/ml4sys02/project/Workload-Aware-Co-Optimization/WACO/SpMM/TrainingData/CollectedData/tandem_vtx.txt
Processing poisson3Da...
Runtimes for poisson3Da saved to /home/s0/ml4sys02/project/Workload-Aware-Co-Optimization/WACO/SpMM/TrainingData/CollectedData/poisson3Da.txt
Processing Reuters911...
Runtimes for Reuters911 saved to /home/s0/ml4sys02/project/Workload-Aware-Co-Optimization/WACO/SpMM/TrainingData/CollectedData/Reuters911.txt
Processing ted_B_unscaled...
Runtimes for ted_B_unscaled saved to /home/s0/ml4sys02/project/Workload-Aware-Co-Optimization/WACO/SpMM/TrainingData/CollectedData/ted_B_unscaled.txt
Processing oscil_dcop_03_b...
Runtimes for oscil_dcop_03_b saved to /home/s0/ml4sys02/project/Workload-Aware-Co-Optimization/WACO/SpMM/TrainingData/CollectedData/oscil_dcop_03_b.txt
Processing lhr11_b...
Runtimes for lhr11_b saved to /home/s0/ml4sys02/project/Workload-Aware-Co-Optimization/WACO/SpMM/TrainingData/CollectedData/lhr11_b.txt
Processing conf5_0-4x4-18...
Runtimes for conf5_0-4x4-18 saved to /home/s0/ml4sys02/project/Workload-Aware-Co-Optimization/WACO/SpMM/TrainingData/CollectedData/conf5_0-4x4-18.txt
Processing hydr1c_Zeros_63...
Runtimes for hydr1c_Zeros_63 saved to /home/s0/ml4sys02/project/Workload-Aware-Co-Optimization/WACO/SpMM/TrainingData/CollectedData/hydr1c_Zeros_63.txt
Processing oscil_dcop_04_b...
Runtimes for oscil_dcop_04_b saved to /home/s0/ml4sys02/project/Workload-Aware-Co-Optimization/WACO/SpMM/TrainingData/CollectedData/oscil_dcop_04_b.txt
Processing GD99_c...
Runtimes for GD99_c saved to /home/s0/ml4sys02/project/Workload-Aware-Co-Optimization/WACO/SpMM/TrainingData/CollectedData/GD99_c.txt
Processing hydr1c_Zeros_62...
Runtimes for hydr1c_Zeros_62 saved to /home/s0/ml4sys02/project/Workload-Aware-Co-Optimization/WACO/SpMM/TrainingData/CollectedData/hydr1c_Zeros_62.txt
Processing fpga_dcop_26...
Runtimes for fpga_dcop_26 saved to /home/s0/ml4sys02/project/Workload-Aware-Co-Optimization/WACO/SpMM/TrainingData/CollectedData/fpga_dcop_26.txt
Processing rbsa480...
Runtimes for rbsa480 saved to /home/s0/ml4sys02/project/Workload-Aware-Co-Optimization/WACO/SpMM/TrainingData/CollectedData/rbsa480.txt
Processing s3dkq4m2_coord...
Runtimes for s3dkq4m2_coord saved to /home/s0/ml4sys02/project/Workload-Aware-Co-Optimization/WACO/SpMM/TrainingData/CollectedData/s3dkq4m2_coord.txt
Processing lp_nug30_lo...
Runtimes for lp_nug30_lo saved to /home/s0/ml4sys02/project/Workload-Aware-Co-Optimization/WACO/SpMM/TrainingData/CollectedData/lp_nug30_lo.txt
Processing bbmat_x...
Runtimes for bbmat_x saved to /home/s0/ml4sys02/project/Workload-Aware-Co-Optimization/WACO/SpMM/TrainingData/CollectedData/bbmat_x.txt
Processing jan99jac060_x...
Runtimes for jan99jac060_x saved to /home/s0/ml4sys02/project/Workload-Aware-Co-Optimization/WACO/SpMM/TrainingData/CollectedData/jan99jac060_x.txt
Processing rajat18...
Runtimes for rajat18 saved to /home/s0/ml4sys02/project/Workload-Aware-Co-Optimization/WACO/SpMM/TrainingData/CollectedData/rajat18.txt
Processing SiO...
Runtimes for SiO saved to /home/s0/ml4sys02/project/Workload-Aware-Co-Optimization/WACO/SpMM/TrainingData/CollectedData/SiO.txt
Processing lpi_pang_z0...
Runtimes for lpi_pang_z0 saved to /home/s0/ml4sys02/project/Workload-Aware-Co-Optimization/WACO/SpMM/TrainingData/CollectedData/lpi_pang_z0.txt
Processing af_shell2...
Runtimes for af_shell2 saved to /home/s0/ml4sys02/project/Workload-Aware-Co-Optimization/WACO/SpMM/TrainingData/CollectedData/af_shell2.txt
Processing lp_nug12_c...
Runtimes for lp_nug12_c saved to /home/s0/ml4sys02/project/Workload-Aware-Co-Optimization/WACO/SpMM/TrainingData/CollectedData/lp_nug12_c.txt
Processing LF10_M...
Runtimes for LF10_M saved to /home/s0/ml4sys02/project/Workload-Aware-Co-Optimization/WACO/SpMM/TrainingData/CollectedData/LF10_M.txt
Processing ibm_matrix_2...
Runtimes for ibm_matrix_2 saved to /home/s0/ml4sys02/project/Workload-Aware-Co-Optimization/WACO/SpMM/TrainingData/CollectedData/ibm_matrix_2.txt
Processing lung1...
Runtimes for lung1 saved to /home/s0/ml4sys02/project/Workload-Aware-Co-Optimization/WACO/SpMM/TrainingData/CollectedData/lung1.txt
Processing wathen120...
Runtimes for wathen120 saved to /home/s0/ml4sys02/project/Workload-Aware-Co-Optimization/WACO/SpMM/TrainingData/CollectedData/wathen120.txt
Processing poisson3Da_b...
Runtimes for poisson3Da_b saved to /home/s0/ml4sys02/project/Workload-Aware-Co-Optimization/WACO/SpMM/TrainingData/CollectedData/poisson3Da_b.txt
Processing lp_grow22_lo...
Runtimes for lp_grow22_lo saved to /home/s0/ml4sys02/project/Workload-Aware-Co-Optimization/WACO/SpMM/TrainingData/CollectedData/lp_grow22_lo.txt
Processing extr1b_Zeros_26...
Runtimes for extr1b_Zeros_26 saved to /home/s0/ml4sys02/project/Workload-Aware-Co-Optimization/WACO/SpMM/TrainingData/CollectedData/extr1b_Zeros_26.txt
Processing lp_nug20_lo...
Runtimes for lp_nug20_lo saved to /home/s0/ml4sys02/project/Workload-Aware-Co-Optimization/WACO/SpMM/TrainingData/CollectedData/lp_nug20_lo.txt
Processing bcsstm38...
Runtimes for bcsstm38 saved to /home/s0/ml4sys02/project/Workload-Aware-Co-Optimization/WACO/SpMM/TrainingData/CollectedData/bcsstm38.txt
Processing ex40...
Runtimes for ex40 saved to /home/s0/ml4sys02/project/Workload-Aware-Co-Optimization/WACO/SpMM/TrainingData/CollectedData/ex40.txt
Processing b1_ss...
Runtimes for b1_ss saved to /home/s0/ml4sys02/project/Workload-Aware-Co-Optimization/WACO/SpMM/TrainingData/CollectedData/b1_ss.txt
Processing fs_760_3...
Runtimes for fs_760_3 saved to /home/s0/ml4sys02/project/Workload-Aware-Co-Optimization/WACO/SpMM/TrainingData/CollectedData/fs_760_3.txt
Processing bcspwr06...
Runtimes for bcspwr06 saved to /home/s0/ml4sys02/project/Workload-Aware-Co-Optimization/WACO/SpMM/TrainingData/CollectedData/bcspwr06.txt
Processing lpi_ex73a_z0...
Runtimes for lpi_ex73a_z0 saved to /home/s0/ml4sys02/project/Workload-Aware-Co-Optimization/WACO/SpMM/TrainingData/CollectedData/lpi_ex73a_z0.txt
Processing Cities_cluster...
Runtimes for Cities_cluster saved to /home/s0/ml4sys02/project/Workload-Aware-Co-Optimization/WACO/SpMM/TrainingData/CollectedData/Cities_cluster.txt
Processing Reuters911_Day_49...
Runtimes for Reuters911_Day_49 saved to /home/s0/ml4sys02/project/Workload-Aware-Co-Optimization/WACO/SpMM/TrainingData/CollectedData/Reuters911_Day_49.txt
Processing bcsstk38...
Runtimes for bcsstk38 saved to /home/s0/ml4sys02/project/Workload-Aware-Co-Optimization/WACO/SpMM/TrainingData/CollectedData/bcsstk38.txt
Processing lp_scfxm3_b...
Runtimes for lp_scfxm3_b saved to /home/s0/ml4sys02/project/Workload-Aware-Co-Optimization/WACO/SpMM/TrainingData/CollectedData/lp_scfxm3_b.txt
Processing para-9...
Runtimes for para-9 saved to /home/s0/ml4sys02/project/Workload-Aware-Co-Optimization/WACO/SpMM/TrainingData/CollectedData/para-9.txt
Processing filter3D_B...
Runtimes for filter3D_B saved to /home/s0/ml4sys02/project/Workload-Aware-Co-Optimization/WACO/SpMM/TrainingData/CollectedData/filter3D_B.txt
Processing ex1...
Runtimes for ex1 saved to /home/s0/ml4sys02/project/Workload-Aware-Co-Optimization/WACO/SpMM/TrainingData/CollectedData/ex1.txt
Processing G5...
Runtimes for G5 saved to /home/s0/ml4sys02/project/Workload-Aware-Co-Optimization/WACO/SpMM/TrainingData/CollectedData/G5.txt
Processing lp_nug30...
Runtimes for lp_nug30 saved to /home/s0/ml4sys02/project/Workload-Aware-Co-Optimization/WACO/SpMM/TrainingData/CollectedData/lp_nug30.txt
Processing lp_tuff_hi...
Runtimes for lp_tuff_hi saved to /home/s0/ml4sys02/project/Workload-Aware-Co-Optimization/WACO/SpMM/TrainingData/CollectedData/lp_tuff_hi.txt
Processing cont-201...
Runtimes for cont-201 saved to /home/s0/ml4sys02/project/Workload-Aware-Co-Optimization/WACO/SpMM/TrainingData/CollectedData/cont-201.txt
Processing lp_gfrd_pnc...
Runtimes for lp_gfrd_pnc saved to /home/s0/ml4sys02/project/Workload-Aware-Co-Optimization/WACO/SpMM/TrainingData/CollectedData/lp_gfrd_pnc.txt
Processing hydr1c_A_48...
Runtimes for hydr1c_A_48 saved to /home/s0/ml4sys02/project/Workload-Aware-Co-Optimization/WACO/SpMM/TrainingData/CollectedData/hydr1c_A_48.txt
Processing mahindas_b...
Runtimes for mahindas_b saved to /home/s0/ml4sys02/project/Workload-Aware-Co-Optimization/WACO/SpMM/TrainingData/CollectedData/mahindas_b.txt
Processing extr1b_Zeros_36...
Runtimes for extr1b_Zeros_36 saved to /home/s0/ml4sys02/project/Workload-Aware-Co-Optimization/WACO/SpMM/TrainingData/CollectedData/extr1b_Zeros_36.txt
Processing extr1b_A_09...
Runtimes for extr1b_A_09 saved to /home/s0/ml4sys02/project/Workload-Aware-Co-Optimization/WACO/SpMM/TrainingData/CollectedData/extr1b_A_09.txt
Processing barrier2-2...
Runtimes for barrier2-2 saved to /home/s0/ml4sys02/project/Workload-Aware-Co-Optimization/WACO/SpMM/TrainingData/CollectedData/barrier2-2.txt
Processing pesa...
Runtimes for pesa saved to /home/s0/ml4sys02/project/Workload-Aware-Co-Optimization/WACO/SpMM/TrainingData/CollectedData/pesa.txt
Processing c-22_b...
Runtimes for c-22_b saved to /home/s0/ml4sys02/project/Workload-Aware-Co-Optimization/WACO/SpMM/TrainingData/CollectedData/c-22_b.txt
Processing sherman5...
Runtimes for sherman5 saved to /home/s0/ml4sys02/project/Workload-Aware-Co-Optimization/WACO/SpMM/TrainingData/CollectedData/sherman5.txt
Processing G51...
Runtimes for G51 saved to /home/s0/ml4sys02/project/Workload-Aware-Co-Optimization/WACO/SpMM/TrainingData/CollectedData/G51.txt
Processing lp_dfl001...
Runtimes for lp_dfl001 saved to /home/s0/ml4sys02/project/Workload-Aware-Co-Optimization/WACO/SpMM/TrainingData/CollectedData/lp_dfl001.txt
Processing lp_nug08_b...
Runtimes for lp_nug08_b saved to /home/s0/ml4sys02/project/Workload-Aware-Co-Optimization/WACO/SpMM/TrainingData/CollectedData/lp_nug08_b.txt
Processing darcy003...
Runtimes for darcy003 saved to /home/s0/ml4sys02/project/Workload-Aware-Co-Optimization/WACO/SpMM/TrainingData/CollectedData/darcy003.txt
Processing GD06_Java...
Runtimes for GD06_Java saved to /home/s0/ml4sys02/project/Workload-Aware-Co-Optimization/WACO/SpMM/TrainingData/CollectedData/GD06_Java.txt
Processing GD96_b...
Runtimes for GD96_b saved to /home/s0/ml4sys02/project/Workload-Aware-Co-Optimization/WACO/SpMM/TrainingData/CollectedData/GD96_b.txt
Processing gas_sensor_B...
Runtimes for gas_sensor_B saved to /home/s0/ml4sys02/project/Workload-Aware-Co-Optimization/WACO/SpMM/TrainingData/CollectedData/gas_sensor_B.txt
Processing lp_nug05_c...
Runtimes for lp_nug05_c saved to /home/s0/ml4sys02/project/Workload-Aware-Co-Optimization/WACO/SpMM/TrainingData/CollectedData/lp_nug05_c.txt
Processing rdist3a...
Runtimes for rdist3a saved to /home/s0/ml4sys02/project/Workload-Aware-Co-Optimization/WACO/SpMM/TrainingData/CollectedData/rdist3a.txt
Processing Kemelmacher...
Runtimes for Kemelmacher saved to /home/s0/ml4sys02/project/Workload-Aware-Co-Optimization/WACO/SpMM/TrainingData/CollectedData/Kemelmacher.txt
Processing nemeth18...
Runtimes for nemeth18 saved to /home/s0/ml4sys02/project/Workload-Aware-Co-Optimization/WACO/SpMM/TrainingData/CollectedData/nemeth18.txt
Processing qa8fm...
Runtimes for qa8fm saved to /home/s0/ml4sys02/project/Workload-Aware-Co-Optimization/WACO/SpMM/TrainingData/CollectedData/qa8fm.txt
Processing ex26...
Runtimes for ex26 saved to /home/s0/ml4sys02/project/Workload-Aware-Co-Optimization/WACO/SpMM/TrainingData/CollectedData/ex26.txt
Processing lpi_refinery_c...
Runtimes for lpi_refinery_c saved to /home/s0/ml4sys02/project/Workload-Aware-Co-Optimization/WACO/SpMM/TrainingData/CollectedData/lpi_refinery_c.txt
Processing rail_5177_E...
Runtimes for rail_5177_E saved to /home/s0/ml4sys02/project/Workload-Aware-Co-Optimization/WACO/SpMM/TrainingData/CollectedData/rail_5177_E.txt
Processing oscil_dcop_41...
Runtimes for oscil_dcop_41 saved to /home/s0/ml4sys02/project/Workload-Aware-Co-Optimization/WACO/SpMM/TrainingData/CollectedData/oscil_dcop_41.txt
Processing extr1b_Zeros_38...
Runtimes for extr1b_Zeros_38 saved to /home/s0/ml4sys02/project/Workload-Aware-Co-Optimization/WACO/SpMM/TrainingData/CollectedData/extr1b_Zeros_38.txt
Processing pkustk10...
Runtimes for pkustk10 saved to /home/s0/ml4sys02/project/Workload-Aware-Co-Optimization/WACO/SpMM/TrainingData/CollectedData/pkustk10.txt
Processing laminar_duct3D...
Runtimes for laminar_duct3D saved to /home/s0/ml4sys02/project/Workload-Aware-Co-Optimization/WACO/SpMM/TrainingData/CollectedData/laminar_duct3D.txt
Processing torso3...
Runtimes for torso3 saved to /home/s0/ml4sys02/project/Workload-Aware-Co-Optimization/WACO/SpMM/TrainingData/CollectedData/torso3.txt
Processing para-5_b...
Runtimes for para-5_b saved to /home/s0/ml4sys02/project/Workload-Aware-Co-Optimization/WACO/SpMM/TrainingData/CollectedData/para-5_b.txt
Processing lp_israel_c...
Runtimes for lp_israel_c saved to /home/s0/ml4sys02/project/Workload-Aware-Co-Optimization/WACO/SpMM/TrainingData/CollectedData/lp_israel_c.txt
Processing std1_Jac3_b...
Runtimes for std1_Jac3_b saved to /home/s0/ml4sys02/project/Workload-Aware-Co-Optimization/WACO/SpMM/TrainingData/CollectedData/std1_Jac3_b.txt
Processing b_dyn_b...
Runtimes for b_dyn_b saved to /home/s0/ml4sys02/project/Workload-Aware-Co-Optimization/WACO/SpMM/TrainingData/CollectedData/b_dyn_b.txt
Processing extr1b_Zeros_08...
Runtimes for extr1b_Zeros_08 saved to /home/s0/ml4sys02/project/Workload-Aware-Co-Optimization/WACO/SpMM/TrainingData/CollectedData/extr1b_Zeros_08.txt
Processing SiNa...
Runtimes for SiNa saved to /home/s0/ml4sys02/project/Workload-Aware-Co-Optimization/WACO/SpMM/TrainingData/CollectedData/SiNa.txt
Processing para-6...
Runtimes for para-6 saved to /home/s0/ml4sys02/project/Workload-Aware-Co-Optimization/WACO/SpMM/TrainingData/CollectedData/para-6.txt
Processing patents_year...
Runtimes for patents_year saved to /home/s0/ml4sys02/project/Workload-Aware-Co-Optimization/WACO/SpMM/TrainingData/CollectedData/patents_year.txt
Processing c-69_b...
Runtimes for c-69_b saved to /home/s0/ml4sys02/project/Workload-Aware-Co-Optimization/WACO/SpMM/TrainingData/CollectedData/c-69_b.txt
Processing commanche_dual...
Runtimes for commanche_dual saved to /home/s0/ml4sys02/project/Workload-Aware-Co-Optimization/WACO/SpMM/TrainingData/CollectedData/commanche_dual.txt
Processing barrier2-1...
Runtimes for barrier2-1 saved to /home/s0/ml4sys02/project/Workload-Aware-Co-Optimization/WACO/SpMM/TrainingData/CollectedData/barrier2-1.txt
Processing c-66b_b...
Runtimes for c-66b_b saved to /home/s0/ml4sys02/project/Workload-Aware-Co-Optimization/WACO/SpMM/TrainingData/CollectedData/c-66b_b.txt
Processing c-67b...
Runtimes for c-67b saved to /home/s0/ml4sys02/project/Workload-Aware-Co-Optimization/WACO/SpMM/TrainingData/CollectedData/c-67b.txt
Processing extr1b_Zeros_27...
Runtimes for extr1b_Zeros_27 saved to /home/s0/ml4sys02/project/Workload-Aware-Co-Optimization/WACO/SpMM/TrainingData/CollectedData/extr1b_Zeros_27.txt
Processing ex11...
Runtimes for ex11 saved to /home/s0/ml4sys02/project/Workload-Aware-Co-Optimization/WACO/SpMM/TrainingData/CollectedData/ex11.txt
Processing jpwh_991...
Runtimes for jpwh_991 saved to /home/s0/ml4sys02/project/Workload-Aware-Co-Optimization/WACO/SpMM/TrainingData/CollectedData/jpwh_991.txt
Processing Zd_Jac3_b...
Runtimes for Zd_Jac3_b saved to /home/s0/ml4sys02/project/Workload-Aware-Co-Optimization/WACO/SpMM/TrainingData/CollectedData/Zd_Jac3_b.txt
Processing lpi_mondou2_z0...
Runtimes for lpi_mondou2_z0 saved to /home/s0/ml4sys02/project/Workload-Aware-Co-Optimization/WACO/SpMM/TrainingData/CollectedData/lpi_mondou2_z0.txt
Processing IMDB_KevinBacon...
Runtimes for IMDB_KevinBacon saved to /home/s0/ml4sys02/project/Workload-Aware-Co-Optimization/WACO/SpMM/TrainingData/CollectedData/IMDB_KevinBacon.txt
Processing c-55...
Runtimes for c-55 saved to /home/s0/ml4sys02/project/Workload-Aware-Co-Optimization/WACO/SpMM/TrainingData/CollectedData/c-55.txt
Processing cfd2...
Runtimes for cfd2 saved to /home/s0/ml4sys02/project/Workload-Aware-Co-Optimization/WACO/SpMM/TrainingData/CollectedData/cfd2.txt
Processing G32...
Runtimes for G32 saved to /home/s0/ml4sys02/project/Workload-Aware-Co-Optimization/WACO/SpMM/TrainingData/CollectedData/G32.txt
Processing well1033_b...
Runtimes for well1033_b saved to /home/s0/ml4sys02/project/Workload-Aware-Co-Optimization/WACO/SpMM/TrainingData/CollectedData/well1033_b.txt
Processing SiH4...
Runtimes for SiH4 saved to /home/s0/ml4sys02/project/Workload-Aware-Co-Optimization/WACO/SpMM/TrainingData/CollectedData/SiH4.txt
Processing lp_perold_b...
Runtimes for lp_perold_b saved to /home/s0/ml4sys02/project/Workload-Aware-Co-Optimization/WACO/SpMM/TrainingData/CollectedData/lp_perold_b.txt
Processing Reuters911_Day_20...
Runtimes for Reuters911_Day_20 saved to /home/s0/ml4sys02/project/Workload-Aware-Co-Optimization/WACO/SpMM/TrainingData/CollectedData/Reuters911_Day_20.txt
Processing G46...
Runtimes for G46 saved to /home/s0/ml4sys02/project/Workload-Aware-Co-Optimization/WACO/SpMM/TrainingData/CollectedData/G46.txt
Processing rdb968...
Runtimes for rdb968 saved to /home/s0/ml4sys02/project/Workload-Aware-Co-Optimization/WACO/SpMM/TrainingData/CollectedData/rdb968.txt
Processing lp_ship08s_z0...
Runtimes for lp_ship08s_z0 saved to /home/s0/ml4sys02/project/Workload-Aware-Co-Optimization/WACO/SpMM/TrainingData/CollectedData/lp_ship08s_z0.txt
Processing hydr1c_A_71...
Runtimes for hydr1c_A_71 saved to /home/s0/ml4sys02/project/Workload-Aware-Co-Optimization/WACO/SpMM/TrainingData/CollectedData/hydr1c_A_71.txt
Processing Journals...
Runtimes for Journals saved to /home/s0/ml4sys02/project/Workload-Aware-Co-Optimization/WACO/SpMM/TrainingData/CollectedData/Journals.txt
Processing poli_b...
Runtimes for poli_b saved to /home/s0/ml4sys02/project/Workload-Aware-Co-Optimization/WACO/SpMM/TrainingData/CollectedData/poli_b.txt
Processing bp_800...
Runtimes for bp_800 saved to /home/s0/ml4sys02/project/Workload-Aware-Co-Optimization/WACO/SpMM/TrainingData/CollectedData/bp_800.txt
Processing mario001...
Runtimes for mario001 saved to /home/s0/ml4sys02/project/Workload-Aware-Co-Optimization/WACO/SpMM/TrainingData/CollectedData/mario001.txt
Processing LFAT5000_B...
Runtimes for LFAT5000_B saved to /home/s0/ml4sys02/project/Workload-Aware-Co-Optimization/WACO/SpMM/TrainingData/CollectedData/LFAT5000_B.txt
Processing spmsrtls...
Runtimes for spmsrtls saved to /home/s0/ml4sys02/project/Workload-Aware-Co-Optimization/WACO/SpMM/TrainingData/CollectedData/spmsrtls.txt
Processing crplat2...
Runtimes for crplat2 saved to /home/s0/ml4sys02/project/Workload-Aware-Co-Optimization/WACO/SpMM/TrainingData/CollectedData/crplat2.txt
Processing GD01_a...
Runtimes for GD01_a saved to /home/s0/ml4sys02/project/Workload-Aware-Co-Optimization/WACO/SpMM/TrainingData/CollectedData/GD01_a.txt
Processing deltaX...
Runtimes for deltaX saved to /home/s0/ml4sys02/project/Workload-Aware-Co-Optimization/WACO/SpMM/TrainingData/CollectedData/deltaX.txt
Processing CO...
Runtimes for CO saved to /home/s0/ml4sys02/project/Workload-Aware-Co-Optimization/WACO/SpMM/TrainingData/CollectedData/CO.txt
Processing epb1...
Runtimes for epb1 saved to /home/s0/ml4sys02/project/Workload-Aware-Co-Optimization/WACO/SpMM/TrainingData/CollectedData/epb1.txt
Processing will57...
Runtimes for will57 saved to /home/s0/ml4sys02/project/Workload-Aware-Co-Optimization/WACO/SpMM/TrainingData/CollectedData/will57.txt
Processing c-20...
Runtimes for c-20 saved to /home/s0/ml4sys02/project/Workload-Aware-Co-Optimization/WACO/SpMM/TrainingData/CollectedData/c-20.txt
Processing jan99jac100sc...
Runtimes for jan99jac100sc saved to /home/s0/ml4sys02/project/Workload-Aware-Co-Optimization/WACO/SpMM/TrainingData/CollectedData/jan99jac100sc.txt
Processing m3plates...
Runtimes for m3plates saved to /home/s0/ml4sys02/project/Workload-Aware-Co-Optimization/WACO/SpMM/TrainingData/CollectedData/m3plates.txt
Processing cavity07_b...
Runtimes for cavity07_b saved to /home/s0/ml4sys02/project/Workload-Aware-Co-Optimization/WACO/SpMM/TrainingData/CollectedData/cavity07_b.txt
Processing GD99_b...
Runtimes for GD99_b saved to /home/s0/ml4sys02/project/Workload-Aware-Co-Optimization/WACO/SpMM/TrainingData/CollectedData/GD99_b.txt
Processing skirt_coord...
Runtimes for skirt_coord saved to /home/s0/ml4sys02/project/Workload-Aware-Co-Optimization/WACO/SpMM/TrainingData/CollectedData/skirt_coord.txt
Processing lp_israel...
Runtimes for lp_israel saved to /home/s0/ml4sys02/project/Workload-Aware-Co-Optimization/WACO/SpMM/TrainingData/CollectedData/lp_israel.txt
Processing raefsky3...
Runtimes for raefsky3 saved to /home/s0/ml4sys02/project/Workload-Aware-Co-Optimization/WACO/SpMM/TrainingData/CollectedData/raefsky3.txt
Processing boneS01_M...
Runtimes for boneS01_M saved to /home/s0/ml4sys02/project/Workload-Aware-Co-Optimization/WACO/SpMM/TrainingData/CollectedData/boneS01_M.txt
Processing lpi_pang_lo...
Runtimes for lpi_pang_lo saved to /home/s0/ml4sys02/project/Workload-Aware-Co-Optimization/WACO/SpMM/TrainingData/CollectedData/lpi_pang_lo.txt
Processing c-25_b...
Runtimes for c-25_b saved to /home/s0/ml4sys02/project/Workload-Aware-Co-Optimization/WACO/SpMM/TrainingData/CollectedData/c-25_b.txt
Processing bratu3d...
Runtimes for bratu3d saved to /home/s0/ml4sys02/project/Workload-Aware-Co-Optimization/WACO/SpMM/TrainingData/CollectedData/bratu3d.txt
Processing blockqp1...
Runtimes for blockqp1 saved to /home/s0/ml4sys02/project/Workload-Aware-Co-Optimization/WACO/SpMM/TrainingData/CollectedData/blockqp1.txt
Processing raefsky2...
Runtimes for raefsky2 saved to /home/s0/ml4sys02/project/Workload-Aware-Co-Optimization/WACO/SpMM/TrainingData/CollectedData/raefsky2.txt
Processing lnsp3937...
Runtimes for lnsp3937 saved to /home/s0/ml4sys02/project/Workload-Aware-Co-Optimization/WACO/SpMM/TrainingData/CollectedData/lnsp3937.txt
Processing Erdos982_cluster...
Runtimes for Erdos982_cluster saved to /home/s0/ml4sys02/project/Workload-Aware-Co-Optimization/WACO/SpMM/TrainingData/CollectedData/Erdos982_cluster.txt
Processing nemeth19...
Runtimes for nemeth19 saved to /home/s0/ml4sys02/project/Workload-Aware-Co-Optimization/WACO/SpMM/TrainingData/CollectedData/nemeth19.txt
Processing west0479...
Runtimes for west0479 saved to /home/s0/ml4sys02/project/Workload-Aware-Co-Optimization/WACO/SpMM/TrainingData/CollectedData/west0479.txt
Processing cavity08_b...
Runtimes for cavity08_b saved to /home/s0/ml4sys02/project/Workload-Aware-Co-Optimization/WACO/SpMM/TrainingData/CollectedData/cavity08_b.txt
Processing lns_511...
Runtimes for lns_511 saved to /home/s0/ml4sys02/project/Workload-Aware-Co-Optimization/WACO/SpMM/TrainingData/CollectedData/lns_511.txt
Processing Reuters911_Day_42...
Runtimes for Reuters911_Day_42 saved to /home/s0/ml4sys02/project/Workload-Aware-Co-Optimization/WACO/SpMM/TrainingData/CollectedData/Reuters911_Day_42.txt
Processing hydr1c_A_12...
Runtimes for hydr1c_A_12 saved to /home/s0/ml4sys02/project/Workload-Aware-Co-Optimization/WACO/SpMM/TrainingData/CollectedData/hydr1c_A_12.txt
Processing c-73...
Runtimes for c-73 saved to /home/s0/ml4sys02/project/Workload-Aware-Co-Optimization/WACO/SpMM/TrainingData/CollectedData/c-73.txt
Processing pkustk08...
Runtimes for pkustk08 saved to /home/s0/ml4sys02/project/Workload-Aware-Co-Optimization/WACO/SpMM/TrainingData/CollectedData/pkustk08.txt
Processing rail_1357_B...
Runtimes for rail_1357_B saved to /home/s0/ml4sys02/project/Workload-Aware-Co-Optimization/WACO/SpMM/TrainingData/CollectedData/rail_1357_B.txt
Processing lp_agg2_lo...
Runtimes for lp_agg2_lo saved to /home/s0/ml4sys02/project/Workload-Aware-Co-Optimization/WACO/SpMM/TrainingData/CollectedData/lp_agg2_lo.txt
Processing igbt3_b...
Runtimes for igbt3_b saved to /home/s0/ml4sys02/project/Workload-Aware-Co-Optimization/WACO/SpMM/TrainingData/CollectedData/igbt3_b.txt
Processing c-71...
Runtimes for c-71 saved to /home/s0/ml4sys02/project/Workload-Aware-Co-Optimization/WACO/SpMM/TrainingData/CollectedData/c-71.txt
Processing G49...
Runtimes for G49 saved to /home/s0/ml4sys02/project/Workload-Aware-Co-Optimization/WACO/SpMM/TrainingData/CollectedData/G49.txt
Processing comsol...
Runtimes for comsol saved to /home/s0/ml4sys02/project/Workload-Aware-Co-Optimization/WACO/SpMM/TrainingData/CollectedData/comsol.txt
Processing ex2...
Runtimes for ex2 saved to /home/s0/ml4sys02/project/Workload-Aware-Co-Optimization/WACO/SpMM/TrainingData/CollectedData/ex2.txt
Processing finance256...
Runtimes for finance256 saved to /home/s0/ml4sys02/project/Workload-Aware-Co-Optimization/WACO/SpMM/TrainingData/CollectedData/finance256.txt
Processing c-38...
Runtimes for c-38 saved to /home/s0/ml4sys02/project/Workload-Aware-Co-Optimization/WACO/SpMM/TrainingData/CollectedData/c-38.txt
Processing c-70...
Runtimes for c-70 saved to /home/s0/ml4sys02/project/Workload-Aware-Co-Optimization/WACO/SpMM/TrainingData/CollectedData/c-70.txt
Processing bfwa398...
Runtimes for bfwa398 saved to /home/s0/ml4sys02/project/Workload-Aware-Co-Optimization/WACO/SpMM/TrainingData/CollectedData/bfwa398.txt
Processing ash608...
Runtimes for ash608 saved to /home/s0/ml4sys02/project/Workload-Aware-Co-Optimization/WACO/SpMM/TrainingData/CollectedData/ash608.txt
Processing net25...
Runtimes for net25 saved to /home/s0/ml4sys02/project/Workload-Aware-Co-Optimization/WACO/SpMM/TrainingData/CollectedData/net25.txt
Processing impcol_e...
Runtimes for impcol_e saved to /home/s0/ml4sys02/project/Workload-Aware-Co-Optimization/WACO/SpMM/TrainingData/CollectedData/impcol_e.txt
Processing G38...
Runtimes for G38 saved to /home/s0/ml4sys02/project/Workload-Aware-Co-Optimization/WACO/SpMM/TrainingData/CollectedData/G38.txt
Processing Tina_DisCal_coord...
Runtimes for Tina_DisCal_coord saved to /home/s0/ml4sys02/project/Workload-Aware-Co-Optimization/WACO/SpMM/TrainingData/CollectedData/Tina_DisCal_coord.txt
Processing G17...
Runtimes for G17 saved to /home/s0/ml4sys02/project/Workload-Aware-Co-Optimization/WACO/SpMM/TrainingData/CollectedData/G17.txt
Processing USAir97...
Runtimes for USAir97 saved to /home/s0/ml4sys02/project/Workload-Aware-Co-Optimization/WACO/SpMM/TrainingData/CollectedData/USAir97.txt
Processing str_0...
Runtimes for str_0 saved to /home/s0/ml4sys02/project/Workload-Aware-Co-Optimization/WACO/SpMM/TrainingData/CollectedData/str_0.txt
Processing dtoc...
Runtimes for dtoc saved to /home/s0/ml4sys02/project/Workload-Aware-Co-Optimization/WACO/SpMM/TrainingData/CollectedData/dtoc.txt
Processing fpga_dcop_08...
Runtimes for fpga_dcop_08 saved to /home/s0/ml4sys02/project/Workload-Aware-Co-Optimization/WACO/SpMM/TrainingData/CollectedData/fpga_dcop_08.txt
Processing lp_grow22_b...
Runtimes for lp_grow22_b saved to /home/s0/ml4sys02/project/Workload-Aware-Co-Optimization/WACO/SpMM/TrainingData/CollectedData/lp_grow22_b.txt
Processing extr1b_A_22...
Runtimes for extr1b_A_22 saved to /home/s0/ml4sys02/project/Workload-Aware-Co-Optimization/WACO/SpMM/TrainingData/CollectedData/extr1b_A_22.txt
Processing Pd_rhs...
Runtimes for Pd_rhs saved to /home/s0/ml4sys02/project/Workload-Aware-Co-Optimization/WACO/SpMM/TrainingData/CollectedData/Pd_rhs.txt
Processing lhr01_b...
Runtimes for lhr01_b saved to /home/s0/ml4sys02/project/Workload-Aware-Co-Optimization/WACO/SpMM/TrainingData/CollectedData/lhr01_b.txt
Processing g7jac180...
Runtimes for g7jac180 saved to /home/s0/ml4sys02/project/Workload-Aware-Co-Optimization/WACO/SpMM/TrainingData/CollectedData/g7jac180.txt
Processing lp_nug06_hi...
Runtimes for lp_nug06_hi saved to /home/s0/ml4sys02/project/Workload-Aware-Co-Optimization/WACO/SpMM/TrainingData/CollectedData/lp_nug06_hi.txt
Processing rail_20209_E...
Runtimes for rail_20209_E saved to /home/s0/ml4sys02/project/Workload-Aware-Co-Optimization/WACO/SpMM/TrainingData/CollectedData/rail_20209_E.txt
Processing lung2...
Runtimes for lung2 saved to /home/s0/ml4sys02/project/Workload-Aware-Co-Optimization/WACO/SpMM/TrainingData/CollectedData/lung2.txt
Processing sherman2...
Runtimes for sherman2 saved to /home/s0/ml4sys02/project/Workload-Aware-Co-Optimization/WACO/SpMM/TrainingData/CollectedData/sherman2.txt
Processing can_256...
Runtimes for can_256 saved to /home/s0/ml4sys02/project/Workload-Aware-Co-Optimization/WACO/SpMM/TrainingData/CollectedData/can_256.txt
Processing rail_79841_C...
Runtimes for rail_79841_C saved to /home/s0/ml4sys02/project/Workload-Aware-Co-Optimization/WACO/SpMM/TrainingData/CollectedData/rail_79841_C.txt
Processing onetone2...
Runtimes for onetone2 saved to /home/s0/ml4sys02/project/Workload-Aware-Co-Optimization/WACO/SpMM/TrainingData/CollectedData/onetone2.txt
Processing c-24...
Runtimes for c-24 saved to /home/s0/ml4sys02/project/Workload-Aware-Co-Optimization/WACO/SpMM/TrainingData/CollectedData/c-24.txt
Processing mcca...
Runtimes for mcca saved to /home/s0/ml4sys02/project/Workload-Aware-Co-Optimization/WACO/SpMM/TrainingData/CollectedData/mcca.txt
Processing shipsec5...
Runtimes for shipsec5 saved to /home/s0/ml4sys02/project/Workload-Aware-Co-Optimization/WACO/SpMM/TrainingData/CollectedData/shipsec5.txt
Processing lp_nug20...
